<?xml version="1.0" encoding="utf-8"?>
<coverage line-rate="0.3249" branch-rate="0.3924" version="1.9" timestamp="1761104876" lines-covered="439" lines-valid="1351" branches-covered="230" branches-valid="586">
  <sources>
    <source>/home/runner/work/FlinkDotnet/FlinkDotnet/FlinkDotNet/</source>
  </sources>
  <packages>
    <package name="FlinkDotNet.Common" line-rate="0" branch-rate="0" complexity="58">
      <classes>
        <class name="FlinkDotNet.Common.Configuration" filename="FlinkDotNet.Common/Configuration.cs" line-rate="0" branch-rate="0" complexity="42">
          <methods>
            <method name="SetString" signature="(System.String,System.String)" line-rate="0" branch-rate="1" complexity="1">
              <lines>
                <line number="57" hits="0" branch="False" />
                <line number="58" hits="0" branch="False" />
              </lines>
            </method>
            <method name="SetInteger" signature="(System.String,System.Int32)" line-rate="0" branch-rate="1" complexity="1">
              <lines>
                <line number="69" hits="0" branch="False" />
                <line number="70" hits="0" branch="False" />
              </lines>
            </method>
            <method name="SetBoolean" signature="(System.String,System.Boolean)" line-rate="0" branch-rate="1" complexity="1">
              <lines>
                <line number="81" hits="0" branch="False" />
                <line number="82" hits="0" branch="False" />
              </lines>
            </method>
            <method name="SetLong" signature="(System.String,System.Int64)" line-rate="0" branch-rate="1" complexity="1">
              <lines>
                <line number="93" hits="0" branch="False" />
                <line number="94" hits="0" branch="False" />
              </lines>
            </method>
            <method name="GetString" signature="(System.String,System.String)" line-rate="0" branch-rate="0" complexity="8">
              <lines>
                <line number="105" hits="0" branch="True" condition-coverage="0% (0/2)">
                  <conditions>
                    <condition number="14" type="jump" coverage="0%" />
                  </conditions>
                </line>
                <line number="107" hits="0" branch="True" condition-coverage="0% (0/4)">
                  <conditions>
                    <condition number="23" type="jump" coverage="0%" />
                    <condition number="28" type="jump" coverage="0%" />
                  </conditions>
                </line>
                <line number="109" hits="0" branch="True" condition-coverage="0% (0/2)">
                  <conditions>
                    <condition number="39" type="jump" coverage="0%" />
                  </conditions>
                </line>
              </lines>
            </method>
            <method name="GetInteger" signature="(System.String,System.Int32)" line-rate="0" branch-rate="0" complexity="6">
              <lines>
                <line number="120" hits="0" branch="True" condition-coverage="0% (0/2)">
                  <conditions>
                    <condition number="14" type="jump" coverage="0%" />
                  </conditions>
                </line>
                <line number="122" hits="0" branch="True" condition-coverage="0% (0/2)">
                  <conditions>
                    <condition number="22" type="jump" coverage="0%" />
                  </conditions>
                </line>
                <line number="123" hits="0" branch="False" />
                <line number="124" hits="0" branch="True" condition-coverage="0% (0/2)">
                  <conditions>
                    <condition number="46" type="jump" coverage="0%" />
                  </conditions>
                </line>
                <line number="125" hits="0" branch="False" />
                <line number="127" hits="0" branch="False" />
              </lines>
            </method>
            <method name="GetBoolean" signature="(System.String,System.Boolean)" line-rate="0" branch-rate="0" complexity="6">
              <lines>
                <line number="138" hits="0" branch="True" condition-coverage="0% (0/2)">
                  <conditions>
                    <condition number="14" type="jump" coverage="0%" />
                  </conditions>
                </line>
                <line number="140" hits="0" branch="True" condition-coverage="0% (0/2)">
                  <conditions>
                    <condition number="22" type="jump" coverage="0%" />
                  </conditions>
                </line>
                <line number="141" hits="0" branch="False" />
                <line number="142" hits="0" branch="True" condition-coverage="0% (0/2)">
                  <conditions>
                    <condition number="46" type="jump" coverage="0%" />
                  </conditions>
                </line>
                <line number="143" hits="0" branch="False" />
                <line number="145" hits="0" branch="False" />
              </lines>
            </method>
            <method name="GetLong" signature="(System.String,System.Int64)" line-rate="0" branch-rate="0" complexity="6">
              <lines>
                <line number="156" hits="0" branch="True" condition-coverage="0% (0/2)">
                  <conditions>
                    <condition number="14" type="jump" coverage="0%" />
                  </conditions>
                </line>
                <line number="158" hits="0" branch="True" condition-coverage="0% (0/2)">
                  <conditions>
                    <condition number="22" type="jump" coverage="0%" />
                  </conditions>
                </line>
                <line number="159" hits="0" branch="False" />
                <line number="160" hits="0" branch="True" condition-coverage="0% (0/2)">
                  <conditions>
                    <condition number="46" type="jump" coverage="0%" />
                  </conditions>
                </line>
                <line number="161" hits="0" branch="False" />
                <line number="163" hits="0" branch="False" />
              </lines>
            </method>
            <method name="ContainsKey" signature="(System.String)" line-rate="0" branch-rate="1" complexity="1">
              <lines>
                <line number="173" hits="0" branch="False" />
              </lines>
            </method>
            <method name="RemoveKey" signature="(System.String)" line-rate="0" branch-rate="1" complexity="1">
              <lines>
                <line number="183" hits="0" branch="False" />
              </lines>
            </method>
            <method name="GetKeys" signature="()" line-rate="0" branch-rate="1" complexity="1">
              <lines>
                <line number="192" hits="0" branch="False" />
              </lines>
            </method>
            <method name="Clone" signature="()" line-rate="0" branch-rate="1" complexity="1">
              <lines>
                <line number="201" hits="0" branch="False" />
              </lines>
            </method>
            <method name="AddAll" signature="(FlinkDotNet.Common.Configuration)" line-rate="0" branch-rate="0" complexity="2">
              <lines>
                <line number="211" hits="0" branch="True" condition-coverage="0% (0/2)">
                  <conditions>
                    <condition number="54" type="jump" coverage="0%" />
                  </conditions>
                </line>
                <line number="213" hits="0" branch="False" />
                <line number="215" hits="0" branch="False" />
              </lines>
            </method>
            <method name="ToMap" signature="()" line-rate="0" branch-rate="1" complexity="1">
              <lines>
                <line number="224" hits="0" branch="False" />
              </lines>
            </method>
            <method name="ParseListValue" signature="(System.String)" line-rate="0" branch-rate="0" complexity="2">
              <lines>
                <line number="234" hits="0" branch="True" condition-coverage="0% (0/2)">
                  <conditions>
                    <condition number="6" type="jump" coverage="0%" />
                  </conditions>
                </line>
                <line number="235" hits="0" branch="False" />
                <line number="237" hits="0" branch="False" />
              </lines>
            </method>
            <method name=".ctor" signature="()" line-rate="0" branch-rate="1" complexity="1">
              <lines>
                <line number="28" hits="0" branch="False" />
                <line number="33" hits="0" branch="False" />
                <line number="35" hits="0" branch="False" />
              </lines>
            </method>
            <method name=".ctor" signature="(System.Collections.Generic.IDictionary`2&lt;System.String,System.Object&gt;)" line-rate="0" branch-rate="0" complexity="2">
              <lines>
                <line number="41" hits="0" branch="False" />
                <line number="43" hits="0" branch="True" condition-coverage="0% (0/2)">
                  <conditions>
                    <condition number="64" type="jump" coverage="0%" />
                  </conditions>
                </line>
                <line number="45" hits="0" branch="False" />
                <line number="47" hits="0" branch="False" />
              </lines>
            </method>
          </methods>
          <lines>
            <line number="57" hits="0" branch="False" />
            <line number="58" hits="0" branch="False" />
            <line number="69" hits="0" branch="False" />
            <line number="70" hits="0" branch="False" />
            <line number="81" hits="0" branch="False" />
            <line number="82" hits="0" branch="False" />
            <line number="93" hits="0" branch="False" />
            <line number="94" hits="0" branch="False" />
            <line number="105" hits="0" branch="True" condition-coverage="0% (0/2)">
              <conditions>
                <condition number="14" type="jump" coverage="0%" />
              </conditions>
            </line>
            <line number="107" hits="0" branch="True" condition-coverage="0% (0/4)">
              <conditions>
                <condition number="23" type="jump" coverage="0%" />
                <condition number="28" type="jump" coverage="0%" />
              </conditions>
            </line>
            <line number="109" hits="0" branch="True" condition-coverage="0% (0/2)">
              <conditions>
                <condition number="39" type="jump" coverage="0%" />
              </conditions>
            </line>
            <line number="120" hits="0" branch="True" condition-coverage="0% (0/2)">
              <conditions>
                <condition number="14" type="jump" coverage="0%" />
              </conditions>
            </line>
            <line number="122" hits="0" branch="True" condition-coverage="0% (0/2)">
              <conditions>
                <condition number="22" type="jump" coverage="0%" />
              </conditions>
            </line>
            <line number="123" hits="0" branch="False" />
            <line number="124" hits="0" branch="True" condition-coverage="0% (0/2)">
              <conditions>
                <condition number="46" type="jump" coverage="0%" />
              </conditions>
            </line>
            <line number="125" hits="0" branch="False" />
            <line number="127" hits="0" branch="False" />
            <line number="138" hits="0" branch="True" condition-coverage="0% (0/2)">
              <conditions>
                <condition number="14" type="jump" coverage="0%" />
              </conditions>
            </line>
            <line number="140" hits="0" branch="True" condition-coverage="0% (0/2)">
              <conditions>
                <condition number="22" type="jump" coverage="0%" />
              </conditions>
            </line>
            <line number="141" hits="0" branch="False" />
            <line number="142" hits="0" branch="True" condition-coverage="0% (0/2)">
              <conditions>
                <condition number="46" type="jump" coverage="0%" />
              </conditions>
            </line>
            <line number="143" hits="0" branch="False" />
            <line number="145" hits="0" branch="False" />
            <line number="156" hits="0" branch="True" condition-coverage="0% (0/2)">
              <conditions>
                <condition number="14" type="jump" coverage="0%" />
              </conditions>
            </line>
            <line number="158" hits="0" branch="True" condition-coverage="0% (0/2)">
              <conditions>
                <condition number="22" type="jump" coverage="0%" />
              </conditions>
            </line>
            <line number="159" hits="0" branch="False" />
            <line number="160" hits="0" branch="True" condition-coverage="0% (0/2)">
              <conditions>
                <condition number="46" type="jump" coverage="0%" />
              </conditions>
            </line>
            <line number="161" hits="0" branch="False" />
            <line number="163" hits="0" branch="False" />
            <line number="173" hits="0" branch="False" />
            <line number="183" hits="0" branch="False" />
            <line number="192" hits="0" branch="False" />
            <line number="201" hits="0" branch="False" />
            <line number="211" hits="0" branch="True" condition-coverage="0% (0/2)">
              <conditions>
                <condition number="54" type="jump" coverage="0%" />
              </conditions>
            </line>
            <line number="213" hits="0" branch="False" />
            <line number="215" hits="0" branch="False" />
            <line number="224" hits="0" branch="False" />
            <line number="234" hits="0" branch="True" condition-coverage="0% (0/2)">
              <conditions>
                <condition number="6" type="jump" coverage="0%" />
              </conditions>
            </line>
            <line number="235" hits="0" branch="False" />
            <line number="237" hits="0" branch="False" />
            <line number="28" hits="0" branch="False" />
            <line number="33" hits="0" branch="False" />
            <line number="35" hits="0" branch="False" />
            <line number="41" hits="0" branch="False" />
            <line number="43" hits="0" branch="True" condition-coverage="0% (0/2)">
              <conditions>
                <condition number="64" type="jump" coverage="0%" />
              </conditions>
            </line>
            <line number="45" hits="0" branch="False" />
            <line number="47" hits="0" branch="False" />
          </lines>
        </class>
        <class name="FlinkDotNet.Common.ExecutionConfig" filename="FlinkDotNet.Common/ExecutionConfig.cs" line-rate="0" branch-rate="1" complexity="16">
          <methods>
            <method name="SetParallelism" signature="(System.Int32)" line-rate="0" branch-rate="1" complexity="1">
              <lines>
                <line number="103" hits="0" branch="False" />
                <line number="104" hits="0" branch="False" />
              </lines>
            </method>
            <method name="SetMaxParallelism" signature="(System.Int32)" line-rate="0" branch-rate="1" complexity="1">
              <lines>
                <line number="114" hits="0" branch="False" />
                <line number="115" hits="0" branch="False" />
              </lines>
            </method>
            <method name="SetAutoWatermarkInterval" signature="(System.Int64)" line-rate="0" branch-rate="1" complexity="1">
              <lines>
                <line number="125" hits="0" branch="False" />
                <line number="126" hits="0" branch="False" />
              </lines>
            </method>
            <method name="EnableObjectReuse" signature="(System.Boolean)" line-rate="0" branch-rate="1" complexity="1">
              <lines>
                <line number="136" hits="0" branch="False" />
                <line number="137" hits="0" branch="False" />
              </lines>
            </method>
            <method name="DisableObjectReuse" signature="()" line-rate="0" branch-rate="1" complexity="1">
              <lines>
                <line number="146" hits="0" branch="False" />
              </lines>
            </method>
            <method name="EnableClosureCleaner" signature="(System.Boolean)" line-rate="0" branch-rate="1" complexity="1">
              <lines>
                <line number="156" hits="0" branch="False" />
                <line number="157" hits="0" branch="False" />
              </lines>
            </method>
            <method name="DisableClosureCleaner" signature="()" line-rate="0" branch-rate="1" complexity="1">
              <lines>
                <line number="166" hits="0" branch="False" />
              </lines>
            </method>
            <method name="SetRestartStrategy" signature="(System.String)" line-rate="0" branch-rate="1" complexity="1">
              <lines>
                <line number="177" hits="0" branch="False" />
                <line number="178" hits="0" branch="False" />
              </lines>
            </method>
            <method name="EnableSlotSharing" signature="(System.Boolean)" line-rate="0" branch-rate="1" complexity="1">
              <lines>
                <line number="189" hits="0" branch="False" />
                <line number="190" hits="0" branch="False" />
              </lines>
            </method>
            <method name="EnableAdaptiveScheduler" signature="(System.Boolean)" line-rate="0" branch-rate="1" complexity="1">
              <lines>
                <line number="202" hits="0" branch="False" />
                <line number="203" hits="0" branch="False" />
              </lines>
            </method>
            <method name="EnableReactiveMode" signature="(System.Boolean)" line-rate="0" branch-rate="1" complexity="1">
              <lines>
                <line number="215" hits="0" branch="False" />
                <line number="216" hits="0" branch="False" />
              </lines>
            </method>
            <method name="GetConfiguration" signature="()" line-rate="0" branch-rate="1" complexity="1">
              <lines>
                <line number="225" hits="0" branch="False" />
              </lines>
            </method>
            <method name="SetProperty" signature="(System.String,System.Object)" line-rate="0" branch-rate="1" complexity="1">
              <lines>
                <line number="236" hits="0" branch="False" />
                <line number="237" hits="0" branch="False" />
              </lines>
            </method>
            <method name="GetProperty" signature="(System.String,System.String)" line-rate="0" branch-rate="1" complexity="1">
              <lines>
                <line number="248" hits="0" branch="False" />
              </lines>
            </method>
            <method name=".ctor" signature="()" line-rate="0" branch-rate="1" complexity="1">
              <lines>
                <line number="30" hits="0" branch="False" />
                <line number="32" hits="0" branch="False" />
              </lines>
            </method>
            <method name=".ctor" signature="(FlinkDotNet.Common.Configuration)" line-rate="0" branch-rate="1" complexity="1">
              <lines>
                <line number="38" hits="0" branch="False" />
                <line number="40" hits="0" branch="False" />
                <line number="41" hits="0" branch="False" />
                <line number="46" hits="0" branch="False" />
                <line number="51" hits="0" branch="False" />
                <line number="56" hits="0" branch="False" />
                <line number="70" hits="0" branch="False" />
                <line number="76" hits="0" branch="False" />
                <line number="82" hits="0" branch="False" />
              </lines>
            </method>
          </methods>
          <lines>
            <line number="103" hits="0" branch="False" />
            <line number="104" hits="0" branch="False" />
            <line number="114" hits="0" branch="False" />
            <line number="115" hits="0" branch="False" />
            <line number="125" hits="0" branch="False" />
            <line number="126" hits="0" branch="False" />
            <line number="136" hits="0" branch="False" />
            <line number="137" hits="0" branch="False" />
            <line number="146" hits="0" branch="False" />
            <line number="156" hits="0" branch="False" />
            <line number="157" hits="0" branch="False" />
            <line number="166" hits="0" branch="False" />
            <line number="177" hits="0" branch="False" />
            <line number="178" hits="0" branch="False" />
            <line number="189" hits="0" branch="False" />
            <line number="190" hits="0" branch="False" />
            <line number="202" hits="0" branch="False" />
            <line number="203" hits="0" branch="False" />
            <line number="215" hits="0" branch="False" />
            <line number="216" hits="0" branch="False" />
            <line number="225" hits="0" branch="False" />
            <line number="236" hits="0" branch="False" />
            <line number="237" hits="0" branch="False" />
            <line number="248" hits="0" branch="False" />
            <line number="30" hits="0" branch="False" />
            <line number="32" hits="0" branch="False" />
            <line number="38" hits="0" branch="False" />
            <line number="40" hits="0" branch="False" />
            <line number="41" hits="0" branch="False" />
            <line number="46" hits="0" branch="False" />
            <line number="51" hits="0" branch="False" />
            <line number="56" hits="0" branch="False" />
            <line number="70" hits="0" branch="False" />
            <line number="76" hits="0" branch="False" />
            <line number="82" hits="0" branch="False" />
          </lines>
        </class>
      </classes>
    </package>
    <package name="FlinkDotNet.DataStream" line-rate="0" branch-rate="0" complexity="480">
      <classes>
        <class name="FlinkDotNet.DataStream.IAsyncFunction`2" filename="FlinkDotNet.DataStream/AdvancedFunctions.cs" line-rate="0" branch-rate="1" complexity="1">
          <methods>
            <method name="TimeoutAsync" signature="(TIn,FlinkDotNet.DataStream.IResultFuture`1&lt;TOut&gt;)" line-rate="0" branch-rate="1" complexity="1">
              <lines>
                <line number="139" hits="0" branch="False" />
                <line number="140" hits="0" branch="False" />
              </lines>
            </method>
          </methods>
          <lines>
            <line number="139" hits="0" branch="False" />
            <line number="140" hits="0" branch="False" />
          </lines>
        </class>
        <class name="FlinkDotNet.DataStream.OutputTag`1" filename="FlinkDotNet.DataStream/AdvancedFunctions.cs" line-rate="0" branch-rate="0" complexity="5">
          <methods>
            <method name="Equals" signature="(System.Object)" line-rate="0" branch-rate="0" complexity="2">
              <lines>
                <line number="331" hits="0" branch="True" condition-coverage="0% (0/2)">
                  <conditions>
                    <condition number="8" type="jump" coverage="0%" />
                  </conditions>
                </line>
                <line number="333" hits="0" branch="False" />
                <line number="335" hits="0" branch="False" />
              </lines>
            </method>
            <method name="GetHashCode" signature="()" line-rate="0" branch-rate="1" complexity="1">
              <lines>
                <line number="340" hits="0" branch="False" />
              </lines>
            </method>
            <method name=".ctor" signature="(System.String)" line-rate="0" branch-rate="0" complexity="2">
              <lines>
                <line number="324" hits="0" branch="False" />
                <line number="326" hits="0" branch="True" condition-coverage="0% (0/2)">
                  <conditions>
                    <condition number="9" type="jump" coverage="0%" />
                  </conditions>
                </line>
                <line number="327" hits="0" branch="False" />
              </lines>
            </method>
          </methods>
          <lines>
            <line number="331" hits="0" branch="True" condition-coverage="0% (0/2)">
              <conditions>
                <condition number="8" type="jump" coverage="0%" />
              </conditions>
            </line>
            <line number="333" hits="0" branch="False" />
            <line number="335" hits="0" branch="False" />
            <line number="340" hits="0" branch="False" />
            <line number="324" hits="0" branch="False" />
            <line number="326" hits="0" branch="True" condition-coverage="0% (0/2)">
              <conditions>
                <condition number="9" type="jump" coverage="0%" />
              </conditions>
            </line>
            <line number="327" hits="0" branch="False" />
          </lines>
        </class>
        <class name="FlinkDotNet.DataStream.DataStream`1" filename="FlinkDotNet.DataStream/DataStream.cs" line-rate="0" branch-rate="0" complexity="103">
          <methods>
            <method name="AttachOperationCapture" signature="(FlinkDotNet.DataStream.OperationCapture)" line-rate="0" branch-rate="1" complexity="1">
              <lines>
                <line number="77" hits="0" branch="False" />
                <line number="78" hits="0" branch="False" />
              </lines>
            </method>
            <method name="Map" signature="(System.Func`2&lt;T,TOut&gt;)" line-rate="0" branch-rate="0" complexity="12">
              <lines>
                <line number="88" hits="0" branch="True" condition-coverage="0% (0/2)">
                  <conditions>
                    <condition number="6" type="jump" coverage="0%" />
                  </conditions>
                </line>
                <line number="90" hits="0" branch="False" />
                <line number="91" hits="0" branch="False" />
                <line number="94" hits="0" branch="True" condition-coverage="0% (0/2)">
                  <conditions>
                    <condition number="38" type="jump" coverage="0%" />
                  </conditions>
                </line>
                <line number="96" hits="0" branch="False" />
                <line number="97" hits="0" branch="False" />
                <line number="101" hits="0" branch="True" condition-coverage="0% (0/4)">
                  <conditions>
                    <condition number="91" type="jump" coverage="0%" />
                    <condition number="99" type="jump" coverage="0%" />
                  </conditions>
                </line>
                <line number="106" hits="0" branch="True" condition-coverage="0% (0/2)">
                  <conditions>
                    <condition number="108" type="jump" coverage="0%" />
                  </conditions>
                </line>
                <line number="107" hits="0" branch="True" condition-coverage="0% (0/2)">
                  <conditions>
                    <condition number="134" type="jump" coverage="0%" />
                  </conditions>
                </line>
                <line number="109" hits="0" branch="False" />
                <line number="111" hits="0" branch="False" />
                <line number="114" hits="0" branch="False" />
              </lines>
            </method>
            <method name="Map" signature="(FlinkDotNet.DataStream.IMapFunction`2&lt;T,TOut&gt;)" line-rate="0" branch-rate="0" complexity="4">
              <lines>
                <line number="127" hits="0" branch="True" condition-coverage="0% (0/2)">
                  <conditions>
                    <condition number="7" type="jump" coverage="0%" />
                  </conditions>
                </line>
                <line number="129" hits="0" branch="False" />
                <line number="132" hits="0" branch="True" condition-coverage="0% (0/2)">
                  <conditions>
                    <condition number="49" type="jump" coverage="0%" />
                  </conditions>
                </line>
                <line number="134" hits="0" branch="False" />
                <line number="137" hits="0" branch="False" />
              </lines>
            </method>
            <method name="Map" signature="(System.String)" line-rate="0" branch-rate="0" complexity="4">
              <lines>
                <line number="145" hits="0" branch="True" condition-coverage="0% (0/2)">
                  <conditions>
                    <condition number="25" type="jump" coverage="0%" />
                  </conditions>
                </line>
                <line number="146" hits="0" branch="False" />
                <line number="147" hits="0" branch="True" condition-coverage="0% (0/2)">
                  <conditions>
                    <condition number="44" type="jump" coverage="0%" />
                  </conditions>
                </line>
                <line number="148" hits="0" branch="False" />
                <line number="149" hits="0" branch="False" />
                <line number="150" hits="0" branch="False" />
              </lines>
            </method>
            <method name="Filter" signature="(System.Func`2&lt;T,System.Boolean&gt;)" line-rate="0" branch-rate="0" complexity="12">
              <lines>
                <line number="160" hits="0" branch="True" condition-coverage="0% (0/2)">
                  <conditions>
                    <condition number="6" type="jump" coverage="0%" />
                  </conditions>
                </line>
                <line number="162" hits="0" branch="False" />
                <line number="163" hits="0" branch="False" />
                <line number="166" hits="0" branch="True" condition-coverage="0% (0/2)">
                  <conditions>
                    <condition number="38" type="jump" coverage="0%" />
                  </conditions>
                </line>
                <line number="168" hits="0" branch="False" />
                <line number="169" hits="0" branch="False" />
                <line number="173" hits="0" branch="True" condition-coverage="0% (0/4)">
                  <conditions>
                    <condition number="91" type="jump" coverage="0%" />
                    <condition number="99" type="jump" coverage="0%" />
                  </conditions>
                </line>
                <line number="175" hits="0" branch="True" condition-coverage="0% (0/2)">
                  <conditions>
                    <condition number="108" type="jump" coverage="0%" />
                  </conditions>
                </line>
                <line number="176" hits="0" branch="True" condition-coverage="0% (0/2)">
                  <conditions>
                    <condition number="134" type="jump" coverage="0%" />
                  </conditions>
                </line>
                <line number="178" hits="0" branch="False" />
                <line number="180" hits="0" branch="False" />
                <line number="183" hits="0" branch="False" />
              </lines>
            </method>
            <method name="Filter" signature="(FlinkDotNet.DataStream.IFilterFunction`1&lt;T&gt;)" line-rate="0" branch-rate="1" complexity="1">
              <lines>
                <line number="194" hits="0" branch="False" />
              </lines>
            </method>
            <method name="FlatMap" signature="(System.Func`2&lt;T,System.Collections.Generic.IEnumerable`1&lt;TOut&gt;&gt;)" line-rate="0" branch-rate="0" complexity="12">
              <lines>
                <line number="205" hits="0" branch="True" condition-coverage="0% (0/2)">
                  <conditions>
                    <condition number="6" type="jump" coverage="0%" />
                  </conditions>
                </line>
                <line number="207" hits="0" branch="False" />
                <line number="208" hits="0" branch="False" />
                <line number="211" hits="0" branch="True" condition-coverage="0% (0/2)">
                  <conditions>
                    <condition number="38" type="jump" coverage="0%" />
                  </conditions>
                </line>
                <line number="213" hits="0" branch="False" />
                <line number="214" hits="0" branch="False" />
                <line number="218" hits="0" branch="True" condition-coverage="0% (0/4)">
                  <conditions>
                    <condition number="91" type="jump" coverage="0%" />
                    <condition number="99" type="jump" coverage="0%" />
                  </conditions>
                </line>
                <line number="220" hits="0" branch="True" condition-coverage="0% (0/2)">
                  <conditions>
                    <condition number="108" type="jump" coverage="0%" />
                  </conditions>
                </line>
                <line number="221" hits="0" branch="True" condition-coverage="0% (0/2)">
                  <conditions>
                    <condition number="134" type="jump" coverage="0%" />
                  </conditions>
                </line>
                <line number="223" hits="0" branch="False" />
                <line number="225" hits="0" branch="False" />
                <line number="228" hits="0" branch="False" />
              </lines>
            </method>
            <method name="FlatMap" signature="(FlinkDotNet.DataStream.IFlatMapFunction`2&lt;T,TOut&gt;)" line-rate="0" branch-rate="1" complexity="1">
              <lines>
                <line number="240" hits="0" branch="False" />
              </lines>
            </method>
            <method name="Where" signature="(System.String)" line-rate="0" branch-rate="0" complexity="2">
              <lines>
                <line number="252" hits="0" branch="True" condition-coverage="0% (0/2)">
                  <conditions>
                    <condition number="6" type="jump" coverage="0%" />
                  </conditions>
                </line>
                <line number="255" hits="0" branch="False" />
                <line number="257" hits="0" branch="False" />
                <line number="258" hits="0" branch="False" />
              </lines>
            </method>
            <method name="SinkToKafka" signature="(System.String,System.String,System.Func`2&lt;T,System.String&gt;)" line-rate="0" branch-rate="0" complexity="6">
              <lines>
                <line number="266" hits="0" branch="True" condition-coverage="0% (0/2)">
                  <conditions>
                    <condition number="6" type="jump" coverage="0%" />
                  </conditions>
                </line>
                <line number="268" hits="0" branch="False" />
                <line number="269" hits="0" branch="False" />
                <line number="270" hits="0" branch="False" />
                <line number="274" hits="0" branch="True" condition-coverage="0% (0/2)">
                  <conditions>
                    <condition number="30" type="jump" coverage="0%" />
                  </conditions>
                </line>
                <line number="276" hits="0" branch="False" />
                <line number="277" hits="0" branch="False" />
                <line number="281" hits="0" branch="True" condition-coverage="0% (0/2)">
                  <conditions>
                    <condition number="54" type="jump" coverage="0%" />
                  </conditions>
                </line>
                <line number="282" hits="0" branch="False" />
                <line number="284" hits="0" branch="False" />
                <line number="285" hits="0" branch="False" />
                <line number="286" hits="0" branch="False" />
              </lines>
            </method>
            <method name="KeyBy" signature="(System.Func`2&lt;T,TKey&gt;)" line-rate="0" branch-rate="1" complexity="1">
              <lines>
                <line number="297" hits="0" branch="False" />
              </lines>
            </method>
            <method name="GroupBy" signature="(System.String)" line-rate="0" branch-rate="1" complexity="1">
              <lines>
                <line number="311" hits="0" branch="False" />
              </lines>
            </method>
            <method name="Print" signature="()" line-rate="0" branch-rate="1" complexity="1">
              <lines>
                <line number="321" hits="0" branch="False" />
              </lines>
            </method>
            <method name="AddSink" signature="(FlinkDotNet.DataStream.ISinkFunction`1&lt;T&gt;)" line-rate="0" branch-rate="0" complexity="12">
              <lines>
                <line number="333" hits="0" branch="True" condition-coverage="0% (0/4)">
                  <conditions>
                    <condition number="6" type="jump" coverage="0%" />
                    <condition number="9" type="jump" coverage="0%" />
                  </conditions>
                </line>
                <line number="336" hits="0" branch="False" />
                <line number="337" hits="0" branch="False" />
                <line number="340" hits="0" branch="False" />
                <line number="341" hits="0" branch="False" />
                <line number="342" hits="0" branch="False" />
                <line number="344" hits="0" branch="True" condition-coverage="0% (0/4)">
                  <conditions>
                    <condition number="51" type="jump" coverage="0%" />
                    <condition number="60" type="jump" coverage="0%" />
                  </conditions>
                </line>
                <line number="346" hits="0" branch="False" />
                <line number="347" hits="0" branch="False" />
                <line number="350" hits="0" branch="True" condition-coverage="0% (0/4)">
                  <conditions>
                    <condition number="94" type="jump" coverage="0%" />
                    <condition number="102" type="jump" coverage="0%" />
                  </conditions>
                </line>
                <line number="352" hits="0" branch="False" />
                <line number="357" hits="0" branch="False" />
              </lines>
            </method>
            <method name="SetParallelism" signature="(System.Int32)" line-rate="0" branch-rate="1" complexity="1">
              <lines>
                <line number="367" hits="0" branch="False" />
              </lines>
            </method>
            <method name="Name" signature="(System.String)" line-rate="0" branch-rate="1" complexity="1">
              <lines>
                <line number="377" hits="0" branch="False" />
              </lines>
            </method>
            <method name="Rebalance" signature="()" line-rate="0" branch-rate="1" complexity="1">
              <lines>
                <line number="387" hits="0" branch="False" />
              </lines>
            </method>
            <method name="Rescale" signature="()" line-rate="0" branch-rate="1" complexity="1">
              <lines>
                <line number="398" hits="0" branch="False" />
              </lines>
            </method>
            <method name="Forward" signature="()" line-rate="0" branch-rate="1" complexity="1">
              <lines>
                <line number="409" hits="0" branch="False" />
              </lines>
            </method>
            <method name="Shuffle" signature="()" line-rate="0" branch-rate="1" complexity="1">
              <lines>
                <line number="419" hits="0" branch="False" />
              </lines>
            </method>
            <method name="Broadcast" signature="()" line-rate="0" branch-rate="1" complexity="1">
              <lines>
                <line number="429" hits="0" branch="False" />
              </lines>
            </method>
            <method name="PartitionCustom" signature="(System.Func`3&lt;TKey,System.Int32,System.Int32&gt;,System.Func`2&lt;T,TKey&gt;)" line-rate="0" branch-rate="1" complexity="1">
              <lines>
                <line number="442" hits="0" branch="False" />
              </lines>
            </method>
            <method name="SetMaxParallelism" signature="(System.Int32)" line-rate="0" branch-rate="0" complexity="4">
              <lines>
                <line number="454" hits="0" branch="True" condition-coverage="0% (0/4)">
                  <conditions>
                    <condition number="2" type="jump" coverage="0%" />
                    <condition number="10" type="jump" coverage="0%" />
                  </conditions>
                </line>
                <line number="455" hits="0" branch="False" />
                <line number="456" hits="0" branch="False" />
              </lines>
            </method>
            <method name="SlotSharingGroup" signature="(System.String)" line-rate="0" branch-rate="1" complexity="1">
              <lines>
                <line number="467" hits="0" branch="False" />
              </lines>
            </method>
            <method name="AssignTimestampsAndWatermarks" signature="(FlinkDotNet.DataStream.IAssignerWithPunctuatedWatermarks`1&lt;T&gt;)" line-rate="0" branch-rate="0" complexity="2">
              <lines>
                <line number="479" hits="0" branch="True" condition-coverage="0% (0/2)">
                  <conditions>
                    <condition number="7" type="jump" coverage="0%" />
                  </conditions>
                </line>
                <line number="483" hits="0" branch="False" />
              </lines>
            </method>
            <method name="AssignTimestampsAndWatermarks" signature="(FlinkDotNet.DataStream.IAssignerWithPeriodicWatermarks`1&lt;T&gt;)" line-rate="0" branch-rate="1" complexity="1">
              <lines>
                <line number="496" hits="0" branch="False" />
              </lines>
            </method>
            <method name="AssignTimestampsAndWatermarks" signature="(FlinkDotNet.DataStream.Watermarks.WatermarkStrategy`1&lt;T&gt;)" line-rate="0" branch-rate="0" complexity="2">
              <lines>
                <line number="507" hits="0" branch="True" condition-coverage="0% (0/2)">
                  <conditions>
                    <condition number="1" type="jump" coverage="0%" />
                  </conditions>
                </line>
                <line number="508" hits="0" branch="False" />
                <line number="513" hits="0" branch="False" />
              </lines>
            </method>
            <method name="TimeWindowAll" signature="(FlinkDotNet.DataStream.Time)" line-rate="0" branch-rate="0" complexity="4">
              <lines>
                <line number="525" hits="0" branch="True" condition-coverage="0% (0/2)">
                  <conditions>
                    <condition number="7" type="jump" coverage="0%" />
                  </conditions>
                </line>
                <line number="527" hits="0" branch="False" />
                <line number="530" hits="0" branch="True" condition-coverage="0% (0/2)">
                  <conditions>
                    <condition number="32" type="jump" coverage="0%" />
                  </conditions>
                </line>
                <line number="532" hits="0" branch="False" />
                <line number="535" hits="0" branch="False" />
              </lines>
            </method>
            <method name="CountWindowAll" signature="(System.Int32)" line-rate="0" branch-rate="0" complexity="6">
              <lines>
                <line number="547" hits="0" branch="True" condition-coverage="0% (0/2)">
                  <conditions>
                    <condition number="2" type="jump" coverage="0%" />
                  </conditions>
                </line>
                <line number="548" hits="0" branch="False" />
                <line number="551" hits="0" branch="True" condition-coverage="0% (0/2)">
                  <conditions>
                    <condition number="27" type="jump" coverage="0%" />
                  </conditions>
                </line>
                <line number="554" hits="0" branch="False" />
                <line number="557" hits="0" branch="True" condition-coverage="0% (0/2)">
                  <conditions>
                    <condition number="52" type="jump" coverage="0%" />
                  </conditions>
                </line>
                <line number="559" hits="0" branch="False" />
                <line number="562" hits="0" branch="False" />
              </lines>
            </method>
            <method name="GetExecutionEnvironment" signature="()" line-rate="0" branch-rate="1" complexity="1">
              <lines>
                <line number="571" hits="0" branch="False" />
              </lines>
            </method>
            <method name=".ctor" signature="(System.Collections.Generic.IEnumerable`1&lt;T&gt;,FlinkDotNet.DataStream.StreamExecutionEnvironment)" line-rate="0" branch-rate="1" complexity="1">
              <lines>
                <line number="45" hits="0" branch="False" />
                <line number="47" hits="0" branch="False" />
                <line number="48" hits="0" branch="False" />
                <line number="49" hits="0" branch="False" />
                <line number="50" hits="0" branch="False" />
              </lines>
            </method>
            <method name=".ctor" signature="(FlinkDotNet.DataStream.ISourceFunction`1&lt;T&gt;,FlinkDotNet.DataStream.StreamExecutionEnvironment,System.String)" line-rate="0" branch-rate="1" complexity="1">
              <lines>
                <line number="58" hits="0" branch="False" />
                <line number="60" hits="0" branch="False" />
                <line number="61" hits="0" branch="False" />
                <line number="62" hits="0" branch="False" />
                <line number="63" hits="0" branch="False" />
              </lines>
            </method>
            <method name=".ctor" signature="(Flink.JobBuilder.Models.JobDefinition,FlinkDotNet.DataStream.StreamExecutionEnvironment)" line-rate="0" branch-rate="0" complexity="2">
              <lines>
                <line number="65" hits="0" branch="False" />
                <line number="67" hits="0" branch="True" condition-coverage="0% (0/2)">
                  <conditions>
                    <condition number="9" type="jump" coverage="0%" />
                  </conditions>
                </line>
                <line number="68" hits="0" branch="False" />
                <line number="69" hits="0" branch="False" />
                <line number="70" hits="0" branch="False" />
              </lines>
            </method>
          </methods>
          <lines>
            <line number="77" hits="0" branch="False" />
            <line number="78" hits="0" branch="False" />
            <line number="88" hits="0" branch="True" condition-coverage="0% (0/2)">
              <conditions>
                <condition number="6" type="jump" coverage="0%" />
              </conditions>
            </line>
            <line number="90" hits="0" branch="False" />
            <line number="91" hits="0" branch="False" />
            <line number="94" hits="0" branch="True" condition-coverage="0% (0/2)">
              <conditions>
                <condition number="38" type="jump" coverage="0%" />
              </conditions>
            </line>
            <line number="96" hits="0" branch="False" />
            <line number="97" hits="0" branch="False" />
            <line number="101" hits="0" branch="True" condition-coverage="0% (0/4)">
              <conditions>
                <condition number="91" type="jump" coverage="0%" />
                <condition number="99" type="jump" coverage="0%" />
              </conditions>
            </line>
            <line number="106" hits="0" branch="True" condition-coverage="0% (0/2)">
              <conditions>
                <condition number="108" type="jump" coverage="0%" />
              </conditions>
            </line>
            <line number="107" hits="0" branch="True" condition-coverage="0% (0/2)">
              <conditions>
                <condition number="134" type="jump" coverage="0%" />
              </conditions>
            </line>
            <line number="109" hits="0" branch="False" />
            <line number="111" hits="0" branch="False" />
            <line number="114" hits="0" branch="False" />
            <line number="127" hits="0" branch="True" condition-coverage="0% (0/2)">
              <conditions>
                <condition number="7" type="jump" coverage="0%" />
              </conditions>
            </line>
            <line number="129" hits="0" branch="False" />
            <line number="132" hits="0" branch="True" condition-coverage="0% (0/2)">
              <conditions>
                <condition number="49" type="jump" coverage="0%" />
              </conditions>
            </line>
            <line number="134" hits="0" branch="False" />
            <line number="137" hits="0" branch="False" />
            <line number="145" hits="0" branch="True" condition-coverage="0% (0/2)">
              <conditions>
                <condition number="25" type="jump" coverage="0%" />
              </conditions>
            </line>
            <line number="146" hits="0" branch="False" />
            <line number="147" hits="0" branch="True" condition-coverage="0% (0/2)">
              <conditions>
                <condition number="44" type="jump" coverage="0%" />
              </conditions>
            </line>
            <line number="148" hits="0" branch="False" />
            <line number="149" hits="0" branch="False" />
            <line number="150" hits="0" branch="False" />
            <line number="160" hits="0" branch="True" condition-coverage="0% (0/2)">
              <conditions>
                <condition number="6" type="jump" coverage="0%" />
              </conditions>
            </line>
            <line number="162" hits="0" branch="False" />
            <line number="163" hits="0" branch="False" />
            <line number="166" hits="0" branch="True" condition-coverage="0% (0/2)">
              <conditions>
                <condition number="38" type="jump" coverage="0%" />
              </conditions>
            </line>
            <line number="168" hits="0" branch="False" />
            <line number="169" hits="0" branch="False" />
            <line number="173" hits="0" branch="True" condition-coverage="0% (0/4)">
              <conditions>
                <condition number="91" type="jump" coverage="0%" />
                <condition number="99" type="jump" coverage="0%" />
              </conditions>
            </line>
            <line number="175" hits="0" branch="True" condition-coverage="0% (0/2)">
              <conditions>
                <condition number="108" type="jump" coverage="0%" />
              </conditions>
            </line>
            <line number="176" hits="0" branch="True" condition-coverage="0% (0/2)">
              <conditions>
                <condition number="134" type="jump" coverage="0%" />
              </conditions>
            </line>
            <line number="178" hits="0" branch="False" />
            <line number="180" hits="0" branch="False" />
            <line number="183" hits="0" branch="False" />
            <line number="194" hits="0" branch="False" />
            <line number="205" hits="0" branch="True" condition-coverage="0% (0/2)">
              <conditions>
                <condition number="6" type="jump" coverage="0%" />
              </conditions>
            </line>
            <line number="207" hits="0" branch="False" />
            <line number="208" hits="0" branch="False" />
            <line number="211" hits="0" branch="True" condition-coverage="0% (0/2)">
              <conditions>
                <condition number="38" type="jump" coverage="0%" />
              </conditions>
            </line>
            <line number="213" hits="0" branch="False" />
            <line number="214" hits="0" branch="False" />
            <line number="218" hits="0" branch="True" condition-coverage="0% (0/4)">
              <conditions>
                <condition number="91" type="jump" coverage="0%" />
                <condition number="99" type="jump" coverage="0%" />
              </conditions>
            </line>
            <line number="220" hits="0" branch="True" condition-coverage="0% (0/2)">
              <conditions>
                <condition number="108" type="jump" coverage="0%" />
              </conditions>
            </line>
            <line number="221" hits="0" branch="True" condition-coverage="0% (0/2)">
              <conditions>
                <condition number="134" type="jump" coverage="0%" />
              </conditions>
            </line>
            <line number="223" hits="0" branch="False" />
            <line number="225" hits="0" branch="False" />
            <line number="228" hits="0" branch="False" />
            <line number="240" hits="0" branch="False" />
            <line number="252" hits="0" branch="True" condition-coverage="0% (0/2)">
              <conditions>
                <condition number="6" type="jump" coverage="0%" />
              </conditions>
            </line>
            <line number="255" hits="0" branch="False" />
            <line number="257" hits="0" branch="False" />
            <line number="258" hits="0" branch="False" />
            <line number="266" hits="0" branch="True" condition-coverage="0% (0/2)">
              <conditions>
                <condition number="6" type="jump" coverage="0%" />
              </conditions>
            </line>
            <line number="268" hits="0" branch="False" />
            <line number="269" hits="0" branch="False" />
            <line number="270" hits="0" branch="False" />
            <line number="274" hits="0" branch="True" condition-coverage="0% (0/2)">
              <conditions>
                <condition number="30" type="jump" coverage="0%" />
              </conditions>
            </line>
            <line number="276" hits="0" branch="False" />
            <line number="277" hits="0" branch="False" />
            <line number="281" hits="0" branch="True" condition-coverage="0% (0/2)">
              <conditions>
                <condition number="54" type="jump" coverage="0%" />
              </conditions>
            </line>
            <line number="282" hits="0" branch="False" />
            <line number="284" hits="0" branch="False" />
            <line number="285" hits="0" branch="False" />
            <line number="286" hits="0" branch="False" />
            <line number="297" hits="0" branch="False" />
            <line number="311" hits="0" branch="False" />
            <line number="321" hits="0" branch="False" />
            <line number="333" hits="0" branch="True" condition-coverage="0% (0/4)">
              <conditions>
                <condition number="6" type="jump" coverage="0%" />
                <condition number="9" type="jump" coverage="0%" />
              </conditions>
            </line>
            <line number="336" hits="0" branch="False" />
            <line number="337" hits="0" branch="False" />
            <line number="340" hits="0" branch="False" />
            <line number="341" hits="0" branch="False" />
            <line number="342" hits="0" branch="False" />
            <line number="344" hits="0" branch="True" condition-coverage="0% (0/4)">
              <conditions>
                <condition number="51" type="jump" coverage="0%" />
                <condition number="60" type="jump" coverage="0%" />
              </conditions>
            </line>
            <line number="346" hits="0" branch="False" />
            <line number="347" hits="0" branch="False" />
            <line number="350" hits="0" branch="True" condition-coverage="0% (0/4)">
              <conditions>
                <condition number="94" type="jump" coverage="0%" />
                <condition number="102" type="jump" coverage="0%" />
              </conditions>
            </line>
            <line number="352" hits="0" branch="False" />
            <line number="357" hits="0" branch="False" />
            <line number="367" hits="0" branch="False" />
            <line number="377" hits="0" branch="False" />
            <line number="387" hits="0" branch="False" />
            <line number="398" hits="0" branch="False" />
            <line number="409" hits="0" branch="False" />
            <line number="419" hits="0" branch="False" />
            <line number="429" hits="0" branch="False" />
            <line number="442" hits="0" branch="False" />
            <line number="454" hits="0" branch="True" condition-coverage="0% (0/4)">
              <conditions>
                <condition number="2" type="jump" coverage="0%" />
                <condition number="10" type="jump" coverage="0%" />
              </conditions>
            </line>
            <line number="455" hits="0" branch="False" />
            <line number="456" hits="0" branch="False" />
            <line number="467" hits="0" branch="False" />
            <line number="479" hits="0" branch="True" condition-coverage="0% (0/2)">
              <conditions>
                <condition number="7" type="jump" coverage="0%" />
              </conditions>
            </line>
            <line number="483" hits="0" branch="False" />
            <line number="496" hits="0" branch="False" />
            <line number="507" hits="0" branch="True" condition-coverage="0% (0/2)">
              <conditions>
                <condition number="1" type="jump" coverage="0%" />
              </conditions>
            </line>
            <line number="508" hits="0" branch="False" />
            <line number="513" hits="0" branch="False" />
            <line number="525" hits="0" branch="True" condition-coverage="0% (0/2)">
              <conditions>
                <condition number="7" type="jump" coverage="0%" />
              </conditions>
            </line>
            <line number="527" hits="0" branch="False" />
            <line number="530" hits="0" branch="True" condition-coverage="0% (0/2)">
              <conditions>
                <condition number="32" type="jump" coverage="0%" />
              </conditions>
            </line>
            <line number="532" hits="0" branch="False" />
            <line number="535" hits="0" branch="False" />
            <line number="547" hits="0" branch="True" condition-coverage="0% (0/2)">
              <conditions>
                <condition number="2" type="jump" coverage="0%" />
              </conditions>
            </line>
            <line number="548" hits="0" branch="False" />
            <line number="551" hits="0" branch="True" condition-coverage="0% (0/2)">
              <conditions>
                <condition number="27" type="jump" coverage="0%" />
              </conditions>
            </line>
            <line number="554" hits="0" branch="False" />
            <line number="557" hits="0" branch="True" condition-coverage="0% (0/2)">
              <conditions>
                <condition number="52" type="jump" coverage="0%" />
              </conditions>
            </line>
            <line number="559" hits="0" branch="False" />
            <line number="562" hits="0" branch="False" />
            <line number="571" hits="0" branch="False" />
            <line number="45" hits="0" branch="False" />
            <line number="47" hits="0" branch="False" />
            <line number="48" hits="0" branch="False" />
            <line number="49" hits="0" branch="False" />
            <line number="50" hits="0" branch="False" />
            <line number="58" hits="0" branch="False" />
            <line number="60" hits="0" branch="False" />
            <line number="61" hits="0" branch="False" />
            <line number="62" hits="0" branch="False" />
            <line number="63" hits="0" branch="False" />
            <line number="65" hits="0" branch="False" />
            <line number="67" hits="0" branch="True" condition-coverage="0% (0/2)">
              <conditions>
                <condition number="9" type="jump" coverage="0%" />
              </conditions>
            </line>
            <line number="68" hits="0" branch="False" />
            <line number="69" hits="0" branch="False" />
            <line number="70" hits="0" branch="False" />
          </lines>
        </class>
        <class name="FlinkDotNet.DataStream.KeyedStream`2" filename="FlinkDotNet.DataStream/DataStream.cs" line-rate="0" branch-rate="0" complexity="7">
          <methods>
            <method name="Reduce" signature="(System.Func`3&lt;T,T,T&gt;)" line-rate="0" branch-rate="1" complexity="1">
              <lines>
                <line number="599" hits="0" branch="False" />
              </lines>
            </method>
            <method name="Reduce" signature="(FlinkDotNet.DataStream.IReduceFunction`1&lt;T&gt;)" line-rate="0" branch-rate="1" complexity="1">
              <lines>
                <line number="610" hits="0" branch="False" />
              </lines>
            </method>
            <method name="Aggregate" signature="(System.String,System.String)" line-rate="0" branch-rate="1" complexity="1">
              <lines>
                <line number="622" hits="0" branch="False" />
              </lines>
            </method>
            <method name="Window" signature="(FlinkDotNet.DataStream.Window.Assigners.IWindowAssigner`2&lt;T,TWindow&gt;)" line-rate="0" branch-rate="0" complexity="2">
              <lines>
                <line number="636" hits="0" branch="True" condition-coverage="0% (0/2)">
                  <conditions>
                    <condition number="1" type="jump" coverage="0%" />
                  </conditions>
                </line>
                <line number="637" hits="0" branch="False" />
                <line number="639" hits="0" branch="False" />
              </lines>
            </method>
            <method name="GetDataStream" signature="()" line-rate="0" branch-rate="1" complexity="1">
              <lines>
                <line number="648" hits="0" branch="False" />
              </lines>
            </method>
            <method name=".ctor" signature="(FlinkDotNet.DataStream.DataStream`1&lt;T&gt;,System.Func`2&lt;T,TKey&gt;)" line-rate="0" branch-rate="1" complexity="1">
              <lines>
                <line number="585" hits="0" branch="False" />
                <line number="587" hits="0" branch="False" />
                <line number="589" hits="0" branch="False" />
              </lines>
            </method>
          </methods>
          <lines>
            <line number="599" hits="0" branch="False" />
            <line number="610" hits="0" branch="False" />
            <line number="622" hits="0" branch="False" />
            <line number="636" hits="0" branch="True" condition-coverage="0% (0/2)">
              <conditions>
                <condition number="1" type="jump" coverage="0%" />
              </conditions>
            </line>
            <line number="637" hits="0" branch="False" />
            <line number="639" hits="0" branch="False" />
            <line number="648" hits="0" branch="False" />
            <line number="585" hits="0" branch="False" />
            <line number="587" hits="0" branch="False" />
            <line number="589" hits="0" branch="False" />
          </lines>
        </class>
        <class name="FlinkDotNet.DataStream.AllWindowedStream`1" filename="FlinkDotNet.DataStream/DataStream.cs" line-rate="0" branch-rate="0" complexity="15">
          <methods>
            <method name="AttachOperationCapture" signature="(FlinkDotNet.DataStream.OperationCapture)" line-rate="0" branch-rate="1" complexity="1">
              <lines>
                <line number="683" hits="0" branch="False" />
                <line number="684" hits="0" branch="False" />
              </lines>
            </method>
            <method name="Aggregate" signature="(FlinkDotNet.DataStream.IAggregateFunction`3&lt;T,TAcc,TResult&gt;)" line-rate="0" branch-rate="0" complexity="6">
              <lines>
                <line number="697" hits="0" branch="True" condition-coverage="0% (0/2)">
                  <conditions>
                    <condition number="7" type="jump" coverage="0%" />
                  </conditions>
                </line>
                <line number="701" hits="0" branch="False" />
                <line number="705" hits="0" branch="True" condition-coverage="0% (0/2)">
                  <conditions>
                    <condition number="42" type="jump" coverage="0%" />
                  </conditions>
                </line>
                <line number="706" hits="0" branch="False" />
                <line number="707" hits="0" branch="False" />
                <line number="708" hits="0" branch="False" />
                <line number="709" hits="0" branch="False" />
                <line number="710" hits="0" branch="False" />
                <line number="711" hits="0" branch="False" />
                <line number="712" hits="0" branch="False" />
                <line number="715" hits="0" branch="True" condition-coverage="0% (0/2)">
                  <conditions>
                    <condition number="129" type="jump" coverage="0%" />
                  </conditions>
                </line>
                <line number="717" hits="0" branch="False" />
                <line number="720" hits="0" branch="False" />
              </lines>
            </method>
            <method name="GetWindowSize" signature="()" line-rate="0" branch-rate="1" complexity="1">
              <lines>
                <line number="726" hits="0" branch="False" />
              </lines>
            </method>
            <method name="GetWindowCount" signature="()" line-rate="0" branch-rate="1" complexity="1">
              <lines>
                <line number="731" hits="0" branch="False" />
              </lines>
            </method>
            <method name=".ctor" signature="(FlinkDotNet.DataStream.DataStream`1&lt;T&gt;,FlinkDotNet.DataStream.Time)" line-rate="0" branch-rate="0" complexity="4">
              <lines>
                <line number="664" hits="0" branch="False" />
                <line number="666" hits="0" branch="True" condition-coverage="0% (0/2)">
                  <conditions>
                    <condition number="9" type="jump" coverage="0%" />
                  </conditions>
                </line>
                <line number="667" hits="0" branch="True" condition-coverage="0% (0/2)">
                  <conditions>
                    <condition number="31" type="jump" coverage="0%" />
                  </conditions>
                </line>
                <line number="668" hits="0" branch="False" />
                <line number="669" hits="0" branch="False" />
              </lines>
            </method>
            <method name=".ctor" signature="(FlinkDotNet.DataStream.DataStream`1&lt;T&gt;,System.Int32)" line-rate="0" branch-rate="0" complexity="2">
              <lines>
                <line number="671" hits="0" branch="False" />
                <line number="673" hits="0" branch="True" condition-coverage="0% (0/2)">
                  <conditions>
                    <condition number="9" type="jump" coverage="0%" />
                  </conditions>
                </line>
                <line number="674" hits="0" branch="False" />
                <line number="675" hits="0" branch="False" />
                <line number="676" hits="0" branch="False" />
              </lines>
            </method>
          </methods>
          <lines>
            <line number="683" hits="0" branch="False" />
            <line number="684" hits="0" branch="False" />
            <line number="697" hits="0" branch="True" condition-coverage="0% (0/2)">
              <conditions>
                <condition number="7" type="jump" coverage="0%" />
              </conditions>
            </line>
            <line number="701" hits="0" branch="False" />
            <line number="705" hits="0" branch="True" condition-coverage="0% (0/2)">
              <conditions>
                <condition number="42" type="jump" coverage="0%" />
              </conditions>
            </line>
            <line number="706" hits="0" branch="False" />
            <line number="707" hits="0" branch="False" />
            <line number="708" hits="0" branch="False" />
            <line number="709" hits="0" branch="False" />
            <line number="710" hits="0" branch="False" />
            <line number="711" hits="0" branch="False" />
            <line number="712" hits="0" branch="False" />
            <line number="715" hits="0" branch="True" condition-coverage="0% (0/2)">
              <conditions>
                <condition number="129" type="jump" coverage="0%" />
              </conditions>
            </line>
            <line number="717" hits="0" branch="False" />
            <line number="720" hits="0" branch="False" />
            <line number="726" hits="0" branch="False" />
            <line number="731" hits="0" branch="False" />
            <line number="664" hits="0" branch="False" />
            <line number="666" hits="0" branch="True" condition-coverage="0% (0/2)">
              <conditions>
                <condition number="9" type="jump" coverage="0%" />
              </conditions>
            </line>
            <line number="667" hits="0" branch="True" condition-coverage="0% (0/2)">
              <conditions>
                <condition number="31" type="jump" coverage="0%" />
              </conditions>
            </line>
            <line number="668" hits="0" branch="False" />
            <line number="669" hits="0" branch="False" />
            <line number="671" hits="0" branch="False" />
            <line number="673" hits="0" branch="True" condition-coverage="0% (0/2)">
              <conditions>
                <condition number="9" type="jump" coverage="0%" />
              </conditions>
            </line>
            <line number="674" hits="0" branch="False" />
            <line number="675" hits="0" branch="False" />
            <line number="676" hits="0" branch="False" />
          </lines>
        </class>
        <class name="FlinkDotNet.DataStream.MappedSourceFunction`2" filename="FlinkDotNet.DataStream/DataStream.cs" line-rate="0" branch-rate="0" complexity="4">
          <methods>
            <method name=".ctor" signature="(FlinkDotNet.DataStream.ISourceFunction`1&lt;TIn&gt;,System.Func`2&lt;TIn,TOut&gt;)" line-rate="0" branch-rate="0" complexity="4">
              <lines>
                <line number="865" hits="0" branch="False" />
                <line number="867" hits="0" branch="True" condition-coverage="0% (0/2)">
                  <conditions>
                    <condition number="9" type="jump" coverage="0%" />
                  </conditions>
                </line>
                <line number="868" hits="0" branch="True" condition-coverage="0% (0/2)">
                  <conditions>
                    <condition number="31" type="jump" coverage="0%" />
                  </conditions>
                </line>
                <line number="869" hits="0" branch="False" />
              </lines>
            </method>
          </methods>
          <lines>
            <line number="865" hits="0" branch="False" />
            <line number="867" hits="0" branch="True" condition-coverage="0% (0/2)">
              <conditions>
                <condition number="9" type="jump" coverage="0%" />
              </conditions>
            </line>
            <line number="868" hits="0" branch="True" condition-coverage="0% (0/2)">
              <conditions>
                <condition number="31" type="jump" coverage="0%" />
              </conditions>
            </line>
            <line number="869" hits="0" branch="False" />
          </lines>
        </class>
        <class name="FlinkDotNet.DataStream.FlatMappedSourceFunction`2" filename="FlinkDotNet.DataStream/DataStream.cs" line-rate="0" branch-rate="0" complexity="4">
          <methods>
            <method name=".ctor" signature="(FlinkDotNet.DataStream.ISourceFunction`1&lt;TIn&gt;,System.Func`2&lt;TIn,System.Collections.Generic.IEnumerable`1&lt;TOut&gt;&gt;)" line-rate="0" branch-rate="0" complexity="4">
              <lines>
                <line number="890" hits="0" branch="False" />
                <line number="892" hits="0" branch="True" condition-coverage="0% (0/2)">
                  <conditions>
                    <condition number="9" type="jump" coverage="0%" />
                  </conditions>
                </line>
                <line number="893" hits="0" branch="True" condition-coverage="0% (0/2)">
                  <conditions>
                    <condition number="31" type="jump" coverage="0%" />
                  </conditions>
                </line>
                <line number="894" hits="0" branch="False" />
              </lines>
            </method>
          </methods>
          <lines>
            <line number="890" hits="0" branch="False" />
            <line number="892" hits="0" branch="True" condition-coverage="0% (0/2)">
              <conditions>
                <condition number="9" type="jump" coverage="0%" />
              </conditions>
            </line>
            <line number="893" hits="0" branch="True" condition-coverage="0% (0/2)">
              <conditions>
                <condition number="31" type="jump" coverage="0%" />
              </conditions>
            </line>
            <line number="894" hits="0" branch="False" />
          </lines>
        </class>
        <class name="FlinkDotNet.DataStream.FilteredSourceFunction`1" filename="FlinkDotNet.DataStream/DataStream.cs" line-rate="0" branch-rate="0" complexity="4">
          <methods>
            <method name=".ctor" signature="(FlinkDotNet.DataStream.ISourceFunction`1&lt;T&gt;,System.Func`2&lt;T,System.Boolean&gt;)" line-rate="0" branch-rate="0" complexity="4">
              <lines>
                <line number="917" hits="0" branch="False" />
                <line number="919" hits="0" branch="True" condition-coverage="0% (0/2)">
                  <conditions>
                    <condition number="9" type="jump" coverage="0%" />
                  </conditions>
                </line>
                <line number="920" hits="0" branch="True" condition-coverage="0% (0/2)">
                  <conditions>
                    <condition number="31" type="jump" coverage="0%" />
                  </conditions>
                </line>
                <line number="921" hits="0" branch="False" />
              </lines>
            </method>
          </methods>
          <lines>
            <line number="917" hits="0" branch="False" />
            <line number="919" hits="0" branch="True" condition-coverage="0% (0/2)">
              <conditions>
                <condition number="9" type="jump" coverage="0%" />
              </conditions>
            </line>
            <line number="920" hits="0" branch="True" condition-coverage="0% (0/2)">
              <conditions>
                <condition number="31" type="jump" coverage="0%" />
              </conditions>
            </line>
            <line number="921" hits="0" branch="False" />
          </lines>
        </class>
        <class name="FlinkDotNet.DataStream.AggregatedSourceFunction`3" filename="FlinkDotNet.DataStream/DataStream.cs" line-rate="0" branch-rate="0" complexity="4">
          <methods>
            <method name=".ctor" signature="(FlinkDotNet.DataStream.ISourceFunction`1&lt;TIn&gt;,FlinkDotNet.DataStream.IAggregateFunction`3&lt;TIn,TAcc,TOut&gt;)" line-rate="0" branch-rate="0" complexity="4">
              <lines>
                <line number="945" hits="0" branch="False" />
                <line number="947" hits="0" branch="True" condition-coverage="0% (0/2)">
                  <conditions>
                    <condition number="9" type="jump" coverage="0%" />
                  </conditions>
                </line>
                <line number="948" hits="0" branch="True" condition-coverage="0% (0/2)">
                  <conditions>
                    <condition number="31" type="jump" coverage="0%" />
                  </conditions>
                </line>
                <line number="949" hits="0" branch="False" />
              </lines>
            </method>
          </methods>
          <lines>
            <line number="945" hits="0" branch="False" />
            <line number="947" hits="0" branch="True" condition-coverage="0% (0/2)">
              <conditions>
                <condition number="9" type="jump" coverage="0%" />
              </conditions>
            </line>
            <line number="948" hits="0" branch="True" condition-coverage="0% (0/2)">
              <conditions>
                <condition number="31" type="jump" coverage="0%" />
              </conditions>
            </line>
            <line number="949" hits="0" branch="False" />
          </lines>
        </class>
        <class name="FlinkDotNet.DataStream.TypeInformation`1" filename="FlinkDotNet.DataStream/FlinkAPIExtensions.cs" line-rate="0" branch-rate="1" complexity="4">
          <methods>
            <method name="Of" signature="()" line-rate="0" branch-rate="1" complexity="1">
              <lines>
                <line number="106" hits="0" branch="False" />
              </lines>
            </method>
            <method name="Of" signature="()" line-rate="0" branch-rate="1" complexity="1">
              <lines>
                <line number="116" hits="0" branch="False" />
              </lines>
            </method>
            <method name="GetType" signature="()" line-rate="0" branch-rate="1" complexity="1">
              <lines>
                <line number="122" hits="0" branch="False" />
              </lines>
            </method>
            <method name=".ctor" signature="(System.Type)" line-rate="0" branch-rate="1" complexity="1">
              <lines>
                <line number="95" hits="0" branch="False" />
                <line number="97" hits="0" branch="False" />
                <line number="98" hits="0" branch="False" />
              </lines>
            </method>
          </methods>
          <lines>
            <line number="106" hits="0" branch="False" />
            <line number="116" hits="0" branch="False" />
            <line number="122" hits="0" branch="False" />
            <line number="95" hits="0" branch="False" />
            <line number="97" hits="0" branch="False" />
            <line number="98" hits="0" branch="False" />
          </lines>
        </class>
        <class name="FlinkDotNet.DataStream.KafkaSinkFunction`1" filename="FlinkDotNet.DataStream/FlinkAPIExtensions.cs" line-rate="0" branch-rate="1" complexity="4">
          <methods>
            <method name="get_Topic" signature="()" line-rate="0" branch-rate="1" complexity="1">
              <lines>
                <line number="139" hits="0" branch="False" />
              </lines>
            </method>
[...]
                <line number="317" hits="13" branch="False" />
              </lines>
            </method>
          </methods>
          <lines>
            <line number="290" hits="1" branch="False" />
            <line number="291" hits="13" branch="False" />
            <line number="292" hits="13" branch="False" />
            <line number="293" hits="13" branch="False" />
            <line number="294" hits="13" branch="False" />
            <line number="307" hits="13" branch="False" />
            <line number="308" hits="13" branch="False" />
            <line number="317" hits="13" branch="False" />
          </lines>
        </class>
        <class name="Flink.JobBuilder.Models.ProcessFunctionOperationDefinition" filename="Flink.JobBuilder/Models/JobDefinition.cs" line-rate="1" branch-rate="1" complexity="2">
          <methods>
            <method name="get_Type" signature="()" line-rate="1" branch-rate="1" complexity="1">
              <lines>
                <line number="326" hits="1" branch="False" />
              </lines>
            </method>
            <method name=".ctor" signature="()" line-rate="1" branch-rate="1" complexity="1">
              <lines>
                <line number="327" hits="6" branch="False" />
                <line number="328" hits="6" branch="False" />
                <line number="329" hits="6" branch="False" />
                <line number="330" hits="6" branch="False" />
                <line number="331" hits="6" branch="False" />
              </lines>
            </method>
          </methods>
          <lines>
            <line number="326" hits="1" branch="False" />
            <line number="327" hits="6" branch="False" />
            <line number="328" hits="6" branch="False" />
            <line number="329" hits="6" branch="False" />
            <line number="330" hits="6" branch="False" />
            <line number="331" hits="6" branch="False" />
          </lines>
        </class>
        <class name="Flink.JobBuilder.Models.StateOperationDefinition" filename="Flink.JobBuilder/Models/JobDefinition.cs" line-rate="1" branch-rate="1" complexity="2">
          <methods>
            <method name="get_Type" signature="()" line-rate="1" branch-rate="1" complexity="1">
              <lines>
                <line number="340" hits="1" branch="False" />
              </lines>
            </method>
            <method name=".ctor" signature="()" line-rate="1" branch-rate="1" complexity="1">
              <lines>
                <line number="341" hits="18" branch="False" />
                <line number="342" hits="18" branch="False" />
                <line number="343" hits="18" branch="False" />
                <line number="352" hits="18" branch="False" />
              </lines>
            </method>
          </methods>
          <lines>
            <line number="340" hits="1" branch="False" />
            <line number="341" hits="18" branch="False" />
            <line number="342" hits="18" branch="False" />
            <line number="343" hits="18" branch="False" />
            <line number="352" hits="18" branch="False" />
          </lines>
        </class>
        <class name="Flink.JobBuilder.Models.TimerOperationDefinition" filename="Flink.JobBuilder/Models/JobDefinition.cs" line-rate="1" branch-rate="1" complexity="2">
          <methods>
            <method name="get_Type" signature="()" line-rate="1" branch-rate="1" complexity="1">
              <lines>
                <line number="361" hits="1" branch="False" />
              </lines>
            </method>
            <method name=".ctor" signature="()" line-rate="1" branch-rate="1" complexity="1">
              <lines>
                <line number="362" hits="11" branch="False" />
                <line number="375" hits="11" branch="False" />
              </lines>
            </method>
          </methods>
          <lines>
            <line number="361" hits="1" branch="False" />
            <line number="362" hits="11" branch="False" />
            <line number="375" hits="11" branch="False" />
          </lines>
        </class>
        <class name="Flink.JobBuilder.Models.RetryOperationDefinition" filename="Flink.JobBuilder/Models/JobDefinition.cs" line-rate="1" branch-rate="1" complexity="2">
          <methods>
            <method name="get_Type" signature="()" line-rate="1" branch-rate="1" complexity="1">
              <lines>
                <line number="384" hits="1" branch="False" />
              </lines>
            </method>
            <method name=".ctor" signature="()" line-rate="1" branch-rate="1" complexity="1">
              <lines>
                <line number="385" hits="14" branch="False" />
                <line number="386" hits="14" branch="False" />
                <line number="395" hits="14" branch="False" />
                <line number="396" hits="14" branch="False" />
              </lines>
            </method>
          </methods>
          <lines>
            <line number="384" hits="1" branch="False" />
            <line number="385" hits="14" branch="False" />
            <line number="386" hits="14" branch="False" />
            <line number="395" hits="14" branch="False" />
            <line number="396" hits="14" branch="False" />
          </lines>
        </class>
        <class name="Flink.JobBuilder.Models.SideOutputOperationDefinition" filename="Flink.JobBuilder/Models/JobDefinition.cs" line-rate="1" branch-rate="1" complexity="2">
          <methods>
            <method name="get_Type" signature="()" line-rate="1" branch-rate="1" complexity="1">
              <lines>
                <line number="405" hits="1" branch="False" />
              </lines>
            </method>
            <method name=".ctor" signature="()" line-rate="1" branch-rate="1" complexity="1">
              <lines>
                <line number="406" hits="8" branch="False" />
                <line number="407" hits="8" branch="False" />
                <line number="409" hits="8" branch="False" />
              </lines>
            </method>
          </methods>
          <lines>
            <line number="405" hits="1" branch="False" />
            <line number="406" hits="8" branch="False" />
            <line number="407" hits="8" branch="False" />
            <line number="409" hits="8" branch="False" />
          </lines>
        </class>
        <class name="Flink.JobBuilder.Models.KafkaSinkDefinition" filename="Flink.JobBuilder/Models/JobDefinition.cs" line-rate="1" branch-rate="1" complexity="2">
          <methods>
            <method name="get_Type" signature="()" line-rate="1" branch-rate="1" complexity="1">
              <lines>
                <line number="436" hits="1" branch="False" />
              </lines>
            </method>
            <method name=".ctor" signature="()" line-rate="1" branch-rate="1" complexity="1">
              <lines>
                <line number="437" hits="100" branch="False" />
                <line number="442" hits="100" branch="False" />
                <line number="443" hits="100" branch="False" />
              </lines>
            </method>
          </methods>
          <lines>
            <line number="436" hits="1" branch="False" />
            <line number="437" hits="100" branch="False" />
            <line number="442" hits="100" branch="False" />
            <line number="443" hits="100" branch="False" />
          </lines>
        </class>
        <class name="Flink.JobBuilder.Models.ConsoleSinkDefinition" filename="Flink.JobBuilder/Models/JobDefinition.cs" line-rate="1" branch-rate="1" complexity="2">
          <methods>
            <method name="get_Type" signature="()" line-rate="1" branch-rate="1" complexity="1">
              <lines>
                <line number="452" hits="1" branch="False" />
              </lines>
            </method>
            <method name=".ctor" signature="()" line-rate="1" branch-rate="1" complexity="1">
              <lines>
                <line number="453" hits="4" branch="False" />
              </lines>
            </method>
          </methods>
          <lines>
            <line number="452" hits="1" branch="False" />
            <line number="453" hits="4" branch="False" />
          </lines>
        </class>
        <class name="Flink.JobBuilder.Models.FileSinkDefinition" filename="Flink.JobBuilder/Models/JobDefinition.cs" line-rate="1" branch-rate="1" complexity="2">
          <methods>
            <method name="get_Type" signature="()" line-rate="1" branch-rate="1" complexity="1">
              <lines>
                <line number="462" hits="1" branch="False" />
              </lines>
            </method>
            <method name=".ctor" signature="()" line-rate="1" branch-rate="1" complexity="1">
              <lines>
                <line number="463" hits="7" branch="False" />
                <line number="464" hits="7" branch="False" />
                <line number="465" hits="7" branch="False" />
              </lines>
            </method>
          </methods>
          <lines>
            <line number="462" hits="1" branch="False" />
            <line number="463" hits="7" branch="False" />
            <line number="464" hits="7" branch="False" />
            <line number="465" hits="7" branch="False" />
          </lines>
        </class>
        <class name="Flink.JobBuilder.Models.DatabaseSinkDefinition" filename="Flink.JobBuilder/Models/JobDefinition.cs" line-rate="1" branch-rate="1" complexity="2">
          <methods>
            <method name="get_Type" signature="()" line-rate="1" branch-rate="1" complexity="1">
              <lines>
                <line number="474" hits="1" branch="False" />
              </lines>
            </method>
            <method name=".ctor" signature="()" line-rate="1" branch-rate="1" complexity="1">
              <lines>
                <line number="475" hits="6" branch="False" />
                <line number="476" hits="6" branch="False" />
                <line number="477" hits="6" branch="False" />
                <line number="478" hits="6" branch="False" />
              </lines>
            </method>
          </methods>
          <lines>
            <line number="474" hits="1" branch="False" />
            <line number="475" hits="6" branch="False" />
            <line number="476" hits="6" branch="False" />
            <line number="477" hits="6" branch="False" />
            <line number="478" hits="6" branch="False" />
          </lines>
        </class>
        <class name="Flink.JobBuilder.Models.HttpSinkDefinition" filename="Flink.JobBuilder/Models/JobDefinition.cs" line-rate="1" branch-rate="1" complexity="2">
          <methods>
            <method name="get_Type" signature="()" line-rate="1" branch-rate="1" complexity="1">
              <lines>
                <line number="487" hits="1" branch="False" />
              </lines>
            </method>
            <method name=".ctor" signature="()" line-rate="1" branch-rate="1" complexity="1">
              <lines>
                <line number="488" hits="15" branch="False" />
                <line number="489" hits="15" branch="False" />
                <line number="490" hits="15" branch="False" />
                <line number="499" hits="15" branch="False" />
                <line number="500" hits="15" branch="False" />
              </lines>
            </method>
          </methods>
          <lines>
            <line number="487" hits="1" branch="False" />
            <line number="488" hits="15" branch="False" />
            <line number="489" hits="15" branch="False" />
            <line number="490" hits="15" branch="False" />
            <line number="499" hits="15" branch="False" />
            <line number="500" hits="15" branch="False" />
          </lines>
        </class>
        <class name="Flink.JobBuilder.Models.RedisSinkDefinition" filename="Flink.JobBuilder/Models/JobDefinition.cs" line-rate="1" branch-rate="1" complexity="2">
          <methods>
            <method name="get_Type" signature="()" line-rate="1" branch-rate="1" complexity="1">
              <lines>
                <line number="509" hits="1" branch="False" />
              </lines>
            </method>
            <method name=".ctor" signature="()" line-rate="1" branch-rate="1" complexity="1">
              <lines>
                <line number="510" hits="9" branch="False" />
                <line number="515" hits="9" branch="False" />
                <line number="516" hits="9" branch="False" />
              </lines>
            </method>
          </methods>
          <lines>
            <line number="509" hits="1" branch="False" />
            <line number="510" hits="9" branch="False" />
            <line number="515" hits="9" branch="False" />
            <line number="516" hits="9" branch="False" />
          </lines>
        </class>
        <class name="Flink.JobBuilder.Models.JobSubmissionResult" filename="Flink.JobBuilder/Models/JobResults.cs" line-rate="1" branch-rate="1" complexity="4">
          <methods>
            <method name="get_IsSuccess" signature="()" line-rate="1" branch-rate="1" complexity="1">
              <lines>
                <line number="30" hits="10" branch="False" />
              </lines>
            </method>
            <method name="CreateSuccess" signature="(System.String,System.String)" line-rate="1" branch-rate="1" complexity="1">
              <lines>
                <line number="37" hits="3" branch="False" />
                <line number="38" hits="3" branch="False" />
                <line number="39" hits="3" branch="False" />
                <line number="40" hits="3" branch="False" />
                <line number="41" hits="3" branch="False" />
                <line number="42" hits="3" branch="False" />
                <line number="43" hits="3" branch="False" />
              </lines>
            </method>
            <method name="CreateFailure" signature="(System.String,System.String)" line-rate="1" branch-rate="1" complexity="1">
              <lines>
                <line number="51" hits="5" branch="False" />
                <line number="52" hits="5" branch="False" />
                <line number="53" hits="5" branch="False" />
                <line number="54" hits="5" branch="False" />
                <line number="55" hits="5" branch="False" />
                <line number="56" hits="5" branch="False" />
                <line number="57" hits="5" branch="False" />
              </lines>
            </method>
            <method name=".ctor" signature="()" line-rate="1" branch-rate="1" complexity="1">
              <lines>
                <line number="11" hits="31" branch="False" />
                <line number="12" hits="31" branch="False" />
                <line number="25" hits="31" branch="False" />
              </lines>
            </method>
          </methods>
          <lines>
            <line number="30" hits="10" branch="False" />
            <line number="37" hits="3" branch="False" />
            <line number="38" hits="3" branch="False" />
            <line number="39" hits="3" branch="False" />
            <line number="40" hits="3" branch="False" />
            <line number="41" hits="3" branch="False" />
            <line number="42" hits="3" branch="False" />
            <line number="43" hits="3" branch="False" />
            <line number="51" hits="5" branch="False" />
            <line number="52" hits="5" branch="False" />
            <line number="53" hits="5" branch="False" />
            <line number="54" hits="5" branch="False" />
            <line number="55" hits="5" branch="False" />
            <line number="56" hits="5" branch="False" />
            <line number="57" hits="5" branch="False" />
            <line number="11" hits="31" branch="False" />
            <line number="12" hits="31" branch="False" />
            <line number="25" hits="31" branch="False" />
          </lines>
        </class>
        <class name="Flink.JobBuilder.Models.JobExecutionResult" filename="Flink.JobBuilder/Models/JobResults.cs" line-rate="1" branch-rate="1" complexity="1">
          <methods>
            <method name=".ctor" signature="()" line-rate="1" branch-rate="1" complexity="1">
              <lines>
                <line number="66" hits="3" branch="False" />
                <line number="67" hits="3" branch="False" />
                <line number="68" hits="3" branch="False" />
              </lines>
            </method>
          </methods>
          <lines>
            <line number="66" hits="3" branch="False" />
            <line number="67" hits="3" branch="False" />
            <line number="68" hits="3" branch="False" />
          </lines>
        </class>
        <class name="Flink.JobBuilder.Models.JobStatus" filename="Flink.JobBuilder/Models/JobResults.cs" line-rate="1" branch-rate="1" complexity="5">
          <methods>
            <method name="get_Duration" signature="()" line-rate="1" branch-rate="1" complexity="4">
              <lines>
                <line number="103" hits="8" branch="True" condition-coverage="100% (4/4)">
                  <conditions>
                    <condition number="14" type="jump" coverage="100%" />
                    <condition number="30" type="jump" coverage="100%" />
                  </conditions>
                </line>
              </lines>
            </method>
            <method name=".ctor" signature="()" line-rate="1" branch-rate="1" complexity="1">
              <lines>
                <line number="92" hits="10" branch="False" />
                <line number="93" hits="10" branch="False" />
                <line number="94" hits="10" branch="False" />
              </lines>
            </method>
          </methods>
          <lines>
            <line number="103" hits="8" branch="True" condition-coverage="100% (4/4)">
              <conditions>
                <condition number="14" type="jump" coverage="100%" />
                <condition number="30" type="jump" coverage="100%" />
              </conditions>
            </line>
            <line number="92" hits="10" branch="False" />
            <line number="93" hits="10" branch="False" />
            <line number="94" hits="10" branch="False" />
          </lines>
        </class>
        <class name="Flink.JobBuilder.Models.JobMetrics" filename="Flink.JobBuilder/Models/JobResults.cs" line-rate="1" branch-rate="1" complexity="1">
          <methods>
            <method name=".ctor" signature="()" line-rate="1" branch-rate="1" complexity="1">
              <lines>
                <line number="119" hits="9" branch="False" />
                <line number="164" hits="9" branch="False" />
              </lines>
            </method>
          </methods>
          <lines>
            <line number="119" hits="9" branch="False" />
            <line number="164" hits="9" branch="False" />
          </lines>
        </class>
        <class name="Flink.JobBuilder.Models.FlinkJobGatewayConfiguration" filename="Flink.JobBuilder/Models/JobResults.cs" line-rate="1" branch-rate="1" complexity="1">
          <methods>
            <method name=".ctor" signature="()" line-rate="1" branch-rate="1" complexity="1">
              <lines>
                <line number="172" hits="53" branch="False" />
                <line number="177" hits="53" branch="False" />
                <line number="179" hits="53" branch="False" />
                <line number="180" hits="53" branch="False" />
              </lines>
            </method>
          </methods>
          <lines>
            <line number="172" hits="53" branch="False" />
            <line number="177" hits="53" branch="False" />
            <line number="179" hits="53" branch="False" />
            <line number="180" hits="53" branch="False" />
          </lines>
        </class>
      </classes>
    </package>
  </packages>
</coverage>