<?xml version="1.0" encoding="utf-8"?>
<coverage line-rate="0.35960000000000003" branch-rate="0.2304" version="1.9" timestamp="1761104874" lines-covered="346" lines-valid="962" branches-covered="118" branches-valid="512">
  <sources>
    <source>/home/runner/work/FlinkDotnet/FlinkDotnet/FlinkDotNet/</source>
  </sources>
  <packages>
    <package name="FlinkDotNet.JobGateway" line-rate="0.5529" branch-rate="0.45030000000000003" complexity="297">
      <classes>
        <class name="FlinkDotNet.JobGateway.ModelStateLoggingFilter" filename="FlinkDotNet.JobGateway/Program.cs" line-rate="1" branch-rate="1" complexity="4">
          <methods>
            <method name="OnActionExecuting" signature="(Microsoft.AspNetCore.Mvc.Filters.ActionExecutingContext)" line-rate="1" branch-rate="1" complexity="2">
              <lines>
                <line number="244" hits="4" branch="True" condition-coverage="100% (2/2)">
                  <conditions>
                    <condition number="11" type="jump" coverage="100%" />
                  </conditions>
                </line>
                <line number="246" hits="3" branch="False" />
                <line number="247" hits="3" branch="False" />
                <line number="248" hits="3" branch="False" />
                <line number="249" hits="3" branch="False" />
                <line number="250" hits="3" branch="False" />
                <line number="251" hits="3" branch="False" />
                <line number="253" hits="4" branch="False" />
              </lines>
            </method>
            <method name="OnActionExecuted" signature="(Microsoft.AspNetCore.Mvc.Filters.ActionExecutedContext)" line-rate="1" branch-rate="1" complexity="1">
              <lines>
                <line number="256" hits="1" branch="False" />
              </lines>
            </method>
            <method name=".ctor" signature="(Microsoft.Extensions.Logging.ILogger`1&lt;FlinkDotNet.JobGateway.ModelStateLoggingFilter&gt;)" line-rate="1" branch-rate="1" complexity="1">
              <lines>
                <line number="241" hits="10" branch="False" />
              </lines>
            </method>
          </methods>
          <lines>
            <line number="244" hits="4" branch="True" condition-coverage="100% (2/2)">
              <conditions>
                <condition number="11" type="jump" coverage="100%" />
              </conditions>
            </line>
            <line number="246" hits="3" branch="False" />
            <line number="247" hits="3" branch="False" />
            <line number="248" hits="3" branch="False" />
            <line number="249" hits="3" branch="False" />
            <line number="250" hits="3" branch="False" />
            <line number="251" hits="3" branch="False" />
            <line number="253" hits="4" branch="False" />
            <line number="256" hits="1" branch="False" />
            <line number="241" hits="10" branch="False" />
          </lines>
        </class>
        <class name="FlinkDotNet.JobGateway.Services.FlinkJobManager" filename="FlinkDotNet.JobGateway/Services/FlinkJobManager.cs" line-rate="0.43270000000000003" branch-rate="0.43079999999999996" complexity="256">
          <methods>
            <method name="DiscoverFlinkEndpoint" signature="()" line-rate="0.9129999999999999" branch-rate="0.8" complexity="10">
              <lines>
                <line number="74" hits="70" branch="False" />
                <line number="75" hits="70" branch="True" condition-coverage="100% (2/2)">
                  <conditions>
                    <condition number="17" type="jump" coverage="100%" />
                  </conditions>
                </line>
                <line number="77" hits="1" branch="False" />
                <line number="78" hits="1" branch="False" />
                <line number="82" hits="69" branch="False" />
                <line number="83" hits="69" branch="True" condition-coverage="100% (2/2)">
                  <conditions>
                    <condition number="64" type="jump" coverage="100%" />
                  </conditions>
                </line>
                <line number="85" hits="1" branch="False" />
                <line number="86" hits="1" branch="False" />
                <line number="90" hits="68" branch="False" />
                <line number="91" hits="68" branch="True" condition-coverage="50% (1/2)">
                  <conditions>
                    <condition number="117" type="jump" coverage="50%" />
                  </conditions>
                </line>
                <line number="93" hits="0" branch="False" />
                <line number="94" hits="0" branch="False" />
                <line number="98" hits="68" branch="False" />
                <line number="99" hits="68" branch="False" />
                <line number="101" hits="68" branch="True" condition-coverage="100% (2/2)">
                  <conditions>
                    <condition number="175" type="jump" coverage="100%" />
                  </conditions>
                </line>
                <line number="103" hits="1" branch="True" condition-coverage="50% (1/2)">
                  <conditions>
                    <condition number="185" type="jump" coverage="50%" />
                  </conditions>
                </line>
                <line number="104" hits="1" branch="False" />
                <line number="105" hits="1" branch="False" />
                <line number="106" hits="1" branch="False" />
                <line number="110" hits="67" branch="False" />
                <line number="111" hits="67" branch="False" />
                <line number="112" hits="67" branch="False" />
                <line number="113" hits="67" branch="False" />
              </lines>
            </method>
            <method name="DiscoverSqlGatewayEndpoint" signature="()" line-rate="0.5652" branch-rate="0.4" complexity="10">
              <lines>
                <line number="126" hits="1" branch="False" />
                <line number="127" hits="1" branch="True" condition-coverage="50% (1/2)">
                  <conditions>
                    <condition number="17" type="jump" coverage="50%" />
                  </conditions>
                </line>
                <line number="129" hits="0" branch="False" />
                <line number="130" hits="0" branch="False" />
                <line number="134" hits="1" branch="False" />
                <line number="135" hits="1" branch="True" condition-coverage="50% (1/2)">
                  <conditions>
                    <condition number="64" type="jump" coverage="50%" />
                  </conditions>
                </line>
                <line number="137" hits="0" branch="False" />
                <line number="138" hits="0" branch="False" />
                <line number="142" hits="1" branch="False" />
                <line number="143" hits="1" branch="True" condition-coverage="50% (1/2)">
                  <conditions>
                    <condition number="117" type="jump" coverage="50%" />
                  </conditions>
                </line>
                <line number="145" hits="0" branch="False" />
                <line number="146" hits="0" branch="False" />
                <line number="150" hits="1" branch="False" />
                <line number="151" hits="1" branch="False" />
                <line number="153" hits="1" branch="True" condition-coverage="50% (1/2)">
                  <conditions>
                    <condition number="175" type="jump" coverage="50%" />
                  </conditions>
                </line>
                <line number="155" hits="0" branch="True" condition-coverage="0% (0/2)">
                  <conditions>
                    <condition number="185" type="jump" coverage="0%" />
                  </conditions>
                </line>
                <line number="156" hits="0" branch="False" />
                <line number="157" hits="0" branch="False" />
                <line number="158" hits="0" branch="False" />
                <line number="162" hits="1" branch="False" />
                <line number="163" hits="1" branch="False" />
                <line number="164" hits="1" branch="False" />
                <line number="165" hits="1" branch="False" />
              </lines>
            </method>
            <method name="EncodeJobDefinition" signature="(Flink.JobBuilder.Models.JobDefinition)" line-rate="1" branch-rate="1" complexity="1">
              <lines>
                <line number="271" hits="4" branch="False" />
                <line number="272" hits="4" branch="False" />
                <line number="273" hits="4" branch="False" />
                <line number="274" hits="4" branch="False" />
                <line number="275" hits="4" branch="False" />
                <line number="276" hits="4" branch="False" />
                <line number="277" hits="4" branch="False" />
                <line number="279" hits="4" branch="False" />
                <line number="281" hits="4" branch="False" />
              </lines>
            </method>
            <method name="LogJobDefinitionDiagnostics" signature="(System.String,Flink.JobBuilder.Models.JobDefinition)" line-rate="1" branch-rate="1" complexity="1">
              <lines>
                <line number="286" hits="5" branch="False" />
                <line number="287" hits="5" branch="False" />
                <line number="288" hits="5" branch="False" />
                <line number="289" hits="5" branch="False" />
                <line number="291" hits="5" branch="False" />
                <line number="292" hits="5" branch="False" />
                <line number="293" hits="5" branch="False" />
              </lines>
            </method>
            <method name="LogKafkaConfiguration" signature="(Flink.JobBuilder.Models.JobDefinition)" line-rate="1" branch-rate="0.9" complexity="10">
              <lines>
                <line number="297" hits="5" branch="False" />
                <line number="298" hits="5" branch="False" />
                <line number="299" hits="5" branch="True" condition-coverage="100% (4/4)">
                  <conditions>
                    <condition number="44" type="jump" coverage="100%" />
                    <condition number="56" type="jump" coverage="100%" />
                  </conditions>
                </line>
                <line number="300" hits="5" branch="True" condition-coverage="100% (4/4)">
                  <conditions>
                    <condition number="90" type="jump" coverage="100%" />
                    <condition number="102" type="jump" coverage="100%" />
                  </conditions>
                </line>
                <line number="301" hits="5" branch="True" condition-coverage="50% (1/2)">
                  <conditions>
                    <condition number="142" type="jump" coverage="50%" />
                  </conditions>
                </line>
                <line number="302" hits="5" branch="False" />
              </lines>
            </method>
            <method name="LogOperations" signature="(Flink.JobBuilder.Models.JobDefinition)" line-rate="0.3333" branch-rate="0.375" complexity="8">
              <lines>
                <line number="306" hits="5" branch="True" condition-coverage="75% (3/4)">
                  <conditions>
                    <condition number="6" type="jump" coverage="100%" />
                    <condition number="19" type="jump" coverage="50%" />
                  </conditions>
                </line>
                <line number="307" hits="5" branch="False" />
                <line number="309" hits="0" branch="True" condition-coverage="0% (0/2)">
                  <conditions>
                    <condition number="92" type="jump" coverage="0%" />
                  </conditions>
                </line>
                <line number="311" hits="0" branch="True" condition-coverage="0% (0/2)">
                  <conditions>
                    <condition number="52" type="jump" coverage="0%" />
                  </conditions>
                </line>
                <line number="313" hits="0" branch="False" />
                <line number="316" hits="0" branch="False" />
              </lines>
            </method>
            <method name="TrackJob" signature="(Flink.JobBuilder.Models.JobDefinition,System.String)" line-rate="1" branch-rate="1" complexity="1">
              <lines>
                <line number="333" hits="1" branch="False" />
                <line number="334" hits="1" branch="False" />
                <line number="335" hits="1" branch="False" />
                <line number="336" hits="1" branch="False" />
                <line number="337" hits="1" branch="False" />
                <line number="338" hits="1" branch="False" />
                <line number="339" hits="1" branch="False" />
                <line number="340" hits="1" branch="False" />
                <line number="341" hits="1" branch="False" />
              </lines>
            </method>
            <method name="FindExistingRunnerJar" signature="()" line-rate="0" branch-rate="0" complexity="8">
              <lines>
                <line number="543" hits="0" branch="False" />
                <line number="544" hits="0" branch="True" condition-coverage="0% (0/4)">
                  <conditions>
                    <condition number="23" type="jump" coverage="0%" />
                    <condition number="31" type="jump" coverage="0%" />
                  </conditions>
                </line>
                <line number="546" hits="0" branch="False" />
                <line number="550" hits="0" branch="False" />
                <line number="551" hits="0" branch="False" />
                <line number="552" hits="0" branch="False" />
                <line number="553" hits="0" branch="False" />
                <line number="554" hits="0" branch="False" />
                <line number="555" hits="0" branch="False" />
                <line number="557" hits="0" branch="False" />
                <line number="559" hits="0" branch="False" />
                <line number="560" hits="0" branch="True" condition-coverage="0% (0/2)">
                  <conditions>
                    <condition number="131" type="jump" coverage="0%" />
                  </conditions>
                </line>
                <line number="562" hits="0" branch="False" />
                <line number="563" hits="0" branch="False" />
                <line number="564" hits="0" branch="False" />
                <line number="565" hits="0" branch="False" />
                <line number="566" hits="0" branch="False" />
                <line number="567" hits="0" branch="False" />
                <line number="570" hits="0" branch="True" condition-coverage="0% (0/2)">
                  <conditions>
                    <condition number="204" type="jump" coverage="0%" />
                  </conditions>
                </line>
              </lines>
            </method>
            <method name="CreateSqlGatewayClient" signature="()" line-rate="1" branch-rate="1" complexity="1">
              <lines>
                <line number="725" hits="1" branch="False" />
                <line number="726" hits="1" branch="False" />
                <line number="728" hits="1" branch="False" />
                <line number="729" hits="1" branch="False" />
                <line number="730" hits="1" branch="False" />
                <line number="731" hits="1" branch="False" />
                <line number="732" hits="1" branch="False" />
              </lines>
            </method>
            <method name="ExtractSessionHandle" signature="(System.String)" line-rate="0" branch-rate="0" complexity="4">
              <lines>
                <line number="773" hits="0" branch="False" />
                <line number="774" hits="0" branch="True" condition-coverage="0% (0/2)">
                  <conditions>
                    <condition number="37" type="jump" coverage="0%" />
                  </conditions>
                </line>
                <line number="776" hits="0" branch="True" condition-coverage="0% (0/2)">
                  <conditions>
                    <condition number="47" type="jump" coverage="0%" />
                  </conditions>
                </line>
                <line number="777" hits="0" branch="False" />
                <line number="778" hits="0" branch="False" />
                <line number="780" hits="0" branch="False" />
                <line number="782" hits="0" branch="False" />
                <line number="784" hits="0" branch="False" />
                <line number="785" hits="0" branch="False" />
                <line number="787" hits="0" branch="False" />
              </lines>
            </method>
            <method name="ExtractJobIdFromStatementResponse" signature="(System.String)" line-rate="0" branch-rate="0" complexity="4">
              <lines>
                <line number="844" hits="0" branch="False" />
                <line number="845" hits="0" branch="True" condition-coverage="0% (0/2)">
                  <conditions>
                    <condition number="38" type="jump" coverage="0%" />
                  </conditions>
                </line>
                <line number="847" hits="0" branch="False" />
                <line number="848" hits="0" branch="False" />
                <line number="849" hits="0" branch="False" />
                <line number="851" hits="0" branch="True" condition-coverage="0% (0/2)">
                  <conditions>
                    <condition number="104" type="jump" coverage="0%" />
                  </conditions>
                </line>
                <line number="853" hits="0" branch="False" />
                <line number="854" hits="0" branch="False" />
                <line number="855" hits="0" branch="False" />
                <line number="857" hits="0" branch="False" />
                <line number="858" hits="0" branch="False" />
                <line number="860" hits="0" branch="False" />
                <line number="861" hits="0" branch="False" />
                <line number="862" hits="0" branch="False" />
                <line number="863" hits="0" branch="False" />
              </lines>
            </method>
            <method name="UpdateLastKnownJars" signature="(FlinkDotNet.JobGateway.Services.FlinkJobManager/FlinkJarsList,System.Collections.Generic.List`1&lt;System.String&gt;)" line-rate="0" branch-rate="0" complexity="4">
              <lines>
                <line number="963" hits="0" branch="False" />
                <line number="964" hits="0" branch="True" condition-coverage="0% (0/4)">
                  <conditions>
                    <condition number="7" type="jump" coverage="0%" />
                    <condition number="18" type="jump" coverage="0%" />
                  </conditions>
                </line>
                <line number="966" hits="0" branch="False" />
                <line number="967" hits="0" branch="False" />
                <line number="969" hits="0" branch="False" />
              </lines>
            </method>
            <method name="FindMatchingJar" signature="(FlinkDotNet.JobGateway.Services.FlinkJobManager/FlinkJarsList,System.String)" line-rate="0" branch-rate="0" complexity="8">
              <lines>
                <line number="973" hits="0" branch="True" condition-coverage="0% (0/4)">
                  <conditions>
                    <condition number="14" type="jump" coverage="0%" />
                    <condition number="26" type="jump" coverage="0%" />
                  </conditions>
                </line>
                <line number="974" hits="0" branch="False" />
                <line number="975" hits="0" branch="False" />
                <line number="977" hits="0" branch="True" condition-coverage="0% (0/4)">
                  <conditions>
                    <condition number="87" type="jump" coverage="0%" />
                    <condition number="103" type="jump" coverage="0%" />
                  </conditions>
                </line>
              </lines>
            </method>
            <method name="ThrowJarNotFoundError" signature="(System.String,System.TimeSpan,System.Collections.Generic.List`1&lt;System.String&gt;)" line-rate="0" branch-rate="1" complexity="1">
              <lines>
                <line number="982" hits="0" branch="False" />
                <line number="983" hits="0" branch="False" />
                <line number="984" hits="0" branch="False" />
                <line number="985" hits="0" branch="False" />
              </lines>
            </method>
            <method name="CollectConnectorJars" signature="()" line-rate="0" branch-rate="0" complexity="18">
              <lines>
                <line number="990" hits="0" branch="False" />
                <line number="991" hits="0" branch="False" />
                <line number="993" hits="0" branch="False" />
                <line number="994" hits="0" branch="True" condition-coverage="0% (0/2)">
                  <conditions>
                    <condition number="29" type="jump" coverage="0%" />
                  </conditions>
                </line>
                <line number="996" hits="0" branch="False" />
                <line number="1000" hits="0" branch="False" />
                <line number="1003" hits="0" branch="False" />
                <line number="1004" hits="0" branch="True" condition-coverage="0% (0/2)">
                  <conditions>
                    <condition number="61" type="jump" coverage="0%" />
                  </conditions>
                </line>
                <line number="1006" hits="0" branch="False" />
                <line number="1010" hits="0" branch="False" />
                <line number="1011" hits="0" branch="True" condition-coverage="0% (0/4)">
                  <conditions>
                    <condition number="175" type="jump" coverage="0%" />
                    <condition number="185" type="jump" coverage="0%" />
                  </conditions>
                </line>
                <line number="1013" hits="0" branch="False" />
                <line number="1016" hits="0" branch="False" />
                <line number="1018" hits="0" branch="True" condition-coverage="0% (0/2)">
                  <conditions>
                    <condition number="453" type="jump" coverage="0%" />
                  </conditions>
                </line>
                <line number="1020" hits="0" branch="True" condition-coverage="0% (0/2)">
                  <conditions>
                    <condition number="348" type="jump" coverage="0%" />
                  </conditions>
                </line>
                <line number="1022" hits="0" branch="False" />
                <line number="1023" hits="0" branch="True" condition-coverage="0% (0/2)">
                  <conditions>
                    <condition number="368" type="jump" coverage="0%" />
                  </conditions>
                </line>
                <line number="1025" hits="0" branch="False" />
                <line number="1026" hits="0" branch="False" />
                <line number="1031" hits="0" branch="False" />
                <line number="1035" hits="0" branch="True" condition-coverage="0% (0/2)">
                  <conditions>
                    <condition number="475" type="jump" coverage="0%" />
                  </conditions>
                </line>
                <line number="1037" hits="0" branch="False" />
                <line number="1038" hits="0" branch="True" condition-coverage="0% (0/2)">
                  <conditions>
                    <condition number="540" type="jump" coverage="0%" />
                  </conditions>
                </line>
                <line number="1039" hits="0" branch="False" />
                <line number="1042" hits="0" branch="False" />
              </lines>
            </method>
            <method name="CombineJarsAsync" signature="(System.String,System.Collections.Generic.List`1&lt;System.String&gt;,System.String)" line-rate="0" branch-rate="1" complexity="1">
              <lines>
                <line number="1073" hits="0" branch="False" />
                <line number="1074" hits="0" branch="False" />
                <line number="1076" hits="0" branch="False" />
                <line number="1078" hits="0" branch="False" />
                <line number="1080" hits="0" branch="False" />
                <line number="1081" hits="0" branch="False" />
                <line number="1082" hits="0" branch="False" />
                <line number="1084" hits="0" branch="False" />
                <line number="1085" hits="0" branch="False" />
                <line number="1086" hits="0" branch="False" />
                <line number="1087" hits="0" branch="False" />
                <line number="1089" hits="0" branch="False" />
                <line number="1090" hits="0" branch="False" />
              </lines>
            </method>
            <method name="CollectServiceFilesFromRunnerJar" signature="(System.IO.Compression.ZipArchive,System.Collections.Generic.Dictionary`2&lt;System.String,System.Collections.Generic.HashSet`1&lt;System.String&gt;&gt;)" line-rate="0" branch-rate="0" complexity="8">
              <lines>
                <line number="1095" hits="0" branch="True" condition-coverage="0% (0/2)">
                  <conditions>
                    <condition number="172" type="jump" coverage="0%" />
                  </conditions>
                </line>
                <line number="1096" hits="0" branch="False" />
                <line number="1098" hits="0" branch="False" />
                <line number="1099" hits="0" branch="False" />
                <line number="1100" hits="0" branch="False" />
                <line number="1102" hits="0" branch="True" condition-coverage="0% (0/2)">
                  <conditions>
                    <condition number="128" type="jump" coverage="0%" />
                  </conditions>
                </line>
                <line number="1104" hits="0" branch="False" />
                <line number="1105" hits="0" branch="True" condition-coverage="0% (0/4)">
                  <conditions>
                    <condition number="96" type="jump" coverage="0%" />
                    <condition number="107" type="jump" coverage="0%" />
                  </conditions>
                </line>
                <line number="1107" hits="0" branch="False" />
                <line number="1110" hits="0" branch="False" />
                <line number="1112" hits="0" branch="False" />
              </lines>
            </method>
            <method name="MergeConnectorJars" signature="(System.IO.Compression.ZipArchive,System.Collections.Generic.List`1&lt;System.String&gt;,System.Collections.Generic.HashSet`1&lt;System.String&gt;,System.Collections.Generic.Dictionary`2&lt;System.String,System.Collections.Generic.HashSet`1&lt;System.String&gt;&gt;)" line-rate="0" branch-rate="0" complexity="4">
              <lines>
                <line number="1117" hits="0" branch="True" condition-coverage="0% (0/2)">
                  <conditions>
                    <condition number="137" type="jump" coverage="0%" />
                  </conditions>
                </line>
                <line number="1119" hits="0" branch="True" condition-coverage="0% (0/2)">
                  <conditions>
                    <condition number="23" type="jump" coverage="0%" />
                  </conditions>
                </line>
                <line number="1121" hits="0" branch="False" />
                <line number="1122" hits="0" branch="False" />
                <line number="1125" hits="0" branch="False" />
                <line number="1126" hits="0" branch="False" />
                <line number="1127" hits="0" branch="False" />
                <line number="1128" hits="0" branch="False" />
                <line number="1130" hits="0" branch="False" />
              </lines>
            </method>
            <method name="MergeConnectorJar" signature="(System.IO.Compression.ZipArchive,System.String,System.Collections.Generic.HashSet`1&lt;System.String&gt;,System.Collections.Generic.Dictionary`2&lt;System.String,System.Collections.Generic.HashSet`1&lt;System.String&gt;&gt;)" line-rate="0" branch-rate="0" complexity="8">
              <lines>
                <line number="1135" hits="0" branch="False" />
                <line number="1136" hits="0" branch="False" />
                <line number="1138" hits="0" branch="True" condition-coverage="0% (0/2)">
                  <conditions>
                    <condition number="117" type="jump" coverage="0%" />
                  </conditions>
                </line>
                <line number="1140" hits="0" branch="True" condition-coverage="0% (0/2)">
                  <conditions>
                    <condition number="43" type="jump" coverage="0%" />
                  </conditions>
                </line>
                <line number="1143" hits="0" branch="True" condition-coverage="0% (0/2)">
                  <conditions>
                    <condition number="62" type="jump" coverage="0%" />
                  </conditions>
                </line>
                <line number="1145" hits="0" branch="False" />
                <line number="1146" hits="0" branch="False" />
                <line number="1149" hits="0" branch="True" condition-coverage="0% (0/2)">
                  <conditions>
                    <condition number="85" type="jump" coverage="0%" />
                  </conditions>
                </line>
                <line number="1152" hits="0" branch="False" />
                <line number="1153" hits="0" branch="False" />
                <line number="1154" hits="0" branch="False" />
                <line number="1157" hits="0" branch="False" />
                <line number="1158" hits="0" branch="False" />
              </lines>
            </method>
            <method name="MergeServiceFile" signature="(System.IO.Compression.ZipArchiveEntry,System.Collections.Generic.Dictionary`2&lt;System.String,System.Collections.Generic.HashSet`1&lt;System.String&gt;&gt;)" line-rate="0" branch-rate="0" complexity="8">
              <lines>
                <line number="1162" hits="0" branch="False" />
                <line number="1163" hits="0" branch="False" />
                <line number="1165" hits="0" branch="True" condition-coverage="0% (0/2)">
                  <conditions>
                    <condition number="26" type="jump" coverage="0%" />
                  </conditions>
                </line>
                <line number="1167" hits="0" branch="False" />
                <line number="1171" hits="0" branch="True" condition-coverage="0% (0/2)">
                  <conditions>
                    <condition number="99" type="jump" coverage="0%" />
                  </conditions>
                </line>
                <line number="1173" hits="0" branch="False" />
                <line number="1174" hits="0" branch="True" condition-coverage="0% (0/4)">
                  <conditions>
                    <condition number="60" type="jump" coverage="0%" />
                    <condition number="70" type="jump" coverage="0%" />
                  </conditions>
                </line>
                <line number="1176" hits="0" branch="False" />
                <line number="1179" hits="0" branch="False" />
              </lines>
            </method>
            <method name="CopyZipEntry" signature="(System.IO.Compression.ZipArchiveEntry,System.IO.Compression.ZipArchive)" line-rate="0" branch-rate="1" complexity="1">
              <lines>
                <line number="1183" hits="0" branch="False" />
                <line number="1184" hits="0" branch="False" />
                <line number="1185" hits="0" branch="False" />
                <line number="1186" hits="0" branch="False" />
                <line number="1187" hits="0" branch="False" />
              </lines>
            </method>
            <method name="WriteMergedServiceFiles" signature="(System.IO.Compression.ZipArchive,System.Collections.Generic.Dictionary`2&lt;System.String,System.Collections.Generic.HashSet`1&lt;System.String&gt;&gt;)" line-rate="0" branch-rate="0" complexity="6">
              <lines>
                <line number="1191" hits="0" branch="True" condition-coverage="0% (0/2)">
                  <conditions>
                    <condition number="266" type="jump" coverage="0%" />
                  </conditions>
                </line>
                <line number="1193" hits="0" branch="False" />
                <line number="1194" hits="0" branch="False" />
                <line number="1195" hits="0" branch="True" condition-coverage="0% (0/2)">
                  <conditions>
                    <condition number="75" type="jump" coverage="0%" />
                  </conditions>
                </line>
                <line number="1197" hits="0" branch="False" />
                <line number="1198" hits="0" branch="False" />
                <line number="1199" hits="0" branch="True" condition-coverage="0% (0/2)">
                  <conditions>
                    <condition number="184" type="jump" coverage="0%" />
                  </conditions>
                </line>
                <line number="1201" hits="0" branch="False" />
                <line number="1204" hits="0" branch="False" />
                <line number="1205" hits="0" branch="False" />
                <line number="1207" hits="0" branch="False" />
              </lines>
            </method>
            <method name="FindRepoRoot" signature="(System.String)" line-rate="0" branch-rate="0" complexity="6">
              <lines>
                <line number="1211" hits="0" branch="False" />
                <line number="1212" hits="0" branch="True" condition-coverage="0% (0/2)">
                  <conditions>
                    <condition number="79" type="jump" coverage="0%" />
                  </conditions>
                </line>
                <line number="1214" hits="0" branch="False" />
                <line number="1215" hits="0" branch="False" />
                <line number="1216" hits="0" branch="True" condition-coverage="0% (0/4)">
                  <conditions>
                    <condition number="54" type="jump" coverage="0%" />
                    <condition number="62" type="jump" coverage="0%" />
                  </conditions>
                </line>
                <line number="1218" hits="0" branch="False" />
                <line number="1220" hits="0" branch="False" />
                <line number="1222" hits="0" branch="False" />
              </lines>
            </method>
            <method name="ExtractJobIdFromOverviewPayload" signature="(System.String,System.String)" line-rate="1" branch-rate="1" complexity="2">
              <lines>
                <line number="1286" hits="8" branch="True" condition-coverage="100% (2/2)">
                  <conditions>
                    <condition number="6" type="jump" coverage="100%" />
                  </conditions>
                </line>
                <line number="1287" hits="1" branch="False" />
                <line number="1291" hits="7" branch="False" />
                <line number="1292" hits="6" branch="False" />
                <line number="1294" hits="1" branch="False" />
                <line number="1296" hits="1" branch="False" />
                <line number="1298" hits="7" branch="False" />
              </lines>
            </method>
            <method name="ExtractJobIdFromOverviewElement" signature="(System.Text.Json.JsonElement,System.String)" line-rate="1" branch-rate="1" complexity="14">
              <lines>
                <line number="1302" hits="22" branch="True" condition-coverage="100% (2/2)">
                  <conditions>
                    <condition number="8" type="jump" coverage="100%" />
                  </conditions>
                </line>
                <line number="1304" hits="21" branch="True" condition-coverage="100% (2/2)">
                  <conditions>
                    <condition number="67" type="jump" coverage="100%" />
                  </conditions>
                </line>
                <line number="1306" hits="7" branch="False" />
                <line number="1307" hits="7" branch="True" condition-coverage="100% (2/2)">
                  <conditions>
                    <condition number="50" type="jump" coverage="100%" />
                  </conditions>
                </line>
                <line number="1308" hits="5" branch="False" />
                <line number="1311" hits="16" branch="True" condition-coverage="100% (2/2)">
                  <conditions>
                    <condition number="96" type="jump" coverage="100%" />
                  </conditions>
                </line>
                <line number="1313" hits="12" branch="False" />
                <line number="1314" hits="12" branch="True" condition-coverage="100% (2/2)">
                  <conditions>
                    <condition number="114" type="jump" coverage="100%" />
                  </conditions>
                </line>
                <line number="1315" hits="5" branch="False" />
                <line number="1317" hits="28" branch="True" condition-coverage="100% (2/2)">
                  <conditions>
                    <condition number="185" type="jump" coverage="100%" />
                  </conditions>
                </line>
                <line number="1319" hits="9" branch="False" />
                <line number="1320" hits="9" branch="True" condition-coverage="100% (2/2)">
                  <conditions>
                    <condition number="170" type="jump" coverage="100%" />
                  </conditions>
                </line>
                <line number="1321" hits="4" branch="False" />
                <line number="1325" hits="8" branch="False" />
                <line number="1326" hits="9" branch="False" />
              </lines>
            </method>
            <method name="MatchJobEntry" signature="(System.Text.Json.JsonElement,System.String)" line-rate="1" branch-rate="1" complexity="14">
              <lines>
                <line number="1330" hits="12" branch="True" condition-coverage="100% (14/14)">
                  <conditions>
                    <condition number="13" type="jump" coverage="100%" />
                    <condition number="28" type="jump" coverage="100%" />
                    <condition number="38" type="jump" coverage="100%" />
                    <condition number="53" type="jump" coverage="100%" />
                    <condition number="68" type="jump" coverage="100%" />
                    <condition number="83" type="jump" coverage="100%" />
                    <condition number="98" type="jump" coverage="100%" />
                  </conditions>
                </line>
                <line number="1331" hits="12" branch="False" />
                <line number="1332" hits="12" branch="False" />
                <line number="1333" hits="12" branch="False" />
                <line number="1334" hits="12" branch="False" />
                <line number="1335" hits="12" branch="False" />
                <line number="1337" hits="5" branch="False" />
                <line number="1340" hits="7" branch="False" />
              </lines>
            </method>
            <method name="TryGetStringProperty" signature="(System.Text.Json.JsonElement,System.String,System.String&amp;)" line-rate="1" branch-rate="1" complexity="6">
              <lines>
                <line number="1345" hits="120" branch="True" condition-coverage="100% (2/2)">
                  <conditions>
                    <condition number="89" type="jump" coverage="100%" />
                  </conditions>
                </line>
                <line number="1347" hits="39" branch="True" condition-coverage="100% (4/4)">
                  <conditions>
                    <condition number="40" type="jump" coverage="100%" />
                    <condition number="58" type="jump" coverage="100%" />
                  </conditions>
                </line>
                <line number="1348" hits="39" branch="False" />
                <line number="1350" hits="12" branch="False" />
                <line number="1351" hits="12" branch="False" />
                <line number="1355" hits="15" branch="False" />
                <line number="1356" hits="15" branch="False" />
                <line number="1357" hits="12" branch="False" />
              </lines>
            </method>
            <method name="TryGetJobIdFromHeaders" signature="(System.Net.Http.HttpResponseMessage)" line-rate="0" branch-rate="0" complexity="16">
              <lines>
                <line number="1361" hits="0" branch="True" condition-coverage="0% (0/2)">
                  <conditions>
                    <condition number="13" type="jump" coverage="0%" />
                  </conditions>
                </line>
                <line number="1363" hits="0" branch="False" />
                <line number="1364" hits="0" branch="True" condition-coverage="0% (0/2)">
                  <conditions>
                    <condition number="33" type="jump" coverage="0%" />
                  </conditions>
                </line>
                <line number="1365" hits="0" branch="False" />
                <line number="1368" hits="0" branch="True" condition-coverage="0% (0/2)">
                  <conditions>
                    <condition number="55" type="jump" coverage="0%" />
                  </conditions>
                </line>
                <line number="1370" hits="0" branch="True" condition-coverage="0% (0/2)">
                  <conditions>
                    <condition number="107" type="jump" coverage="0%" />
                  </conditions>
                </line>
                <line number="1372" hits="0" branch="False" />
                <line number="1373" hits="0" branch="True" condition-coverage="0% (0/2)">
                  <conditions>
                    <condition number="90" type="jump" coverage="0%" />
                  </conditions>
                </line>
                <line number="1374" hits="0" branch="False" />
                <line number="1378" hits="0" branch="True" condition-coverage="0% (0/2)">
                  <conditions>
                    <condition number="259" type="jump" coverage="0%" />
                  </conditions>
                </line>
                <line number="1380" hits="0" branch="True" condition-coverage="0% (0/2)">
                  <conditions>
                    <condition number="188" type="jump" coverage="0%" />
                  </conditions>
                </line>
                <line number="1382" hits="0" branch="False" />
                <line number="1383" hits="0" branch="True" condition-coverage="0% (0/2)">
                  <conditions>
                    <condition number="237" type="jump" coverage="0%" />
                  </conditions>
                </line>
                <line number="1384" hits="0" branch="False" />
                <line number="1388" hits="0" branch="False" />
                <line number="1405" hits="0" branch="False" />
              </lines>
            </method>
            <method name="ValidateJobDefinition" signature="(Flink.JobBuilder.Models.JobDefinition)" line-rate="1" branch-rate="1" complexity="1">
              <lines>
                <line number="1409" hits="16" branch="False" />
                <line number="1411" hits="16" branch="False" />
                <line number="1412" hits="16" branch="False" />
                <line number="1413" hits="16" branch="False" />
                <line number="1415" hits="16" branch="False" />
              </lines>
            </method>
            <method name="ValidateBasicProperties" signature="(Flink.JobBuilder.Models.JobDefinition,System.Collections.Generic.List`1&lt;System.String&gt;)" line-rate="0.9" branch-rate="0.9" complexity="10">
              <lines>
                <line number="1420" hits="19" branch="True" condition-coverage="50% (1/2)">
                  <conditions>
                    <condition number="6" type="jump" coverage="50%" />
                  </conditions>
                </line>
                <line number="1422" hits="0" branch="False" />
                <line number="1424" hits="19" branch="True" condition-coverage="100% (2/2)">
                  <conditions>
                    <condition number="37" type="jump" coverage="100%" />
                  </conditions>
                </line>
                <line number="1426" hits="3" branch="False" />
                <line number="1429" hits="19" branch="True" condition-coverage="100% (2/2)">
                  <conditions>
                    <condition number="56" type="jump" coverage="100%" />
                  </conditions>
                </line>
                <line number="1431" hits="2" branch="False" />
                <line number="1434" hits="19" branch="False" />
                <line number="1435" hits="19" branch="True" condition-coverage="100% (4/4)">
                  <conditions>
                    <condition number="90" type="jump" coverage="100%" />
                    <condition number="93" type="jump" coverage="100%" />
                  </conditions>
                </line>
                <line number="1437" hits="1" branch="False" />
                <line number="1439" hits="19" branch="False" />
              </lines>
            </method>
            <method name="ValidateSource" signature="(System.Object,System.Collections.Generic.List`1&lt;System.String&gt;)" line-rate="1" branch-rate="1" complexity="10">
              <lines>
                <line number="1443" hits="21" branch="True" condition-coverage="100% (2/2)">
                  <conditions>
                    <condition number="1" type="jump" coverage="100%" />
                  </conditions>
                </line>
                <line number="1444" hits="2" branch="True" condition-coverage="100% (4/4)">
                  <conditions>
                    <condition number="12" type="jump" coverage="100%" />
                    <condition number="22" type="jump" coverage="100%" />
                  </conditions>
                </line>
                <line number="1449" hits="10" branch="True" condition-coverage="100% (2/2)">
                  <conditions>
                    <condition number="36" type="jump" coverage="100%" />
                  </conditions>
                </line>
                <line number="1451" hits="3" branch="False" />
                <line number="1453" hits="3" branch="False" />
                <line number="1455" hits="6" branch="True" condition-coverage="100% (2/2)">
                  <conditions>
                    <condition number="61" type="jump" coverage="100%" />
                  </conditions>
                </line>
                <line number="1457" hits="3" branch="False" />
                <line number="1461" hits="13" branch="False" />
              </lines>
            </method>
            <method name="ValidateSink" signature="(System.Object,System.Collections.Generic.List`1&lt;System.String&gt;)" line-rate="1" branch-rate="0.9" complexity="10">
              <lines>
                <line number="1465" hits="16" branch="True" condition-coverage="100% (2/2)">
                  <conditions>
                    <condition number="1" type="jump" coverage="100%" />
                  </conditions>
                </line>
                <line number="1466" hits="4" branch="True" condition-coverage="75% (3/4)">
                  <conditions>
                    <condition number="12" type="jump" coverage="100%" />
                    <condition number="22" type="jump" coverage="50%" />
                  </conditions>
                </line>
                <line number="1471" hits="8" branch="True" condition-coverage="100% (2/2)">
                  <conditions>
                    <condition number="36" type="jump" coverage="100%" />
                  </conditions>
                </line>
                <line number="1473" hits="2" branch="False" />
                <line number="1475" hits="2" branch="False" />
                <line number="1477" hits="4" branch="True" condition-coverage="100% (2/2)">
                  <conditions>
                    <condition number="61" type="jump" coverage="100%" />
                  </conditions>
                </line>
                <line number="1479" hits="2" branch="False" />
                <line number="1483" hits="10" branch="False" />
              </lines>
            </method>
            <method name="ValidateAndSanitizePathSegment" signature="(System.String,System.String)" line-rate="1" branch-rate="1" complexity="18">
              <lines>
                <line number="1496" hits="44" branch="True" condition-coverage="100% (2/2)">
                  <conditions>
                    <condition number="6" type="jump" coverage="100%" />
                  </conditions>
                </line>
                <line number="1498" hits="3" branch="False" />
                <line number="1502" hits="41" branch="True" condition-coverage="100% (6/6)">
                  <conditions>
                    <condition number="31" type="jump" coverage="100%" />
                    <condition number="44" type="jump" coverage="100%" />
                    <condition number="57" type="jump" coverage="100%" />
                  </conditions>
                </line>
                <line number="1504" hits="4" branch="False" />
                <line number="1510" hits="988" branch="True" condition-coverage="100% (2/2)">
                  <conditions>
                    <condition number="181" type="jump" coverage="100%" />
                  </conditions>
                </line>
                <line number="1512" hits="460" branch="True" condition-coverage="100% (8/8)">
                  <conditions>
                    <condition number="97" type="jump" coverage="100%" />
                    <condition number="102" type="jump" coverage="100%" />
                    <condition number="107" type="jump" coverage="100%" />
                    <condition number="112" type="jump" coverage="100%" />
                  </conditions>
                </line>
                <line number="1514" hits="6" branch="False" />
                <line number="1519" hits="31" branch="False" />
              </lines>
            </method>
            <method name="ProcessCheckpointCounts" signature="(System.Text.Json.JsonElement,FlinkDotNet.JobGateway.Services.FlinkJobManager/JobMetricsBuilder)" line-rate="0" branch-rate="0" complexity="6">
              <lines>
                <line number="1691" hits="0" branch="True" condition-coverage="0% (0/6)">
                  <conditions>
                    <condition number="14" type="jump" coverage="0%" />
                    <condition number="30" type="jump" coverage="0%" />
                    <condition number="41" type="jump" coverage="0%" />
                  </conditions>
                </line>
                <line number="1692" hits="0" branch="False" />
                <line number="1693" hits="0" branch="False" />
                <line number="1695" hits="0" branch="False" />
                <line number="1697" hits="0" branch="False" />
              </lines>
            </method>
            <method name="ProcessCheckpointTimestamps" signature="(System.Text.Json.JsonElement,FlinkDotNet.JobGateway.Services.FlinkJobManager/JobMetricsBuilder)" line-rate="0" branch-rate="0" complexity="8">
              <lines>
                <line number="1701" hits="0" branch="True" condition-coverage="0% (0/2)">
                  <conditions>
                    <condition number="14" type="jump" coverage="0%" />
                  </conditions>
                </line>
                <line number="1702" hits="0" branch="False" />
                <line number="1704" hits="0" branch="True" condition-coverage="0% (0/2)">
                  <conditions>
                    <condition number="31" type="jump" coverage="0%" />
                  </conditions>
                </line>
                <line number="1706" hits="0" branch="True" condition-coverage="0% (0/2)">
                  <conditions>
                    <condition number="52" type="jump" coverage="0%" />
                  </conditions>
                </line>
                <line number="1707" hits="0" branch="True" condition-coverage="0% (0/2)">
                  <conditions>
                    <condition number="76" type="jump" coverage="0%" />
                  </conditions>
                </line>
                <line number="1708" hits="0" branch="False" />
                <line number="1710" hits="0" branch="False" />
              </lines>
            </method>
            <method name="ExtractTimestamp" signature="(System.Text.Json.JsonElement,System.String)" line-rate="0" branch-rate="0" complexity="4">
              <lines>
                <line number="1714" hits="0" branch="True" condition-coverage="0% (0/4)">
                  <conditions>
                    <condition number="10" type="jump" coverage="0%" />
                    <condition number="20" type="jump" coverage="0%" />
                  </conditions>
                </line>
                <line number="1716" hits="0" branch="False" />
                <line number="1717" hits="0" branch="False" />
                <line number="1719" hits="0" branch="False" />
              </lines>
            </method>
            <method name="ExtractBackpressureLevel" signature="(System.Text.Json.JsonElement)" line-rate="0" branch-rate="0" complexity="4">
              <lines>
                <line number="1724" hits="0" branch="True" condition-coverage="0% (0/2)">
                  <conditions>
                    <condition number="14" type="jump" coverage="0%" />
                  </conditions>
                </line>
                <line number="1725" hits="0" branch="False" />
                <line number="1726" hits="0" branch="True" condition-coverage="0% (0/2)">
                  <conditions>
                    <condition number="38" type="jump" coverage="0%" />
                  </conditions>
                </line>
                <line number="1727" hits="0" branch="False" />
                <line number="1728" hits="0" branch="False" />
              </lines>
            </method>
            <method name=".ctor" signature="(Microsoft.Extensions.Logging.ILogger`1&lt;FlinkDotNet.JobGateway.Services.FlinkJobManager&gt;,Microsoft.Extensions.Configuration.IConfiguration,System.Net.Http.HttpClient)" line-rate="1" branch-rate="1" complexity="1">
              <lines>
                <line number="21" hits="70" branch="False" />
                <line number="47" hits="70" branch="False" />
                <line number="49" hits="70" branch="False" />
                <line number="50" hits="70" branch="False" />
                <line number="51" hits="70" branch="False" />
                <line number="57" hits="70" branch="False" />
                <line number="59" hits="70" branch="False" />
                <line number="60" hits="70" branch="False" />
                <line number="61" hits="70" branch="False" />
                <line number="62" hits="70" branch="False" />
                <line number="63" hits="70" branch="False" />
              </lines>
            </method>
            <method name=".cctor" signature="()" line-rate="1" branch-rate="1" complexity="1">
              <lines>
                <line number="27" hits="1" branch="False" />
                <line number="33" hits="1" branch="False" />
                <line number="39" hits="1" branch="False" />
              </lines>
            </method>
          </methods>
          <lines>
            <line number="74" hits="70" branch="False" />
            <line number="75" hits="70" branch="True" condition-coverage="100% (2/2)">
              <conditions>
                <condition number="17" type="jump" coverage="100%" />
              </conditions>
            </line>
            <line number="77" hits="1" branch="False" />
            <line number="78" hits="1" branch="False" />
            <line number="82" hits="69" branch="False" />
            <line number="83" hits="69" branch="True" condition-coverage="100% (2/2)">
              <conditions>
                <condition number="64" type="jump" coverage="100%" />
              </conditions>
            </line>
            <line number="85" hits="1" branch="False" />
            <line number="86" hits="1" branch="False" />
            <line number="90" hits="68" branch="False" />
            <line number="91" hits="68" branch="True" condition-coverage="50% (1/2)">
              <conditions>
                <condition number="117" type="jump" coverage="50%" />
              </conditions>
            </line>
            <line number="93" hits="0" branch="False" />
            <line number="94" hits="0" branch="False" />
            <line number="98" hits="68" branch="False" />
            <line number="99" hits="68" branch="False" />
            <line number="101" hits="68" branch="True" condition-coverage="100% (2/2)">
              <conditions>
                <condition number="175" type="jump" coverage="100%" />
              </conditions>
            </line>
            <line number="103" hits="1" branch="True" condition-coverage="50% (1/2)">
              <conditions>
                <condition number="185" type="jump" coverage="50%" />
              </conditions>
            </line>
            <line number="104" hits="1" branch="False" />
            <line number="105" hits="1" branch="False" />
            <line number="106" hits="1" branch="False" />
            <line number="110" hits="67" branch="False" />
            <line number="111" hits="67" branch="False" />
            <line number="112" hits="67" branch="False" />
            <line number="113" hits="67" branch="False" />
            <line number="126" hits="1" branch="False" />
            <line number="127" hits="1" branch="True" condition-coverage="50% (1/2)">
              <conditions>
                <condition number="17" type="jump" coverage="50%" />
              </conditions>
            </line>
            <line number="129" hits="0" branch="False" />
            <line number="130" hits="0" branch="False" />
            <line number="134" hits="1" branch="False" />
            <line number="135" hits="1" branch="True" condition-coverage="50% (1/2)">
              <conditions>
                <condition number="64" type="jump" coverage="50%" />
              </conditions>
            </line>
            <line number="137" hits="0" branch="False" />
            <line number="138" hits="0" branch="False" />
            <line number="142" hits="1" branch="False" />
            <line number="143" hits="1" branch="True" condition-coverage="50% (1/2)">
              <conditions>
                <condition number="117" type="jump" coverage="50%" />
              </conditions>
            </line>
            <line number="145" hits="0" branch="False" />
            <line number="146" hits="0" branch="False" />
            <line number="150" hits="1" branch="False" />
            <line number="151" hits="1" branch="False" />
            <line number="153" hits="1" branch="True" condition-coverage="50% (1/2)">
              <conditions>
                <condition number="175" type="jump" coverage="50%" />
              </conditions>
            </line>
            <line number="155" hits="0" branch="True" condition-coverage="0% (0/2)">
              <conditions>
                <condition number="185" type="jump" coverage="0%" />
              </conditions>
            </line>
            <line number="156" hits="0" branch="False" />
            <line number="157" hits="0" branch="False" />
            <line number="158" hits="0" branch="False" />
            <line number="162" hits="1" branch="False" />
            <line number="163" hits="1" branch="False" />
            <line number="164" hits="1" branch="False" />
            <line number="165" hits="1" branch="False" />
            <line number="271" hits="4" branch="False" />
            <line number="272" hits="4" branch="False" />
            <line number="273" hits="4" branch="False" />
            <line number="274" hits="4" branch="False" />
            <line number="275" hits="4" branch="False" />
            <line number="276" hits="4" branch="False" />
            <line number="277" hits="4" branch="False" />
            <line number="279" hits="4" branch="False" />
            <line number="281" hits="4" branch="False" />
            <line number="286" hits="5" branch="False" />
            <line number="287" hits="5" branch="False" />
            <line number="288" hits="5" branch="False" />
            <line number="289" hits="5" branch="False" />
            <line number="291" hits="5" branch="False" />
            <line number="292" hits="5" branch="False" />
            <line number="293" hits="5" branch="False" />
            <line number="297" hits="5" branch="False" />
            <line number="298" hits="5" branch="False" />
            <line number="299" hits="5" branch="True" condition-coverage="100% (4/4)">
              <conditions>
                <condition number="44" type="jump" coverage="100%" />
                <condition number="56" type="jump" coverage="100%" />
              </conditions>
            </line>
            <line number="300" hits="5" branch="True" condition-coverage="100% (4/4)">
              <conditions>
                <condition number="90" type="jump" coverage="100%" />
                <condition number="102" type="jump" coverage="100%" />
              </conditions>
            </line>
            <line number="301" hits="5" branch="True" condition-coverage="50% (1/2)">
              <conditions>
                <condition number="142" type="jump" coverage="50%" />
              </conditions>
            </line>
            <line number="302" hits="5" branch="False" />
            <line number="306" hits="5" branch="True" condition-coverage="75% (3/4)">
              <conditions>
                <condition number="6" type="jump" coverage="100%" />
                <condition number="19" type="jump" coverage="50%" />
              </conditions>
            </line>
            <line number="307" hits="5" branch="False" />
            <line number="309" hits="0" branch="True" condition-coverage="0% (0/2)">
              <conditions>
                <condition number="92" type="jump" coverage="0%" />
              </conditions>
            </line>
            <line number="311" hits="0" branch="True" condition-coverage="0% (0/2)">
              <conditions>
                <condition number="52" type="jump" coverage="0%" />
              </conditions>
            </line>
            <line number="313" hits="0" branch="False" />
            <line number="316" hits="0" branch="False" />
            <line number="333" hits="1" branch="False" />
            <line number="334" hits="1" branch="False" />
            <line number="335" hits="1" branch="False" />
            <line number="336" hits="1" branch="False" />
            <line number="337" hits="1" branch="False" />
            <line number="338" hits="1" branch="False" />
            <line number="339" hits="1" branch="False" />
            <line number="340" hits="1" branch="False" />
            <line number="341" hits="1" branch="False" />
            <line number="543" hits="0" branch="False" />
            <line number="544" hits="0" branch="True" condition-coverage="0% (0/4)">
              <conditions>
                <condition number="23" type="jump" coverage="0%" />
                <condition number="31" type="jump" coverage="0%" />
              </conditions>
            </line>
            <line number="546" hits="0" branch="False" />
            <line number="550" hits="0" branch="False" />
            <line number="551" hits="0" branch="False" />
            <line number="552" hits="0" branch="False" />
            <line number="553" hits="0" branch="False" />
            <line number="554" hits="0" branch="False" />
            <line number="555" hits="0" branch="False" />
            <line number="557" hits="0" branch="False" />
            <line number="559" hits="0" branch="False" />
            <line number="560" hits="0" branch="True" condition-coverage="0% (0/2)">
              <conditions>
                <condition number="131" type="jump" coverage="0%" />
              </conditions>
            </line>
            <line number="562" hits="0" branch="False" />
            <line number="563" hits="0" branch="False" />
            <line number="564" hits="0" branch="False" />
            <line number="565" hits="0" branch="False" />
            <line number="566" hits="0" branch="False" />
            <line number="567" hits="0" branch="False" />
            <line number="570" hits="0" branch="True" condition-coverage="0% (0/2)">
              <conditions>
                <condition number="204" type="jump" coverage="0%" />
              </conditions>
            </line>
            <line number="725" hits="1" branch="False" />
            <line number="726" hits="1" branch="False" />
            <line number="728" hits="1" branch="False" />
            <line number="729" hits="1" branch="False" />
            <line number="730" hits="1" branch="False" />
            <line number="731" hits="1" branch="False" />
            <line number="732" hits="1" branch="False" />
            <line number="773" hits="0" branch="False" />
            <line number="774" hits="0" branch="True" condition-coverage="0% (0/2)">
              <conditions>
                <condition number="37" type="jump" coverage="0%" />
              </conditions>
            </line>
            <line number="776" hits="0" branch="True" condition-coverage="0% (0/2)">
              <conditions>
                <condition number="47" type="jump" coverage="0%" />
              </conditions>
            </line>
            <line number="777" hits="0" branch="False" />
            <line number="778" hits="0" branch="False" />
            <line number="780" hits="0" branch="False" />
            <line number="782" hits="0" branch="False" />
            <line number="784" hits="0" branch="False" />
            <line number="785" hits="0" branch="False" />
            <line number="787" hits="0" branch="False" />
            <line number="844" hits="0" branch="False" />
            <line number="845" hits="0" branch="True" condition-coverage="0% (0/2)">
              <conditions>
                <condition number="38" type="jump" coverage="0%" />
              </conditions>
            </line>
            <line number="847" hits="0" branch="False" />
            <line number="848" hits="0" branch="False" />
            <line number="849" hits="0" branch="False" />
            <line number="851" hits="0" branch="True" condition-coverage="0% (0/2)">
              <conditions>
                <condition number="104" type="jump" coverage="0%" />
              </conditions>
            </line>
            <line number="853" hits="0" branch="False" />
            <line number="854" hits="0" branch="False" />
            <line number="855" hits="0" branch="False" />
            <line number="857" hits="0" branch="False" />
            <line number="858" hits="0" branch="False" />
            <line number="860" hits="0" branch="False" />
            <line number="861" hits="0" branch="False" />
            <line number="862" hits="0" branch="False" />
            <line number="863" hits="0" branch="False" />
            <line number="963" hits="0" branch="False" />
            <line number="964" hits="0" branch="True" condition-coverage="0% (0/4)">
              <conditions>
                <condition number="7" type="jump" coverage="0%" />
                <condition number="18" type="jump" coverage="0%" />
              </conditions>
            </line>
            <line number="966" hits="0" branch="False" />
            <line number="967" hits="0" branch="False" />
            <line number="969" hits="0" branch="False" />
            <line number="973" hits="0" branch="True" condition-coverage="0% (0/4)">
              <conditions>
                <condition number="14" type="jump" coverage="0%" />
                <condition number="26" type="jump" coverage="0%" />
              </conditions>
            </line>
            <line number="974" hits="0" branch="False" />
            <line number="975" hits="0" branch="False" />
            <line number="977" hits="0" branch="True" condition-coverage="0% (0/4)">
              <conditions>
                <condition number="87" type="jump" coverage="0%" />
                <condition number="103" type="jump" coverage="0%" />
              </conditions>
            </line>
            <line number="982" hits="0" branch="False" />
            <line number="983" hits="0" branch="False" />
            <line number="984" hits="0" branch="False" />
            <line number="985" hits="0" branch="False" />
            <line number="990" hits="0" branch="False" />
            <line number="991" hits="0" branch="False" />
            <line number="993" hits="0" branch="False" />
            <line number="994" hits="0" branch="True" condition-coverage="0% (0/2)">
              <conditions>
                <condition number="29" type="jump" coverage="0%" />
              </conditions>
            </line>
            <line number="996" hits="0" branch="False" />
            <line number="1000" hits="0" branch="False" />
            <line number="1003" hits="0" branch="False" />
            <line number="1004" hits="0" branch="True" condition-coverage="0% (0/2)">
              <conditions>
                <condition number="61" type="jump" coverage="0%" />
              </conditions>
            </line>
            <line number="1006" hits="0" branch="False" />
            <line number="1010" hits="0" branch="False" />
            <line number="1011" hits="0" branch="True" condition-coverage="0% (0/4)">
              <conditions>
                <condition number="175" type="jump" coverage="0%" />
                <condition number="185" type="jump" coverage="0%" />
              </conditions>
            </line>
            <line number="1013" hits="0" branch="False" />
            <line number="1016" hits="0" branch="False" />
            <line number="1018" hits="0" branch="True" condition-coverage="0% (0/2)">
              <conditions>
                <condition number="453" type="jump" coverage="0%" />
              </conditions>
            </line>
            <line number="1020" hits="0" branch="True" condition-coverage="0% (0/2)">
              <conditions>
                <condition number="348" type="jump" coverage="0%" />
              </conditions>
            </line>
            <line number="1022" hits="0" branch="False" />
            <line number="1023" hits="0" branch="True" condition-coverage="0% (0/2)">
              <conditions>
                <condition number="368" type="jump" coverage="0%" />
              </conditions>
            </line>
            <line number="1025" hits="0" branch="False" />
            <line number="1026" hits="0" branch="False" />
            <line number="1031" hits="0" branch="False" />
            <line number="1035" hits="0" branch="True" condition-coverage="0% (0/2)">
              <conditions>
                <condition number="475" type="jump" coverage="0%" />
              </conditions>
            </line>
            <line number="1037" hits="0" branch="False" />
            <line number="1038" hits="0" branch="True" condition-coverage="0% (0/2)">
              <conditions>
                <condition number="540" type="jump" coverage="0%" />
              </conditions>
            </line>
            <line number="1039" hits="0" branch="False" />
            <line number="1042" hits="0" branch="False" />
            <line number="1073" hits="0" branch="False" />
            <line number="1074" hits="0" branch="False" />
            <line number="1076" hits="0" branch="False" />
            <line number="1078" hits="0" branch="False" />
            <line number="1080" hits="0" branch="False" />
            <line number="1081" hits="0" branch="False" />
            <line number="1082" hits="0" branch="False" />
            <line number="1084" hits="0" branch="False" />
            <line number="1085" hits="0" branch="False" />
            <line number="1086" hits="0" branch="False" />
            <line number="1087" hits="0" branch="False" />
            <line number="1089" hits="0" branch="False" />
            <line number="1090" hits="0" branch="False" />
            <line number="1095" hits="0" branch="True" condition-coverage="0% (0/2)">
              <conditions>
                <condition number="172" type="jump" coverage="0%" />
              </conditions>
            </line>
            <line number="1096" hits="0" branch="False" />
            <line number="1098" hits="0" branch="False" />
            <line number="1099" hits="0" branch="False" />
            <line number="1100" hits="0" branch="False" />
            <line number="1102" hits="0" branch="True" condition-coverage="0% (0/2)">
              <conditions>
                <condition number="128" type="jump" coverage="0%" />
              </conditions>
            </line>
            <line number="1104" hits="0" branch="False" />
            <line number="1105" hits="0" branch="True" condition-coverage="0% (0/4)">
              <conditions>
                <condition number="96" type="jump" coverage="0%" />
                <condition number="107" type="jump" coverage="0%" />
              </conditions>
            </line>
            <line number="1107" hits="0" branch="False" />
            <line number="1110" hits="0" branch="False" />
            <line number="1112" hits="0" branch="False" />
            <line number="1117" hits="0" branch="True" condition-coverage="0% (0/2)">
              <conditions>
                <condition number="137" type="jump" coverage="0%" />
              </conditions>
            </line>
            <line number="1119" hits="0" branch="True" condition-coverage="0% (0/2)">
              <conditions>
                <condition number="23" type="jump" coverage="0%" />
              </conditions>
            </line>
            <line number="1121" hits="0" branch="False" />
            <line number="1122" hits="0" branch="False" />
            <line number="1125" hits="0" branch="False" />
            <line number="1126" hits="0" branch="False" />
            <line number="1127" hits="0" branch="False" />
            <line number="1128" hits="0" branch="False" />
            <line number="1130" hits="0" branch="False" />
            <line number="1135" hits="0" branch="False" />
            <line number="1136" hits="0" branch="False" />
            <line number="1138" hits="0" branch="True" condition-coverage="0% (0/2)">
              <conditions>
                <condition number="117" type="jump" coverage="0%" />
              </conditions>
            </line>
            <line number="1140" hits="0" branch="True" condition-coverage="0% (0/2)">
              <conditions>
                <condition number="43" type="jump" coverage="0%" />
              </conditions>
            </line>
            <line number="1143" hits="0" branch="True" condition-coverage="0% (0/2)">
              <conditions>
                <condition number="62" type="jump" coverage="0%" />
              </conditions>
            </line>
            <line number="1145" hits="0" branch="False" />
            <line number="1146" hits="0" branch="False" />
            <line number="1149" hits="0" branch="True" condition-coverage="0% (0/2)">
              <conditions>
                <condition number="85" type="jump" coverage="0%" />
              </conditions>
            </line>
            <line number="1152" hits="0" branch="False" />
            <line number="1153" hits="0" branch="False" />
            <line number="1154" hits="0" branch="False" />
            <line number="1157" hits="0" branch="False" />
            <line number="1158" hits="0" branch="False" />
            <line number="1162" hits="0" branch="False" />
            <line number="1163" hits="0" branch="False" />
            <line number="1165" hits="0" branch="True" condition-coverage="0% (0/2)">
              <conditions>
                <condition number="26" type="jump" coverage="0%" />
              </conditions>
            </line>
            <line number="1167" hits="0" branch="False" />
            <line number="1171" hits="0" branch="True" condition-coverage="0% (0/2)">
              <conditions>
                <condition number="99" type="jump" coverage="0%" />
              </conditions>
            </line>
            <line number="1173" hits="0" branch="False" />
            <line number="1174" hits="0" branch="True" condition-coverage="0% (0/4)">
              <conditions>
                <condition number="60" type="jump" coverage="0%" />
                <condition number="70" type="jump" coverage="0%" />
              </conditions>
            </line>
            <line number="1176" hits="0" branch="False" />
            <line number="1179" hits="0" branch="False" />
            <line number="1183" hits="0" branch="False" />
            <line number="1184" hits="0" branch="False" />
            <line number="1185" hits="0" branch="False" />
            <line number="1186" hits="0" branch="False" />
            <line number="1187" hits="0" branch="False" />
            <line number="1191" hits="0" branch="True" condition-coverage="0% (0/2)">
              <conditions>
                <condition number="266" type="jump" coverage="0%" />
              </conditions>
            </line>
            <line number="1193" hits="0" branch="False" />
            <line number="1194" hits="0" branch="False" />
            <line number="1195" hits="0" branch="True" condition-coverage="0% (0/2)">
              <conditions>
                <condition number="75" type="jump" coverage="0%" />
              </conditions>
            </line>
            <line number="1197" hits="0" branch="False" />
            <line number="1198" hits="0" branch="False" />
            <line number="1199" hits="0" branch="True" condition-coverage="0% (0/2)">
              <conditions>
                <condition number="184" type="jump" coverage="0%" />
              </conditions>
            </line>
            <line number="1201" hits="0" branch="False" />
            <line number="1204" hits="0" branch="False" />
            <line number="1205" hits="0" branch="False" />
            <line number="1207" hits="0" branch="False" />
            <line number="1211" hits="0" branch="False" />
            <line number="1212" hits="0" branch="True" condition-coverage="0% (0/2)">
              <conditions>
                <condition number="79" type="jump" coverage="0%" />
              </conditions>
            </line>
            <line number="1214" hits="0" branch="False" />
            <line number="1215" hits="0" branch="False" />
[...]
                <line number="317" hits="0" branch="False" />
              </lines>
            </method>
          </methods>
          <lines>
            <line number="290" hits="0" branch="False" />
            <line number="291" hits="0" branch="False" />
            <line number="292" hits="0" branch="False" />
            <line number="293" hits="0" branch="False" />
            <line number="294" hits="0" branch="False" />
            <line number="307" hits="0" branch="False" />
            <line number="308" hits="0" branch="False" />
            <line number="317" hits="0" branch="False" />
          </lines>
        </class>
        <class name="Flink.JobBuilder.Models.ProcessFunctionOperationDefinition" filename="Flink.JobBuilder/Models/JobDefinition.cs" line-rate="0" branch-rate="1" complexity="2">
          <methods>
            <method name="get_Type" signature="()" line-rate="0" branch-rate="1" complexity="1">
              <lines>
                <line number="326" hits="0" branch="False" />
              </lines>
            </method>
            <method name=".ctor" signature="()" line-rate="0" branch-rate="1" complexity="1">
              <lines>
                <line number="327" hits="0" branch="False" />
                <line number="328" hits="0" branch="False" />
                <line number="329" hits="0" branch="False" />
                <line number="330" hits="0" branch="False" />
                <line number="331" hits="0" branch="False" />
              </lines>
            </method>
          </methods>
          <lines>
            <line number="326" hits="0" branch="False" />
            <line number="327" hits="0" branch="False" />
            <line number="328" hits="0" branch="False" />
            <line number="329" hits="0" branch="False" />
            <line number="330" hits="0" branch="False" />
            <line number="331" hits="0" branch="False" />
          </lines>
        </class>
        <class name="Flink.JobBuilder.Models.StateOperationDefinition" filename="Flink.JobBuilder/Models/JobDefinition.cs" line-rate="0" branch-rate="1" complexity="2">
          <methods>
            <method name="get_Type" signature="()" line-rate="0" branch-rate="1" complexity="1">
              <lines>
                <line number="340" hits="0" branch="False" />
              </lines>
            </method>
            <method name=".ctor" signature="()" line-rate="0" branch-rate="1" complexity="1">
              <lines>
                <line number="341" hits="0" branch="False" />
                <line number="342" hits="0" branch="False" />
                <line number="343" hits="0" branch="False" />
                <line number="352" hits="0" branch="False" />
              </lines>
            </method>
          </methods>
          <lines>
            <line number="340" hits="0" branch="False" />
            <line number="341" hits="0" branch="False" />
            <line number="342" hits="0" branch="False" />
            <line number="343" hits="0" branch="False" />
            <line number="352" hits="0" branch="False" />
          </lines>
        </class>
        <class name="Flink.JobBuilder.Models.TimerOperationDefinition" filename="Flink.JobBuilder/Models/JobDefinition.cs" line-rate="0" branch-rate="1" complexity="2">
          <methods>
            <method name="get_Type" signature="()" line-rate="0" branch-rate="1" complexity="1">
              <lines>
                <line number="361" hits="0" branch="False" />
              </lines>
            </method>
            <method name=".ctor" signature="()" line-rate="0" branch-rate="1" complexity="1">
              <lines>
                <line number="362" hits="0" branch="False" />
                <line number="375" hits="0" branch="False" />
              </lines>
            </method>
          </methods>
          <lines>
            <line number="361" hits="0" branch="False" />
            <line number="362" hits="0" branch="False" />
            <line number="375" hits="0" branch="False" />
          </lines>
        </class>
        <class name="Flink.JobBuilder.Models.RetryOperationDefinition" filename="Flink.JobBuilder/Models/JobDefinition.cs" line-rate="0" branch-rate="1" complexity="2">
          <methods>
            <method name="get_Type" signature="()" line-rate="0" branch-rate="1" complexity="1">
              <lines>
                <line number="384" hits="0" branch="False" />
              </lines>
            </method>
            <method name=".ctor" signature="()" line-rate="0" branch-rate="1" complexity="1">
              <lines>
                <line number="385" hits="0" branch="False" />
                <line number="386" hits="0" branch="False" />
                <line number="395" hits="0" branch="False" />
                <line number="396" hits="0" branch="False" />
              </lines>
            </method>
          </methods>
          <lines>
            <line number="384" hits="0" branch="False" />
            <line number="385" hits="0" branch="False" />
            <line number="386" hits="0" branch="False" />
            <line number="395" hits="0" branch="False" />
            <line number="396" hits="0" branch="False" />
          </lines>
        </class>
        <class name="Flink.JobBuilder.Models.SideOutputOperationDefinition" filename="Flink.JobBuilder/Models/JobDefinition.cs" line-rate="0" branch-rate="1" complexity="2">
          <methods>
            <method name="get_Type" signature="()" line-rate="0" branch-rate="1" complexity="1">
              <lines>
                <line number="405" hits="0" branch="False" />
              </lines>
            </method>
            <method name=".ctor" signature="()" line-rate="0" branch-rate="1" complexity="1">
              <lines>
                <line number="406" hits="0" branch="False" />
                <line number="407" hits="0" branch="False" />
                <line number="409" hits="0" branch="False" />
              </lines>
            </method>
          </methods>
          <lines>
            <line number="405" hits="0" branch="False" />
            <line number="406" hits="0" branch="False" />
            <line number="407" hits="0" branch="False" />
            <line number="409" hits="0" branch="False" />
          </lines>
        </class>
        <class name="Flink.JobBuilder.Models.KafkaSinkDefinition" filename="Flink.JobBuilder/Models/JobDefinition.cs" line-rate="0.75" branch-rate="1" complexity="2">
          <methods>
            <method name="get_Type" signature="()" line-rate="0" branch-rate="1" complexity="1">
              <lines>
                <line number="436" hits="0" branch="False" />
              </lines>
            </method>
            <method name=".ctor" signature="()" line-rate="1" branch-rate="1" complexity="1">
              <lines>
                <line number="437" hits="15" branch="False" />
                <line number="442" hits="15" branch="False" />
                <line number="443" hits="15" branch="False" />
              </lines>
            </method>
          </methods>
          <lines>
            <line number="436" hits="0" branch="False" />
            <line number="437" hits="15" branch="False" />
            <line number="442" hits="15" branch="False" />
            <line number="443" hits="15" branch="False" />
          </lines>
        </class>
        <class name="Flink.JobBuilder.Models.ConsoleSinkDefinition" filename="Flink.JobBuilder/Models/JobDefinition.cs" line-rate="0.5" branch-rate="1" complexity="2">
          <methods>
            <method name="get_Type" signature="()" line-rate="0" branch-rate="1" complexity="1">
              <lines>
                <line number="452" hits="0" branch="False" />
              </lines>
            </method>
            <method name=".ctor" signature="()" line-rate="1" branch-rate="1" complexity="1">
              <lines>
                <line number="453" hits="8" branch="False" />
              </lines>
            </method>
          </methods>
          <lines>
            <line number="452" hits="0" branch="False" />
            <line number="453" hits="8" branch="False" />
          </lines>
        </class>
        <class name="Flink.JobBuilder.Models.FileSinkDefinition" filename="Flink.JobBuilder/Models/JobDefinition.cs" line-rate="0.75" branch-rate="1" complexity="2">
          <methods>
            <method name="get_Type" signature="()" line-rate="0" branch-rate="1" complexity="1">
              <lines>
                <line number="462" hits="0" branch="False" />
              </lines>
            </method>
            <method name=".ctor" signature="()" line-rate="1" branch-rate="1" complexity="1">
              <lines>
                <line number="463" hits="6" branch="False" />
                <line number="464" hits="6" branch="False" />
                <line number="465" hits="6" branch="False" />
              </lines>
            </method>
          </methods>
          <lines>
            <line number="462" hits="0" branch="False" />
            <line number="463" hits="6" branch="False" />
            <line number="464" hits="6" branch="False" />
            <line number="465" hits="6" branch="False" />
          </lines>
        </class>
        <class name="Flink.JobBuilder.Models.DatabaseSinkDefinition" filename="Flink.JobBuilder/Models/JobDefinition.cs" line-rate="0.8" branch-rate="1" complexity="2">
          <methods>
            <method name="get_Type" signature="()" line-rate="0" branch-rate="1" complexity="1">
              <lines>
                <line number="474" hits="0" branch="False" />
              </lines>
            </method>
            <method name=".ctor" signature="()" line-rate="1" branch-rate="1" complexity="1">
              <lines>
                <line number="475" hits="2" branch="False" />
                <line number="476" hits="2" branch="False" />
                <line number="477" hits="2" branch="False" />
                <line number="478" hits="2" branch="False" />
              </lines>
            </method>
          </methods>
          <lines>
            <line number="474" hits="0" branch="False" />
            <line number="475" hits="2" branch="False" />
            <line number="476" hits="2" branch="False" />
            <line number="477" hits="2" branch="False" />
            <line number="478" hits="2" branch="False" />
          </lines>
        </class>
        <class name="Flink.JobBuilder.Models.HttpSinkDefinition" filename="Flink.JobBuilder/Models/JobDefinition.cs" line-rate="0.8332999999999999" branch-rate="1" complexity="2">
          <methods>
            <method name="get_Type" signature="()" line-rate="0" branch-rate="1" complexity="1">
              <lines>
                <line number="487" hits="0" branch="False" />
              </lines>
            </method>
            <method name=".ctor" signature="()" line-rate="1" branch-rate="1" complexity="1">
              <lines>
                <line number="488" hits="2" branch="False" />
                <line number="489" hits="2" branch="False" />
                <line number="490" hits="2" branch="False" />
                <line number="499" hits="2" branch="False" />
                <line number="500" hits="2" branch="False" />
              </lines>
            </method>
          </methods>
          <lines>
            <line number="487" hits="0" branch="False" />
            <line number="488" hits="2" branch="False" />
            <line number="489" hits="2" branch="False" />
            <line number="490" hits="2" branch="False" />
            <line number="499" hits="2" branch="False" />
            <line number="500" hits="2" branch="False" />
          </lines>
        </class>
        <class name="Flink.JobBuilder.Models.RedisSinkDefinition" filename="Flink.JobBuilder/Models/JobDefinition.cs" line-rate="0" branch-rate="1" complexity="2">
          <methods>
            <method name="get_Type" signature="()" line-rate="0" branch-rate="1" complexity="1">
              <lines>
                <line number="509" hits="0" branch="False" />
              </lines>
            </method>
            <method name=".ctor" signature="()" line-rate="0" branch-rate="1" complexity="1">
              <lines>
                <line number="510" hits="0" branch="False" />
                <line number="515" hits="0" branch="False" />
                <line number="516" hits="0" branch="False" />
              </lines>
            </method>
          </methods>
          <lines>
            <line number="509" hits="0" branch="False" />
            <line number="510" hits="0" branch="False" />
            <line number="515" hits="0" branch="False" />
            <line number="516" hits="0" branch="False" />
          </lines>
        </class>
        <class name="Flink.JobBuilder.Models.JobSubmissionResult" filename="Flink.JobBuilder/Models/JobResults.cs" line-rate="1" branch-rate="1" complexity="4">
          <methods>
            <method name="get_IsSuccess" signature="()" line-rate="1" branch-rate="1" complexity="1">
              <lines>
                <line number="30" hits="10" branch="False" />
              </lines>
            </method>
            <method name="CreateSuccess" signature="(System.String,System.String)" line-rate="1" branch-rate="1" complexity="1">
              <lines>
                <line number="37" hits="6" branch="False" />
                <line number="38" hits="6" branch="False" />
                <line number="39" hits="6" branch="False" />
                <line number="40" hits="6" branch="False" />
                <line number="41" hits="6" branch="False" />
                <line number="42" hits="6" branch="False" />
                <line number="43" hits="6" branch="False" />
              </lines>
            </method>
            <method name="CreateFailure" signature="(System.String,System.String)" line-rate="1" branch-rate="1" complexity="1">
              <lines>
                <line number="51" hits="18" branch="False" />
                <line number="52" hits="18" branch="False" />
                <line number="53" hits="18" branch="False" />
                <line number="54" hits="18" branch="False" />
                <line number="55" hits="18" branch="False" />
                <line number="56" hits="18" branch="False" />
                <line number="57" hits="18" branch="False" />
              </lines>
            </method>
            <method name=".ctor" signature="()" line-rate="1" branch-rate="1" complexity="1">
              <lines>
                <line number="11" hits="24" branch="False" />
                <line number="12" hits="24" branch="False" />
                <line number="25" hits="24" branch="False" />
              </lines>
            </method>
          </methods>
          <lines>
            <line number="30" hits="10" branch="False" />
            <line number="37" hits="6" branch="False" />
            <line number="38" hits="6" branch="False" />
            <line number="39" hits="6" branch="False" />
            <line number="40" hits="6" branch="False" />
            <line number="41" hits="6" branch="False" />
            <line number="42" hits="6" branch="False" />
            <line number="43" hits="6" branch="False" />
            <line number="51" hits="18" branch="False" />
            <line number="52" hits="18" branch="False" />
            <line number="53" hits="18" branch="False" />
            <line number="54" hits="18" branch="False" />
            <line number="55" hits="18" branch="False" />
            <line number="56" hits="18" branch="False" />
            <line number="57" hits="18" branch="False" />
            <line number="11" hits="24" branch="False" />
            <line number="12" hits="24" branch="False" />
            <line number="25" hits="24" branch="False" />
          </lines>
        </class>
        <class name="Flink.JobBuilder.Models.JobExecutionResult" filename="Flink.JobBuilder/Models/JobResults.cs" line-rate="0" branch-rate="1" complexity="1">
          <methods>
            <method name=".ctor" signature="()" line-rate="0" branch-rate="1" complexity="1">
              <lines>
                <line number="66" hits="0" branch="False" />
                <line number="67" hits="0" branch="False" />
                <line number="68" hits="0" branch="False" />
              </lines>
            </method>
          </methods>
          <lines>
            <line number="66" hits="0" branch="False" />
            <line number="67" hits="0" branch="False" />
            <line number="68" hits="0" branch="False" />
          </lines>
        </class>
        <class name="Flink.JobBuilder.Models.JobStatus" filename="Flink.JobBuilder/Models/JobResults.cs" line-rate="0.75" branch-rate="0" complexity="5">
          <methods>
            <method name="get_Duration" signature="()" line-rate="0" branch-rate="0" complexity="4">
              <lines>
                <line number="103" hits="0" branch="True" condition-coverage="0% (0/4)">
                  <conditions>
                    <condition number="14" type="jump" coverage="0%" />
                    <condition number="30" type="jump" coverage="0%" />
                  </conditions>
                </line>
              </lines>
            </method>
            <method name=".ctor" signature="()" line-rate="1" branch-rate="1" complexity="1">
              <lines>
                <line number="92" hits="12" branch="False" />
                <line number="93" hits="12" branch="False" />
                <line number="94" hits="12" branch="False" />
              </lines>
            </method>
          </methods>
          <lines>
            <line number="103" hits="0" branch="True" condition-coverage="0% (0/4)">
              <conditions>
                <condition number="14" type="jump" coverage="0%" />
                <condition number="30" type="jump" coverage="0%" />
              </conditions>
            </line>
            <line number="92" hits="12" branch="False" />
            <line number="93" hits="12" branch="False" />
            <line number="94" hits="12" branch="False" />
          </lines>
        </class>
        <class name="Flink.JobBuilder.Models.JobMetrics" filename="Flink.JobBuilder/Models/JobResults.cs" line-rate="1" branch-rate="1" complexity="1">
          <methods>
            <method name=".ctor" signature="()" line-rate="1" branch-rate="1" complexity="1">
              <lines>
                <line number="119" hits="2" branch="False" />
                <line number="164" hits="2" branch="False" />
              </lines>
            </method>
          </methods>
          <lines>
            <line number="119" hits="2" branch="False" />
            <line number="164" hits="2" branch="False" />
          </lines>
        </class>
        <class name="Flink.JobBuilder.Models.FlinkJobGatewayConfiguration" filename="Flink.JobBuilder/Models/JobResults.cs" line-rate="0" branch-rate="1" complexity="1">
          <methods>
            <method name=".ctor" signature="()" line-rate="0" branch-rate="1" complexity="1">
              <lines>
                <line number="172" hits="0" branch="False" />
                <line number="177" hits="0" branch="False" />
                <line number="179" hits="0" branch="False" />
                <line number="180" hits="0" branch="False" />
              </lines>
            </method>
          </methods>
          <lines>
            <line number="172" hits="0" branch="False" />
            <line number="177" hits="0" branch="False" />
            <line number="179" hits="0" branch="False" />
            <line number="180" hits="0" branch="False" />
          </lines>
        </class>
      </classes>
    </package>
  </packages>
</coverage>