<?xml version="1.0" encoding="utf-8"?>
<coverage line-rate="0.0637" branch-rate="0.0506" version="1.9" timestamp="1760416357" lines-covered="236" lines-valid="3703" branches-covered="75" branches-valid="1481">
  <sources>
    <source>/home/runner/work/FlinkDotnet/FlinkDotnet/FlinkDotNet/</source>
  </sources>
  <packages>
    <package name="FlinkDotNet.JobGateway" line-rate="0.16829999999999998" branch-rate="0.1543" complexity="529">
      <classes>
        <class name="FlinkDotNet.JobGateway.Program" filename="FlinkDotNet.JobGateway/Program.cs" line-rate="0" branch-rate="0" complexity="5">
          <methods>
            <method name="ConfigureServices" signature="(Microsoft.AspNetCore.Builder.WebApplicationBuilder)" line-rate="0" branch-rate="1" complexity="1">
              <lines>
                <line number="92" hits="0" branch="False" />
                <line number="93" hits="0" branch="False" />
                <line number="94" hits="0" branch="False" />
                <line number="95" hits="0" branch="False" />
                <line number="96" hits="0" branch="False" />
                <line number="97" hits="0" branch="False" />
                <line number="98" hits="0" branch="False" />
                <line number="99" hits="0" branch="False" />
                <line number="101" hits="0" branch="False" />
                <line number="102" hits="0" branch="False" />
                <line number="103" hits="0" branch="False" />
                <line number="104" hits="0" branch="False" />
                <line number="105" hits="0" branch="False" />
                <line number="106" hits="0" branch="False" />
                <line number="107" hits="0" branch="False" />
                <line number="108" hits="0" branch="False" />
                <line number="109" hits="0" branch="False" />
                <line number="110" hits="0" branch="False" />
                <line number="112" hits="0" branch="False" />
                <line number="113" hits="0" branch="False" />
                <line number="114" hits="0" branch="False" />
                <line number="115" hits="0" branch="False" />
                <line number="116" hits="0" branch="False" />
                <line number="117" hits="0" branch="False" />
                <line number="118" hits="0" branch="False" />
                <line number="119" hits="0" branch="False" />
                <line number="120" hits="0" branch="False" />
                <line number="121" hits="0" branch="False" />
                <line number="125" hits="0" branch="False" />
                <line number="126" hits="0" branch="False" />
                <line number="127" hits="0" branch="False" />
                <line number="128" hits="0" branch="False" />
                <line number="129" hits="0" branch="False" />
                <line number="130" hits="0" branch="False" />
                <line number="131" hits="0" branch="False" />
                <line number="132" hits="0" branch="False" />
                <line number="134" hits="0" branch="False" />
              </lines>
            </method>
            <method name="ConfigurePipeline" signature="(Microsoft.AspNetCore.Builder.WebApplication)" line-rate="0" branch-rate="0" complexity="4">
              <lines>
                <line number="138" hits="0" branch="True" condition-coverage="0% (0/2)">
                  <conditions>
                    <condition number="7" type="jump" coverage="0%" />
                  </conditions>
                </line>
                <line number="140" hits="0" branch="True" condition-coverage="0% (0/2)">
                  <conditions>
                    <condition number="45" type="jump" coverage="0%" />
                  </conditions>
                </line>
                <line number="142" hits="0" branch="False" />
                <line number="143" hits="0" branch="False" />
                <line number="144" hits="0" branch="False" />
                <line number="145" hits="0" branch="False" />
                <line number="146" hits="0" branch="False" />
                <line number="147" hits="0" branch="False" />
                <line number="150" hits="0" branch="False" />
                <line number="151" hits="0" branch="False" />
                <line number="152" hits="0" branch="False" />
                <line number="153" hits="0" branch="False" />
                <line number="154" hits="0" branch="False" />
              </lines>
            </method>
          </methods>
          <lines>
            <line number="92" hits="0" branch="False" />
            <line number="93" hits="0" branch="False" />
            <line number="94" hits="0" branch="False" />
            <line number="95" hits="0" branch="False" />
            <line number="96" hits="0" branch="False" />
            <line number="97" hits="0" branch="False" />
            <line number="98" hits="0" branch="False" />
            <line number="99" hits="0" branch="False" />
            <line number="101" hits="0" branch="False" />
            <line number="102" hits="0" branch="False" />
            <line number="103" hits="0" branch="False" />
            <line number="104" hits="0" branch="False" />
            <line number="105" hits="0" branch="False" />
            <line number="106" hits="0" branch="False" />
            <line number="107" hits="0" branch="False" />
            <line number="108" hits="0" branch="False" />
            <line number="109" hits="0" branch="False" />
            <line number="110" hits="0" branch="False" />
            <line number="112" hits="0" branch="False" />
            <line number="113" hits="0" branch="False" />
            <line number="114" hits="0" branch="False" />
            <line number="115" hits="0" branch="False" />
            <line number="116" hits="0" branch="False" />
            <line number="117" hits="0" branch="False" />
            <line number="118" hits="0" branch="False" />
            <line number="119" hits="0" branch="False" />
            <line number="120" hits="0" branch="False" />
            <line number="121" hits="0" branch="False" />
            <line number="125" hits="0" branch="False" />
            <line number="126" hits="0" branch="False" />
            <line number="127" hits="0" branch="False" />
            <line number="128" hits="0" branch="False" />
            <line number="129" hits="0" branch="False" />
            <line number="130" hits="0" branch="False" />
            <line number="131" hits="0" branch="False" />
            <line number="132" hits="0" branch="False" />
            <line number="134" hits="0" branch="False" />
            <line number="138" hits="0" branch="True" condition-coverage="0% (0/2)">
              <conditions>
                <condition number="7" type="jump" coverage="0%" />
              </conditions>
            </line>
            <line number="140" hits="0" branch="True" condition-coverage="0% (0/2)">
              <conditions>
                <condition number="45" type="jump" coverage="0%" />
              </conditions>
            </line>
            <line number="142" hits="0" branch="False" />
            <line number="143" hits="0" branch="False" />
            <line number="144" hits="0" branch="False" />
            <line number="145" hits="0" branch="False" />
            <line number="146" hits="0" branch="False" />
            <line number="147" hits="0" branch="False" />
            <line number="150" hits="0" branch="False" />
            <line number="151" hits="0" branch="False" />
            <line number="152" hits="0" branch="False" />
            <line number="153" hits="0" branch="False" />
            <line number="154" hits="0" branch="False" />
          </lines>
        </class>
        <class name="FlinkDotNet.JobGateway.Program/&lt;BodyLoggingMiddleware&gt;d__3" filename="FlinkDotNet.JobGateway/Program.cs" line-rate="0" branch-rate="0" complexity="8">
          <methods>
            <method name="MoveNext" signature="()" line-rate="0" branch-rate="0" complexity="8">
              <lines>
                <line number="158" hits="0" branch="True" condition-coverage="0% (0/2)">
                  <conditions>
                    <condition number="14" type="jump" coverage="0%" />
                  </conditions>
                </line>
                <line number="159" hits="0" branch="True" condition-coverage="0% (0/2)">
                  <conditions>
                    <condition number="66" type="jump" coverage="0%" />
                  </conditions>
                </line>
                <line number="163" hits="0" branch="False" />
                <line number="164" hits="0" branch="False" />
                <line number="165" hits="0" branch="False" />
                <line number="166" hits="0" branch="False" />
                <line number="167" hits="0" branch="False" />
                <line number="168" hits="0" branch="False" />
                <line number="169" hits="0" branch="False" />
                <line number="170" hits="0" branch="False" />
                <line number="171" hits="0" branch="False" />
                <line number="173" hits="0" branch="False" />
                <line number="174" hits="0" branch="False" />
                <line number="175" hits="0" branch="False" />
                <line number="176" hits="0" branch="False" />
                <line number="179" hits="0" branch="False" />
                <line number="180" hits="0" branch="False" />
                <line number="181" hits="0" branch="False" />
                <line number="182" hits="0" branch="False" />
                <line number="187" hits="0" branch="False" />
                <line number="189" hits="0" branch="True" condition-coverage="0% (0/4)">
                  <conditions>
                    <condition number="577" type="jump" coverage="0%" />
                    <condition number="603" type="jump" coverage="0%" />
                  </conditions>
                </line>
                <line number="191" hits="0" branch="False" />
                <line number="192" hits="0" branch="False" />
                <line number="193" hits="0" branch="False" />
                <line number="194" hits="0" branch="False" />
                <line number="195" hits="0" branch="False" />
                <line number="198" hits="0" branch="False" />
                <line number="199" hits="0" branch="False" />
                <line number="200" hits="0" branch="False" />
              </lines>
            </method>
          </methods>
          <lines>
            <line number="158" hits="0" branch="True" condition-coverage="0% (0/2)">
              <conditions>
                <condition number="14" type="jump" coverage="0%" />
              </conditions>
            </line>
            <line number="159" hits="0" branch="True" condition-coverage="0% (0/2)">
              <conditions>
                <condition number="66" type="jump" coverage="0%" />
              </conditions>
            </line>
            <line number="163" hits="0" branch="False" />
            <line number="164" hits="0" branch="False" />
            <line number="165" hits="0" branch="False" />
            <line number="166" hits="0" branch="False" />
            <line number="167" hits="0" branch="False" />
            <line number="168" hits="0" branch="False" />
            <line number="169" hits="0" branch="False" />
            <line number="170" hits="0" branch="False" />
            <line number="171" hits="0" branch="False" />
            <line number="173" hits="0" branch="False" />
            <line number="174" hits="0" branch="False" />
            <line number="175" hits="0" branch="False" />
            <line number="176" hits="0" branch="False" />
            <line number="179" hits="0" branch="False" />
            <line number="180" hits="0" branch="False" />
            <line number="181" hits="0" branch="False" />
            <line number="182" hits="0" branch="False" />
            <line number="187" hits="0" branch="False" />
            <line number="189" hits="0" branch="True" condition-coverage="0% (0/4)">
              <conditions>
                <condition number="577" type="jump" coverage="0%" />
                <condition number="603" type="jump" coverage="0%" />
              </conditions>
            </line>
            <line number="191" hits="0" branch="False" />
            <line number="192" hits="0" branch="False" />
            <line number="193" hits="0" branch="False" />
            <line number="194" hits="0" branch="False" />
            <line number="195" hits="0" branch="False" />
            <line number="198" hits="0" branch="False" />
            <line number="199" hits="0" branch="False" />
            <line number="200" hits="0" branch="False" />
          </lines>
        </class>
        <class name="FlinkDotNet.JobGateway.Program/&lt;Main&gt;d__0" filename="FlinkDotNet.JobGateway/Program.cs" line-rate="0" branch-rate="0" complexity="10">
          <methods>
            <method name="MoveNext" signature="()" line-rate="0" branch-rate="0" complexity="10">
              <lines>
                <line number="17" hits="0" branch="True" condition-coverage="0% (0/2)">
                  <conditions>
                    <condition number="31" type="jump" coverage="0%" />
                  </conditions>
                </line>
                <line number="20" hits="0" branch="False" />
                <line number="21" hits="0" branch="False" />
                <line number="26" hits="0" branch="True" condition-coverage="0% (0/2)">
                  <conditions>
                    <condition number="84" type="jump" coverage="0%" />
                  </conditions>
                </line>
                <line number="28" hits="0" branch="False" />
                <line number="29" hits="0" branch="True" condition-coverage="0% (0/2)">
                  <conditions>
                    <condition number="180" type="jump" coverage="0%" />
                  </conditions>
                </line>
                <line number="31" hits="0" branch="False" />
                <line number="32" hits="0" branch="True" condition-coverage="0% (0/2)">
                  <conditions>
                    <condition number="159" type="jump" coverage="0%" />
                  </conditions>
                </line>
                <line number="34" hits="0" branch="False" />
                <line number="38" hits="0" branch="False" />
                <line number="39" hits="0" branch="False" />
                <line number="42" hits="0" branch="False" />
                <line number="44" hits="0" branch="False" />
                <line number="45" hits="0" branch="False" />
                <line number="46" hits="0" branch="False" />
                <line number="47" hits="0" branch="False" />
                <line number="48" hits="0" branch="False" />
                <line number="49" hits="0" branch="False" />
                <line number="50" hits="0" branch="False" />
                <line number="51" hits="0" branch="False" />
                <line number="52" hits="0" branch="False" />
                <line number="53" hits="0" branch="False" />
                <line number="57" hits="0" branch="False" />
                <line number="58" hits="0" branch="False" />
                <line number="59" hits="0" branch="False" />
                <line number="60" hits="0" branch="False" />
                <line number="61" hits="0" branch="False" />
                <line number="62" hits="0" branch="False" />
                <line number="65" hits="0" branch="False" />
                <line number="66" hits="0" branch="True" condition-coverage="0% (0/2)">
                  <conditions>
                    <condition number="442" type="jump" coverage="0%" />
                  </conditions>
                </line>
                <line number="68" hits="0" branch="False" />
                <line number="71" hits="0" branch="False" />
                <line number="73" hits="0" branch="False" />
                <line number="74" hits="0" branch="False" />
                <line number="75" hits="0" branch="False" />
                <line number="77" hits="0" branch="False" />
                <line number="78" hits="0" branch="False" />
                <line number="79" hits="0" branch="False" />
                <line number="80" hits="0" branch="False" />
                <line number="82" hits="0" branch="False" />
                <line number="83" hits="0" branch="False" />
                <line number="86" hits="0" branch="False" />
                <line number="88" hits="0" branch="False" />
              </lines>
            </method>
          </methods>
          <lines>
            <line number="17" hits="0" branch="True" condition-coverage="0% (0/2)">
              <conditions>
                <condition number="31" type="jump" coverage="0%" />
              </conditions>
            </line>
            <line number="20" hits="0" branch="False" />
            <line number="21" hits="0" branch="False" />
            <line number="26" hits="0" branch="True" condition-coverage="0% (0/2)">
              <conditions>
                <condition number="84" type="jump" coverage="0%" />
              </conditions>
            </line>
            <line number="28" hits="0" branch="False" />
            <line number="29" hits="0" branch="True" condition-coverage="0% (0/2)">
              <conditions>
                <condition number="180" type="jump" coverage="0%" />
              </conditions>
            </line>
            <line number="31" hits="0" branch="False" />
            <line number="32" hits="0" branch="True" condition-coverage="0% (0/2)">
              <conditions>
                <condition number="159" type="jump" coverage="0%" />
              </conditions>
            </line>
            <line number="34" hits="0" branch="False" />
            <line number="38" hits="0" branch="False" />
            <line number="39" hits="0" branch="False" />
            <line number="42" hits="0" branch="False" />
            <line number="44" hits="0" branch="False" />
            <line number="45" hits="0" branch="False" />
            <line number="46" hits="0" branch="False" />
            <line number="47" hits="0" branch="False" />
            <line number="48" hits="0" branch="False" />
            <line number="49" hits="0" branch="False" />
            <line number="50" hits="0" branch="False" />
            <line number="51" hits="0" branch="False" />
            <line number="52" hits="0" branch="False" />
            <line number="53" hits="0" branch="False" />
            <line number="57" hits="0" branch="False" />
            <line number="58" hits="0" branch="False" />
            <line number="59" hits="0" branch="False" />
            <line number="60" hits="0" branch="False" />
            <line number="61" hits="0" branch="False" />
            <line number="62" hits="0" branch="False" />
            <line number="65" hits="0" branch="False" />
            <line number="66" hits="0" branch="True" condition-coverage="0% (0/2)">
              <conditions>
                <condition number="442" type="jump" coverage="0%" />
              </conditions>
            </line>
            <line number="68" hits="0" branch="False" />
            <line number="71" hits="0" branch="False" />
            <line number="73" hits="0" branch="False" />
            <line number="74" hits="0" branch="False" />
            <line number="75" hits="0" branch="False" />
            <line number="77" hits="0" branch="False" />
            <line number="78" hits="0" branch="False" />
            <line number="79" hits="0" branch="False" />
            <line number="80" hits="0" branch="False" />
            <line number="82" hits="0" branch="False" />
            <line number="83" hits="0" branch="False" />
            <line number="86" hits="0" branch="False" />
            <line number="88" hits="0" branch="False" />
          </lines>
        </class>
        <class name="FlinkDotNet.JobGateway.ModelStateLoggingFilter" filename="FlinkDotNet.JobGateway/Program.cs" line-rate="1" branch-rate="0.75" complexity="6">
          <methods>
            <method name="OnActionExecuting" signature="(Microsoft.AspNetCore.Mvc.Filters.ActionExecutingContext)" line-rate="1" branch-rate="0.75" complexity="4">
              <lines>
                <line number="209" hits="4" branch="True" condition-coverage="100% (2/2)">
                  <conditions>
                    <condition number="11" type="jump" coverage="100%" />
                  </conditions>
                </line>
                <line number="211" hits="3" branch="False" />
                <line number="212" hits="4" branch="True" condition-coverage="50% (1/2)">
                  <conditions>
                    <condition number="8" type="jump" coverage="50%" />
                  </conditions>
                </line>
                <line number="213" hits="12" branch="False" />
                <line number="214" hits="3" branch="False" />
                <line number="215" hits="3" branch="False" />
                <line number="216" hits="3" branch="False" />
                <line number="218" hits="4" branch="False" />
              </lines>
            </method>
            <method name="OnActionExecuted" signature="(Microsoft.AspNetCore.Mvc.Filters.ActionExecutedContext)" line-rate="1" branch-rate="1" complexity="1">
              <lines>
                <line number="221" hits="1" branch="False" />
              </lines>
            </method>
            <method name=".ctor" signature="(Microsoft.Extensions.Logging.ILogger`1&lt;FlinkDotNet.JobGateway.ModelStateLoggingFilter&gt;)" line-rate="1" branch-rate="1" complexity="1">
              <lines>
                <line number="206" hits="10" branch="False" />
              </lines>
            </method>
          </methods>
          <lines>
            <line number="209" hits="4" branch="True" condition-coverage="100% (2/2)">
              <conditions>
                <condition number="11" type="jump" coverage="100%" />
              </conditions>
            </line>
            <line number="211" hits="3" branch="False" />
            <line number="212" hits="4" branch="True" condition-coverage="50% (1/2)">
              <conditions>
                <condition number="8" type="jump" coverage="50%" />
              </conditions>
            </line>
            <line number="213" hits="12" branch="False" />
            <line number="214" hits="3" branch="False" />
            <line number="215" hits="3" branch="False" />
            <line number="216" hits="3" branch="False" />
            <line number="218" hits="4" branch="False" />
            <line number="221" hits="1" branch="False" />
            <line number="206" hits="10" branch="False" />
          </lines>
        </class>
        <class name="FlinkDotNet.JobGateway.Services.FlinkJobManager" filename="FlinkDotNet.JobGateway/Services/FlinkJobManager.cs" line-rate="0.2032" branch-rate="0.17370000000000002" complexity="245">
          <methods>
            <method name="DiscoverFlinkEndpoint" signature="()" line-rate="0.5789" branch-rate="0.375" complexity="8">
              <lines>
                <line number="45" hits="19" branch="False" />
                <line number="46" hits="19" branch="True" condition-coverage="50% (1/2)">
                  <conditions>
                    <condition number="17" type="jump" coverage="50%" />
                  </conditions>
                </line>
                <line number="48" hits="0" branch="False" />
                <line number="49" hits="0" branch="False" />
                <line number="53" hits="19" branch="False" />
                <line number="54" hits="19" branch="True" condition-coverage="50% (1/2)">
                  <conditions>
                    <condition number="64" type="jump" coverage="50%" />
                  </conditions>
                </line>
                <line number="56" hits="0" branch="False" />
                <line number="57" hits="0" branch="False" />
                <line number="61" hits="19" branch="False" />
                <line number="62" hits="19" branch="False" />
                <line number="64" hits="19" branch="True" condition-coverage="50% (1/2)">
                  <conditions>
                    <condition number="122" type="jump" coverage="50%" />
                  </conditions>
                </line>
                <line number="66" hits="0" branch="True" condition-coverage="0% (0/2)">
                  <conditions>
                    <condition number="132" type="jump" coverage="0%" />
                  </conditions>
                </line>
                <line number="67" hits="0" branch="False" />
                <line number="68" hits="0" branch="False" />
                <line number="69" hits="0" branch="False" />
                <line number="73" hits="19" branch="False" />
                <line number="74" hits="19" branch="False" />
                <line number="75" hits="19" branch="False" />
                <line number="76" hits="19" branch="False" />
              </lines>
            </method>
            <method name="DiscoverSqlGatewayEndpoint" signature="()" line-rate="0" branch-rate="0" complexity="8">
              <lines>
                <line number="89" hits="0" branch="False" />
                <line number="90" hits="0" branch="True" condition-coverage="0% (0/2)">
                  <conditions>
                    <condition number="17" type="jump" coverage="0%" />
                  </conditions>
                </line>
                <line number="92" hits="0" branch="False" />
                <line number="93" hits="0" branch="False" />
                <line number="97" hits="0" branch="False" />
                <line number="98" hits="0" branch="True" condition-coverage="0% (0/2)">
                  <conditions>
                    <condition number="64" type="jump" coverage="0%" />
                  </conditions>
                </line>
                <line number="100" hits="0" branch="False" />
                <line number="101" hits="0" branch="False" />
                <line number="105" hits="0" branch="False" />
                <line number="106" hits="0" branch="False" />
                <line number="108" hits="0" branch="True" condition-coverage="0% (0/2)">
                  <conditions>
                    <condition number="122" type="jump" coverage="0%" />
                  </conditions>
                </line>
                <line number="110" hits="0" branch="True" condition-coverage="0% (0/2)">
                  <conditions>
                    <condition number="132" type="jump" coverage="0%" />
                  </conditions>
                </line>
                <line number="111" hits="0" branch="False" />
                <line number="112" hits="0" branch="False" />
                <line number="113" hits="0" branch="False" />
                <line number="117" hits="0" branch="False" />
                <line number="118" hits="0" branch="False" />
                <line number="119" hits="0" branch="False" />
                <line number="120" hits="0" branch="False" />
              </lines>
            </method>
            <method name="EncodeJobDefinition" signature="(Flink.JobBuilder.Models.JobDefinition)" line-rate="1" branch-rate="1" complexity="1">
              <lines>
                <line number="222" hits="1" branch="False" />
                <line number="223" hits="1" branch="False" />
                <line number="224" hits="1" branch="False" />
                <line number="225" hits="1" branch="False" />
                <line number="226" hits="1" branch="False" />
                <line number="227" hits="1" branch="False" />
                <line number="228" hits="1" branch="False" />
                <line number="230" hits="1" branch="False" />
                <line number="232" hits="1" branch="False" />
              </lines>
            </method>
            <method name="LogJobDefinitionDiagnostics" signature="(System.String,Flink.JobBuilder.Models.JobDefinition)" line-rate="1" branch-rate="1" complexity="1">
              <lines>
                <line number="237" hits="1" branch="False" />
                <line number="238" hits="1" branch="False" />
                <line number="239" hits="1" branch="False" />
                <line number="240" hits="1" branch="False" />
                <line number="242" hits="1" branch="False" />
                <line number="243" hits="1" branch="False" />
                <line number="244" hits="1" branch="False" />
              </lines>
            </method>
            <method name="LogKafkaConfiguration" signature="(Flink.JobBuilder.Models.JobDefinition)" line-rate="1" branch-rate="0.7" complexity="10">
              <lines>
                <line number="248" hits="1" branch="False" />
                <line number="249" hits="1" branch="False" />
                <line number="250" hits="1" branch="True" condition-coverage="75% (3/4)">
                  <conditions>
                    <condition number="44" type="jump" coverage="50%" />
                    <condition number="56" type="jump" coverage="100%" />
                  </conditions>
                </line>
                <line number="251" hits="1" branch="True" condition-coverage="75% (3/4)">
                  <conditions>
                    <condition number="90" type="jump" coverage="50%" />
                    <condition number="102" type="jump" coverage="100%" />
                  </conditions>
                </line>
                <line number="252" hits="1" branch="True" condition-coverage="50% (1/2)">
                  <conditions>
                    <condition number="142" type="jump" coverage="50%" />
                  </conditions>
                </line>
                <line number="253" hits="1" branch="False" />
              </lines>
            </method>
            <method name="LogOperations" signature="(Flink.JobBuilder.Models.JobDefinition)" line-rate="0.3333" branch-rate="0.375" complexity="8">
              <lines>
                <line number="257" hits="1" branch="True" condition-coverage="75% (3/4)">
                  <conditions>
                    <condition number="6" type="jump" coverage="100%" />
                    <condition number="19" type="jump" coverage="50%" />
                  </conditions>
                </line>
                <line number="258" hits="1" branch="False" />
                <line number="260" hits="0" branch="True" condition-coverage="0% (0/2)">
                  <conditions>
                    <condition number="92" type="jump" coverage="0%" />
                  </conditions>
                </line>
                <line number="262" hits="0" branch="True" condition-coverage="0% (0/2)">
                  <conditions>
                    <condition number="52" type="jump" coverage="0%" />
                  </conditions>
                </line>
                <line number="264" hits="0" branch="False" />
                <line number="267" hits="0" branch="False" />
              </lines>
            </method>
            <method name="TrackJob" signature="(Flink.JobBuilder.Models.JobDefinition,System.String)" line-rate="0" branch-rate="1" complexity="1">
              <lines>
                <line number="284" hits="0" branch="False" />
                <line number="285" hits="0" branch="False" />
                <line number="286" hits="0" branch="False" />
                <line number="287" hits="0" branch="False" />
                <line number="288" hits="0" branch="False" />
                <line number="289" hits="0" branch="False" />
                <line number="290" hits="0" branch="False" />
                <line number="291" hits="0" branch="False" />
                <line number="292" hits="0" branch="False" />
              </lines>
            </method>
            <method name="FindExistingRunnerJar" signature="()" line-rate="0" branch-rate="0" complexity="8">
              <lines>
                <line number="471" hits="0" branch="False" />
                <line number="472" hits="0" branch="True" condition-coverage="0% (0/4)">
                  <conditions>
                    <condition number="23" type="jump" coverage="0%" />
                    <condition number="31" type="jump" coverage="0%" />
                  </conditions>
                </line>
                <line number="474" hits="0" branch="False" />
                <line number="478" hits="0" branch="False" />
                <line number="479" hits="0" branch="False" />
                <line number="480" hits="0" branch="False" />
                <line number="481" hits="0" branch="False" />
                <line number="482" hits="0" branch="False" />
                <line number="483" hits="0" branch="False" />
                <line number="485" hits="0" branch="False" />
                <line number="487" hits="0" branch="False" />
                <line number="488" hits="0" branch="True" condition-coverage="0% (0/2)">
                  <conditions>
                    <condition number="131" type="jump" coverage="0%" />
                  </conditions>
                </line>
                <line number="490" hits="0" branch="False" />
                <line number="491" hits="0" branch="False" />
                <line number="492" hits="0" branch="False" />
                <line number="493" hits="0" branch="False" />
                <line number="494" hits="0" branch="False" />
                <line number="495" hits="0" branch="False" />
                <line number="498" hits="0" branch="True" condition-coverage="0% (0/2)">
                  <conditions>
                    <condition number="204" type="jump" coverage="0%" />
                  </conditions>
                </line>
              </lines>
            </method>
            <method name="CreateSqlGatewayClient" signature="()" line-rate="0" branch-rate="1" complexity="1">
              <lines>
                <line number="650" hits="0" branch="False" />
                <line number="651" hits="0" branch="False" />
                <line number="653" hits="0" branch="False" />
                <line number="654" hits="0" branch="False" />
                <line number="655" hits="0" branch="False" />
                <line number="656" hits="0" branch="False" />
                <line number="657" hits="0" branch="False" />
              </lines>
            </method>
            <method name="ExtractSessionHandle" signature="(System.String)" line-rate="0" branch-rate="0" complexity="4">
              <lines>
                <line number="698" hits="0" branch="False" />
                <line number="699" hits="0" branch="True" condition-coverage="0% (0/2)">
                  <conditions>
                    <condition number="37" type="jump" coverage="0%" />
                  </conditions>
                </line>
                <line number="701" hits="0" branch="True" condition-coverage="0% (0/2)">
                  <conditions>
                    <condition number="47" type="jump" coverage="0%" />
                  </conditions>
                </line>
                <line number="702" hits="0" branch="False" />
                <line number="703" hits="0" branch="False" />
                <line number="705" hits="0" branch="False" />
                <line number="707" hits="0" branch="False" />
                <line number="709" hits="0" branch="False" />
                <line number="710" hits="0" branch="False" />
                <line number="712" hits="0" branch="False" />
              </lines>
            </method>
            <method name="ExtractJobIdFromStatementResponse" signature="(System.String)" line-rate="0" branch-rate="0" complexity="4">
              <lines>
                <line number="767" hits="0" branch="False" />
                <line number="768" hits="0" branch="True" condition-coverage="0% (0/2)">
                  <conditions>
                    <condition number="38" type="jump" coverage="0%" />
                  </conditions>
                </line>
                <line number="770" hits="0" branch="False" />
                <line number="771" hits="0" branch="False" />
                <line number="772" hits="0" branch="False" />
                <line number="774" hits="0" branch="True" condition-coverage="0% (0/2)">
                  <conditions>
                    <condition number="104" type="jump" coverage="0%" />
                  </conditions>
                </line>
                <line number="776" hits="0" branch="False" />
                <line number="777" hits="0" branch="False" />
                <line number="778" hits="0" branch="False" />
                <line number="780" hits="0" branch="False" />
                <line number="781" hits="0" branch="False" />
                <line number="783" hits="0" branch="False" />
                <line number="784" hits="0" branch="False" />
                <line number="785" hits="0" branch="False" />
                <line number="786" hits="0" branch="False" />
              </lines>
            </method>
            <method name="UpdateLastKnownJars" signature="(FlinkDotNet.JobGateway.Services.FlinkJobManager/FlinkJarsList,System.Collections.Generic.List`1&lt;System.String&gt;)" line-rate="0" branch-rate="0" complexity="6">
              <lines>
                <line number="887" hits="0" branch="False" />
                <line number="888" hits="0" branch="True" condition-coverage="0% (0/4)">
                  <conditions>
                    <condition number="7" type="jump" coverage="0%" />
                    <condition number="18" type="jump" coverage="0%" />
                  </conditions>
                </line>
                <line number="890" hits="0" branch="False" />
                <line number="891" hits="0" branch="True" condition-coverage="0% (0/2)">
                  <conditions>
                    <condition number="11" type="jump" coverage="0%" />
                  </conditions>
                </line>
                <line number="893" hits="0" branch="False" />
              </lines>
            </method>
            <method name="FindMatchingJar" signature="(FlinkDotNet.JobGateway.Services.FlinkJobManager/FlinkJarsList,System.String)" line-rate="0" branch-rate="0" complexity="8">
              <lines>
                <line number="897" hits="0" branch="True" condition-coverage="0% (0/4)">
                  <conditions>
                    <condition number="14" type="jump" coverage="0%" />
                    <condition number="26" type="jump" coverage="0%" />
                  </conditions>
                </line>
                <line number="898" hits="0" branch="False" />
                <line number="899" hits="0" branch="False" />
                <line number="901" hits="0" branch="True" condition-coverage="0% (0/4)">
                  <conditions>
                    <condition number="87" type="jump" coverage="0%" />
                    <condition number="103" type="jump" coverage="0%" />
                  </conditions>
                </line>
              </lines>
            </method>
            <method name="ThrowJarNotFoundError" signature="(System.String,System.TimeSpan,System.Collections.Generic.List`1&lt;System.String&gt;)" line-rate="0" branch-rate="1" complexity="1">
              <lines>
                <line number="906" hits="0" branch="False" />
                <line number="907" hits="0" branch="False" />
                <line number="908" hits="0" branch="False" />
                <line number="909" hits="0" branch="False" />
              </lines>
            </method>
            <method name="CollectConnectorJars" signature="()" line-rate="0" branch-rate="0" complexity="18">
              <lines>
                <line number="914" hits="0" branch="False" />
                <line number="915" hits="0" branch="False" />
                <line number="917" hits="0" branch="False" />
                <line number="918" hits="0" branch="True" condition-coverage="0% (0/2)">
                  <conditions>
                    <condition number="29" type="jump" coverage="0%" />
                  </conditions>
                </line>
                <line number="920" hits="0" branch="False" />
                <line number="924" hits="0" branch="False" />
                <line number="927" hits="0" branch="False" />
                <line number="928" hits="0" branch="True" condition-coverage="0% (0/2)">
                  <conditions>
                    <condition number="61" type="jump" coverage="0%" />
                  </conditions>
                </line>
                <line number="930" hits="0" branch="False" />
                <line number="934" hits="0" branch="False" />
                <line number="935" hits="0" branch="True" condition-coverage="0% (0/4)">
                  <conditions>
                    <condition number="175" type="jump" coverage="0%" />
                    <condition number="185" type="jump" coverage="0%" />
                  </conditions>
                </line>
                <line number="937" hits="0" branch="False" />
                <line number="940" hits="0" branch="False" />
                <line number="942" hits="0" branch="True" condition-coverage="0% (0/2)">
                  <conditions>
                    <condition number="453" type="jump" coverage="0%" />
                  </conditions>
                </line>
                <line number="944" hits="0" branch="True" condition-coverage="0% (0/2)">
                  <conditions>
                    <condition number="348" type="jump" coverage="0%" />
                  </conditions>
                </line>
                <line number="946" hits="0" branch="False" />
                <line number="947" hits="0" branch="True" condition-coverage="0% (0/2)">
                  <conditions>
                    <condition number="368" type="jump" coverage="0%" />
                  </conditions>
                </line>
                <line number="949" hits="0" branch="False" />
                <line number="950" hits="0" branch="False" />
                <line number="955" hits="0" branch="False" />
                <line number="959" hits="0" branch="True" condition-coverage="0% (0/2)">
                  <conditions>
                    <condition number="475" type="jump" coverage="0%" />
                  </conditions>
                </line>
                <line number="961" hits="0" branch="False" />
                <line number="962" hits="0" branch="True" condition-coverage="0% (0/2)">
                  <conditions>
                    <condition number="540" type="jump" coverage="0%" />
                  </conditions>
                </line>
                <line number="963" hits="0" branch="False" />
                <line number="966" hits="0" branch="False" />
              </lines>
            </method>
            <method name="CombineJarsAsync" signature="(System.String,System.Collections.Generic.List`1&lt;System.String&gt;,System.String)" line-rate="0" branch-rate="1" complexity="1">
              <lines>
                <line number="997" hits="0" branch="False" />
                <line number="998" hits="0" branch="False" />
                <line number="1000" hits="0" branch="False" />
                <line number="1002" hits="0" branch="False" />
                <line number="1004" hits="0" branch="False" />
                <line number="1005" hits="0" branch="False" />
                <line number="1006" hits="0" branch="False" />
                <line number="1008" hits="0" branch="False" />
                <line number="1009" hits="0" branch="False" />
                <line number="1010" hits="0" branch="False" />
                <line number="1011" hits="0" branch="False" />
                <line number="1013" hits="0" branch="False" />
                <line number="1014" hits="0" branch="False" />
              </lines>
            </method>
            <method name="CollectServiceFilesFromRunnerJar" signature="(System.IO.Compression.ZipArchive,System.Collections.Generic.Dictionary`2&lt;System.String,System.Collections.Generic.HashSet`1&lt;System.String&gt;&gt;)" line-rate="0" branch-rate="0" complexity="10">
              <lines>
                <line number="1019" hits="0" branch="True" condition-coverage="0% (0/2)">
                  <conditions>
                    <condition number="172" type="jump" coverage="0%" />
                  </conditions>
                </line>
                <line number="1020" hits="0" branch="True" condition-coverage="0% (0/2)">
                  <conditions>
                    <condition number="17" type="jump" coverage="0%" />
                  </conditions>
                </line>
                <line number="1022" hits="0" branch="False" />
                <line number="1023" hits="0" branch="False" />
                <line number="1024" hits="0" branch="False" />
                <line number="1026" hits="0" branch="True" condition-coverage="0% (0/2)">
                  <conditions>
                    <condition number="128" type="jump" coverage="0%" />
                  </conditions>
                </line>
                <line number="1028" hits="0" branch="False" />
                <line number="1029" hits="0" branch="True" condition-coverage="0% (0/4)">
                  <conditions>
                    <condition number="96" type="jump" coverage="0%" />
                    <condition number="107" type="jump" coverage="0%" />
                  </conditions>
                </line>
                <line number="1031" hits="0" branch="False" />
                <line number="1034" hits="0" branch="False" />
                <line number="1036" hits="0" branch="False" />
              </lines>
            </method>
            <method name="MergeConnectorJars" signature="(System.IO.Compression.ZipArchive,System.Collections.Generic.List`1&lt;System.String&gt;,System.Collections.Generic.HashSet`1&lt;System.String&gt;,System.Collections.Generic.Dictionary`2&lt;System.String,System.Collections.Generic.HashSet`1&lt;System.String&gt;&gt;)" line-rate="0" branch-rate="0" complexity="4">
              <lines>
                <line number="1041" hits="0" branch="True" condition-coverage="0% (0/2)">
                  <conditions>
                    <condition number="137" type="jump" coverage="0%" />
                  </conditions>
                </line>
                <line number="1043" hits="0" branch="True" condition-coverage="0% (0/2)">
                  <conditions>
                    <condition number="23" type="jump" coverage="0%" />
                  </conditions>
                </line>
                <line number="1045" hits="0" branch="False" />
                <line number="1046" hits="0" branch="False" />
                <line number="1049" hits="0" branch="False" />
                <line number="1050" hits="0" branch="False" />
                <line number="1051" hits="0" branch="False" />
                <line number="1052" hits="0" branch="False" />
                <line number="1054" hits="0" branch="False" />
              </lines>
            </method>
            <method name="MergeConnectorJar" signature="(System.IO.Compression.ZipArchive,System.String,System.Collections.Generic.HashSet`1&lt;System.String&gt;,System.Collections.Generic.Dictionary`2&lt;System.String,System.Collections.Generic.HashSet`1&lt;System.String&gt;&gt;)" line-rate="0" branch-rate="0" complexity="8">
              <lines>
                <line number="1059" hits="0" branch="False" />
                <line number="1060" hits="0" branch="False" />
                <line number="1062" hits="0" branch="True" condition-coverage="0% (0/2)">
                  <conditions>
                    <condition number="117" type="jump" coverage="0%" />
                  </conditions>
                </line>
                <line number="1064" hits="0" branch="True" condition-coverage="0% (0/2)">
                  <conditions>
                    <condition number="43" type="jump" coverage="0%" />
                  </conditions>
                </line>
                <line number="1067" hits="0" branch="True" condition-coverage="0% (0/2)">
                  <conditions>
                    <condition number="62" type="jump" coverage="0%" />
                  </conditions>
                </line>
                <line number="1069" hits="0" branch="False" />
                <line number="1070" hits="0" branch="False" />
                <line number="1073" hits="0" branch="True" condition-coverage="0% (0/2)">
                  <conditions>
                    <condition number="85" type="jump" coverage="0%" />
                  </conditions>
                </line>
                <line number="1076" hits="0" branch="False" />
                <line number="1077" hits="0" branch="False" />
                <line number="1078" hits="0" branch="False" />
                <line number="1081" hits="0" branch="False" />
                <line number="1082" hits="0" branch="False" />
              </lines>
            </method>
            <method name="MergeServiceFile" signature="(System.IO.Compression.ZipArchiveEntry,System.Collections.Generic.Dictionary`2&lt;System.String,System.Collections.Generic.HashSet`1&lt;System.String&gt;&gt;)" line-rate="0" branch-rate="0" complexity="8">
              <lines>
                <line number="1086" hits="0" branch="False" />
                <line number="1087" hits="0" branch="False" />
                <line number="1089" hits="0" branch="True" condition-coverage="0% (0/2)">
                  <conditions>
                    <condition number="26" type="jump" coverage="0%" />
                  </conditions>
                </line>
                <line number="1091" hits="0" branch="False" />
                <line number="1095" hits="0" branch="True" condition-coverage="0% (0/2)">
                  <conditions>
                    <condition number="99" type="jump" coverage="0%" />
                  </conditions>
                </line>
                <line number="1097" hits="0" branch="False" />
                <line number="1098" hits="0" branch="True" condition-coverage="0% (0/4)">
                  <conditions>
                    <condition number="60" type="jump" coverage="0%" />
                    <condition number="70" type="jump" coverage="0%" />
                  </conditions>
                </line>
                <line number="1100" hits="0" branch="False" />
                <line number="1103" hits="0" branch="False" />
              </lines>
            </method>
            <method name="CopyZipEntry" signature="(System.IO.Compression.ZipArchiveEntry,System.IO.Compression.ZipArchive)" line-rate="0" branch-rate="1" complexity="1">
              <lines>
                <line number="1107" hits="0" branch="False" />
                <line number="1108" hits="0" branch="False" />
                <line number="1109" hits="0" branch="False" />
                <line number="1110" hits="0" branch="False" />
                <line number="1111" hits="0" branch="False" />
              </lines>
            </method>
            <method name="WriteMergedServiceFiles" signature="(System.IO.Compression.ZipArchive,System.Collections.Generic.Dictionary`2&lt;System.String,System.Collections.Generic.HashSet`1&lt;System.String&gt;&gt;)" line-rate="0" branch-rate="0" complexity="6">
              <lines>
                <line number="1115" hits="0" branch="True" condition-coverage="0% (0/2)">
                  <conditions>
                    <condition number="266" type="jump" coverage="0%" />
                  </conditions>
                </line>
                <line number="1117" hits="0" branch="False" />
                <line number="1118" hits="0" branch="False" />
                <line number="1119" hits="0" branch="True" condition-coverage="0% (0/2)">
                  <conditions>
                    <condition number="75" type="jump" coverage="0%" />
                  </conditions>
                </line>
                <line number="1121" hits="0" branch="False" />
                <line number="1122" hits="0" branch="False" />
                <line number="1123" hits="0" branch="True" condition-coverage="0% (0/2)">
                  <conditions>
                    <condition number="184" type="jump" coverage="0%" />
                  </conditions>
                </line>
                <line number="1125" hits="0" branch="False" />
                <line number="1128" hits="0" branch="False" />
                <line number="1129" hits="0" branch="False" />
                <line number="1131" hits="0" branch="False" />
              </lines>
            </method>
            <method name="FindRepoRoot" signature="(System.String)" line-rate="0" branch-rate="0" complexity="6">
              <lines>
                <line number="1135" hits="0" branch="False" />
                <line number="1136" hits="0" branch="True" condition-coverage="0% (0/2)">
                  <conditions>
                    <condition number="79" type="jump" coverage="0%" />
                  </conditions>
                </line>
                <line number="1138" hits="0" branch="False" />
                <line number="1139" hits="0" branch="False" />
                <line number="1140" hits="0" branch="True" condition-coverage="0% (0/4)">
                  <conditions>
                    <condition number="54" type="jump" coverage="0%" />
                    <condition number="62" type="jump" coverage="0%" />
                  </conditions>
                </line>
                <line number="1142" hits="0" branch="False" />
                <line number="1144" hits="0" branch="False" />
                <line number="1146" hits="0" branch="False" />
              </lines>
            </method>
            <method name="ExtractJobIdFromOverviewPayload" signature="(System.String,System.String)" line-rate="0" branch-rate="0" complexity="2">
              <lines>
                <line number="1210" hits="0" branch="True" condition-coverage="0% (0/2)">
                  <conditions>
                    <condition number="6" type="jump" coverage="0%" />
                  </conditions>
                </line>
                <line number="1211" hits="0" branch="False" />
                <line number="1215" hits="0" branch="False" />
                <line number="1216" hits="0" branch="False" />
                <line number="1218" hits="0" branch="False" />
                <line number="1220" hits="0" branch="False" />
                <line number="1222" hits="0" branch="False" />
              </lines>
            </method>
            <method name="ExtractJobIdFromOverviewElement" signature="(System.Text.Json.JsonElement,System.String)" line-rate="0" branch-rate="0" complexity="14">
              <lines>
                <line number="1226" hits="0" branch="True" condition-coverage="0% (0/2)">
                  <conditions>
                    <condition number="8" type="jump" coverage="0%" />
                  </conditions>
                </line>
                <line number="1228" hits="0" branch="True" condition-coverage="0% (0/2)">
                  <conditions>
                    <condition number="67" type="jump" coverage="0%" />
                  </conditions>
                </line>
                <line number="1230" hits="0" branch="False" />
                <line number="1231" hits="0" branch="True" condition-coverage="0% (0/2)">
                  <conditions>
                    <condition number="50" type="jump" coverage="0%" />
                  </conditions>
                </line>
                <line number="1232" hits="0" branch="False" />
                <line number="1235" hits="0" branch="True" condition-coverage="0% (0/2)">
                  <conditions>
                    <condition number="96" type="jump" coverage="0%" />
                  </conditions>
                </line>
                <line number="1237" hits="0" branch="False" />
                <line number="1238" hits="0" branch="True" condition-coverage="0% (0/2)">
                  <conditions>
                    <condition number="114" type="jump" coverage="0%" />
                  </conditions>
                </line>
                <line number="1239" hits="0" branch="False" />
                <line number="1241" hits="0" branch="True" condition-coverage="0% (0/2)">
                  <conditions>
                    <condition number="185" type="jump" coverage="0%" />
                  </conditions>
                </line>
                <line number="1243" hits="0" branch="False" />
                <line number="1244" hits="0" branch="True" condition-coverage="0% (0/2)">
                  <conditions>
                    <condition number="170" type="jump" coverage="0%" />
                  </conditions>
                </line>
                <line number="1245" hits="0" branch="False" />
                <line number="1249" hits="0" branch="False" />
                <line number="1250" hits="0" branch="False" />
              </lines>
            </method>
            <method name="MatchJobEntry" signature="(System.Text.Json.JsonElement,System.String)" line-rate="0" branch-rate="0" complexity="14">
              <lines>
                <line number="1254" hits="0" branch="True" condition-coverage="0% (0/14)">
                  <conditions>
                    <condition number="13" type="jump" coverage="0%" />
                    <condition number="28" type="jump" coverage="0%" />
                    <condition number="38" type="jump" coverage="0%" />
                    <condition number="53" type="jump" coverage="0%" />
                    <condition number="68" type="jump" coverage="0%" />
                    <condition number="83" type="jump" coverage="0%" />
                    <condition number="98" type="jump" coverage="0%" />
                  </conditions>
                </line>
                <line number="1255" hits="0" branch="False" />
                <line number="1256" hits="0" branch="False" />
                <line number="1257" hits="0" branch="False" />
                <line number="1258" hits="0" branch="False" />
                <line number="1259" hits="0" branch="False" />
                <line number="1261" hits="0" branch="False" />
                <line number="1264" hits="0" branch="False" />
              </lines>
            </method>
            <method name="TryGetStringProperty" signature="(System.Text.Json.JsonElement,System.String,System.String&amp;)" line-rate="0" branch-rate="0" complexity="6">
              <lines>
                <line number="1269" hits="0" branch="True" condition-coverage="0% (0/2)">
                  <conditions>
                    <condition number="89" type="jump" coverage="0%" />
                  </conditions>
                </line>
                <line number="1271" hits="0" branch="True" condition-coverage="0% (0/4)">
                  <conditions>
                    <condition number="40" type="jump" coverage="0%" />
                    <condition number="58" type="jump" coverage="0%" />
                  </conditions>
                </line>
                <line number="1272" hits="0" branch="False" />
                <line number="1274" hits="0" branch="False" />
                <line number="1275" hits="0" branch="False" />
                <line number="1279" hits="0" branch="False" />
                <line number="1280" hits="0" branch="False" />
                <line number="1281" hits="0" branch="False" />
              </lines>
            </method>
            <method name="TryGetJobIdFromHeaders" signature="(System.Net.Http.HttpResponseMessage)" line-rate="0" branch-rate="0" complexity="16">
              <lines>
                <line number="1285" hits="0" branch="True" condition-coverage="0% (0/2)">
                  <conditions>
                    <condition number="13" type="jump" coverage="0%" />
                  </conditions>
                </line>
                <line number="1287" hits="0" branch="False" />
                <line number="1288" hits="0" branch="True" condition-coverage="0% (0/2)">
                  <conditions>
                    <condition number="33" type="jump" coverage="0%" />
                  </conditions>
                </line>
                <line number="1289" hits="0" branch="False" />
                <line number="1292" hits="0" branch="True" condition-coverage="0% (0/2)">
                  <conditions>
                    <condition number="55" type="jump" coverage="0%" />
                  </conditions>
                </line>
                <line number="1294" hits="0" branch="True" condition-coverage="0% (0/2)">
                  <conditions>
                    <condition number="107" type="jump" coverage="0%" />
                  </conditions>
                </line>
                <line number="1296" hits="0" branch="False" />
                <line number="1297" hits="0" branch="True" condition-coverage="0% (0/2)">
                  <conditions>
                    <condition number="90" type="jump" coverage="0%" />
                  </conditions>
                </line>
                <line number="1298" hits="0" branch="False" />
                <line number="1302" hits="0" branch="True" condition-coverage="0% (0/2)">
                  <conditions>
                    <condition number="259" type="jump" coverage="0%" />
                  </conditions>
                </line>
                <line number="1304" hits="0" branch="True" condition-coverage="0% (0/2)">
                  <conditions>
                    <condition number="188" type="jump" coverage="0%" />
                  </conditions>
                </line>
                <line number="1306" hits="0" branch="False" />
                <line number="1307" hits="0" branch="True" condition-coverage="0% (0/2)">
                  <conditions>
                    <condition number="237" type="jump" coverage="0%" />
                  </conditions>
                </line>
                <line number="1308" hits="0" branch="False" />
                <line number="1312" hits="0" branch="False" />
                <line number="1329" hits="0" branch="False" />
              </lines>
            </method>
            <method name="ValidateJobDefinition" signature="(Flink.JobBuilder.Models.JobDefinition)" line-rate="1" branch-rate="1" complexity="1">
              <lines>
                <line number="1333" hits="8" branch="False" />
                <line number="1335" hits="8" branch="False" />
                <line number="1336" hits="8" branch="False" />
                <line number="1337" hits="8" branch="False" />
                <line number="1339" hits="8" branch="False" />
              </lines>
            </method>
            <method name="ValidateBasicProperties" signature="(Flink.JobBuilder.Models.JobDefinition,System.Collections.Generic.List`1&lt;System.String&gt;)" line-rate="0.9" branch-rate="0.9" complexity="10">
              <lines>
                <line number="1344" hits="8" branch="True" condition-coverage="50% (1/2)">
                  <conditions>
                    <condition number="6" type="jump" coverage="50%" />
                  </conditions>
                </line>
                <line number="1346" hits="0" branch="False" />
                <line number="1348" hits="8" branch="True" condition-coverage="100% (2/2)">
                  <conditions>
                    <condition number="37" type="jump" coverage="100%" />
                  </conditions>
                </line>
                <line number="1350" hits="1" branch="False" />
                <line number="1353" hits="8" branch="True" condition-coverage="100% (2/2)">
                  <conditions>
                    <condition number="56" type="jump" coverage="100%" />
                  </conditions>
                </line>
                <line number="1355" hits="1" branch="False" />
                <line number="1358" hits="8" branch="False" />
                <line number="1359" hits="8" branch="True" condition-coverage="100% (4/4)">
                  <conditions>
                    <condition number="90" type="jump" coverage="100%" />
                    <condition number="93" type="jump" coverage="100%" />
                  </conditions>
                </line>
                <line number="1361" hits="1" branch="False" />
                <line number="1363" hits="8" branch="False" />
              </lines>
            </method>
            <method name="ValidateSource" signature="(System.Object,System.Collections.Generic.List`1&lt;System.String&gt;)" line-rate="1" branch-rate="1" complexity="10">
              <lines>
                <line number="1367" hits="8" branch="True" condition-coverage="100% (2/2)">
                  <conditions>
                    <condition number="1" type="jump" coverage="100%" />
                  </conditions>
                </line>
                <line number="1368" hits="1" branch="True" condition-coverage="100% (4/4)">
                  <conditions>
                    <condition number="12" type="jump" coverage="100%" />
                    <condition number="22" type="jump" coverage="100%" />
                  </conditions>
                </line>
                <line number="1373" hits="4" branch="True" condition-coverage="100% (2/2)">
                  <conditions>
                    <condition number="36" type="jump" coverage="100%" />
                  </conditions>
                </line>
                <line number="1375" hits="1" branch="False" />
                <line number="1377" hits="1" branch="False" />
                <line number="1379" hits="2" branch="True" condition-coverage="100% (2/2)">
                  <conditions>
                    <condition number="61" type="jump" coverage="100%" />
                  </conditions>
                </line>
                <line number="1381" hits="1" branch="False" />
                <line number="1385" hits="5" branch="False" />
              </lines>
            </method>
            <method name="ValidateSink" signature="(System.Object,System.Collections.Generic.List`1&lt;System.String&gt;)" line-rate="1" branch-rate="0.9" complexity="10">
              <lines>
                <line number="1389" hits="8" branch="True" condition-coverage="100% (2/2)">
                  <conditions>
                    <condition number="1" type="jump" coverage="100%" />
                  </conditions>
                </line>
                <line number="1390" hits="2" branch="True" condition-coverage="75% (3/4)">
                  <conditions>
                    <condition number="12" type="jump" coverage="100%" />
                    <condition number="22" type="jump" coverage="50%" />
                  </conditions>
                </line>
                <line number="1395" hits="4" branch="True" condition-coverage="100% (2/2)">
                  <conditions>
                    <condition number="36" type="jump" coverage="100%" />
                  </conditions>
                </line>
                <line number="1397" hits="1" branch="False" />
                <line number="1399" hits="1" branch="False" />
                <line number="1401" hits="2" branch="True" condition-coverage="100% (2/2)">
                  <conditions>
                    <condition number="61" type="jump" coverage="100%" />
                  </conditions>
                </line>
                <line number="1403" hits="1" branch="False" />
                <line number="1407" hits="5" branch="False" />
              </lines>
            </method>
            <method name="ProcessCheckpointCounts" signature="(System.Text.Json.JsonElement,FlinkDotNet.JobGateway.Services.FlinkJobManager/JobMetricsBuilder)" line-rate="0" branch-rate="0" complexity="6">
              <lines>
                <line number="1571" hits="0" branch="True" condition-coverage="0% (0/6)">
                  <conditions>
                    <condition number="14" type="jump" coverage="0%" />
                    <condition number="30" type="jump" coverage="0%" />
                    <condition number="41" type="jump" coverage="0%" />
                  </conditions>
                </line>
                <line number="1572" hits="0" branch="False" />
                <line number="1573" hits="0" branch="False" />
                <line number="1575" hits="0" branch="False" />
                <line number="1577" hits="0" branch="False" />
              </lines>
            </method>
            <method name="ProcessCheckpointTimestamps" signature="(System.Text.Json.JsonElement,FlinkDotNet.JobGateway.Services.FlinkJobManager/JobMetricsBuilder)" line-rate="0" branch-rate="0" complexity="8">
              <lines>
                <line number="1581" hits="0" branch="True" condition-coverage="0% (0/2)">
                  <conditions>
                    <condition number="14" type="jump" coverage="0%" />
                  </conditions>
                </line>
                <line number="1582" hits="0" branch="False" />
                <line number="1584" hits="0" branch="True" condition-coverage="0% (0/2)">
                  <conditions>
                    <condition number="31" type="jump" coverage="0%" />
                  </conditions>
                </line>
                <line number="1586" hits="0" branch="True" condition-coverage="0% (0/2)">
                  <conditions>
                    <condition number="52" type="jump" coverage="0%" />
                  </conditions>
                </line>
                <line number="1587" hits="0" branch="True" condition-coverage="0% (0/2)">
                  <conditions>
                    <condition number="76" type="jump" coverage="0%" />
                  </conditions>
                </line>
                <line number="1588" hits="0" branch="False" />
                <line number="1590" hits="0" branch="False" />
              </lines>
            </method>
            <method name="ExtractTimestamp" signature="(System.Text.Json.JsonElement,System.String)" line-rate="0" branch-rate="0" complexity="4">
              <lines>
                <line number="1594" hits="0" branch="True" condition-coverage="0% (0/4)">
                  <conditions>
                    <condition number="10" type="jump" coverage="0%" />
                    <condition number="20" type="jump" coverage="0%" />
                  </conditions>
                </line>
                <line number="1596" hits="0" branch="False" />
                <line number="1597" hits="0" branch="False" />
                <line number="1599" hits="0" branch="False" />
              </lines>
            </method>
            <method name="ExtractBackpressureLevel" signature="(System.Text.Json.JsonElement)" line-rate="0" branch-rate="0" complexity="4">
              <lines>
                <line number="1604" hits="0" branch="True" condition-coverage="0% (0/2)">
                  <conditions>
                    <condition number="14" type="jump" coverage="0%" />
                  </conditions>
                </line>
                <line number="1605" hits="0" branch="False" />
                <line number="1606" hits="0" branch="True" condition-coverage="0% (0/2)">
                  <conditions>
                    <condition number="38" type="jump" coverage="0%" />
                  </conditions>
                </line>
                <line number="1607" hits="0" branch="False" />
                <line number="1608" hits="0" branch="False" />
              </lines>
            </method>
            <method name="&lt;TryGetJobIdFromHeaders&gt;g__ExtractJobIdFromPath|51_0" signature="(System.String)" line-rate="0" branch-rate="0" complexity="8">
              <lines>
                <line number="1316" hits="0" branch="True" condition-coverage="0% (0/2)">
                  <conditions>
                    <condition number="6" type="jump" coverage="0%" />
                  </conditions>
                </line>
                <line number="1317" hits="0" branch="False" />
                <line number="1318" hits="0" branch="False" />
                <line number="1319" hits="0" branch="True" condition-coverage="0% (0/2)">
                  <conditions>
                    <condition number="41" type="jump" coverage="0%" />
                  </conditions>
                </line>
                <line number="1320" hits="0" branch="False" />
                <line number="1322" hits="0" branch="False" />
                <line number="1323" hits="0" branch="False" />
                <line number="1324" hits="0" branch="True" condition-coverage="0% (0/4)">
                  <conditions>
                    <condition number="68" type="jump" coverage="0%" />
                    <condition number="82" type="jump" coverage="0%" />
                  </conditions>
                </line>
                <line number="1325" hits="0" branch="False" />
                <line number="1327" hits="0" branch="False" />
              </lines>
            </method>
            <method name=".ctor" signature="(Microsoft.Extensions.Logging.ILogger`1&lt;FlinkDotNet.JobGateway.Services.FlinkJobManager&gt;,System.Net.Http.HttpClient)" line-rate="1" branch-rate="1" complexity="1">
              <lines>
                <line number="17" hits="19" branch="False" />
                <line number="19" hits="19" branch="False" />
                <line number="21" hits="19" branch="False" />
                <line number="22" hits="19" branch="False" />
                <line number="28" hits="19" branch="False" />
                <line number="30" hits="19" branch="False" />
                <line number="31" hits="19" branch="False" />
                <line number="32" hits="19" branch="False" />
                <line number="33" hits="19" branch="False" />
                <line number="34" hits="19" branch="False" />
              </lines>
            </method>
          </methods>
          <lines>
            <line number="45" hits="19" branch="False" />
            <line number="46" hits="19" branch="True" condition-coverage="50% (1/2)">
              <conditions>
                <condition number="17" type="jump" coverage="50%" />
              </conditions>
            </line>
            <line number="48" hits="0" branch="False" />
            <line number="49" hits="0" branch="False" />
            <line number="53" hits="19" branch="False" />
            <line number="54" hits="19" branch="True" condition-coverage="50% (1/2)">
              <conditions>
                <condition number="64" type="jump" coverage="50%" />
              </conditions>
            </line>
            <line number="56" hits="0" branch="False" />
            <line number="57" hits="0" branch="False" />
            <line number="61" hits="19" branch="False" />
            <line number="62" hits="19" branch="False" />
            <line number="64" hits="19" branch="True" condition-coverage="50% (1/2)">
              <conditions>
                <condition number="122" type="jump" coverage="50%" />
              </conditions>
            </line>
            <line number="66" hits="0" branch="True" condition-coverage="0% (0/2)">
              <conditions>
                <condition number="132" type="jump" coverage="0%" />
              </conditions>
            </line>
            <line number="67" hits="0" branch="False" />
            <line number="68" hits="0" branch="False" />
            <line number="69" hits="0" branch="False" />
            <line number="73" hits="19" branch="False" />
            <line number="74" hits="19" branch="False" />
            <line number="75" hits="19" branch="False" />
            <line number="76" hits="19" branch="False" />
            <line number="89" hits="0" branch="False" />
            <line number="90" hits="0" branch="True" condition-coverage="0% (0/2)">
              <conditions>
                <condition number="17" type="jump" coverage="0%" />
              </conditions>
            </line>
            <line number="92" hits="0" branch="False" />
            <line number="93" hits="0" branch="False" />
            <line number="97" hits="0" branch="False" />
            <line number="98" hits="0" branch="True" condition-coverage="0% (0/2)">
              <conditions>
                <condition number="64" type="jump" coverage="0%" />
              </conditions>
            </line>
            <line number="100" hits="0" branch="False" />
            <line number="101" hits="0" branch="False" />
            <line number="105" hits="0" branch="False" />
            <line number="106" hits="0" branch="False" />
            <line number="108" hits="0" branch="True" condition-coverage="0% (0/2)">
              <conditions>
                <condition number="122" type="jump" coverage="0%" />
              </conditions>
            </line>
            <line number="110" hits="0" branch="True" condition-coverage="0% (0/2)">
              <conditions>
                <condition number="132" type="jump" coverage="0%" />
              </conditions>
            </line>
            <line number="111" hits="0" branch="False" />
            <line number="112" hits="0" branch="False" />
            <line number="113" hits="0" branch="False" />
            <line number="117" hits="0" branch="False" />
            <line number="118" hits="0" branch="False" />
            <line number="119" hits="0" branch="False" />
            <line number="120" hits="0" branch="False" />
            <line number="222" hits="1" branch="False" />
            <line number="223" hits="1" branch="False" />
            <line number="224" hits="1" branch="False" />
            <line number="225" hits="1" branch="False" />
            <line number="226" hits="1" branch="False" />
            <line number="227" hits="1" branch="False" />
            <line number="228" hits="1" branch="False" />
            <line number="230" hits="1" branch="False" />
            <line number="232" hits="1" branch="False" />
            <line number="237" hits="1" branch="False" />
            <line number="238" hits="1" branch="False" />
            <line number="239" hits="1" branch="False" />
            <line number="240" hits="1" branch="False" />
            <line number="242" hits="1" branch="False" />
            <line number="243" hits="1" branch="False" />
            <line number="244" hits="1" branch="False" />
            <line number="248" hits="1" branch="False" />
            <line number="249" hits="1" branch="False" />
            <line number="250" hits="1" branch="True" condition-coverage="75% (3/4)">
              <conditions>
                <condition number="44" type="jump" coverage="50%" />
                <condition number="56" type="jump" coverage="100%" />
              </conditions>
            </line>
            <line number="251" hits="1" branch="True" condition-coverage="75% (3/4)">
              <conditions>
                <condition number="90" type="jump" coverage="50%" />
[...]
            <line number="432" hits="0" branch="False" />
            <line number="436" hits="0" branch="False" />
            <line number="439" hits="0" branch="True" condition-coverage="0% (0/2)">
              <conditions>
                <condition number="42" type="jump" coverage="0%" />
              </conditions>
            </line>
            <line number="441" hits="0" branch="False" />
            <line number="442" hits="0" branch="False" />
            <line number="447" hits="0" branch="True" condition-coverage="0% (0/2)">
              <conditions>
                <condition number="66" type="jump" coverage="0%" />
              </conditions>
            </line>
            <line number="448" hits="0" branch="False" />
            <line number="449" hits="0" branch="False" />
            <line number="452" hits="0" branch="False" />
            <line number="454" hits="0" branch="True" condition-coverage="0% (0/2)">
              <conditions>
                <condition number="116" type="jump" coverage="0%" />
              </conditions>
            </line>
            <line number="455" hits="0" branch="True" condition-coverage="0% (0/2)">
              <conditions>
                <condition number="133" type="jump" coverage="0%" />
              </conditions>
            </line>
            <line number="456" hits="0" branch="True" condition-coverage="0% (0/2)">
              <conditions>
                <condition number="150" type="jump" coverage="0%" />
              </conditions>
            </line>
            <line number="457" hits="0" branch="True" condition-coverage="0% (0/2)">
              <conditions>
                <condition number="167" type="jump" coverage="0%" />
              </conditions>
            </line>
            <line number="460" hits="0" branch="False" />
            <line number="461" hits="0" branch="False" />
            <line number="92" hits="0" branch="False" />
            <line number="34" hits="0" branch="False" />
            <line number="41" hits="0" branch="False" />
            <line number="60" hits="0" branch="False" />
            <line number="61" hits="0" branch="False" />
            <line number="63" hits="0" branch="True" condition-coverage="0% (0/2)">
              <conditions>
                <condition number="38" type="jump" coverage="0%" />
              </conditions>
            </line>
            <line number="64" hits="0" branch="False" />
            <line number="65" hits="0" branch="True" condition-coverage="0% (0/2)">
              <conditions>
                <condition number="66" type="jump" coverage="0%" />
              </conditions>
            </line>
            <line number="66" hits="0" branch="False" />
            <line number="68" hits="0" branch="True" condition-coverage="0% (0/2)">
              <conditions>
                <condition number="87" type="jump" coverage="0%" />
              </conditions>
            </line>
            <line number="69" hits="0" branch="False" />
            <line number="70" hits="0" branch="False" />
            <line number="71" hits="0" branch="False" />
            <line number="72" hits="0" branch="False" />
            <line number="75" hits="0" branch="True" condition-coverage="0% (0/2)">
              <conditions>
                <condition number="150" type="jump" coverage="0%" />
              </conditions>
            </line>
            <line number="78" hits="0" branch="True" condition-coverage="0% (0/2)">
              <conditions>
                <condition number="168" type="jump" coverage="0%" />
              </conditions>
            </line>
            <line number="81" hits="0" branch="False" />
            <line number="82" hits="0" branch="False" />
            <line number="85" hits="0" branch="False" />
            <line number="86" hits="0" branch="False" />
            <line number="89" hits="0" branch="False" />
            <line number="93" hits="0" branch="False" />
          </lines>
        </class>
        <class name="Flink.JobBuilder.Backpressure.TokenBucketRateLimiter/&lt;&gt;c__DisplayClass15_0" filename="Flink.JobBuilder/Backpressure/TokenBucketRateLimiter.cs" line-rate="0" branch-rate="1" complexity="1">
          <methods>
            <method name="&lt;AcquireAsync&gt;b__0" signature="()" line-rate="0" branch-rate="1" complexity="1">
              <lines>
                <line number="159" hits="0" branch="False" />
                <line number="160" hits="0" branch="False" />
              </lines>
            </method>
          </methods>
          <lines>
            <line number="159" hits="0" branch="False" />
            <line number="160" hits="0" branch="False" />
          </lines>
        </class>
        <class name="Flink.JobBuilder.Backpressure.TokenBucketRateLimiter/&lt;AcquireAsync&gt;d__15" filename="Flink.JobBuilder/Backpressure/TokenBucketRateLimiter.cs" line-rate="0" branch-rate="0" complexity="4">
          <methods>
            <method name="MoveNext" signature="()" line-rate="0" branch-rate="0" complexity="4">
              <lines>
                <line number="138" hits="0" branch="True" condition-coverage="0% (0/2)">
                  <conditions>
                    <condition number="62" type="jump" coverage="0%" />
                  </conditions>
                </line>
                <line number="139" hits="0" branch="False" />
                <line number="142" hits="0" branch="True" condition-coverage="0% (0/2)">
                  <conditions>
                    <condition number="188" type="jump" coverage="0%" />
                  </conditions>
                </line>
                <line number="144" hits="0" branch="False" />
                <line number="148" hits="0" branch="False" />
                <line number="149" hits="0" branch="False" />
                <line number="150" hits="0" branch="False" />
                <line number="151" hits="0" branch="False" />
                <line number="152" hits="0" branch="False" />
                <line number="153" hits="0" branch="False" />
                <line number="154" hits="0" branch="False" />
                <line number="157" hits="0" branch="False" />
                <line number="158" hits="0" branch="False" />
                <line number="162" hits="0" branch="False" />
                <line number="165" hits="0" branch="False" />
                <line number="166" hits="0" branch="False" />
              </lines>
            </method>
          </methods>
          <lines>
            <line number="138" hits="0" branch="True" condition-coverage="0% (0/2)">
              <conditions>
                <condition number="62" type="jump" coverage="0%" />
              </conditions>
            </line>
            <line number="139" hits="0" branch="False" />
            <line number="142" hits="0" branch="True" condition-coverage="0% (0/2)">
              <conditions>
                <condition number="188" type="jump" coverage="0%" />
              </conditions>
            </line>
            <line number="144" hits="0" branch="False" />
            <line number="148" hits="0" branch="False" />
            <line number="149" hits="0" branch="False" />
            <line number="150" hits="0" branch="False" />
            <line number="151" hits="0" branch="False" />
            <line number="152" hits="0" branch="False" />
            <line number="153" hits="0" branch="False" />
            <line number="154" hits="0" branch="False" />
            <line number="157" hits="0" branch="False" />
            <line number="158" hits="0" branch="False" />
            <line number="162" hits="0" branch="False" />
            <line number="165" hits="0" branch="False" />
            <line number="166" hits="0" branch="False" />
          </lines>
        </class>
        <class name="Flink.JobBuilder.Backpressure.TokenBucketRateLimiter/&lt;PersistStateAsync&gt;d__36" filename="Flink.JobBuilder/Backpressure/TokenBucketRateLimiter.cs" line-rate="0" branch-rate="0" complexity="2">
          <methods>
            <method name="MoveNext" signature="()" line-rate="0" branch-rate="0" complexity="2">
              <lines>
                <line number="284" hits="0" branch="True" condition-coverage="0% (0/2)">
                  <conditions>
                    <condition number="25" type="jump" coverage="0%" />
                  </conditions>
                </line>
                <line number="285" hits="0" branch="False" />
                <line number="290" hits="0" branch="False" />
                <line number="292" hits="0" branch="False" />
                <line number="293" hits="0" branch="False" />
                <line number="294" hits="0" branch="False" />
                <line number="295" hits="0" branch="False" />
                <line number="296" hits="0" branch="False" />
                <line number="297" hits="0" branch="False" />
                <line number="298" hits="0" branch="False" />
                <line number="299" hits="0" branch="False" />
                <line number="300" hits="0" branch="False" />
                <line number="301" hits="0" branch="False" />
                <line number="302" hits="0" branch="False" />
                <line number="303" hits="0" branch="False" />
                <line number="304" hits="0" branch="False" />
                <line number="306" hits="0" branch="False" />
                <line number="307" hits="0" branch="False" />
                <line number="308" hits="0" branch="False" />
                <line number="312" hits="0" branch="False" />
                <line number="313" hits="0" branch="False" />
              </lines>
            </method>
          </methods>
          <lines>
            <line number="284" hits="0" branch="True" condition-coverage="0% (0/2)">
              <conditions>
                <condition number="25" type="jump" coverage="0%" />
              </conditions>
            </line>
            <line number="285" hits="0" branch="False" />
            <line number="290" hits="0" branch="False" />
            <line number="292" hits="0" branch="False" />
            <line number="293" hits="0" branch="False" />
            <line number="294" hits="0" branch="False" />
            <line number="295" hits="0" branch="False" />
            <line number="296" hits="0" branch="False" />
            <line number="297" hits="0" branch="False" />
            <line number="298" hits="0" branch="False" />
            <line number="299" hits="0" branch="False" />
            <line number="300" hits="0" branch="False" />
            <line number="301" hits="0" branch="False" />
            <line number="302" hits="0" branch="False" />
            <line number="303" hits="0" branch="False" />
            <line number="304" hits="0" branch="False" />
            <line number="306" hits="0" branch="False" />
            <line number="307" hits="0" branch="False" />
            <line number="308" hits="0" branch="False" />
            <line number="312" hits="0" branch="False" />
            <line number="313" hits="0" branch="False" />
          </lines>
        </class>
        <class name="Flink.JobBuilder.Backpressure.TokenBucketRateLimiter/&lt;ProcessWaitingRequestsAsync&gt;d__38" filename="Flink.JobBuilder/Backpressure/TokenBucketRateLimiter.cs" line-rate="0" branch-rate="0" complexity="12">
          <methods>
            <method name="MoveNext" signature="()" line-rate="0" branch-rate="0" complexity="12">
              <lines>
                <line number="345" hits="0" branch="True" condition-coverage="0% (0/2)">
                  <conditions>
                    <condition number="25" type="jump" coverage="0%" />
                  </conditions>
                </line>
                <line number="346" hits="0" branch="False" />
                <line number="350" hits="0" branch="False" />
                <line number="351" hits="0" branch="False" />
                <line number="353" hits="0" branch="True" condition-coverage="0% (0/4)">
                  <conditions>
                    <condition number="66" type="jump" coverage="0%" />
                    <condition number="88" type="jump" coverage="0%" />
                  </conditions>
                </line>
                <line number="356" hits="0" branch="True" condition-coverage="0% (0/2)">
                  <conditions>
                    <condition number="112" type="jump" coverage="0%" />
                  </conditions>
                </line>
                <line number="358" hits="0" branch="False" />
                <line number="359" hits="0" branch="False" />
                <line number="360" hits="0" branch="False" />
                <line number="364" hits="0" branch="True" condition-coverage="0% (0/2)">
                  <conditions>
                    <condition number="276" type="jump" coverage="0%" />
                  </conditions>
                </line>
                <line number="366" hits="0" branch="False" />
                <line number="367" hits="0" branch="False" />
                <line number="372" hits="0" branch="False" />
                <line number="373" hits="0" branch="True" condition-coverage="0% (0/2)">
                  <conditions>
                    <condition number="350" type="jump" coverage="0%" />
                  </conditions>
                </line>
                <line number="375" hits="0" branch="False" />
                <line number="376" hits="0" branch="False" />
                <line number="377" hits="0" branch="False" />
                <line number="382" hits="0" branch="False" />
                <line number="387" hits="0" branch="False" />
                <line number="388" hits="0" branch="False" />
                <line number="392" hits="0" branch="False" />
                <line number="393" hits="0" branch="False" />
              </lines>
            </method>
          </methods>
          <lines>
            <line number="345" hits="0" branch="True" condition-coverage="0% (0/2)">
              <conditions>
                <condition number="25" type="jump" coverage="0%" />
              </conditions>
            </line>
            <line number="346" hits="0" branch="False" />
            <line number="350" hits="0" branch="False" />
            <line number="351" hits="0" branch="False" />
            <line number="353" hits="0" branch="True" condition-coverage="0% (0/4)">
              <conditions>
                <condition number="66" type="jump" coverage="0%" />
                <condition number="88" type="jump" coverage="0%" />
              </conditions>
            </line>
            <line number="356" hits="0" branch="True" condition-coverage="0% (0/2)">
              <conditions>
                <condition number="112" type="jump" coverage="0%" />
              </conditions>
            </line>
            <line number="358" hits="0" branch="False" />
            <line number="359" hits="0" branch="False" />
            <line number="360" hits="0" branch="False" />
            <line number="364" hits="0" branch="True" condition-coverage="0% (0/2)">
              <conditions>
                <condition number="276" type="jump" coverage="0%" />
              </conditions>
            </line>
            <line number="366" hits="0" branch="False" />
            <line number="367" hits="0" branch="False" />
            <line number="372" hits="0" branch="False" />
            <line number="373" hits="0" branch="True" condition-coverage="0% (0/2)">
              <conditions>
                <condition number="350" type="jump" coverage="0%" />
              </conditions>
            </line>
            <line number="375" hits="0" branch="False" />
            <line number="376" hits="0" branch="False" />
            <line number="377" hits="0" branch="False" />
            <line number="382" hits="0" branch="False" />
            <line number="387" hits="0" branch="False" />
            <line number="388" hits="0" branch="False" />
            <line number="392" hits="0" branch="False" />
            <line number="393" hits="0" branch="False" />
          </lines>
        </class>
        <class name="Flink.JobBuilder.Backpressure.TokenBucketRateLimiter/&lt;RestoreStateAsync&gt;d__37" filename="Flink.JobBuilder/Backpressure/TokenBucketRateLimiter.cs" line-rate="0" branch-rate="0" complexity="2">
          <methods>
            <method name="MoveNext" signature="()" line-rate="0" branch-rate="0" complexity="2">
              <lines>
                <line number="322" hits="0" branch="False" />
                <line number="323" hits="0" branch="True" condition-coverage="0% (0/2)">
                  <conditions>
                    <condition number="134" type="jump" coverage="0%" />
                  </conditions>
                </line>
                <line number="325" hits="0" branch="False" />
                <line number="327" hits="0" branch="False" />
                <line number="328" hits="0" branch="False" />
                <line number="329" hits="0" branch="False" />
                <line number="330" hits="0" branch="False" />
                <line number="332" hits="0" branch="False" />
                <line number="333" hits="0" branch="False" />
                <line number="337" hits="0" branch="False" />
                <line number="338" hits="0" branch="False" />
              </lines>
            </method>
          </methods>
          <lines>
            <line number="322" hits="0" branch="False" />
            <line number="323" hits="0" branch="True" condition-coverage="0% (0/2)">
              <conditions>
                <condition number="134" type="jump" coverage="0%" />
              </conditions>
            </line>
            <line number="325" hits="0" branch="False" />
            <line number="327" hits="0" branch="False" />
            <line number="328" hits="0" branch="False" />
            <line number="329" hits="0" branch="False" />
            <line number="330" hits="0" branch="False" />
            <line number="332" hits="0" branch="False" />
            <line number="333" hits="0" branch="False" />
            <line number="337" hits="0" branch="False" />
            <line number="338" hits="0" branch="False" />
          </lines>
        </class>
        <class name="Flink.JobBuilder.Backpressure.WaitingRequest" filename="Flink.JobBuilder/Backpressure/TokenBucketRateLimiter.cs" line-rate="0" branch-rate="1" complexity="4">
          <methods>
            <method name="get_Permits" signature="()" line-rate="0" branch-rate="1" complexity="1">
              <lines>
                <line number="472" hits="0" branch="False" />
              </lines>
            </method>
            <method name="get_TaskCompletionSource" signature="()" line-rate="0" branch-rate="1" complexity="1">
              <lines>
                <line number="474" hits="0" branch="False" />
              </lines>
            </method>
            <method name="get_CancellationToken" signature="()" line-rate="0" branch-rate="1" complexity="1">
              <lines>
                <line number="477" hits="0" branch="False" />
              </lines>
            </method>
            <method name="get_RequestTime" signature="()" line-rate="0" branch-rate="1" complexity="1">
              <lines>
                <line number="481" hits="0" branch="False" />
              </lines>
            </method>
          </methods>
          <lines>
            <line number="472" hits="0" branch="False" />
            <line number="474" hits="0" branch="False" />
            <line number="477" hits="0" branch="False" />
            <line number="481" hits="0" branch="False" />
          </lines>
        </class>
      </classes>
    </package>
  </packages>
</coverage>