<?xml version="1.0" encoding="utf-8"?>
<coverage line-rate="0.4679" branch-rate="0.4439" version="1.9" timestamp="1760416880" lines-covered="1131" lines-valid="2417" branches-covered="416" branches-valid="937">
  <sources>
    <source>/home/runner/work/FlinkDotnet/FlinkDotnet/FlinkDotNet/</source>
  </sources>
  <packages>
    <package name="FlinkDotNet.Common" line-rate="1" branch-rate="0.9375" complexity="58">
      <classes>
        <class name="FlinkDotNet.Common.Configuration" filename="FlinkDotNet.Common/Configuration.cs" line-rate="1" branch-rate="0.9375" complexity="42">
          <methods>
            <method name="SetString" signature="(System.String,System.String)" line-rate="1" branch-rate="1" complexity="1">
              <lines>
                <line number="57" hits="25" branch="False" />
                <line number="58" hits="25" branch="False" />
              </lines>
            </method>
            <method name="SetInteger" signature="(System.String,System.Int32)" line-rate="1" branch-rate="1" complexity="1">
              <lines>
                <line number="69" hits="5" branch="False" />
                <line number="70" hits="5" branch="False" />
              </lines>
            </method>
            <method name="SetBoolean" signature="(System.String,System.Boolean)" line-rate="1" branch-rate="1" complexity="1">
              <lines>
                <line number="81" hits="3" branch="False" />
                <line number="82" hits="3" branch="False" />
              </lines>
            </method>
            <method name="SetLong" signature="(System.String,System.Int64)" line-rate="1" branch-rate="1" complexity="1">
              <lines>
                <line number="93" hits="2" branch="False" />
                <line number="94" hits="2" branch="False" />
              </lines>
            </method>
            <method name="GetString" signature="(System.String,System.String)" line-rate="1" branch-rate="0.75" complexity="8">
              <lines>
                <line number="105" hits="17" branch="True" condition-coverage="100% (2/2)">
                  <conditions>
                    <condition number="14" type="jump" coverage="100%" />
                  </conditions>
                </line>
                <line number="107" hits="14" branch="True" condition-coverage="50% (2/4)">
                  <conditions>
                    <condition number="23" type="jump" coverage="50%" />
                    <condition number="28" type="jump" coverage="50%" />
                  </conditions>
                </line>
                <line number="109" hits="3" branch="True" condition-coverage="100% (2/2)">
                  <conditions>
                    <condition number="39" type="jump" coverage="100%" />
                  </conditions>
                </line>
              </lines>
            </method>
            <method name="GetInteger" signature="(System.String,System.Int32)" line-rate="1" branch-rate="1" complexity="6">
              <lines>
                <line number="120" hits="6" branch="True" condition-coverage="100% (2/2)">
                  <conditions>
                    <condition number="14" type="jump" coverage="100%" />
                  </conditions>
                </line>
                <line number="122" hits="4" branch="True" condition-coverage="100% (2/2)">
                  <conditions>
                    <condition number="22" type="jump" coverage="100%" />
                  </conditions>
                </line>
                <line number="123" hits="3" branch="False" />
                <line number="124" hits="1" branch="True" condition-coverage="100% (2/2)">
                  <conditions>
                    <condition number="46" type="jump" coverage="100%" />
                  </conditions>
                </line>
                <line number="125" hits="1" branch="False" />
                <line number="127" hits="2" branch="False" />
              </lines>
            </method>
            <method name="GetBoolean" signature="(System.String,System.Boolean)" line-rate="1" branch-rate="1" complexity="6">
              <lines>
                <line number="138" hits="4" branch="True" condition-coverage="100% (2/2)">
                  <conditions>
                    <condition number="14" type="jump" coverage="100%" />
                  </conditions>
                </line>
                <line number="140" hits="2" branch="True" condition-coverage="100% (2/2)">
                  <conditions>
                    <condition number="22" type="jump" coverage="100%" />
                  </conditions>
                </line>
                <line number="141" hits="1" branch="False" />
                <line number="142" hits="1" branch="True" condition-coverage="100% (2/2)">
                  <conditions>
                    <condition number="46" type="jump" coverage="100%" />
                  </conditions>
                </line>
                <line number="143" hits="1" branch="False" />
                <line number="145" hits="2" branch="False" />
              </lines>
            </method>
            <method name="GetLong" signature="(System.String,System.Int64)" line-rate="1" branch-rate="1" complexity="6">
              <lines>
                <line number="156" hits="4" branch="True" condition-coverage="100% (2/2)">
                  <conditions>
                    <condition number="14" type="jump" coverage="100%" />
                  </conditions>
                </line>
                <line number="158" hits="2" branch="True" condition-coverage="100% (2/2)">
                  <conditions>
                    <condition number="22" type="jump" coverage="100%" />
                  </conditions>
                </line>
                <line number="159" hits="1" branch="False" />
                <line number="160" hits="1" branch="True" condition-coverage="100% (2/2)">
                  <conditions>
                    <condition number="46" type="jump" coverage="100%" />
                  </conditions>
                </line>
                <line number="161" hits="1" branch="False" />
                <line number="163" hits="2" branch="False" />
              </lines>
            </method>
            <method name="ContainsKey" signature="(System.String)" line-rate="1" branch-rate="1" complexity="1">
              <lines>
                <line number="173" hits="5" branch="False" />
              </lines>
            </method>
            <method name="RemoveKey" signature="(System.String)" line-rate="1" branch-rate="1" complexity="1">
              <lines>
                <line number="183" hits="2" branch="False" />
              </lines>
            </method>
            <method name="GetKeys" signature="()" line-rate="1" branch-rate="1" complexity="1">
              <lines>
                <line number="192" hits="3" branch="False" />
              </lines>
            </method>
            <method name="Clone" signature="()" line-rate="1" branch-rate="1" complexity="1">
              <lines>
                <line number="201" hits="1" branch="False" />
              </lines>
            </method>
            <method name="AddAll" signature="(FlinkDotNet.Common.Configuration)" line-rate="1" branch-rate="1" complexity="2">
              <lines>
                <line number="211" hits="12" branch="True" condition-coverage="100% (2/2)">
                  <conditions>
                    <condition number="54" type="jump" coverage="100%" />
                  </conditions>
                </line>
                <line number="213" hits="3" branch="False" />
                <line number="215" hits="3" branch="False" />
              </lines>
            </method>
            <method name="ToMap" signature="()" line-rate="1" branch-rate="1" complexity="1">
              <lines>
                <line number="224" hits="1" branch="False" />
              </lines>
            </method>
            <method name="ParseListValue" signature="(System.String)" line-rate="1" branch-rate="1" complexity="2">
              <lines>
                <line number="234" hits="4" branch="True" condition-coverage="100% (2/2)">
                  <conditions>
                    <condition number="6" type="jump" coverage="100%" />
                  </conditions>
                </line>
                <line number="235" hits="2" branch="False" />
                <line number="237" hits="2" branch="False" />
              </lines>
            </method>
            <method name=".ctor" signature="()" line-rate="1" branch-rate="1" complexity="1">
              <lines>
                <line number="28" hits="185" branch="False" />
                <line number="33" hits="183" branch="False" />
                <line number="35" hits="183" branch="False" />
              </lines>
            </method>
            <method name=".ctor" signature="(System.Collections.Generic.IDictionary`2&lt;System.String,System.Object&gt;)" line-rate="1" branch-rate="1" complexity="2">
              <lines>
                <line number="41" hits="2" branch="False" />
                <line number="43" hits="10" branch="True" condition-coverage="100% (2/2)">
                  <conditions>
                    <condition number="64" type="jump" coverage="100%" />
                  </conditions>
                </line>
                <line number="45" hits="3" branch="False" />
                <line number="47" hits="2" branch="False" />
              </lines>
            </method>
          </methods>
          <lines>
            <line number="57" hits="25" branch="False" />
            <line number="58" hits="25" branch="False" />
            <line number="69" hits="5" branch="False" />
            <line number="70" hits="5" branch="False" />
            <line number="81" hits="3" branch="False" />
            <line number="82" hits="3" branch="False" />
            <line number="93" hits="2" branch="False" />
            <line number="94" hits="2" branch="False" />
            <line number="105" hits="17" branch="True" condition-coverage="100% (2/2)">
              <conditions>
                <condition number="14" type="jump" coverage="100%" />
              </conditions>
            </line>
            <line number="107" hits="14" branch="True" condition-coverage="50% (2/4)">
              <conditions>
                <condition number="23" type="jump" coverage="50%" />
                <condition number="28" type="jump" coverage="50%" />
              </conditions>
            </line>
            <line number="109" hits="3" branch="True" condition-coverage="100% (2/2)">
              <conditions>
                <condition number="39" type="jump" coverage="100%" />
              </conditions>
            </line>
            <line number="120" hits="6" branch="True" condition-coverage="100% (2/2)">
              <conditions>
                <condition number="14" type="jump" coverage="100%" />
              </conditions>
            </line>
            <line number="122" hits="4" branch="True" condition-coverage="100% (2/2)">
              <conditions>
                <condition number="22" type="jump" coverage="100%" />
              </conditions>
            </line>
            <line number="123" hits="3" branch="False" />
            <line number="124" hits="1" branch="True" condition-coverage="100% (2/2)">
              <conditions>
                <condition number="46" type="jump" coverage="100%" />
              </conditions>
            </line>
            <line number="125" hits="1" branch="False" />
            <line number="127" hits="2" branch="False" />
            <line number="138" hits="4" branch="True" condition-coverage="100% (2/2)">
              <conditions>
                <condition number="14" type="jump" coverage="100%" />
              </conditions>
            </line>
            <line number="140" hits="2" branch="True" condition-coverage="100% (2/2)">
              <conditions>
                <condition number="22" type="jump" coverage="100%" />
              </conditions>
            </line>
            <line number="141" hits="1" branch="False" />
            <line number="142" hits="1" branch="True" condition-coverage="100% (2/2)">
              <conditions>
                <condition number="46" type="jump" coverage="100%" />
              </conditions>
            </line>
            <line number="143" hits="1" branch="False" />
            <line number="145" hits="2" branch="False" />
            <line number="156" hits="4" branch="True" condition-coverage="100% (2/2)">
              <conditions>
                <condition number="14" type="jump" coverage="100%" />
              </conditions>
            </line>
            <line number="158" hits="2" branch="True" condition-coverage="100% (2/2)">
              <conditions>
                <condition number="22" type="jump" coverage="100%" />
              </conditions>
            </line>
            <line number="159" hits="1" branch="False" />
            <line number="160" hits="1" branch="True" condition-coverage="100% (2/2)">
              <conditions>
                <condition number="46" type="jump" coverage="100%" />
              </conditions>
            </line>
            <line number="161" hits="1" branch="False" />
            <line number="163" hits="2" branch="False" />
            <line number="173" hits="5" branch="False" />
            <line number="183" hits="2" branch="False" />
            <line number="192" hits="3" branch="False" />
            <line number="201" hits="1" branch="False" />
            <line number="211" hits="12" branch="True" condition-coverage="100% (2/2)">
              <conditions>
                <condition number="54" type="jump" coverage="100%" />
              </conditions>
            </line>
            <line number="213" hits="3" branch="False" />
            <line number="215" hits="3" branch="False" />
            <line number="224" hits="1" branch="False" />
            <line number="234" hits="4" branch="True" condition-coverage="100% (2/2)">
              <conditions>
                <condition number="6" type="jump" coverage="100%" />
              </conditions>
            </line>
            <line number="235" hits="2" branch="False" />
            <line number="237" hits="2" branch="False" />
            <line number="28" hits="185" branch="False" />
            <line number="33" hits="183" branch="False" />
            <line number="35" hits="183" branch="False" />
            <line number="41" hits="2" branch="False" />
            <line number="43" hits="10" branch="True" condition-coverage="100% (2/2)">
              <conditions>
                <condition number="64" type="jump" coverage="100%" />
              </conditions>
            </line>
            <line number="45" hits="3" branch="False" />
            <line number="47" hits="2" branch="False" />
          </lines>
        </class>
        <class name="FlinkDotNet.Common.ExecutionConfig" filename="FlinkDotNet.Common/ExecutionConfig.cs" line-rate="1" branch-rate="1" complexity="16">
          <methods>
            <method name="SetParallelism" signature="(System.Int32)" line-rate="1" branch-rate="1" complexity="1">
              <lines>
                <line number="103" hits="5" branch="False" />
                <line number="104" hits="5" branch="False" />
              </lines>
            </method>
            <method name="SetMaxParallelism" signature="(System.Int32)" line-rate="1" branch-rate="1" complexity="1">
              <lines>
                <line number="114" hits="6" branch="False" />
                <line number="115" hits="6" branch="False" />
              </lines>
            </method>
            <method name="SetAutoWatermarkInterval" signature="(System.Int64)" line-rate="1" branch-rate="1" complexity="1">
              <lines>
                <line number="125" hits="2" branch="False" />
                <line number="126" hits="2" branch="False" />
              </lines>
            </method>
            <method name="EnableObjectReuse" signature="(System.Boolean)" line-rate="1" branch-rate="1" complexity="1">
              <lines>
                <line number="136" hits="9" branch="False" />
                <line number="137" hits="9" branch="False" />
              </lines>
            </method>
            <method name="DisableObjectReuse" signature="()" line-rate="1" branch-rate="1" complexity="1">
              <lines>
                <line number="146" hits="2" branch="False" />
              </lines>
            </method>
            <method name="EnableClosureCleaner" signature="(System.Boolean)" line-rate="1" branch-rate="1" complexity="1">
              <lines>
                <line number="156" hits="8" branch="False" />
                <line number="157" hits="8" branch="False" />
              </lines>
            </method>
            <method name="DisableClosureCleaner" signature="()" line-rate="1" branch-rate="1" complexity="1">
              <lines>
                <line number="166" hits="2" branch="False" />
              </lines>
            </method>
            <method name="SetRestartStrategy" signature="(System.String)" line-rate="1" branch-rate="1" complexity="1">
              <lines>
                <line number="177" hits="3" branch="False" />
                <line number="178" hits="3" branch="False" />
              </lines>
            </method>
            <method name="EnableSlotSharing" signature="(System.Boolean)" line-rate="1" branch-rate="1" complexity="1">
              <lines>
                <line number="189" hits="6" branch="False" />
                <line number="190" hits="6" branch="False" />
              </lines>
            </method>
            <method name="EnableAdaptiveScheduler" signature="(System.Boolean)" line-rate="1" branch-rate="1" complexity="1">
              <lines>
                <line number="202" hits="6" branch="False" />
                <line number="203" hits="6" branch="False" />
              </lines>
            </method>
            <method name="EnableReactiveMode" signature="(System.Boolean)" line-rate="1" branch-rate="1" complexity="1">
              <lines>
                <line number="215" hits="5" branch="False" />
                <line number="216" hits="5" branch="False" />
              </lines>
            </method>
            <method name="GetConfiguration" signature="()" line-rate="1" branch-rate="1" complexity="1">
              <lines>
                <line number="225" hits="7" branch="False" />
              </lines>
            </method>
            <method name="SetProperty" signature="(System.String,System.Object)" line-rate="1" branch-rate="1" complexity="1">
              <lines>
                <line number="236" hits="2" branch="False" />
                <line number="237" hits="2" branch="False" />
              </lines>
            </method>
            <method name="GetProperty" signature="(System.String,System.String)" line-rate="1" branch-rate="1" complexity="1">
              <lines>
                <line number="248" hits="3" branch="False" />
              </lines>
            </method>
            <method name=".ctor" signature="()" line-rate="1" branch-rate="1" complexity="1">
              <lines>
                <line number="30" hits="37" branch="False" />
                <line number="32" hits="37" branch="False" />
              </lines>
            </method>
            <method name=".ctor" signature="(FlinkDotNet.Common.Configuration)" line-rate="1" branch-rate="1" complexity="1">
              <lines>
                <line number="38" hits="146" branch="False" />
                <line number="40" hits="146" branch="False" />
                <line number="41" hits="146" branch="False" />
                <line number="46" hits="146" branch="False" />
                <line number="51" hits="146" branch="False" />
                <line number="56" hits="146" branch="False" />
                <line number="70" hits="146" branch="False" />
                <line number="76" hits="146" branch="False" />
                <line number="82" hits="146" branch="False" />
              </lines>
            </method>
          </methods>
          <lines>
            <line number="103" hits="5" branch="False" />
            <line number="104" hits="5" branch="False" />
            <line number="114" hits="6" branch="False" />
            <line number="115" hits="6" branch="False" />
            <line number="125" hits="2" branch="False" />
            <line number="126" hits="2" branch="False" />
            <line number="136" hits="9" branch="False" />
            <line number="137" hits="9" branch="False" />
            <line number="146" hits="2" branch="False" />
            <line number="156" hits="8" branch="False" />
            <line number="157" hits="8" branch="False" />
            <line number="166" hits="2" branch="False" />
            <line number="177" hits="3" branch="False" />
            <line number="178" hits="3" branch="False" />
            <line number="189" hits="6" branch="False" />
            <line number="190" hits="6" branch="False" />
            <line number="202" hits="6" branch="False" />
            <line number="203" hits="6" branch="False" />
            <line number="215" hits="5" branch="False" />
            <line number="216" hits="5" branch="False" />
            <line number="225" hits="7" branch="False" />
            <line number="236" hits="2" branch="False" />
            <line number="237" hits="2" branch="False" />
            <line number="248" hits="3" branch="False" />
            <line number="30" hits="37" branch="False" />
            <line number="32" hits="37" branch="False" />
            <line number="38" hits="146" branch="False" />
            <line number="40" hits="146" branch="False" />
            <line number="41" hits="146" branch="False" />
            <line number="46" hits="146" branch="False" />
            <line number="51" hits="146" branch="False" />
            <line number="56" hits="146" branch="False" />
            <line number="70" hits="146" branch="False" />
            <line number="76" hits="146" branch="False" />
            <line number="82" hits="146" branch="False" />
          </lines>
        </class>
      </classes>
    </package>
    <package name="FlinkDotNet.DataStream" line-rate="0.6006" branch-rate="0.4025" complexity="344">
      <classes>
        <class name="FlinkDotNet.DataStream.IAsyncFunction`2" filename="FlinkDotNet.DataStream/AdvancedFunctions.cs" line-rate="0" branch-rate="1" complexity="1">
          <methods>
            <method name="TimeoutAsync" signature="(TIn,FlinkDotNet.DataStream.IResultFuture`1&lt;TOut&gt;)" line-rate="0" branch-rate="1" complexity="1">
              <lines>
                <line number="139" hits="0" branch="False" />
                <line number="140" hits="0" branch="False" />
              </lines>
            </method>
          </methods>
          <lines>
            <line number="139" hits="0" branch="False" />
            <line number="140" hits="0" branch="False" />
          </lines>
        </class>
        <class name="FlinkDotNet.DataStream.OutputTag`1" filename="FlinkDotNet.DataStream/AdvancedFunctions.cs" line-rate="1" branch-rate="1" complexity="5">
          <methods>
            <method name="Equals" signature="(System.Object)" line-rate="1" branch-rate="1" complexity="2">
              <lines>
                <line number="331" hits="5" branch="True" condition-coverage="100% (2/2)">
                  <conditions>
                    <condition number="8" type="jump" coverage="100%" />
                  </conditions>
                </line>
                <line number="333" hits="2" branch="False" />
                <line number="335" hits="3" branch="False" />
              </lines>
            </method>
            <method name="GetHashCode" signature="()" line-rate="1" branch-rate="1" complexity="1">
              <lines>
                <line number="340" hits="4" branch="False" />
              </lines>
            </method>
            <method name=".ctor" signature="(System.String)" line-rate="1" branch-rate="1" complexity="2">
              <lines>
                <line number="324" hits="14" branch="False" />
                <line number="326" hits="14" branch="True" condition-coverage="100% (2/2)">
                  <conditions>
                    <condition number="9" type="jump" coverage="100%" />
                  </conditions>
                </line>
                <line number="327" hits="13" branch="False" />
              </lines>
            </method>
          </methods>
          <lines>
            <line number="331" hits="5" branch="True" condition-coverage="100% (2/2)">
              <conditions>
                <condition number="8" type="jump" coverage="100%" />
              </conditions>
            </line>
            <line number="333" hits="2" branch="False" />
            <line number="335" hits="3" branch="False" />
            <line number="340" hits="4" branch="False" />
            <line number="324" hits="14" branch="False" />
            <line number="326" hits="14" branch="True" condition-coverage="100% (2/2)">
              <conditions>
                <condition number="9" type="jump" coverage="100%" />
              </conditions>
            </line>
            <line number="327" hits="13" branch="False" />
          </lines>
        </class>
        <class name="FlinkDotNet.DataStream.DataStream`1" filename="FlinkDotNet.DataStream/DataStream.cs" line-rate="0.7120000000000001" branch-rate="0.4512" complexity="101">
          <methods>
            <method name="AttachOperationCapture" signature="(FlinkDotNet.DataStream.OperationCapture)" line-rate="1" branch-rate="1" complexity="1">
              <lines>
                <line number="77" hits="7" branch="False" />
                <line number="78" hits="7" branch="False" />
              </lines>
            </method>
            <method name="Map" signature="(System.Func`2&lt;T,TOut&gt;)" line-rate="0.5" branch-rate="0.25" complexity="12">
              <lines>
                <line number="88" hits="11" branch="True" condition-coverage="100% (2/2)">
                  <conditions>
                    <condition number="6" type="jump" coverage="100%" />
                  </conditions>
                </line>
                <line number="90" hits="10" branch="False" />
                <line number="91" hits="10" branch="False" />
                <line number="94" hits="1" branch="True" condition-coverage="50% (1/2)">
                  <conditions>
                    <condition number="38" type="jump" coverage="50%" />
                  </conditions>
                </line>
                <line number="96" hits="1" branch="False" />
                <line number="97" hits="1" branch="False" />
                <line number="101" hits="0" branch="True" condition-coverage="0% (0/4)">
                  <conditions>
                    <condition number="91" type="jump" coverage="0%" />
                    <condition number="99" type="jump" coverage="0%" />
                  </conditions>
                </line>
                <line number="106" hits="0" branch="True" condition-coverage="0% (0/2)">
                  <conditions>
                    <condition number="108" type="jump" coverage="0%" />
                  </conditions>
                </line>
                <line number="107" hits="0" branch="True" condition-coverage="0% (0/2)">
                  <conditions>
                    <condition number="134" type="jump" coverage="0%" />
                  </conditions>
                </line>
                <line number="109" hits="0" branch="False" />
                <line number="111" hits="0" branch="False" />
                <line number="114" hits="0" branch="False" />
              </lines>
            </method>
            <method name="Map" signature="(FlinkDotNet.DataStream.IMapFunction`2&lt;T,TOut&gt;)" line-rate="0.8" branch-rate="0.5" complexity="4">
              <lines>
                <line number="127" hits="1" branch="True" condition-coverage="50% (1/2)">
                  <conditions>
                    <condition number="7" type="jump" coverage="50%" />
                  </conditions>
                </line>
                <line number="129" hits="1" branch="False" />
                <line number="132" hits="1" branch="True" condition-coverage="50% (1/2)">
                  <conditions>
                    <condition number="49" type="jump" coverage="50%" />
                  </conditions>
                </line>
                <line number="134" hits="0" branch="False" />
                <line number="137" hits="1" branch="False" />
              </lines>
            </method>
            <method name="Map" signature="(System.String)" line-rate="1" branch-rate="1" complexity="4">
              <lines>
                <line number="145" hits="3" branch="True" condition-coverage="100% (2/2)">
                  <conditions>
                    <condition number="25" type="jump" coverage="100%" />
                  </conditions>
                </line>
                <line number="146" hits="1" branch="False" />
                <line number="147" hits="2" branch="True" condition-coverage="100% (2/2)">
                  <conditions>
                    <condition number="44" type="jump" coverage="100%" />
                  </conditions>
                </line>
                <line number="148" hits="1" branch="False" />
                <line number="149" hits="1" branch="False" />
                <line number="150" hits="1" branch="False" />
              </lines>
            </method>
            <method name="Filter" signature="(System.Func`2&lt;T,System.Boolean&gt;)" line-rate="0.5" branch-rate="0.25" complexity="12">
              <lines>
                <line number="160" hits="11" branch="True" condition-coverage="100% (2/2)">
                  <conditions>
                    <condition number="6" type="jump" coverage="100%" />
                  </conditions>
                </line>
                <line number="162" hits="9" branch="False" />
                <line number="163" hits="9" branch="False" />
                <line number="166" hits="2" branch="True" condition-coverage="50% (1/2)">
                  <conditions>
                    <condition number="38" type="jump" coverage="50%" />
                  </conditions>
                </line>
                <line number="168" hits="2" branch="False" />
                <line number="169" hits="2" branch="False" />
                <line number="173" hits="0" branch="True" condition-coverage="0% (0/4)">
                  <conditions>
                    <condition number="91" type="jump" coverage="0%" />
                    <condition number="99" type="jump" coverage="0%" />
                  </conditions>
                </line>
                <line number="175" hits="0" branch="True" condition-coverage="0% (0/2)">
                  <conditions>
                    <condition number="108" type="jump" coverage="0%" />
                  </conditions>
                </line>
                <line number="176" hits="0" branch="True" condition-coverage="0% (0/2)">
                  <conditions>
                    <condition number="134" type="jump" coverage="0%" />
                  </conditions>
                </line>
                <line number="178" hits="0" branch="False" />
                <line number="180" hits="0" branch="False" />
                <line number="183" hits="0" branch="False" />
              </lines>
            </method>
            <method name="Filter" signature="(FlinkDotNet.DataStream.IFilterFunction`1&lt;T&gt;)" line-rate="1" branch-rate="1" complexity="1">
              <lines>
                <line number="194" hits="1" branch="False" />
              </lines>
            </method>
            <method name="FlatMap" signature="(System.Func`2&lt;T,System.Collections.Generic.IEnumerable`1&lt;TOut&gt;&gt;)" line-rate="0.5" branch-rate="0.25" complexity="12">
              <lines>
                <line number="205" hits="5" branch="True" condition-coverage="100% (2/2)">
                  <conditions>
                    <condition number="6" type="jump" coverage="100%" />
                  </conditions>
                </line>
                <line number="207" hits="4" branch="False" />
                <line number="208" hits="4" branch="False" />
                <line number="211" hits="1" branch="True" condition-coverage="50% (1/2)">
                  <conditions>
                    <condition number="38" type="jump" coverage="50%" />
                  </conditions>
                </line>
                <line number="213" hits="1" branch="False" />
                <line number="214" hits="1" branch="False" />
                <line number="218" hits="0" branch="True" condition-coverage="0% (0/4)">
                  <conditions>
                    <condition number="91" type="jump" coverage="0%" />
                    <condition number="99" type="jump" coverage="0%" />
                  </conditions>
                </line>
                <line number="220" hits="0" branch="True" condition-coverage="0% (0/2)">
                  <conditions>
                    <condition number="108" type="jump" coverage="0%" />
                  </conditions>
                </line>
                <line number="221" hits="0" branch="True" condition-coverage="0% (0/2)">
                  <conditions>
                    <condition number="134" type="jump" coverage="0%" />
                  </conditions>
                </line>
                <line number="223" hits="0" branch="False" />
                <line number="225" hits="0" branch="False" />
                <line number="228" hits="0" branch="False" />
              </lines>
            </method>
            <method name="FlatMap" signature="(FlinkDotNet.DataStream.IFlatMapFunction`2&lt;T,TOut&gt;)" line-rate="1" branch-rate="1" complexity="1">
              <lines>
                <line number="240" hits="1" branch="False" />
              </lines>
            </method>
            <method name="Where" signature="(System.String)" line-rate="0.5" branch-rate="0.5" complexity="2">
              <lines>
                <line number="252" hits="1" branch="True" condition-coverage="50% (1/2)">
                  <conditions>
                    <condition number="6" type="jump" coverage="50%" />
                  </conditions>
                </line>
                <line number="255" hits="1" branch="False" />
                <line number="257" hits="0" branch="False" />
                <line number="258" hits="0" branch="False" />
              </lines>
            </method>
            <method name="SinkToKafka" signature="(System.String,System.String,System.Func`2&lt;T,System.String&gt;)" line-rate="0.75" branch-rate="0.8332999999999999" complexity="6">
              <lines>
                <line number="266" hits="6" branch="True" condition-coverage="100% (2/2)">
                  <conditions>
                    <condition number="6" type="jump" coverage="100%" />
                  </conditions>
                </line>
                <line number="268" hits="3" branch="False" />
                <line number="269" hits="3" branch="False" />
                <line number="270" hits="3" branch="False" />
                <line number="274" hits="3" branch="True" condition-coverage="100% (2/2)">
                  <conditions>
                    <condition number="30" type="jump" coverage="100%" />
                  </conditions>
                </line>
                <line number="276" hits="2" branch="False" />
                <line number="277" hits="2" branch="False" />
                <line number="281" hits="1" branch="True" condition-coverage="50% (1/2)">
                  <conditions>
                    <condition number="54" type="jump" coverage="50%" />
                  </conditions>
                </line>
                <line number="282" hits="1" branch="False" />
                <line number="284" hits="0" branch="False" />
                <line number="285" hits="0" branch="False" />
                <line number="286" hits="0" branch="False" />
              </lines>
            </method>
            <method name="KeyBy" signature="(System.Func`2&lt;T,TKey&gt;)" line-rate="1" branch-rate="1" complexity="1">
              <lines>
                <line number="297" hits="12" branch="False" />
              </lines>
            </method>
            <method name="GroupBy" signature="(System.String)" line-rate="1" branch-rate="1" complexity="1">
              <lines>
                <line number="311" hits="1" branch="False" />
              </lines>
            </method>
            <method name="Print" signature="()" line-rate="1" branch-rate="1" complexity="1">
              <lines>
                <line number="321" hits="1" branch="False" />
              </lines>
            </method>
            <method name="AddSink" signature="(FlinkDotNet.DataStream.ISinkFunction`1&lt;T&gt;)" line-rate="0.1666" branch-rate="0.3333" complexity="12">
              <lines>
                <line number="333" hits="2" branch="True" condition-coverage="50% (2/4)">
                  <conditions>
                    <condition number="6" type="jump" coverage="50%" />
                    <condition number="9" type="jump" coverage="50%" />
                  </conditions>
                </line>
                <line number="336" hits="0" branch="False" />
                <line number="337" hits="0" branch="False" />
                <line number="340" hits="0" branch="False" />
                <line number="341" hits="0" branch="False" />
                <line number="342" hits="0" branch="False" />
                <line number="344" hits="0" branch="True" condition-coverage="0% (0/4)">
                  <conditions>
                    <condition number="51" type="jump" coverage="0%" />
                    <condition number="60" type="jump" coverage="0%" />
                  </conditions>
                </line>
                <line number="346" hits="0" branch="False" />
                <line number="347" hits="0" branch="False" />
                <line number="350" hits="0" branch="True" condition-coverage="50% (2/4)">
                  <conditions>
                    <condition number="94" type="jump" coverage="50%" />
                    <condition number="102" type="jump" coverage="50%" />
                  </conditions>
                </line>
                <line number="352" hits="0" branch="False" />
                <line number="357" hits="2" branch="False" />
              </lines>
            </method>
            <method name="SetParallelism" signature="(System.Int32)" line-rate="1" branch-rate="1" complexity="1">
              <lines>
                <line number="367" hits="5" branch="False" />
              </lines>
            </method>
            <method name="Name" signature="(System.String)" line-rate="1" branch-rate="1" complexity="1">
              <lines>
                <line number="377" hits="5" branch="False" />
              </lines>
            </method>
            <method name="Rebalance" signature="()" line-rate="1" branch-rate="1" complexity="1">
              <lines>
                <line number="387" hits="4" branch="False" />
              </lines>
            </method>
            <method name="Rescale" signature="()" line-rate="1" branch-rate="1" complexity="1">
              <lines>
                <line number="398" hits="2" branch="False" />
              </lines>
            </method>
            <method name="Forward" signature="()" line-rate="1" branch-rate="1" complexity="1">
              <lines>
                <line number="409" hits="2" branch="False" />
              </lines>
            </method>
            <method name="Shuffle" signature="()" line-rate="1" branch-rate="1" complexity="1">
              <lines>
                <line number="419" hits="2" branch="False" />
              </lines>
            </method>
            <method name="Broadcast" signature="()" line-rate="1" branch-rate="1" complexity="1">
              <lines>
                <line number="429" hits="2" branch="False" />
              </lines>
            </method>
            <method name="PartitionCustom" signature="(System.Func`3&lt;TKey,System.Int32,System.Int32&gt;,System.Func`2&lt;T,TKey&gt;)" line-rate="1" branch-rate="1" complexity="1">
              <lines>
                <line number="442" hits="2" branch="False" />
              </lines>
            </method>
            <method name="SetMaxParallelism" signature="(System.Int32)" line-rate="1" branch-rate="1" complexity="4">
              <lines>
                <line number="454" hits="8" branch="True" condition-coverage="100% (4/4)">
                  <conditions>
                    <condition number="2" type="jump" coverage="100%" />
                    <condition number="10" type="jump" coverage="100%" />
                  </conditions>
                </line>
                <line number="455" hits="3" branch="False" />
                <line number="456" hits="5" branch="False" />
              </lines>
            </method>
            <method name="SlotSharingGroup" signature="(System.String)" line-rate="1" branch-rate="1" complexity="1">
              <lines>
                <line number="467" hits="3" branch="False" />
              </lines>
            </method>
            <method name="AssignTimestampsAndWatermarks" signature="(FlinkDotNet.DataStream.IAssignerWithPunctuatedWatermarks`1&lt;T&gt;)" line-rate="1" branch-rate="0.5" complexity="2">
              <lines>
                <line number="479" hits="1" branch="True" condition-coverage="50% (1/2)">
                  <conditions>
                    <condition number="7" type="jump" coverage="50%" />
                  </conditions>
                </line>
                <line number="483" hits="1" branch="False" />
              </lines>
            </method>
            <method name="AssignTimestampsAndWatermarks" signature="(FlinkDotNet.DataStream.IAssignerWithPeriodicWatermarks`1&lt;T&gt;)" line-rate="1" branch-rate="1" complexity="1">
              <lines>
                <line number="496" hits="1" branch="False" />
              </lines>
            </method>
            <method name="TimeWindowAll" signature="(FlinkDotNet.DataStream.Time)" line-rate="0.8" branch-rate="0.5" complexity="4">
              <lines>
                <line number="508" hits="6" branch="True" condition-coverage="50% (1/2)">
                  <conditions>
                    <condition number="7" type="jump" coverage="50%" />
                  </conditions>
                </line>
                <line number="510" hits="6" branch="False" />
                <line number="513" hits="6" branch="True" condition-coverage="50% (1/2)">
                  <conditions>
                    <condition number="32" type="jump" coverage="50%" />
                  </conditions>
                </line>
                <line number="515" hits="0" branch="False" />
                <line number="518" hits="6" branch="False" />
              </lines>
            </method>
            <method name="CountWindowAll" signature="(System.Int32)" line-rate="0.8571" branch-rate="0.6666" complexity="6">
              <lines>
                <line number="530" hits="7" branch="True" condition-coverage="100% (2/2)">
                  <conditions>
                    <condition number="2" type="jump" coverage="100%" />
                  </conditions>
                </line>
                <line number="531" hits="2" branch="False" />
                <line number="534" hits="5" branch="True" condition-coverage="50% (1/2)">
                  <conditions>
                    <condition number="27" type="jump" coverage="50%" />
                  </conditions>
                </line>
                <line number="537" hits="5" branch="False" />
                <line number="540" hits="5" branch="True" condition-coverage="50% (1/2)">
                  <conditions>
                    <condition number="52" type="jump" coverage="50%" />
                  </conditions>
                </line>
                <line number="542" hits="0" branch="False" />
                <line number="545" hits="5" branch="False" />
              </lines>
            </method>
            <method name="GetExecutionEnvironment" signature="()" line-rate="1" branch-rate="1" complexity="1">
              <lines>
                <line number="554" hits="4" branch="False" />
              </lines>
            </method>
            <method name=".ctor" signature="(System.Collections.Generic.IEnumerable`1&lt;T&gt;,FlinkDotNet.DataStream.StreamExecutionEnvironment)" line-rate="1" branch-rate="1" complexity="1">
              <lines>
                <line number="45" hits="91" branch="False" />
                <line number="47" hits="91" branch="False" />
                <line number="48" hits="91" branch="False" />
                <line number="49" hits="91" branch="False" />
                <line number="50" hits="91" branch="False" />
              </lines>
            </method>
            <method name=".ctor" signature="(FlinkDotNet.DataStream.ISourceFunction`1&lt;T&gt;,FlinkDotNet.DataStream.StreamExecutionEnvironment,System.String)" line-rate="1" branch-rate="1" complexity="1">
              <lines>
                <line number="58" hits="21" branch="False" />
                <line number="60" hits="21" branch="False" />
                <line number="61" hits="21" branch="False" />
                <line number="62" hits="21" branch="False" />
                <line number="63" hits="21" branch="False" />
              </lines>
            </method>
            <method name=".ctor" signature="(Flink.JobBuilder.Models.JobDefinition,FlinkDotNet.DataStream.StreamExecutionEnvironment)" line-rate="1" branch-rate="0.5" complexity="2">
              <lines>
                <line number="65" hits="5" branch="False" />
                <line number="67" hits="5" branch="True" condition-coverage="50% (1/2)">
                  <conditions>
                    <condition number="9" type="jump" coverage="50%" />
                  </conditions>
                </line>
                <line number="68" hits="5" branch="False" />
                <line number="69" hits="5" branch="False" />
                <line number="70" hits="5" branch="False" />
              </lines>
            </method>
          </methods>
          <lines>
            <line number="77" hits="7" branch="False" />
            <line number="78" hits="7" branch="False" />
            <line number="88" hits="11" branch="True" condition-coverage="100% (2/2)">
              <conditions>
                <condition number="6" type="jump" coverage="100%" />
              </conditions>
            </line>
            <line number="90" hits="10" branch="False" />
            <line number="91" hits="10" branch="False" />
            <line number="94" hits="1" branch="True" condition-coverage="50% (1/2)">
              <conditions>
                <condition number="38" type="jump" coverage="50%" />
              </conditions>
            </line>
            <line number="96" hits="1" branch="False" />
            <line number="97" hits="1" branch="False" />
            <line number="101" hits="0" branch="True" condition-coverage="0% (0/4)">
              <conditions>
                <condition number="91" type="jump" coverage="0%" />
                <condition number="99" type="jump" coverage="0%" />
              </conditions>
            </line>
            <line number="106" hits="0" branch="True" condition-coverage="0% (0/2)">
              <conditions>
                <condition number="108" type="jump" coverage="0%" />
              </conditions>
            </line>
            <line number="107" hits="0" branch="True" condition-coverage="0% (0/2)">
              <conditions>
                <condition number="134" type="jump" coverage="0%" />
              </conditions>
            </line>
            <line number="109" hits="0" branch="False" />
            <line number="111" hits="0" branch="False" />
            <line number="114" hits="0" branch="False" />
            <line number="127" hits="1" branch="True" condition-coverage="50% (1/2)">
              <conditions>
                <condition number="7" type="jump" coverage="50%" />
              </conditions>
            </line>
            <line number="129" hits="1" branch="False" />
            <line number="132" hits="1" branch="True" condition-coverage="50% (1/2)">
              <conditions>
                <condition number="49" type="jump" coverage="50%" />
              </conditions>
            </line>
            <line number="134" hits="0" branch="False" />
            <line number="137" hits="1" branch="False" />
            <line number="145" hits="3" branch="True" condition-coverage="100% (2/2)">
              <conditions>
                <condition number="25" type="jump" coverage="100%" />
              </conditions>
            </line>
            <line number="146" hits="1" branch="False" />
            <line number="147" hits="2" branch="True" condition-coverage="100% (2/2)">
              <conditions>
                <condition number="44" type="jump" coverage="100%" />
              </conditions>
            </line>
            <line number="148" hits="1" branch="False" />
            <line number="149" hits="1" branch="False" />
            <line number="150" hits="1" branch="False" />
            <line number="160" hits="11" branch="True" condition-coverage="100% (2/2)">
              <conditions>
                <condition number="6" type="jump" coverage="100%" />
              </conditions>
            </line>
            <line number="162" hits="9" branch="False" />
            <line number="163" hits="9" branch="False" />
            <line number="166" hits="2" branch="True" condition-coverage="50% (1/2)">
              <conditions>
                <condition number="38" type="jump" coverage="50%" />
              </conditions>
            </line>
            <line number="168" hits="2" branch="False" />
            <line number="169" hits="2" branch="False" />
            <line number="173" hits="0" branch="True" condition-coverage="0% (0/4)">
              <conditions>
                <condition number="91" type="jump" coverage="0%" />
                <condition number="99" type="jump" coverage="0%" />
              </conditions>
            </line>
            <line number="175" hits="0" branch="True" condition-coverage="0% (0/2)">
              <conditions>
                <condition number="108" type="jump" coverage="0%" />
              </conditions>
            </line>
            <line number="176" hits="0" branch="True" condition-coverage="0% (0/2)">
              <conditions>
                <condition number="134" type="jump" coverage="0%" />
              </conditions>
            </line>
            <line number="178" hits="0" branch="False" />
            <line number="180" hits="0" branch="False" />
            <line number="183" hits="0" branch="False" />
            <line number="194" hits="1" branch="False" />
            <line number="205" hits="5" branch="True" condition-coverage="100% (2/2)">
              <conditions>
                <condition number="6" type="jump" coverage="100%" />
              </conditions>
            </line>
            <line number="207" hits="4" branch="False" />
            <line number="208" hits="4" branch="False" />
            <line number="211" hits="1" branch="True" condition-coverage="50% (1/2)">
              <conditions>
                <condition number="38" type="jump" coverage="50%" />
              </conditions>
            </line>
            <line number="213" hits="1" branch="False" />
            <line number="214" hits="1" branch="False" />
            <line number="218" hits="0" branch="True" condition-coverage="0% (0/4)">
              <conditions>
                <condition number="91" type="jump" coverage="0%" />
                <condition number="99" type="jump" coverage="0%" />
              </conditions>
            </line>
            <line number="220" hits="0" branch="True" condition-coverage="0% (0/2)">
              <conditions>
                <condition number="108" type="jump" coverage="0%" />
              </conditions>
            </line>
            <line number="221" hits="0" branch="True" condition-coverage="0% (0/2)">
              <conditions>
                <condition number="134" type="jump" coverage="0%" />
              </conditions>
            </line>
            <line number="223" hits="0" branch="False" />
            <line number="225" hits="0" branch="False" />
            <line number="228" hits="0" branch="False" />
            <line number="240" hits="1" branch="False" />
            <line number="252" hits="1" branch="True" condition-coverage="50% (1/2)">
              <conditions>
                <condition number="6" type="jump" coverage="50%" />
              </conditions>
            </line>
            <line number="255" hits="1" branch="False" />
            <line number="257" hits="0" branch="False" />
            <line number="258" hits="0" branch="False" />
            <line number="266" hits="6" branch="True" condition-coverage="100% (2/2)">
              <conditions>
                <condition number="6" type="jump" coverage="100%" />
              </conditions>
            </line>
            <line number="268" hits="3" branch="False" />
            <line number="269" hits="3" branch="False" />
            <line number="270" hits="3" branch="False" />
            <line number="274" hits="3" branch="True" condition-coverage="100% (2/2)">
              <conditions>
                <condition number="30" type="jump" coverage="100%" />
              </conditions>
            </line>
            <line number="276" hits="2" branch="False" />
            <line number="277" hits="2" branch="False" />
            <line number="281" hits="1" branch="True" condition-coverage="50% (1/2)">
              <conditions>
                <condition number="54" type="jump" coverage="50%" />
              </conditions>
            </line>
            <line number="282" hits="1" branch="False" />
            <line number="284" hits="0" branch="False" />
            <line number="285" hits="0" branch="False" />
            <line number="286" hits="0" branch="False" />
            <line number="297" hits="12" branch="False" />
            <line number="311" hits="1" branch="False" />
            <line number="321" hits="1" branch="False" />
            <line number="333" hits="2" branch="True" condition-coverage="50% (2/4)">
              <conditions>
                <condition number="6" type="jump" coverage="50%" />
                <condition number="9" type="jump" coverage="50%" />
              </conditions>
            </line>
            <line number="336" hits="0" branch="False" />
            <line number="337" hits="0" branch="False" />
            <line number="340" hits="0" branch="False" />
            <line number="341" hits="0" branch="False" />
            <line number="342" hits="0" branch="False" />
            <line number="344" hits="0" branch="True" condition-coverage="0% (0/4)">
              <conditions>
                <condition number="51" type="jump" coverage="0%" />
                <condition number="60" type="jump" coverage="0%" />
              </conditions>
            </line>
            <line number="346" hits="0" branch="False" />
            <line number="347" hits="0" branch="False" />
            <line number="350" hits="0" branch="True" condition-coverage="50% (2/4)">
              <conditions>
                <condition number="94" type="jump" coverage="50%" />
                <condition number="102" type="jump" coverage="50%" />
              </conditions>
            </line>
            <line number="352" hits="0" branch="False" />
            <line number="357" hits="2" branch="False" />
            <line number="367" hits="5" branch="False" />
            <line number="377" hits="5" branch="False" />
            <line number="387" hits="4" branch="False" />
            <line number="398" hits="2" branch="False" />
            <line number="409" hits="2" branch="False" />
            <line number="419" hits="2" branch="False" />
            <line number="429" hits="2" branch="False" />
            <line number="442" hits="2" branch="False" />
            <line number="454" hits="8" branch="True" condition-coverage="100% (4/4)">
              <conditions>
                <condition number="2" type="jump" coverage="100%" />
                <condition number="10" type="jump" coverage="100%" />
              </conditions>
            </line>
            <line number="455" hits="3" branch="False" />
            <line number="456" hits="5" branch="False" />
            <line number="467" hits="3" branch="False" />
            <line number="479" hits="1" branch="True" condition-coverage="50% (1/2)">
              <conditions>
                <condition number="7" type="jump" coverage="50%" />
              </conditions>
            </line>
            <line number="483" hits="1" branch="False" />
            <line number="496" hits="1" branch="False" />
            <line number="508" hits="6" branch="True" condition-coverage="50% (1/2)">
              <conditions>
                <condition number="7" type="jump" coverage="50%" />
              </conditions>
            </line>
            <line number="510" hits="6" branch="False" />
            <line number="513" hits="6" branch="True" condition-coverage="50% (1/2)">
              <conditions>
                <condition number="32" type="jump" coverage="50%" />
              </conditions>
            </line>
            <line number="515" hits="0" branch="False" />
            <line number="518" hits="6" branch="False" />
            <line number="530" hits="7" branch="True" condition-coverage="100% (2/2)">
              <conditions>
                <condition number="2" type="jump" coverage="100%" />
              </conditions>
            </line>
            <line number="531" hits="2" branch="False" />
            <line number="534" hits="5" branch="True" condition-coverage="50% (1/2)">
              <conditions>
                <condition number="27" type="jump" coverage="50%" />
              </conditions>
            </line>
            <line number="537" hits="5" branch="False" />
            <line number="540" hits="5" branch="True" condition-coverage="50% (1/2)">
              <conditions>
                <condition number="52" type="jump" coverage="50%" />
              </conditions>
            </line>
            <line number="542" hits="0" branch="False" />
            <line number="545" hits="5" branch="False" />
            <line number="554" hits="4" branch="False" />
            <line number="45" hits="91" branch="False" />
            <line number="47" hits="91" branch="False" />
            <line number="48" hits="91" branch="False" />
            <line number="49" hits="91" branch="False" />
            <line number="50" hits="91" branch="False" />
            <line number="58" hits="21" branch="False" />
            <line number="60" hits="21" branch="False" />
            <line number="61" hits="21" branch="False" />
            <line number="62" hits="21" branch="False" />
            <line number="63" hits="21" branch="False" />
            <line number="65" hits="5" branch="False" />
            <line number="67" hits="5" branch="True" condition-coverage="50% (1/2)">
              <conditions>
                <condition number="9" type="jump" coverage="50%" />
              </conditions>
            </line>
            <line number="68" hits="5" branch="False" />
            <line number="69" hits="5" branch="False" />
            <line number="70" hits="5" branch="False" />
          </lines>
        </class>
        <class name="FlinkDotNet.DataStream.KeyedStream`2" filename="FlinkDotNet.DataStream/DataStream.cs" line-rate="1" branch-rate="1" complexity="5">
          <methods>
            <method name="Reduce" signature="(System.Func`3&lt;T,T,T&gt;)" line-rate="1" branch-rate="1" complexity="1">
              <lines>
                <line number="582" hits="5" branch="False" />
              </lines>
            </method>
            <method name="Reduce" signature="(FlinkDotNet.DataStream.IReduceFunction`1&lt;T&gt;)" line-rate="1" branch-rate="1" complexity="1">
              <lines>
                <line number="593" hits="1" branch="False" />
              </lines>
            </method>
            <method name="Aggregate" signature="(System.String,System.String)" line-rate="1" branch-rate="1" complexity="1">
              <lines>
                <line number="605" hits="5" branch="False" />
              </lines>
            </method>
            <method name="GetDataStream" signature="()" line-rate="1" branch-rate="1" complexity="1">
              <lines>
                <line number="614" hits="2" branch="False" />
              </lines>
            </method>
            <method name=".ctor" signature="(FlinkDotNet.DataStream.DataStream`1&lt;T&gt;,System.Func`2&lt;T,TKey&gt;)" line-rate="1" branch-rate="1" complexity="1">
              <lines>
                <line number="568" hits="13" branch="False" />
                <line number="570" hits="13" branch="False" />
                <line number="572" hits="13" branch="False" />
              </lines>
            </method>
          </methods>
          <lines>
            <line number="582" hits="5" branch="False" />
            <line number="593" hits="1" branch="False" />
            <line number="605" hits="5" branch="False" />
            <line number="614" hits="2" branch="False" />
            <line number="568" hits="13" branch="False" />
            <line number="570" hits="13" branch="False" />
            <line number="572" hits="13" branch="False" />
          </lines>
        </class>
        <class name="FlinkDotNet.DataStream.AllWindowedStream`1" filename="FlinkDotNet.DataStream/DataStream.cs" line-rate="0.8887999999999999" branch-rate="0.5" complexity="15">
          <methods>
            <method name="AttachOperationCapture" signature="(FlinkDotNet.DataStream.OperationCapture)" line-rate="0" branch-rate="1" complexity="1">
              <lines>
                <line number="649" hits="0" branch="False" />
                <line number="650" hits="0" branch="False" />
              </lines>
            </method>
            <method name="Aggregate" signature="(FlinkDotNet.DataStream.IAggregateFunction`3&lt;T,TAcc,TResult&gt;)" line-rate="0.9229999999999999" branch-rate="0.5" complexity="6">
              <lines>
                <line number="663" hits="3" branch="True" condition-coverage="50% (1/2)">
                  <conditions>
                    <condition number="7" type="jump" coverage="50%" />
                  </conditions>
                </line>
                <line number="667" hits="3" branch="False" />
                <line number="671" hits="3" branch="True" condition-coverage="50% (1/2)">
                  <conditions>
                    <condition number="42" type="jump" coverage="50%" />
                  </conditions>
                </line>
                <line number="672" hits="3" branch="False" />
                <line number="673" hits="3" branch="False" />
                <line number="674" hits="3" branch="False" />
                <line number="675" hits="3" branch="False" />
                <line number="676" hits="3" branch="False" />
                <line number="677" hits="3" branch="False" />
                <line number="678" hits="3" branch="False" />
                <line number="681" hits="3" branch="True" condition-coverage="50% (1/2)">
                  <conditions>
                    <condition number="129" type="jump" coverage="50%" />
                  </conditions>
                </line>
                <line number="683" hits="0" branch="False" />
                <line number="686" hits="3" branch="False" />
              </lines>
            </method>
            <method name="GetWindowSize" signature="()" line-rate="1" branch-rate="1" complexity="1">
              <lines>
                <line number="692" hits="2" branch="False" />
              </lines>
            </method>
            <method name="GetWindowCount" signature="()" line-rate="1" branch-rate="1" complexity="1">
              <lines>
                <line number="697" hits="2" branch="False" />
              </lines>
            </method>
            <method name=".ctor" signature="(FlinkDotNet.DataStream.DataStream`1&lt;T&gt;,FlinkDotNet.DataStream.Time)" line-rate="1" branch-rate="0.5" complexity="4">
              <lines>
                <line number="630" hits="6" branch="False" />
                <line number="632" hits="6" branch="True" condition-coverage="50% (1/2)">
                  <conditions>
                    <condition number="9" type="jump" coverage="50%" />
                  </conditions>
                </line>
                <line number="633" hits="6" branch="True" condition-coverage="50% (1/2)">
                  <conditions>
                    <condition number="31" type="jump" coverage="50%" />
                  </conditions>
                </line>
                <line number="634" hits="6" branch="False" />
                <line number="635" hits="6" branch="False" />
              </lines>
            </method>
            <method name=".ctor" signature="(FlinkDotNet.DataStream.DataStream`1&lt;T&gt;,System.Int32)" line-rate="1" branch-rate="0.5" complexity="2">
              <lines>
                <line number="637" hits="5" branch="False" />
                <line number="639" hits="5" branch="True" condition-coverage="50% (1/2)">
                  <conditions>
                    <condition number="9" type="jump" coverage="50%" />
                  </conditions>
                </line>
                <line number="640" hits="5" branch="False" />
                <line number="641" hits="5" branch="False" />
                <line number="642" hits="5" branch="False" />
              </lines>
            </method>
          </methods>
          <lines>
            <line number="649" hits="0" branch="False" />
            <line number="650" hits="0" branch="False" />
            <line number="663" hits="3" branch="True" condition-coverage="50% (1/2)">
              <conditions>
                <condition number="7" type="jump" coverage="50%" />
              </conditions>
            </line>
            <line number="667" hits="3" branch="False" />
            <line number="671" hits="3" branch="True" condition-coverage="50% (1/2)">
              <conditions>
                <condition number="42" type="jump" coverage="50%" />
              </conditions>
            </line>
            <line number="672" hits="3" branch="False" />
            <line number="673" hits="3" branch="False" />
            <line number="674" hits="3" branch="False" />
            <line number="675" hits="3" branch="False" />
            <line number="676" hits="3" branch="False" />
            <line number="677" hits="3" branch="False" />
            <line number="678" hits="3" branch="False" />
            <line number="681" hits="3" branch="True" condition-coverage="50% (1/2)">
              <conditions>
                <condition number="129" type="jump" coverage="50%" />
              </conditions>
            </line>
            <line number="683" hits="0" branch="False" />
            <line number="686" hits="3" branch="False" />
            <line number="692" hits="2" branch="False" />
            <line number="697" hits="2" branch="False" />
            <line number="630" hits="6" branch="False" />
            <line number="632" hits="6" branch="True" condition-coverage="50% (1/2)">
              <conditions>
                <condition number="9" type="jump" coverage="50%" />
              </conditions>
            </line>
            <line number="633" hits="6" branch="True" condition-coverage="50% (1/2)">
              <conditions>
                <condition number="31" type="jump" coverage="50%" />
              </conditions>
            </line>
            <line number="634" hits="6" branch="False" />
            <line number="635" hits="6" branch="False" />
            <line number="637" hits="5" branch="False" />
            <line number="639" hits="5" branch="True" condition-coverage="50% (1/2)">
              <conditions>
                <condition number="9" type="jump" coverage="50%" />
              </conditions>
            </line>
            <line number="640" hits="5" branch="False" />
            <line number="641" hits="5" branch="False" />
            <line number="642" hits="5" branch="False" />
          </lines>
        </class>
        <class name="FlinkDotNet.DataStream.MappedSourceFunction`2" filename="FlinkDotNet.DataStream/DataStream.cs" line-rate="1" branch-rate="0.5" complexity="4">
          <methods>
            <method name=".ctor" signature="(FlinkDotNet.DataStream.ISourceFunction`1&lt;TIn&gt;,System.Func`2&lt;TIn,TOut&gt;)" line-rate="1" branch-rate="0.5" complexity="4">
              <lines>
                <line number="831" hits="1" branch="False" />
                <line number="833" hits="1" branch="True" condition-coverage="50% (1/2)">
                  <conditions>
                    <condition number="9" type="jump" coverage="50%" />
                  </conditions>
                </line>
                <line number="834" hits="1" branch="True" condition-coverage="50% (1/2)">
                  <conditions>
                    <condition number="31" type="jump" coverage="50%" />
                  </conditions>
                </line>
                <line number="835" hits="1" branch="False" />
              </lines>
            </method>
          </methods>
          <lines>
            <line number="831" hits="1" branch="False" />
            <line number="833" hits="1" branch="True" condition-coverage="50% (1/2)">
              <conditions>
                <condition number="9" type="jump" coverage="50%" />
              </conditions>
            </line>
            <line number="834" hits="1" branch="True" condition-coverage="50% (1/2)">
              <conditions>
                <condition number="31" type="jump" coverage="50%" />
              </conditions>
            </line>
            <line number="835" hits="1" branch="False" />
          </lines>
        </class>
        <class name="FlinkDotNet.DataStream.FlatMappedSourceFunction`2" filename="FlinkDotNet.DataStream/DataStream.cs" line-rate="1" branch-rate="0.5" complexity="4">
          <methods>
            <method name=".ctor" signature="(FlinkDotNet.DataStream.ISourceFunction`1&lt;TIn&gt;,System.Func`2&lt;TIn,System.Collections.Generic.IEnumerable`1&lt;TOut&gt;&gt;)" line-rate="1" branch-rate="0.5" complexity="4">
              <lines>
                <line number="856" hits="1" branch="False" />
                <line number="858" hits="1" branch="True" condition-coverage="50% (1/2)">
                  <conditions>
                    <condition number="9" type="jump" coverage="50%" />
                  </conditions>
                </line>
                <line number="859" hits="1" branch="True" condition-coverage="50% (1/2)">
                  <conditions>
                    <condition number="31" type="jump" coverage="50%" />
                  </conditions>
                </line>
                <line number="860" hits="1" branch="False" />
              </lines>
            </method>
          </methods>
          <lines>
            <line number="856" hits="1" branch="False" />
            <line number="858" hits="1" branch="True" condition-coverage="50% (1/2)">
              <conditions>
                <condition number="9" type="jump" coverage="50%" />
              </conditions>
            </line>
            <line number="859" hits="1" branch="True" condition-coverage="50% (1/2)">
              <conditions>
                <condition number="31" type="jump" coverage="50%" />
              </conditions>
            </line>
            <line number="860" hits="1" branch="False" />
          </lines>
        </class>
        <class name="FlinkDotNet.DataStream.FilteredSourceFunction`1" filename="FlinkDotNet.DataStream/DataStream.cs" line-rate="1" branch-rate="0.5" complexity="4">
          <methods>
            <method name=".ctor" signature="(FlinkDotNet.DataStream.ISourceFunction`1&lt;T&gt;,System.Func`2&lt;T,System.Boolean&gt;)" line-rate="1" branch-rate="0.5" complexity="4">
              <lines>
                <line number="883" hits="2" branch="False" />
                <line number="885" hits="2" branch="True" condition-coverage="50% (1/2)">
                  <conditions>
                    <condition number="9" type="jump" coverage="50%" />
                  </conditions>
                </line>
                <line number="886" hits="2" branch="True" condition-coverage="50% (1/2)">
                  <conditions>
                    <condition number="31" type="jump" coverage="50%" />
                  </conditions>
                </line>
                <line number="887" hits="2" branch="False" />
              </lines>
            </method>
          </methods>
          <lines>
            <line number="883" hits="2" branch="False" />
            <line number="885" hits="2" branch="True" condition-coverage="50% (1/2)">
              <conditions>
                <condition number="9" type="jump" coverage="50%" />
              </conditions>
            </line>
            <line number="886" hits="2" branch="True" condition-coverage="50% (1/2)">
              <conditions>
                <condition number="31" type="jump" coverage="50%" />
              </conditions>
            </line>
            <line number="887" hits="2" branch="False" />
          </lines>
        </class>
        <class name="FlinkDotNet.DataStream.AggregatedSourceFunction`3" filename="FlinkDotNet.DataStream/DataStream.cs" line-rate="1" branch-rate="0.5" complexity="4">
          <methods>
            <method name=".ctor" signature="(FlinkDotNet.DataStream.ISourceFunction`1&lt;TIn&gt;,FlinkDotNet.DataStream.IAggregateFunction`3&lt;TIn,TAcc,TOut&gt;)" line-rate="1" branch-rate="0.5" complexity="4">
              <lines>
                <line number="911" hits="3" branch="False" />
                <line number="913" hits="3" branch="True" condition-coverage="50% (1/2)">
                  <conditions>
                    <condition number="9" type="jump" coverage="50%" />
                  </conditions>
                </line>
                <line number="914" hits="3" branch="True" condition-coverage="50% (1/2)">
                  <conditions>
                    <condition number="31" type="jump" coverage="50%" />
                  </conditions>
                </line>
                <line number="915" hits="3" branch="False" />
              </lines>
            </method>
          </methods>
          <lines>
            <line number="911" hits="3" branch="False" />
            <line number="913" hits="3" branch="True" condition-coverage="50% (1/2)">
              <conditions>
                <condition number="9" type="jump" coverage="50%" />
              </conditions>
            </line>
            <line number="914" hits="3" branch="True" condition-coverage="50% (1/2)">
              <conditions>
                <condition number="31" type="jump" coverage="50%" />
              </conditions>
            </line>
            <line number="915" hits="3" branch="False" />
          </lines>
        </class>
        <class name="FlinkDotNet.DataStream.TypeInformation`1" filename="FlinkDotNet.DataStream/FlinkAPIExtensions.cs" line-rate="1" branch-rate="1" complexity="4">
          <methods>
            <method name="Of" signature="()" line-rate="1" branch-rate="1" complexity="1">
              <lines>
                <line number="106" hits="1" branch="False" />
              </lines>
            </method>
            <method name="Of" signature="()" line-rate="1" branch-rate="1" complexity="1">
              <lines>
                <line number="116" hits="2" branch="False" />
              </lines>
            </method>
            <method name="GetType" signature="()" line-rate="1" branch-rate="1" complexity="1">
              <lines>
                <line number="122" hits="3" branch="False" />
              </lines>
            </method>
            <method name=".ctor" signature="(System.Type)" line-rate="1" branch-rate="1" complexity="1">
              <lines>
                <line number="95" hits="3" branch="False" />
                <line number="97" hits="3" branch="False" />
                <line number="98" hits="3" branch="False" />
              </lines>
            </method>
          </methods>
          <lines>
            <line number="106" hits="1" branch="False" />
            <line number="116" hits="2" branch="False" />
            <line number="122" hits="3" branch="False" />
            <line number="95" hits="3" branch="False" />
            <line number="97" hits="3" branch="False" />
            <line number="98" hits="3" branch="False" />
          </lines>
        </class>
        <class name="FlinkDotNet.DataStream.KafkaSinkFunction`1" filename="FlinkDotNet.DataStream/FlinkAPIExtensions.cs" line-rate="1" branch-rate="1" complexity="4">
          <methods>
            <method name="get_Topic" signature="()" line-rate="1" branch-rate="1" complexity="1">
              <lines>
                <line number="139" hits="1" branch="False" />
              </lines>
            </method>
            <method name="get_BootstrapServers" signature="()" line-rate="1" branch-rate="1" complexity="1">
              <lines>
                <line number="144" hits="1" branch="False" />
              </lines>
            </method>
            <method name="InvokeAsync" signature="(T,System.Threading.CancellationToken)" line-rate="1" branch-rate="1" complexity="1">
              <lines>
                <line number="165" hits="2" branch="False" />
              </lines>
            </method>
            <method name=".ctor" signature="(System.String,System.String,System.Func`2&lt;T,System.Byte[]&gt;)" line-rate="1" branch-rate="1" complexity="1">
              <lines>
                <line number="152" hits="4" branch="False" />
                <line number="154" hits="4" branch="False" />
                <line number="155" hits="4" branch="False" />
                <line number="156" hits="4" branch="False" />
                <line number="157" hits="4" branch="False" />
              </lines>
            </method>
          </methods>
          <lines>
            <line number="139" hits="1" branch="False" />
            <line number="144" hits="1" branch="False" />
            <line number="165" hits="2" branch="False" />
            <line number="152" hits="4" branch="False" />
            <line number="154" hits="4" branch="False" />
[...]
                <line number="209" hits="0" branch="False" />
                <line number="210" hits="0" branch="False" />
                <line number="213" hits="0" branch="False" />
                <line number="214" hits="0" branch="False" />
              </lines>
            </method>
            <method name="Reset" signature="()" line-rate="0" branch-rate="1" complexity="1">
              <lines>
                <line number="219" hits="0" branch="False" />
                <line number="221" hits="0" branch="False" />
                <line number="222" hits="0" branch="False" />
                <line number="223" hits="0" branch="False" />
                <line number="224" hits="0" branch="False" />
              </lines>
            </method>
            <method name="get_CurrentTokens" signature="()" line-rate="0" branch-rate="1" complexity="1">
              <lines>
                <line number="233" hits="0" branch="False" />
                <line number="235" hits="0" branch="False" />
                <line number="236" hits="0" branch="False" />
                <line number="238" hits="0" branch="False" />
              </lines>
            </method>
            <method name="get_MaxTokens" signature="()" line-rate="0" branch-rate="1" complexity="1">
              <lines>
                <line number="244" hits="0" branch="False" />
              </lines>
            </method>
            <method name="get_RateLimiterId" signature="()" line-rate="0" branch-rate="1" complexity="1">
              <lines>
                <line number="249" hits="0" branch="False" />
              </lines>
            </method>
            <method name="get_StorageBackend" signature="()" line-rate="0" branch-rate="1" complexity="1">
              <lines>
                <line number="254" hits="0" branch="False" />
              </lines>
            </method>
            <method name="get_IsDistributed" signature="()" line-rate="0" branch-rate="1" complexity="1">
              <lines>
                <line number="259" hits="0" branch="False" />
              </lines>
            </method>
            <method name="get_IsPersistent" signature="()" line-rate="0" branch-rate="1" complexity="1">
              <lines>
                <line number="264" hits="0" branch="False" />
              </lines>
            </method>
            <method name="RefillTokens" signature="()" line-rate="0" branch-rate="0" complexity="2">
              <lines>
                <line number="268" hits="0" branch="False" />
                <line number="269" hits="0" branch="False" />
                <line number="271" hits="0" branch="True" condition-coverage="0% (0/2)">
                  <conditions>
                    <condition number="37" type="jump" coverage="0%" />
                  </conditions>
                </line>
                <line number="273" hits="0" branch="False" />
                <line number="274" hits="0" branch="False" />
                <line number="275" hits="0" branch="False" />
                <line number="277" hits="0" branch="False" />
              </lines>
            </method>
            <method name="OnJobManagerRateLimitUpdated" signature="(System.Double)" line-rate="0" branch-rate="1" complexity="1">
              <lines>
                <line number="400" hits="0" branch="False" />
                <line number="402" hits="0" branch="False" />
                <line number="403" hits="0" branch="False" />
                <line number="404" hits="0" branch="False" />
                <line number="405" hits="0" branch="False" />
              </lines>
            </method>
            <method name="Dispose" signature="()" line-rate="0" branch-rate="1" complexity="1">
              <lines>
                <line number="412" hits="0" branch="False" />
                <line number="413" hits="0" branch="False" />
                <line number="414" hits="0" branch="False" />
              </lines>
            </method>
            <method name="Dispose" signature="(System.Boolean)" line-rate="0" branch-rate="0" complexity="16">
              <lines>
                <line number="422" hits="0" branch="True" condition-coverage="0% (0/2)">
                  <conditions>
                    <condition number="8" type="jump" coverage="0%" />
                  </conditions>
                </line>
                <line number="423" hits="0" branch="False" />
                <line number="425" hits="0" branch="True" condition-coverage="0% (0/2)">
                  <conditions>
                    <condition number="12" type="jump" coverage="0%" />
                  </conditions>
                </line>
                <line number="430" hits="0" branch="False" />
                <line number="431" hits="0" branch="False" />
                <line number="432" hits="0" branch="False" />
                <line number="436" hits="0" branch="False" />
                <line number="439" hits="0" branch="True" condition-coverage="0% (0/2)">
                  <conditions>
                    <condition number="42" type="jump" coverage="0%" />
                  </conditions>
                </line>
                <line number="441" hits="0" branch="False" />
                <line number="442" hits="0" branch="False" />
                <line number="447" hits="0" branch="True" condition-coverage="0% (0/2)">
                  <conditions>
                    <condition number="66" type="jump" coverage="0%" />
                  </conditions>
                </line>
                <line number="448" hits="0" branch="False" />
                <line number="449" hits="0" branch="False" />
                <line number="452" hits="0" branch="False" />
                <line number="454" hits="0" branch="True" condition-coverage="0% (0/2)">
                  <conditions>
                    <condition number="116" type="jump" coverage="0%" />
                  </conditions>
                </line>
                <line number="455" hits="0" branch="True" condition-coverage="0% (0/2)">
                  <conditions>
                    <condition number="133" type="jump" coverage="0%" />
                  </conditions>
                </line>
                <line number="456" hits="0" branch="True" condition-coverage="0% (0/2)">
                  <conditions>
                    <condition number="150" type="jump" coverage="0%" />
                  </conditions>
                </line>
                <line number="457" hits="0" branch="True" condition-coverage="0% (0/2)">
                  <conditions>
                    <condition number="167" type="jump" coverage="0%" />
                  </conditions>
                </line>
                <line number="460" hits="0" branch="False" />
                <line number="461" hits="0" branch="False" />
              </lines>
            </method>
            <method name=".ctor" signature="(System.Double,System.Double,System.String,Flink.JobBuilder.Backpressure.IRateLimiterStateStorage,Flink.JobBuilder.Backpressure.IJobManagerRateLimiterCoordinator)" line-rate="0" branch-rate="0" complexity="10">
              <lines>
                <line number="34" hits="0" branch="False" />
                <line number="41" hits="0" branch="False" />
                <line number="60" hits="0" branch="False" />
                <line number="61" hits="0" branch="False" />
                <line number="63" hits="0" branch="True" condition-coverage="0% (0/2)">
                  <conditions>
                    <condition number="38" type="jump" coverage="0%" />
                  </conditions>
                </line>
                <line number="64" hits="0" branch="False" />
                <line number="65" hits="0" branch="True" condition-coverage="0% (0/2)">
                  <conditions>
                    <condition number="66" type="jump" coverage="0%" />
                  </conditions>
                </line>
                <line number="66" hits="0" branch="False" />
                <line number="68" hits="0" branch="True" condition-coverage="0% (0/2)">
                  <conditions>
                    <condition number="87" type="jump" coverage="0%" />
                  </conditions>
                </line>
                <line number="69" hits="0" branch="False" />
                <line number="70" hits="0" branch="False" />
                <line number="71" hits="0" branch="False" />
                <line number="72" hits="0" branch="False" />
                <line number="75" hits="0" branch="True" condition-coverage="0% (0/2)">
                  <conditions>
                    <condition number="150" type="jump" coverage="0%" />
                  </conditions>
                </line>
                <line number="78" hits="0" branch="True" condition-coverage="0% (0/2)">
                  <conditions>
                    <condition number="168" type="jump" coverage="0%" />
                  </conditions>
                </line>
                <line number="81" hits="0" branch="False" />
                <line number="82" hits="0" branch="False" />
                <line number="85" hits="0" branch="False" />
                <line number="86" hits="0" branch="False" />
                <line number="89" hits="0" branch="False" />
                <line number="92" hits="0" branch="False" />
                <line number="93" hits="0" branch="False" />
              </lines>
            </method>
          </methods>
          <lines>
            <line number="98" hits="0" branch="True" condition-coverage="0% (0/2)">
              <conditions>
                <condition number="2" type="jump" coverage="0%" />
              </conditions>
            </line>
            <line number="99" hits="0" branch="False" />
            <line number="101" hits="0" branch="False" />
            <line number="103" hits="0" branch="False" />
            <line number="105" hits="0" branch="True" condition-coverage="0% (0/2)">
              <conditions>
                <condition number="51" type="jump" coverage="0%" />
              </conditions>
            </line>
            <line number="107" hits="0" branch="False" />
            <line number="108" hits="0" branch="False" />
            <line number="111" hits="0" branch="False" />
            <line number="113" hits="0" branch="False" />
            <line number="118" hits="0" branch="True" condition-coverage="0% (0/2)">
              <conditions>
                <condition number="2" type="jump" coverage="0%" />
              </conditions>
            </line>
            <line number="119" hits="0" branch="False" />
            <line number="121" hits="0" branch="False" />
            <line number="123" hits="0" branch="False" />
            <line number="125" hits="0" branch="True" condition-coverage="0% (0/2)">
              <conditions>
                <condition number="51" type="jump" coverage="0%" />
              </conditions>
            </line>
            <line number="127" hits="0" branch="False" />
            <line number="128" hits="0" branch="False" />
            <line number="131" hits="0" branch="False" />
            <line number="133" hits="0" branch="False" />
            <line number="169" hits="0" branch="False" />
            <line number="176" hits="0" branch="False" />
            <line number="178" hits="0" branch="False" />
            <line number="179" hits="0" branch="False" />
            <line number="181" hits="0" branch="False" />
            <line number="191" hits="0" branch="False" />
            <line number="193" hits="0" branch="False" />
            <line number="195" hits="0" branch="False" />
            <line number="196" hits="0" branch="False" />
            <line number="198" hits="0" branch="False" />
            <line number="203" hits="0" branch="True" condition-coverage="0% (0/2)">
              <conditions>
                <condition number="35" type="jump" coverage="0%" />
              </conditions>
            </line>
            <line number="204" hits="0" branch="False" />
            <line number="206" hits="0" branch="False" />
            <line number="208" hits="0" branch="False" />
            <line number="209" hits="0" branch="False" />
            <line number="210" hits="0" branch="False" />
            <line number="213" hits="0" branch="False" />
            <line number="214" hits="0" branch="False" />
            <line number="219" hits="0" branch="False" />
            <line number="221" hits="0" branch="False" />
            <line number="222" hits="0" branch="False" />
            <line number="223" hits="0" branch="False" />
            <line number="224" hits="0" branch="False" />
            <line number="233" hits="0" branch="False" />
            <line number="235" hits="0" branch="False" />
            <line number="236" hits="0" branch="False" />
            <line number="238" hits="0" branch="False" />
            <line number="244" hits="0" branch="False" />
            <line number="249" hits="0" branch="False" />
            <line number="254" hits="0" branch="False" />
            <line number="259" hits="0" branch="False" />
            <line number="264" hits="0" branch="False" />
            <line number="268" hits="0" branch="False" />
            <line number="269" hits="0" branch="False" />
            <line number="271" hits="0" branch="True" condition-coverage="0% (0/2)">
              <conditions>
                <condition number="37" type="jump" coverage="0%" />
              </conditions>
            </line>
            <line number="273" hits="0" branch="False" />
            <line number="274" hits="0" branch="False" />
            <line number="275" hits="0" branch="False" />
            <line number="277" hits="0" branch="False" />
            <line number="400" hits="0" branch="False" />
            <line number="402" hits="0" branch="False" />
            <line number="403" hits="0" branch="False" />
            <line number="404" hits="0" branch="False" />
            <line number="405" hits="0" branch="False" />
            <line number="412" hits="0" branch="False" />
            <line number="413" hits="0" branch="False" />
            <line number="414" hits="0" branch="False" />
            <line number="422" hits="0" branch="True" condition-coverage="0% (0/2)">
              <conditions>
                <condition number="8" type="jump" coverage="0%" />
              </conditions>
            </line>
            <line number="423" hits="0" branch="False" />
            <line number="425" hits="0" branch="True" condition-coverage="0% (0/2)">
              <conditions>
                <condition number="12" type="jump" coverage="0%" />
              </conditions>
            </line>
            <line number="430" hits="0" branch="False" />
            <line number="431" hits="0" branch="False" />
            <line number="432" hits="0" branch="False" />
            <line number="436" hits="0" branch="False" />
            <line number="439" hits="0" branch="True" condition-coverage="0% (0/2)">
              <conditions>
                <condition number="42" type="jump" coverage="0%" />
              </conditions>
            </line>
            <line number="441" hits="0" branch="False" />
            <line number="442" hits="0" branch="False" />
            <line number="447" hits="0" branch="True" condition-coverage="0% (0/2)">
              <conditions>
                <condition number="66" type="jump" coverage="0%" />
              </conditions>
            </line>
            <line number="448" hits="0" branch="False" />
            <line number="449" hits="0" branch="False" />
            <line number="452" hits="0" branch="False" />
            <line number="454" hits="0" branch="True" condition-coverage="0% (0/2)">
              <conditions>
                <condition number="116" type="jump" coverage="0%" />
              </conditions>
            </line>
            <line number="455" hits="0" branch="True" condition-coverage="0% (0/2)">
              <conditions>
                <condition number="133" type="jump" coverage="0%" />
              </conditions>
            </line>
            <line number="456" hits="0" branch="True" condition-coverage="0% (0/2)">
              <conditions>
                <condition number="150" type="jump" coverage="0%" />
              </conditions>
            </line>
            <line number="457" hits="0" branch="True" condition-coverage="0% (0/2)">
              <conditions>
                <condition number="167" type="jump" coverage="0%" />
              </conditions>
            </line>
            <line number="460" hits="0" branch="False" />
            <line number="461" hits="0" branch="False" />
            <line number="34" hits="0" branch="False" />
            <line number="41" hits="0" branch="False" />
            <line number="60" hits="0" branch="False" />
            <line number="61" hits="0" branch="False" />
            <line number="63" hits="0" branch="True" condition-coverage="0% (0/2)">
              <conditions>
                <condition number="38" type="jump" coverage="0%" />
              </conditions>
            </line>
            <line number="64" hits="0" branch="False" />
            <line number="65" hits="0" branch="True" condition-coverage="0% (0/2)">
              <conditions>
                <condition number="66" type="jump" coverage="0%" />
              </conditions>
            </line>
            <line number="66" hits="0" branch="False" />
            <line number="68" hits="0" branch="True" condition-coverage="0% (0/2)">
              <conditions>
                <condition number="87" type="jump" coverage="0%" />
              </conditions>
            </line>
            <line number="69" hits="0" branch="False" />
            <line number="70" hits="0" branch="False" />
            <line number="71" hits="0" branch="False" />
            <line number="72" hits="0" branch="False" />
            <line number="75" hits="0" branch="True" condition-coverage="0% (0/2)">
              <conditions>
                <condition number="150" type="jump" coverage="0%" />
              </conditions>
            </line>
            <line number="78" hits="0" branch="True" condition-coverage="0% (0/2)">
              <conditions>
                <condition number="168" type="jump" coverage="0%" />
              </conditions>
            </line>
            <line number="81" hits="0" branch="False" />
            <line number="82" hits="0" branch="False" />
            <line number="85" hits="0" branch="False" />
            <line number="86" hits="0" branch="False" />
            <line number="89" hits="0" branch="False" />
            <line number="92" hits="0" branch="False" />
            <line number="93" hits="0" branch="False" />
          </lines>
        </class>
        <class name="Flink.JobBuilder.Backpressure.WaitingRequest" filename="Flink.JobBuilder/Backpressure/TokenBucketRateLimiter.cs" line-rate="0" branch-rate="1" complexity="1">
          <methods>
            <method name=".ctor" signature="()" line-rate="0" branch-rate="1" complexity="1">
              <lines>
                <line number="474" hits="0" branch="False" />
              </lines>
            </method>
          </methods>
          <lines>
            <line number="474" hits="0" branch="False" />
          </lines>
        </class>
      </classes>
    </package>
    <package name="FlinkDotNet.Testing" line-rate="1" branch-rate="1" complexity="0">
      <classes />
    </package>
    <package name="FlinkDotNet.Table" line-rate="1" branch-rate="1" complexity="0">
      <classes />
    </package>
    <package name="FlinkDotNet.Util" line-rate="1" branch-rate="1" complexity="0">
      <classes />
    </package>
  </packages>
</coverage>