<?xml version="1.0" encoding="utf-8"?>
<coverage line-rate="1" branch-rate="0.9375" version="1.9" timestamp="1761104870" lines-covered="82" lines-valid="82" branches-covered="30" branches-valid="32">
  <sources>
    <source>/home/runner/work/FlinkDotnet/FlinkDotnet/FlinkDotNet/FlinkDotNet.Common/</source>
  </sources>
  <packages>
    <package name="FlinkDotNet.Common" line-rate="1" branch-rate="0.9375" complexity="58">
      <classes>
        <class name="FlinkDotNet.Common.Configuration" filename="Configuration.cs" line-rate="1" branch-rate="0.9375" complexity="42">
          <methods>
            <method name="SetString" signature="(System.String,System.String)" line-rate="1" branch-rate="1" complexity="1">
              <lines>
                <line number="57" hits="21" branch="False" />
                <line number="58" hits="21" branch="False" />
              </lines>
            </method>
            <method name="SetInteger" signature="(System.String,System.Int32)" line-rate="1" branch-rate="1" complexity="1">
              <lines>
                <line number="69" hits="6" branch="False" />
                <line number="70" hits="6" branch="False" />
              </lines>
            </method>
            <method name="SetBoolean" signature="(System.String,System.Boolean)" line-rate="1" branch-rate="1" complexity="1">
              <lines>
                <line number="81" hits="5" branch="False" />
                <line number="82" hits="5" branch="False" />
              </lines>
            </method>
            <method name="SetLong" signature="(System.String,System.Int64)" line-rate="1" branch-rate="1" complexity="1">
              <lines>
                <line number="93" hits="2" branch="False" />
                <line number="94" hits="2" branch="False" />
              </lines>
            </method>
            <method name="GetString" signature="(System.String,System.String)" line-rate="1" branch-rate="0.75" complexity="8">
              <lines>
                <line number="105" hits="15" branch="True" condition-coverage="100% (2/2)">
                  <conditions>
                    <condition number="14" type="jump" coverage="100%" />
                  </conditions>
                </line>
                <line number="107" hits="11" branch="True" condition-coverage="50% (2/4)">
                  <conditions>
                    <condition number="23" type="jump" coverage="50%" />
                    <condition number="28" type="jump" coverage="50%" />
                  </conditions>
                </line>
                <line number="109" hits="4" branch="True" condition-coverage="100% (2/2)">
                  <conditions>
                    <condition number="39" type="jump" coverage="100%" />
                  </conditions>
                </line>
              </lines>
            </method>
            <method name="GetInteger" signature="(System.String,System.Int32)" line-rate="1" branch-rate="1" complexity="6">
              <lines>
                <line number="120" hits="5" branch="True" condition-coverage="100% (2/2)">
                  <conditions>
                    <condition number="14" type="jump" coverage="100%" />
                  </conditions>
                </line>
                <line number="122" hits="4" branch="True" condition-coverage="100% (2/2)">
                  <conditions>
                    <condition number="22" type="jump" coverage="100%" />
                  </conditions>
                </line>
                <line number="123" hits="3" branch="False" />
                <line number="124" hits="1" branch="True" condition-coverage="100% (2/2)">
                  <conditions>
                    <condition number="46" type="jump" coverage="100%" />
                  </conditions>
                </line>
                <line number="125" hits="1" branch="False" />
                <line number="127" hits="1" branch="False" />
              </lines>
            </method>
            <method name="GetBoolean" signature="(System.String,System.Boolean)" line-rate="1" branch-rate="1" complexity="6">
              <lines>
                <line number="138" hits="4" branch="True" condition-coverage="100% (2/2)">
                  <conditions>
                    <condition number="14" type="jump" coverage="100%" />
                  </conditions>
                </line>
                <line number="140" hits="3" branch="True" condition-coverage="100% (2/2)">
                  <conditions>
                    <condition number="22" type="jump" coverage="100%" />
                  </conditions>
                </line>
                <line number="141" hits="2" branch="False" />
                <line number="142" hits="1" branch="True" condition-coverage="100% (2/2)">
                  <conditions>
                    <condition number="46" type="jump" coverage="100%" />
                  </conditions>
                </line>
                <line number="143" hits="1" branch="False" />
                <line number="145" hits="1" branch="False" />
              </lines>
            </method>
            <method name="GetLong" signature="(System.String,System.Int64)" line-rate="1" branch-rate="1" complexity="6">
              <lines>
                <line number="156" hits="4" branch="True" condition-coverage="100% (2/2)">
                  <conditions>
                    <condition number="14" type="jump" coverage="100%" />
                  </conditions>
                </line>
                <line number="158" hits="3" branch="True" condition-coverage="100% (2/2)">
                  <conditions>
                    <condition number="22" type="jump" coverage="100%" />
                  </conditions>
                </line>
                <line number="159" hits="2" branch="False" />
                <line number="160" hits="1" branch="True" condition-coverage="100% (2/2)">
                  <conditions>
                    <condition number="46" type="jump" coverage="100%" />
                  </conditions>
                </line>
                <line number="161" hits="1" branch="False" />
                <line number="163" hits="1" branch="False" />
              </lines>
            </method>
            <method name="ContainsKey" signature="(System.String)" line-rate="1" branch-rate="1" complexity="1">
              <lines>
                <line number="173" hits="12" branch="False" />
              </lines>
            </method>
            <method name="RemoveKey" signature="(System.String)" line-rate="1" branch-rate="1" complexity="1">
              <lines>
                <line number="183" hits="2" branch="False" />
              </lines>
            </method>
            <method name="GetKeys" signature="()" line-rate="1" branch-rate="1" complexity="1">
              <lines>
                <line number="192" hits="2" branch="False" />
              </lines>
            </method>
            <method name="Clone" signature="()" line-rate="1" branch-rate="1" complexity="1">
              <lines>
                <line number="201" hits="1" branch="False" />
              </lines>
            </method>
            <method name="AddAll" signature="(FlinkDotNet.Common.Configuration)" line-rate="1" branch-rate="1" complexity="2">
              <lines>
                <line number="211" hits="10" branch="True" condition-coverage="100% (2/2)">
                  <conditions>
                    <condition number="54" type="jump" coverage="100%" />
                  </conditions>
                </line>
                <line number="213" hits="3" branch="False" />
                <line number="215" hits="2" branch="False" />
              </lines>
            </method>
            <method name="ToMap" signature="()" line-rate="1" branch-rate="1" complexity="1">
              <lines>
                <line number="224" hits="1" branch="False" />
              </lines>
            </method>
            <method name="ParseListValue" signature="(System.String)" line-rate="1" branch-rate="1" complexity="2">
              <lines>
                <line number="234" hits="6" branch="True" condition-coverage="100% (2/2)">
                  <conditions>
                    <condition number="6" type="jump" coverage="100%" />
                  </conditions>
                </line>
                <line number="235" hits="3" branch="False" />
                <line number="237" hits="3" branch="False" />
              </lines>
            </method>
            <method name=".ctor" signature="()" line-rate="1" branch-rate="1" complexity="1">
              <lines>
                <line number="28" hits="59" branch="False" />
                <line number="33" hits="57" branch="False" />
                <line number="35" hits="57" branch="False" />
              </lines>
            </method>
            <method name=".ctor" signature="(System.Collections.Generic.IDictionary`2&lt;System.String,System.Object&gt;)" line-rate="1" branch-rate="1" complexity="2">
              <lines>
                <line number="41" hits="2" branch="False" />
                <line number="43" hits="14" branch="True" condition-coverage="100% (2/2)">
                  <conditions>
                    <condition number="64" type="jump" coverage="100%" />
                  </conditions>
                </line>
                <line number="45" hits="5" branch="False" />
                <line number="47" hits="2" branch="False" />
              </lines>
            </method>
          </methods>
          <lines>
            <line number="57" hits="21" branch="False" />
            <line number="58" hits="21" branch="False" />
            <line number="69" hits="6" branch="False" />
            <line number="70" hits="6" branch="False" />
            <line number="81" hits="5" branch="False" />
            <line number="82" hits="5" branch="False" />
            <line number="93" hits="2" branch="False" />
            <line number="94" hits="2" branch="False" />
            <line number="105" hits="15" branch="True" condition-coverage="100% (2/2)">
              <conditions>
                <condition number="14" type="jump" coverage="100%" />
              </conditions>
            </line>
            <line number="107" hits="11" branch="True" condition-coverage="50% (2/4)">
              <conditions>
                <condition number="23" type="jump" coverage="50%" />
                <condition number="28" type="jump" coverage="50%" />
              </conditions>
            </line>
            <line number="109" hits="4" branch="True" condition-coverage="100% (2/2)">
              <conditions>
                <condition number="39" type="jump" coverage="100%" />
              </conditions>
            </line>
            <line number="120" hits="5" branch="True" condition-coverage="100% (2/2)">
              <conditions>
                <condition number="14" type="jump" coverage="100%" />
              </conditions>
            </line>
            <line number="122" hits="4" branch="True" condition-coverage="100% (2/2)">
              <conditions>
                <condition number="22" type="jump" coverage="100%" />
              </conditions>
            </line>
            <line number="123" hits="3" branch="False" />
            <line number="124" hits="1" branch="True" condition-coverage="100% (2/2)">
              <conditions>
                <condition number="46" type="jump" coverage="100%" />
              </conditions>
            </line>
            <line number="125" hits="1" branch="False" />
            <line number="127" hits="1" branch="False" />
            <line number="138" hits="4" branch="True" condition-coverage="100% (2/2)">
              <conditions>
                <condition number="14" type="jump" coverage="100%" />
              </conditions>
            </line>
            <line number="140" hits="3" branch="True" condition-coverage="100% (2/2)">
              <conditions>
                <condition number="22" type="jump" coverage="100%" />
              </conditions>
            </line>
            <line number="141" hits="2" branch="False" />
            <line number="142" hits="1" branch="True" condition-coverage="100% (2/2)">
              <conditions>
                <condition number="46" type="jump" coverage="100%" />
              </conditions>
            </line>
            <line number="143" hits="1" branch="False" />
            <line number="145" hits="1" branch="False" />
            <line number="156" hits="4" branch="True" condition-coverage="100% (2/2)">
              <conditions>
                <condition number="14" type="jump" coverage="100%" />
              </conditions>
            </line>
            <line number="158" hits="3" branch="True" condition-coverage="100% (2/2)">
              <conditions>
                <condition number="22" type="jump" coverage="100%" />
              </conditions>
            </line>
            <line number="159" hits="2" branch="False" />
            <line number="160" hits="1" branch="True" condition-coverage="100% (2/2)">
              <conditions>
                <condition number="46" type="jump" coverage="100%" />
              </conditions>
            </line>
            <line number="161" hits="1" branch="False" />
            <line number="163" hits="1" branch="False" />
            <line number="173" hits="12" branch="False" />
            <line number="183" hits="2" branch="False" />
            <line number="192" hits="2" branch="False" />
            <line number="201" hits="1" branch="False" />
            <line number="211" hits="10" branch="True" condition-coverage="100% (2/2)">
              <conditions>
                <condition number="54" type="jump" coverage="100%" />
              </conditions>
            </line>
            <line number="213" hits="3" branch="False" />
            <line number="215" hits="2" branch="False" />
            <line number="224" hits="1" branch="False" />
            <line number="234" hits="6" branch="True" condition-coverage="100% (2/2)">
              <conditions>
                <condition number="6" type="jump" coverage="100%" />
              </conditions>
            </line>
            <line number="235" hits="3" branch="False" />
            <line number="237" hits="3" branch="False" />
            <line number="28" hits="59" branch="False" />
            <line number="33" hits="57" branch="False" />
            <line number="35" hits="57" branch="False" />
            <line number="41" hits="2" branch="False" />
            <line number="43" hits="14" branch="True" condition-coverage="100% (2/2)">
              <conditions>
                <condition number="64" type="jump" coverage="100%" />
              </conditions>
            </line>
            <line number="45" hits="5" branch="False" />
            <line number="47" hits="2" branch="False" />
          </lines>
        </class>
        <class name="FlinkDotNet.Common.ExecutionConfig" filename="ExecutionConfig.cs" line-rate="1" branch-rate="1" complexity="16">
          <methods>
            <method name="SetParallelism" signature="(System.Int32)" line-rate="1" branch-rate="1" complexity="1">
              <lines>
                <line number="103" hits="2" branch="False" />
                <line number="104" hits="2" branch="False" />
              </lines>
            </method>
            <method name="SetMaxParallelism" signature="(System.Int32)" line-rate="1" branch-rate="1" complexity="1">
              <lines>
                <line number="114" hits="2" branch="False" />
                <line number="115" hits="2" branch="False" />
              </lines>
            </method>
            <method name="SetAutoWatermarkInterval" signature="(System.Int64)" line-rate="1" branch-rate="1" complexity="1">
              <lines>
                <line number="125" hits="2" branch="False" />
                <line number="126" hits="2" branch="False" />
              </lines>
            </method>
            <method name="EnableObjectReuse" signature="(System.Boolean)" line-rate="1" branch-rate="1" complexity="1">
              <lines>
                <line number="136" hits="7" branch="False" />
                <line number="137" hits="7" branch="False" />
              </lines>
            </method>
            <method name="DisableObjectReuse" signature="()" line-rate="1" branch-rate="1" complexity="1">
              <lines>
                <line number="146" hits="1" branch="False" />
              </lines>
            </method>
            <method name="EnableClosureCleaner" signature="(System.Boolean)" line-rate="1" branch-rate="1" complexity="1">
              <lines>
                <line number="156" hits="6" branch="False" />
                <line number="157" hits="6" branch="False" />
              </lines>
            </method>
            <method name="DisableClosureCleaner" signature="()" line-rate="1" branch-rate="1" complexity="1">
              <lines>
                <line number="166" hits="1" branch="False" />
              </lines>
            </method>
            <method name="SetRestartStrategy" signature="(System.String)" line-rate="1" branch-rate="1" complexity="1">
              <lines>
                <line number="177" hits="3" branch="False" />
                <line number="178" hits="3" branch="False" />
              </lines>
            </method>
            <method name="EnableSlotSharing" signature="(System.Boolean)" line-rate="1" branch-rate="1" complexity="1">
              <lines>
                <line number="189" hits="5" branch="False" />
                <line number="190" hits="5" branch="False" />
              </lines>
            </method>
            <method name="EnableAdaptiveScheduler" signature="(System.Boolean)" line-rate="1" branch-rate="1" complexity="1">
              <lines>
                <line number="202" hits="5" branch="False" />
                <line number="203" hits="5" branch="False" />
              </lines>
            </method>
            <method name="EnableReactiveMode" signature="(System.Boolean)" line-rate="1" branch-rate="1" complexity="1">
              <lines>
                <line number="215" hits="5" branch="False" />
                <line number="216" hits="5" branch="False" />
              </lines>
            </method>
            <method name="GetConfiguration" signature="()" line-rate="1" branch-rate="1" complexity="1">
              <lines>
                <line number="225" hits="2" branch="False" />
              </lines>
            </method>
            <method name="SetProperty" signature="(System.String,System.Object)" line-rate="1" branch-rate="1" complexity="1">
              <lines>
                <line number="236" hits="4" branch="False" />
                <line number="237" hits="4" branch="False" />
              </lines>
            </method>
            <method name="GetProperty" signature="(System.String,System.String)" line-rate="1" branch-rate="1" complexity="1">
              <lines>
                <line number="248" hits="7" branch="False" />
              </lines>
            </method>
            <method name=".ctor" signature="()" line-rate="1" branch-rate="1" complexity="1">
              <lines>
                <line number="30" hits="30" branch="False" />
                <line number="32" hits="30" branch="False" />
              </lines>
            </method>
            <method name=".ctor" signature="(FlinkDotNet.Common.Configuration)" line-rate="1" branch-rate="1" complexity="1">
              <lines>
                <line number="38" hits="32" branch="False" />
                <line number="40" hits="32" branch="False" />
                <line number="41" hits="32" branch="False" />
                <line number="46" hits="32" branch="False" />
                <line number="51" hits="32" branch="False" />
                <line number="56" hits="32" branch="False" />
                <line number="70" hits="32" branch="False" />
                <line number="76" hits="32" branch="False" />
                <line number="82" hits="32" branch="False" />
              </lines>
            </method>
          </methods>
          <lines>
            <line number="103" hits="2" branch="False" />
            <line number="104" hits="2" branch="False" />
            <line number="114" hits="2" branch="False" />
            <line number="115" hits="2" branch="False" />
            <line number="125" hits="2" branch="False" />
            <line number="126" hits="2" branch="False" />
            <line number="136" hits="7" branch="False" />
            <line number="137" hits="7" branch="False" />
            <line number="146" hits="1" branch="False" />
            <line number="156" hits="6" branch="False" />
            <line number="157" hits="6" branch="False" />
            <line number="166" hits="1" branch="False" />
            <line number="177" hits="3" branch="False" />
            <line number="178" hits="3" branch="False" />
            <line number="189" hits="5" branch="False" />
            <line number="190" hits="5" branch="False" />
            <line number="202" hits="5" branch="False" />
            <line number="203" hits="5" branch="False" />
            <line number="215" hits="5" branch="False" />
            <line number="216" hits="5" branch="False" />
            <line number="225" hits="2" branch="False" />
            <line number="236" hits="4" branch="False" />
            <line number="237" hits="4" branch="False" />
            <line number="248" hits="7" branch="False" />
            <line number="30" hits="30" branch="False" />
            <line number="32" hits="30" branch="False" />
            <line number="38" hits="32" branch="False" />
            <line number="40" hits="32" branch="False" />
            <line number="41" hits="32" branch="False" />
            <line number="46" hits="32" branch="False" />
            <line number="51" hits="32" branch="False" />
            <line number="56" hits="32" branch="False" />
            <line number="70" hits="32" branch="False" />
            <line number="76" hits="32" branch="False" />
            <line number="82" hits="32" branch="False" />
          </lines>
        </class>
      </classes>
    </package>
  </packages>
</coverage>