<?xml version="1.0" encoding="utf-8"?>
<TestRun id="9cf58f91-3417-4a65-a77d-a2f258082a6c" name="DevStar@DEVSTAR 2025-06-14 22:27:08" runUser="DEVSTAR\DevStar" xmlns="http://microsoft.com/schemas/VisualStudio/TeamTest/2010">
  <Times creation="2025-06-14T22:27:08.4755211+10:00" queuing="2025-06-14T22:27:08.4755215+10:00" start="2025-06-14T22:27:07.4817244+10:00" finish="2025-06-14T22:27:08.6498147+10:00" />
  <TestSettings name="default" id="b7dd55db-ded1-4b6c-ac63-404e7656e282">
    <Deployment runDeploymentRoot="DevStar_DEVSTAR_2025-06-14_22_27_08" />
  </TestSettings>
  <Results>
    <UnitTestResult executionId="8da3d0a2-9062-4110-ab5c-73a858fd9817" testId="22a9a312-d631-14ed-65bd-be2b696b3a4b" testName="FlinkDotNet.JobManager.Tests.JobManagerControllerTests.ScaleJob_InvalidDesiredParallelism_ReturnsBadRequest(desiredParallelism: 0)" computerName="DEVSTAR" duration="00:00:00.0001685" startTime="2025-06-14T22:27:08.5747529+10:00" endTime="2025-06-14T22:27:08.5748541+10:00" testType="13cdc9d9-ddb5-4fa4-a97d-d965ccfc6d4b" outcome="Passed" testListId="8c84fa94-04c1-424b-9868-57a2d4851a1d" relativeResultsDirectory="8da3d0a2-9062-4110-ab5c-73a858fd9817" />
    <UnitTestResult executionId="18a9879b-5bb4-45d4-af24-407c24c827c3" testId="df4786ad-f0fc-f49d-e378-ac45be31598c" testName="FlinkDotNet.JobManager.Tests.Core.Abstractions.States.InMemoryListStateTests.Add_SingleItem_GetReturnsItem" computerName="DEVSTAR" duration="00:00:00.0002486" startTime="2025-06-14T22:27:08.4725550+10:00" endTime="2025-06-14T22:27:08.4725761+10:00" testType="13cdc9d9-ddb5-4fa4-a97d-d965ccfc6d4b" outcome="Passed" testListId="8c84fa94-04c1-424b-9868-57a2d4851a1d" relativeResultsDirectory="18a9879b-5bb4-45d4-af24-407c24c827c3" />
    <UnitTestResult executionId="f3d0ab75-1e2b-4027-9c8b-29e2a4ea2334" testId="34b518b2-1716-b8ac-5e5c-1e954c333bd4" testName="FlinkDotNet.JobManager.Tests.JobManagerControllerTests.ScaleJob_NonExistentJobId_ReturnsNotFound" computerName="DEVSTAR" duration="00:00:00.0006931" startTime="2025-06-14T22:27:08.5773879+10:00" endTime="2025-06-14T22:27:08.5775658+10:00" testType="13cdc9d9-ddb5-4fa4-a97d-d965ccfc6d4b" outcome="Passed" testListId="8c84fa94-04c1-424b-9868-57a2d4851a1d" relativeResultsDirectory="f3d0ab75-1e2b-4027-9c8b-29e2a4ea2334" />
    <UnitTestResult executionId="09d041a1-133f-448b-a6f1-52d88f50ed68" testId="cb69450c-8467-8816-df61-a7fc46c83a4e" testName="FlinkDotNet.JobManager.Tests.JobManagerControllerTests.GetJobCheckpoints_InvalidJobId_ReturnsBadRequest(jobId: &quot; &quot;)" computerName="DEVSTAR" duration="00:00:00.0000211" startTime="2025-06-14T22:27:08.5946841+10:00" endTime="2025-06-14T22:27:08.5947110+10:00" testType="13cdc9d9-ddb5-4fa4-a97d-d965ccfc6d4b" outcome="Passed" testListId="8c84fa94-04c1-424b-9868-57a2d4851a1d" relativeResultsDirectory="09d041a1-133f-448b-a6f1-52d88f50ed68" />
    <UnitTestResult executionId="323fff30-9801-4d1c-94b6-6255d46d3a1a" testId="af09f1d2-8af8-8710-54d6-ef7735ea5f71" testName="FlinkDotNet.JobManager.Tests.JobManagerControllerTests.CancelJob_InvalidJobId_ReturnsBadRequest(jobId: null)" computerName="DEVSTAR" duration="00:00:00.0001096" startTime="2025-06-14T22:27:08.5696515+10:00" endTime="2025-06-14T22:27:08.5696862+10:00" testType="13cdc9d9-ddb5-4fa4-a97d-d965ccfc6d4b" outcome="Passed" testListId="8c84fa94-04c1-424b-9868-57a2d4851a1d" relativeResultsDirectory="323fff30-9801-4d1c-94b6-6255d46d3a1a" />
    <UnitTestResult executionId="85f74aa5-b082-47c4-95cc-9666389822e6" testId="af0cd192-fc0f-7954-a1db-fb8ba4405e84" testName="FlinkDotNet.JobManager.Tests.Core.Abstractions.States.InMemoryValueStateTests.Clear_ResetsToDefaultOfType" computerName="DEVSTAR" duration="00:00:00.1392403" startTime="2025-06-14T22:27:08.3259880+10:00" endTime="2025-06-14T22:27:08.4649322+10:00" testType="13cdc9d9-ddb5-4fa4-a97d-d965ccfc6d4b" outcome="Passed" testListId="8c84fa94-04c1-424b-9868-57a2d4851a1d" relativeResultsDirectory="85f74aa5-b082-47c4-95cc-9666389822e6" />
    <UnitTestResult executionId="949b7565-9b3e-412b-9496-11110ed3067f" testId="c484dd01-765a-8914-c418-21191b9d4b7e" testName="FlinkDotNet.JobManager.Tests.JobManagerControllerTests.CancelJob_ExistingJobId_UpdatesStatusAndReturnsOk" computerName="DEVSTAR" duration="00:00:00.0067856" startTime="2025-06-14T22:27:08.5618946+10:00" endTime="2025-06-14T22:27:08.5686300+10:00" testType="13cdc9d9-ddb5-4fa4-a97d-d965ccfc6d4b" outcome="Passed" testListId="8c84fa94-04c1-424b-9868-57a2d4851a1d" relativeResultsDirectory="949b7565-9b3e-412b-9496-11110ed3067f" />
    <UnitTestResult executionId="23613f89-3bb4-483a-a71d-42d8e43aac68" testId="e947fd4f-9ac2-8bb5-84f0-1ef122f6c4b4" testName="FlinkDotNet.JobManager.Tests.Core.Abstractions.Runtime.BasicRuntimeContextTests.GetListState_DifferentDescriptors_ReturnsDifferentInstances" computerName="DEVSTAR" duration="00:00:00.0000528" startTime="2025-06-14T22:27:08.5311136+10:00" endTime="2025-06-14T22:27:08.5311451+10:00" testType="13cdc9d9-ddb5-4fa4-a97d-d965ccfc6d4b" outcome="Passed" testListId="8c84fa94-04c1-424b-9868-57a2d4851a1d" relativeResultsDirectory="23613f89-3bb4-483a-a71d-42d8e43aac68" />
    <UnitTestResult executionId="e88cbb19-0a52-48f4-8e9c-e0c340788e6b" testId="e8b8ba30-3a82-b603-6f75-581b03bd8003" testName="FlinkDotNet.JobManager.Tests.JobManagerControllerTests.StopJob_InvalidJobId_ReturnsBadRequest(jobId: null)" computerName="DEVSTAR" duration="00:00:00.0000187" startTime="2025-06-14T22:27:08.5983606+10:00" endTime="2025-06-14T22:27:08.5983806+10:00" testType="13cdc9d9-ddb5-4fa4-a97d-d965ccfc6d4b" outcome="Passed" testListId="8c84fa94-04c1-424b-9868-57a2d4851a1d" relativeResultsDirectory="e88cbb19-0a52-48f4-8e9c-e0c340788e6b" />
    <UnitTestResult executionId="21ce1297-b832-4709-9580-10eb5c151dc2" testId="d3592dfd-7aa1-4400-f382-c2a3fe4e6873" testName="FlinkDotNet.JobManager.Tests.JobManagerControllerTests.ResubmitDlqMessages_InvalidJobId_ReturnsBadRequest(jobId: &quot;&quot;)" computerName="DEVSTAR" duration="00:00:00.0005806" startTime="2025-06-14T22:27:08.5795407+10:00" endTime="2025-06-14T22:27:08.5800503+10:00" testType="13cdc9d9-ddb5-4fa4-a97d-d965ccfc6d4b" outcome="Passed" testListId="8c84fa94-04c1-424b-9868-57a2d4851a1d" relativeResultsDirectory="21ce1297-b832-4709-9580-10eb5c151dc2" />
    <UnitTestResult executionId="43d12d5b-4c74-49be-9413-189ddf8454fe" testId="850d3e2c-615b-1d32-d0f8-626195a3eb19" testName="FlinkDotNet.JobManager.Tests.Core.Abstractions.States.InMemoryMapStateTests.Clear_RemovesAllEntries_IsEmptyReturnsTrue" computerName="DEVSTAR" duration="00:00:00.0001664" startTime="2025-06-14T22:27:08.4672902+10:00" endTime="2025-06-14T22:27:08.4722413+10:00" testType="13cdc9d9-ddb5-4fa4-a97d-d965ccfc6d4b" outcome="Passed" testListId="8c84fa94-04c1-424b-9868-57a2d4851a1d" relativeResultsDirectory="43d12d5b-4c74-49be-9413-189ddf8454fe" />
    <UnitTestResult executionId="61c43a58-6aab-4011-95f1-1224cb7cc786" testId="3a4d001e-61b6-d1b2-00e6-652085408341" testName="FlinkDotNet.JobManager.Tests.JobManagerControllerTests.RestartJob_NonExistentJobId_ReturnsNotFound" computerName="DEVSTAR" duration="00:00:00.0110106" startTime="2025-06-14T22:27:08.5507973+10:00" endTime="2025-06-14T22:27:08.5617329+10:00" testType="13cdc9d9-ddb5-4fa4-a97d-d965ccfc6d4b" outcome="Passed" testListId="8c84fa94-04c1-424b-9868-57a2d4851a1d" relativeResultsDirectory="61c43a58-6aab-4011-95f1-1224cb7cc786" />
    <UnitTestResult executionId="d20052fe-3659-4277-837d-6afe88f38ea8" testId="77a938ab-ace5-f140-7045-496dbb986321" testName="FlinkDotNet.JobManager.Tests.Core.Abstractions.Context.KeyedStateRuntimeContextTests.GetMapState_RequiresKeySet" computerName="DEVSTAR" duration="00:00:00.0004736" startTime="2025-06-14T22:27:08.4586170+10:00" endTime="2025-06-14T22:27:08.4647282+10:00" testType="13cdc9d9-ddb5-4fa4-a97d-d965ccfc6d4b" outcome="Passed" testListId="8c84fa94-04c1-424b-9868-57a2d4851a1d" relativeResultsDirectory="d20052fe-3659-4277-837d-6afe88f38ea8" />
    <UnitTestResult executionId="03b2d6e6-238f-4b45-b95e-cc288061a241" testId="7ae3babb-0662-ad4d-2d66-69b6bd55b898" testName="FlinkDotNet.JobManager.Tests.JobManagerControllerTests.ScaleJob_InvalidJobId_ReturnsBadRequest(jobId: &quot;&quot;)" computerName="DEVSTAR" duration="00:00:00.0000127" startTime="2025-06-14T22:27:08.5773038+10:00" endTime="2025-06-14T22:27:08.5773227+10:00" testType="13cdc9d9-ddb5-4fa4-a97d-d965ccfc6d4b" outcome="Passed" testListId="8c84fa94-04c1-424b-9868-57a2d4851a1d" relativeResultsDirectory="03b2d6e6-238f-4b45-b95e-cc288061a241" />
    <UnitTestResult executionId="f065fc4a-2366-44dd-afb9-4a08ef0b5a7f" testId="9278ae37-e332-edce-4fbe-684aa2efdc48" testName="FlinkDotNet.JobManager.Tests.JobManagerControllerTests.RestartJob_InvalidJobId_ReturnsBadRequest(jobId: &quot;&quot;)" computerName="DEVSTAR" duration="00:00:00.0003695" startTime="2025-06-14T22:27:08.5494043+10:00" endTime="2025-06-14T22:27:08.5497291+10:00" testType="13cdc9d9-ddb5-4fa4-a97d-d965ccfc6d4b" outcome="Passed" testListId="8c84fa94-04c1-424b-9868-57a2d4851a1d" relativeResultsDirectory="f065fc4a-2366-44dd-afb9-4a08ef0b5a7f" />
    <UnitTestResult executionId="6b8b97f9-6f60-4b01-baa4-583728a50f5d" testId="cf692b6c-e73d-6c08-6009-497be7ac7a0b" testName="FlinkDotNet.JobManager.Tests.DisaggregatedStateBackendTests.SnapshotStore_RoundTrip" computerName="DEVSTAR" duration="00:00:00.2213213" startTime="2025-06-14T22:27:08.3260384+10:00" endTime="2025-06-14T22:27:08.5369949+10:00" testType="13cdc9d9-ddb5-4fa4-a97d-d965ccfc6d4b" outcome="Passed" testListId="8c84fa94-04c1-424b-9868-57a2d4851a1d" relativeResultsDirectory="6b8b97f9-6f60-4b01-baa4-583728a50f5d" />
    <UnitTestResult executionId="0c3c3374-17df-416d-8173-edfbc8abf81f" testId="ff49606d-ba0b-71ec-365d-a735755ef435" testName="FlinkDotNet.JobManager.Tests.Core.Abstractions.States.InMemoryMapStateTests.Put_UpdateExistingKey_GetReturnsNewValue" computerName="DEVSTAR" duration="00:00:00.0000569" startTime="2025-06-14T22:27:08.5315557+10:00" endTime="2025-06-14T22:27:08.5315783+10:00" testType="13cdc9d9-ddb5-4fa4-a97d-d965ccfc6d4b" outcome="Passed" testListId="8c84fa94-04c1-424b-9868-57a2d4851a1d" relativeResultsDirectory="0c3c3374-17df-416d-8173-edfbc8abf81f" />
    <UnitTestResult executionId="67a60fe8-6d5c-40ad-bab9-ff1499094403" testId="cc8dbf9e-1468-86df-688c-dfad3349e476" testName="FlinkDotNet.JobManager.Tests.Core.Abstractions.Runtime.BasicRuntimeContextTests.GetValueState_DescriptorIsNull_ThrowsArgumentNullException" computerName="DEVSTAR" duration="00:00:00.0001535" startTime="2025-06-14T22:27:08.5294648+10:00" endTime="2025-06-14T22:27:08.5295058+10:00" testType="13cdc9d9-ddb5-4fa4-a97d-d965ccfc6d4b" outcome="Passed" testListId="8c84fa94-04c1-424b-9868-57a2d4851a1d" relativeResultsDirectory="67a60fe8-6d5c-40ad-bab9-ff1499094403" />
    <UnitTestResult executionId="862cc73d-1e76-4cf7-acf0-43d51714d458" testId="ca828b02-616e-f418-1e36-ab022c39b28b" testName="FlinkDotNet.JobManager.Tests.Core.Abstractions.Runtime.BasicRuntimeContextTests.GetMapState_SameDescriptor_ReturnsSameInstance" computerName="DEVSTAR" duration="00:00:00.0005769" startTime="2025-06-14T22:27:08.5301252+10:00" endTime="2025-06-14T22:27:08.5303738+10:00" testType="13cdc9d9-ddb5-4fa4-a97d-d965ccfc6d4b" outcome="Passed" testListId="8c84fa94-04c1-424b-9868-57a2d4851a1d" relativeResultsDirectory="862cc73d-1e76-4cf7-acf0-43d51714d458" />
    <UnitTestResult executionId="af1827c5-5772-4880-9016-9235349e65c4" testId="5c14c20e-0b4a-8e40-d522-52fe84647dc3" testName="FlinkDotNet.JobManager.Tests.Core.Abstractions.States.InMemoryListStateTests.AddAll_EmptyEnumerable_DoesNotChangeList" computerName="DEVSTAR" duration="00:00:00.0001265" startTime="2025-06-14T22:27:08.4732731+10:00" endTime="2025-06-14T22:27:08.4733097+10:00" testType="13cdc9d9-ddb5-4fa4-a97d-d965ccfc6d4b" outcome="Passed" testListId="8c84fa94-04c1-424b-9868-57a2d4851a1d" relativeResultsDirectory="af1827c5-5772-4880-9016-9235349e65c4" />
    <UnitTestResult executionId="414f5d44-40f1-4093-9d89-f9a35efe8d39" testId="30069df3-d2f2-033e-7412-7860800207ae" testName="FlinkDotNet.JobManager.Tests.JobManagerControllerTests.ScaleJob_ValidParameters_UpdatesStatusAndReturnsOk" computerName="DEVSTAR" duration="00:00:00.0017887" startTime="2025-06-14T22:27:08.5947731+10:00" endTime="2025-06-14T22:27:08.5965366+10:00" testType="13cdc9d9-ddb5-4fa4-a97d-d965ccfc6d4b" outcome="Passed" testListId="8c84fa94-04c1-424b-9868-57a2d4851a1d" relativeResultsDirectory="414f5d44-40f1-4093-9d89-f9a35efe8d39" />
    <UnitTestResult executionId="64ac9181-7176-467c-8bb7-d205625934b3" testId="a557361c-c0c1-0bdf-7ec7-ad7fa771d4b9" testName="FlinkDotNet.JobManager.Tests.Core.Abstractions.States.InMemoryMapStateTests.Values_ReturnsAllValues" computerName="DEVSTAR" duration="00:00:00.0008957" startTime="2025-06-14T22:27:08.5305057+10:00" endTime="2025-06-14T22:27:08.5314731+10:00" testType="13cdc9d9-ddb5-4fa4-a97d-d965ccfc6d4b" outcome="Passed" testListId="8c84fa94-04c1-424b-9868-57a2d4851a1d" relativeResultsDirectory="64ac9181-7176-467c-8bb7-d205625934b3" />
    <UnitTestResult executionId="acbaa899-6cc7-463f-8b3b-f008a001e874" testId="31fb0392-8e5c-fb3c-4a0e-3845274c4e28" testName="FlinkDotNet.JobManager.Tests.Core.Abstractions.Context.KeyedStateRuntimeContextTests.GetValueState_ReturnsSameInstanceForKeyAndDescriptor" computerName="DEVSTAR" duration="00:00:00.0000852" startTime="2025-06-14T22:27:08.5279643+10:00" endTime="2025-06-14T22:27:08.5281527+10:00" testType="13cdc9d9-ddb5-4fa4-a97d-d965ccfc6d4b" outcome="Passed" testListId="8c84fa94-04c1-424b-9868-57a2d4851a1d" relativeResultsDirectory="acbaa899-6cc7-463f-8b3b-f008a001e874" />
    <UnitTestResult executionId="198f5213-2811-47a7-8d92-ccde53cea4e4" testId="1ddc5c5a-fef7-19ce-3b26-040aaf4750ab" testName="FlinkDotNet.JobManager.Tests.JobManagerControllerTests.ScaleJob_InvalidDesiredParallelism_ReturnsBadRequest(desiredParallelism: -1)" computerName="DEVSTAR" duration="00:00:00.0006987" startTime="2025-06-14T22:27:08.5738939+10:00" endTime="2025-06-14T22:27:08.5746535+10:00" testType="13cdc9d9-ddb5-4fa4-a97d-d965ccfc6d4b" outcome="Passed" testListId="8c84fa94-04c1-424b-9868-57a2d4851a1d" relativeResultsDirectory="198f5213-2811-47a7-8d92-ccde53cea4e4" />
    <UnitTestResult executionId="29fdc0e8-723c-4926-83a2-081364260c1f" testId="81cfa379-d658-3495-4d9a-baca117d4dc3" testName="FlinkDotNet.JobManager.Tests.JobManagerControllerTests.ModifyDlqMessage_InvalidJobOrMessageId_ReturnsBadRequest(jobId: null, messageId: &quot;msg1&quot;)" computerName="DEVSTAR" duration="00:00:00.0001252" startTime="2025-06-14T22:27:08.5762541+10:00" endTime="2025-06-14T22:27:08.5763357+10:00" testType="13cdc9d9-ddb5-4fa4-a97d-d965ccfc6d4b" outcome="Passed" testListId="8c84fa94-04c1-424b-9868-57a2d4851a1d" relativeResultsDirectory="29fdc0e8-723c-4926-83a2-081364260c1f" />
    <UnitTestResult executionId="2b0572ff-6e63-49e9-9c7a-13529ccdd21e" testId="9e058d33-2fcf-5f11-53b0-45b29e036388" testName="FlinkDotNet.JobManager.Tests.JobManagerControllerTests.ResubmitDlqMessages_JobNotFoundOrRequestRejected_ReturnsNotFound" computerName="DEVSTAR" duration="00:00:00.0008013" startTime="2025-06-14T22:27:08.6003479+10:00" endTime="2025-06-14T22:27:08.6010107+10:00" testType="13cdc9d9-ddb5-4fa4-a97d-d965ccfc6d4b" outcome="Passed" testListId="8c84fa94-04c1-424b-9868-57a2d4851a1d" relativeResultsDirectory="2b0572ff-6e63-49e9-9c7a-13529ccdd21e" />
    <UnitTestResult executionId="764629f8-df94-4914-815a-f52fa863d8ff" testId="b406f8e2-fe1c-702a-04e3-80182053d059" testName="FlinkDotNet.JobManager.Tests.MonotonicWatermarkGeneratorTests.Watermark_RespectsOutOfOrderness" computerName="DEVSTAR" duration="00:00:00.0000709" startTime="2025-06-14T22:27:08.4587625+10:00" endTime="2025-06-14T22:27:08.4644054+10:00" testType="13cdc9d9-ddb5-4fa4-a97d-d965ccfc6d4b" outcome="Passed" testListId="8c84fa94-04c1-424b-9868-57a2d4851a1d" relativeResultsDirectory="764629f8-df94-4914-815a-f52fa863d8ff" />
    <UnitTestResult executionId="86db2ad7-c200-4a83-83d3-e4d2bf71839c" testId="045035dc-d5ce-1bea-7654-67154cf3c843" testName="FlinkDotNet.JobManager.Tests.JobManagerControllerTests.StopJob_InvalidJobId_ReturnsBadRequest(jobId: &quot;&quot;)" computerName="DEVSTAR" duration="00:00:00.0001027" startTime="2025-06-14T22:27:08.5982412+10:00" endTime="2025-06-14T22:27:08.5983108+10:00" testType="13cdc9d9-ddb5-4fa4-a97d-d965ccfc6d4b" outcome="Passed" testListId="8c84fa94-04c1-424b-9868-57a2d4851a1d" relativeResultsDirectory="86db2ad7-c200-4a83-83d3-e4d2bf71839c" />
    <UnitTestResult executionId="2a9de50f-3e41-433f-b141-041570c2d04b" testId="820131ec-e3bb-0038-de10-968d522246ca" testName="FlinkDotNet.JobManager.Tests.Core.Abstractions.Context.KeyedStateRuntimeContextTests.GetValueState_ScopedPerKey" computerName="DEVSTAR" duration="00:00:00.0000883" startTime="2025-06-14T22:27:08.5282132+10:00" endTime="2025-06-14T22:27:08.5283699+10:00" testType="13cdc9d9-ddb5-4fa4-a97d-d965ccfc6d4b" outcome="Passed" testListId="8c84fa94-04c1-424b-9868-57a2d4851a1d" relativeResultsDirectory="2a9de50f-3e41-433f-b141-041570c2d04b" />
    <UnitTestResult executionId="6a547d7e-ec9c-42b5-9056-ca8d97d07d89" testId="0e8003af-83fd-c157-daf5-97de6263c9c0" testName="FlinkDotNet.JobManager.Tests.Core.Abstractions.Runtime.BasicRuntimeContextTests.Constructor_InitializesPropertiesCorrectly" computerName="DEVSTAR" duration="00:00:00.0738854" startTime="2025-06-14T22:27:08.4647473+10:00" endTime="2025-06-14T22:27:08.5279937+10:00" testType="13cdc9d9-ddb5-4fa4-a97d-d965ccfc6d4b" outcome="Passed" testListId="8c84fa94-04c1-424b-9868-57a2d4851a1d" relativeResultsDirectory="6a547d7e-ec9c-42b5-9056-ca8d97d07d89" />
    <UnitTestResult executionId="69d09d43-0df8-4b76-ad16-dbf5b22e5369" testId="11f9eadb-5236-3045-8fa3-a6cc9bb68c81" testName="FlinkDotNet.JobManager.Tests.JobManagerControllerTests.ModifyDlqMessage_NullMessageData_ReturnsBadRequest" computerName="DEVSTAR" duration="00:00:00.0002774" startTime="2025-06-14T22:27:08.6078995+10:00" endTime="2025-06-14T22:27:08.6081456+10:00" testType="13cdc9d9-ddb5-4fa4-a97d-d965ccfc6d4b" outcome="Passed" testListId="8c84fa94-04c1-424b-9868-57a2d4851a1d" relativeResultsDirectory="69d09d43-0df8-4b76-ad16-dbf5b22e5369" />
    <UnitTestResult executionId="d7066360-f58e-4b78-8f91-3995b4c02eeb" testId="00954ff4-5a60-7ad3-25a0-baa0c6480f7b" testName="FlinkDotNet.JobManager.Tests.Core.Abstractions.Context.KeyedStateRuntimeContextTests.GetListState_ScopedPerKey" computerName="DEVSTAR" duration="00:00:00.0007133" startTime="2025-06-14T22:27:08.5284614+10:00" endTime="2025-06-14T22:27:08.5293498+10:00" testType="13cdc9d9-ddb5-4fa4-a97d-d965ccfc6d4b" outcome="Passed" testListId="8c84fa94-04c1-424b-9868-57a2d4851a1d" relativeResultsDirectory="d7066360-f58e-4b78-8f91-3995b4c02eeb" />
    <UnitTestResult executionId="f3d14eba-5a06-47b8-8a43-33082a9ce4b8" testId="ffc660db-6762-d911-0b9a-addfcedbfb35" testName="FlinkDotNet.JobManager.Tests.JobManagerControllerTests.RestartJob_ExistingJobId_UpdatesStatusAndReturnsOk" computerName="DEVSTAR" duration="00:00:00.0019166" startTime="2025-06-14T22:27:08.6018621+10:00" endTime="2025-06-14T22:27:08.6037657+10:00" testType="13cdc9d9-ddb5-4fa4-a97d-d965ccfc6d4b" outcome="Passed" testListId="8c84fa94-04c1-424b-9868-57a2d4851a1d" relativeResultsDirectory="f3d14eba-5a06-47b8-8a43-33082a9ce4b8" />
    <UnitTestResult executionId="91ff10f4-b76b-4500-9d1f-206640e1d221" testId="779de94b-f2bb-7686-5102-134286bcbb7f" testName="FlinkDotNet.JobManager.Tests.JobManagerControllerTests.CancelJob_InvalidJobId_ReturnsBadRequest(jobId: &quot;&quot;)" computerName="DEVSTAR" duration="00:00:00.0000148" startTime="2025-06-14T22:27:08.5697672+10:00" endTime="2025-06-14T22:27:08.5697914+10:00" testType="13cdc9d9-ddb5-4fa4-a97d-d965ccfc6d4b" outcome="Passed" testListId="8c84fa94-04c1-424b-9868-57a2d4851a1d" relativeResultsDirectory="91ff10f4-b76b-4500-9d1f-206640e1d221" />
    <UnitTestResult executionId="d90b2e11-ce65-4540-929b-9149fbab3c97" testId="28741996-5b2f-c531-3e4c-7ef45eded5bb" testName="FlinkDotNet.JobManager.Tests.Core.Abstractions.States.InMemoryMapStateTests.NewState_IsEmpty_ReturnsTrue" computerName="DEVSTAR" duration="00:00:00.0002783" startTime="2025-06-14T22:27:08.5283503+10:00" endTime="2025-06-14T22:27:08.5284991+10:00" testType="13cdc9d9-ddb5-4fa4-a97d-d965ccfc6d4b" outcome="Passed" testListId="8c84fa94-04c1-424b-9868-57a2d4851a1d" relativeResultsDirectory="d90b2e11-ce65-4540-929b-9149fbab3c97" />
    <UnitTestResult executionId="4463a0e3-5049-4558-b430-83844f56cce1" testId="fa20bdb6-aa94-9332-a227-4a342628f455" testName="FlinkDotNet.JobManager.Tests.Core.Abstractions.Context.KeyedStateRuntimeContextTests.GetState_ThrowsIfDifferentStateTypeRequestedForSameNameAndKey" computerName="DEVSTAR" duration="00:00:00.1380821" startTime="2025-06-14T22:27:08.3260136+10:00" endTime="2025-06-14T22:27:08.4570245+10:00" testType="13cdc9d9-ddb5-4fa4-a97d-d965ccfc6d4b" outcome="Passed" testListId="8c84fa94-04c1-424b-9868-57a2d4851a1d" relativeResultsDirectory="4463a0e3-5049-4558-b430-83844f56cce1" />
    <UnitTestResult executionId="59475e23-1fe3-4a23-a8e7-daa950c421d4" testId="50f48756-20f3-ae12-ea08-f555e489cc39" testName="FlinkDotNet.JobManager.Tests.JobManagerControllerTests.SubmitJob_RepositoryCreateFails_ReturnsStatusCode500" computerName="DEVSTAR" duration="00:00:00.0012645" startTime="2025-06-14T22:27:08.5971517+10:00" endTime="2025-06-14T22:27:08.5978583+10:00" testType="13cdc9d9-ddb5-4fa4-a97d-d965ccfc6d4b" outcome="Passed" testListId="8c84fa94-04c1-424b-9868-57a2d4851a1d" relativeResultsDirectory="59475e23-1fe3-4a23-a8e7-daa950c421d4" />
    <UnitTestResult executionId="63aa417a-b2c7-494b-88a5-d6f46847b943" testId="49cbe5b9-72d0-2a51-ef95-9e94fca8c7b1" testName="FlinkDotNet.JobManager.Tests.Core.Abstractions.States.InMemoryMapStateTests.PutAll_AddsMultipleEntries_OverwritesExisting" computerName="DEVSTAR" duration="00:00:00.0001447" startTime="2025-06-14T22:27:08.5303412+10:00" endTime="2025-06-14T22:27:08.5304571+10:00" testType="13cdc9d9-ddb5-4fa4-a97d-d965ccfc6d4b" outcome="Passed" testListId="8c84fa94-04c1-424b-9868-57a2d4851a1d" relativeResultsDirectory="63aa417a-b2c7-494b-88a5-d6f46847b943" />
    <UnitTestResult executionId="a1c8eb9c-65af-4965-a8a1-53bde6dd88b3" testId="76c08bed-c005-12ae-c1d7-330f7c70fa97" testName="FlinkDotNet.JobManager.Tests.JobManagerInternalApiServiceTests.Heartbeat_ReturnsAckTrue" computerName="DEVSTAR" duration="00:00:00.0013915" startTime="2025-06-14T22:27:08.5724063+10:00" endTime="2025-06-14T22:27:08.5736793+10:00" testType="13cdc9d9-ddb5-4fa4-a97d-d965ccfc6d4b" outcome="Passed" testListId="8c84fa94-04c1-424b-9868-57a2d4851a1d" relativeResultsDirectory="a1c8eb9c-65af-4965-a8a1-53bde6dd88b3" />
    <UnitTestResult executionId="c8b964df-88cd-491f-ba76-41888746af9e" testId="78572a25-ea72-277e-1a14-a49ba84e01fb" testName="FlinkDotNet.JobManager.Tests.JobManagerControllerTests.CancelJob_RepositoryUpdateFails_ReturnsStatusCode500" computerName="DEVSTAR" duration="00:00:00.0014623" startTime="2025-06-14T22:27:08.5893819+10:00" endTime="2025-06-14T22:27:08.5908128+10:00" testType="13cdc9d9-ddb5-4fa4-a97d-d965ccfc6d4b" outcome="Passed" testListId="8c84fa94-04c1-424b-9868-57a2d4851a1d" relativeResultsDirectory="c8b964df-88cd-491f-ba76-41888746af9e" />
    <UnitTestResult executionId="4968cbbd-b0b0-4f21-a00b-07fc28769b28" testId="4c9fba65-ef36-c016-31fe-de3a771e075c" testName="FlinkDotNet.JobManager.Tests.JobManagerControllerTests.ModifyDlqMessage_InvalidJobOrMessageId_ReturnsBadRequest(jobId: &quot;job1&quot;, messageId: &quot; &quot;)" computerName="DEVSTAR" duration="00:00:00.0000151" startTime="2025-06-14T22:27:08.5764379+10:00" endTime="2025-06-14T22:27:08.5764562+10:00" testType="13cdc9d9-ddb5-4fa4-a97d-d965ccfc6d4b" outcome="Passed" testListId="8c84fa94-04c1-424b-9868-57a2d4851a1d" relativeResultsDirectory="4968cbbd-b0b0-4f21-a00b-07fc28769b28" />
    <UnitTestResult executionId="badb5819-c4cb-4c29-8fb3-346a7e0c6ed7" testId="42922ac1-86be-af52-7926-363644f9c9ec" testName="FlinkDotNet.JobManager.Tests.JobManagerControllerTests.ResubmitDlqMessages_InvalidJobId_ReturnsBadRequest(jobId: &quot; &quot;)" computerName="DEVSTAR" duration="00:00:00.0000142" startTime="2025-06-14T22:27:08.5801904+10:00" endTime="2025-06-14T22:27:08.5802092+10:00" testType="13cdc9d9-ddb5-4fa4-a97d-d965ccfc6d4b" outcome="Passed" testListId="8c84fa94-04c1-424b-9868-57a2d4851a1d" relativeResultsDirectory="badb5819-c4cb-4c29-8fb3-346a7e0c6ed7" />
    <UnitTestResult executionId="fad1a878-c7b6-4328-b31a-eef1c34cc37c" testId="49ebba8d-8436-b583-fbb1-a1f58f02cc1d" testName="FlinkDotNet.JobManager.Tests.JobManagerControllerTests.RestartJob_InvalidJobId_ReturnsBadRequest(jobId: null)" computerName="DEVSTAR" duration="00:00:00.2368158" startTime="2025-06-14T22:27:08.3260009+10:00" endTime="2025-06-14T22:27:08.5492956+10:00" testType="13cdc9d9-ddb5-4fa4-a97d-d965ccfc6d4b" outcome="Passed" testListId="8c84fa94-04c1-424b-9868-57a2d4851a1d" relativeResultsDirectory="fad1a878-c7b6-4328-b31a-eef1c34cc37c" />
    <UnitTestResult executionId="41c6fae2-8ce4-46db-ad83-b6b23ed9519e" testId="3ea5fa78-899a-2746-8fc4-0df7258d2826" testName="FlinkDotNet.JobManager.Tests.JobManagerControllerTests.GetJobStatus_InvalidJobId_ReturnsBadRequest(jobId: &quot;&quot;)" computerName="DEVSTAR" duration="00:00:00.0000202" startTime="2025-06-14T22:27:08.5756120+10:00" endTime="2025-06-14T22:27:08.5756311+10:00" testType="13cdc9d9-ddb5-4fa4-a97d-d965ccfc6d4b" outcome="Passed" testListId="8c84fa94-04c1-424b-9868-57a2d4851a1d" relativeResultsDirectory="41c6fae2-8ce4-46db-ad83-b6b23ed9519e" />
    <UnitTestResult executionId="1ff310aa-349a-4d34-8cc9-3d0b49f38918" testId="4205a21d-540d-0be4-e9f7-536717fe55b4" testName="FlinkDotNet.JobManager.Tests.JobManagerControllerTests.SubmitJob_ValidJob_ReturnsOkWithJobStatus" computerName="DEVSTAR" duration="00:00:00.0007856" startTime="2025-06-14T22:27:08.6071086+10:00" endTime="2025-06-14T22:27:08.6078222+10:00" testType="13cdc9d9-ddb5-4fa4-a97d-d965ccfc6d4b" outcome="Passed" testListId="8c84fa94-04c1-424b-9868-57a2d4851a1d" relativeResultsDirectory="1ff310aa-349a-4d34-8cc9-3d0b49f38918" />
    <UnitTestResult executionId="db8ecad8-df84-43e5-a210-2d0fa0d0afb5" testId="e557e554-1dc9-36b6-85b8-0066ef9eea1c" testName="FlinkDotNet.JobManager.Tests.JobManagerControllerTests.ModifyDlqMessage_ValidInput_UpdatesAndReturnsMessage" computerName="DEVSTAR" duration="00:00:00.0064155" startTime="2025-06-14T22:27:08.5802552+10:00" endTime="2025-06-14T22:27:08.5867262+10:00" testType="13cdc9d9-ddb5-4fa4-a97d-d965ccfc6d4b" outcome="Passed" testListId="8c84fa94-04c1-424b-9868-57a2d4851a1d" relativeResultsDirectory="db8ecad8-df84-43e5-a210-2d0fa0d0afb5" />
    <UnitTestResult executionId="4701a083-16a6-42d7-813a-15320402e766" testId="4d6a1827-596a-80d2-8fd7-2c26e0993493" testName="FlinkDotNet.JobManager.Tests.Core.Abstractions.States.InMemoryMapStateTests.Entries_ReturnsAllKeyValuePairs" computerName="DEVSTAR" duration="00:00:00.0008652" startTime="2025-06-14T22:27:08.5293297+10:00" endTime="2025-06-14T22:27:08.5302954+10:00" testType="13cdc9d9-ddb5-4fa4-a97d-d965ccfc6d4b" outcome="Passed" testListId="8c84fa94-04c1-424b-9868-57a2d4851a1d" relativeResultsDirectory="4701a083-16a6-42d7-813a-15320402e766" />
    <UnitTestResult executionId="c1446ac3-9155-44e9-9575-1892835e67b3" testId="41eaffc9-bf07-7c66-951b-414414f187f1" testName="FlinkDotNet.JobManager.Tests.Core.Abstractions.States.InMemoryMapStateTests.Remove_NonExistentKey_DoesNothing" computerName="DEVSTAR" duration="00:00:00.0001307" startTime="2025-06-14T22:27:08.5291680+10:00" endTime="2025-06-14T22:27:08.5291894+10:00" testType="13cdc9d9-ddb5-4fa4-a97d-d965ccfc6d4b" outcome="Passed" testListId="8c84fa94-04c1-424b-9868-57a2d4851a1d" relativeResultsDirectory="c1446ac3-9155-44e9-9575-1892835e67b3" />
    <UnitTestResult executionId="ab3ae6be-c8c1-436c-908c-59443a7aa570" testId="3edfa009-3e89-8769-476d-e63a6e30361f" testName="FlinkDotNet.JobManager.Tests.JobManagerControllerTests.RestartJob_RepositoryUpdateFails_ReturnsStatusCode500" computerName="DEVSTAR" duration="00:00:00.0016702" startTime="2025-06-14T22:27:08.5880127+10:00" endTime="2025-06-14T22:27:08.5892561+10:00" testType="13cdc9d9-ddb5-4fa4-a97d-d965ccfc6d4b" outcome="Passed" testListId="8c84fa94-04c1-424b-9868-57a2d4851a1d" relativeResultsDirectory="ab3ae6be-c8c1-436c-908c-59443a7aa570" />
    <UnitTestResult executionId="11ef821e-0afa-4c47-aecd-30c6393eaf68" testId="b4c29d26-05c8-25cf-23aa-4b2789011e57" testName="FlinkDotNet.JobManager.Tests.JobManagerControllerTests.StopJob_ExistingJobId_UpdatesStatusAndReturnsOk" computerName="DEVSTAR" duration="00:00:00.0017587" startTime="2025-06-14T22:27:08.5776478+10:00" endTime="2025-06-14T22:27:08.5794067+10:00" testType="13cdc9d9-ddb5-4fa4-a97d-d965ccfc6d4b" outcome="Passed" testListId="8c84fa94-04c1-424b-9868-57a2d4851a1d" relativeResultsDirectory="11ef821e-0afa-4c47-aecd-30c6393eaf68" />
    <UnitTestResult executionId="ab9cfe83-0700-40cc-950e-d14147d3d35e" testId="f588d194-c41f-5858-0fa2-179417b2f458" testName="FlinkDotNet.JobManager.Tests.Core.Abstractions.States.InMemoryListStateTests.Get_ReturnsCopyOfInternalList" computerName="DEVSTAR" duration="00:00:00.0000827" startTime="2025-06-14T22:27:08.4726353+10:00" endTime="2025-06-14T22:27:08.4726553+10:00" testType="13cdc9d9-ddb5-4fa4-a97d-d965ccfc6d4b" outcome="Passed" testListId="8c84fa94-04c1-424b-9868-57a2d4851a1d" relativeResultsDirectory="ab9cfe83-0700-40cc-950e-d14147d3d35e" />
    <UnitTestResult executionId="d182d33d-12a5-4177-9892-7ca6de386041" testId="7c281848-1a0d-9456-c8ef-7c0585ad4eff" testName="FlinkDotNet.JobManager.Tests.JobManagerInternalApiServiceTests.RequestRecovery_ReturnsRecoveryInitiatedTrue" computerName="DEVSTAR" duration="00:00:00.0019038" startTime="2025-06-14T22:27:08.5688766+10:00" endTime="2025-06-14T22:27:08.5706046+10:00" testType="13cdc9d9-ddb5-4fa4-a97d-d965ccfc6d4b" outcome="Passed" testListId="8c84fa94-04c1-424b-9868-57a2d4851a1d" relativeResultsDirectory="d182d33d-12a5-4177-9892-7ca6de386041" />
    <UnitTestResult executionId="f8f01fb5-b065-4fb3-a545-b0d75679945c" testId="ff927304-705f-d9b6-d3aa-43fde62d8596" testName="FlinkDotNet.JobManager.Tests.Core.Abstractions.Context.KeyedStateRuntimeContextTests.GetValueState_RequiresKeySet" computerName="DEVSTAR" duration="00:00:00.0003013" startTime="2025-06-14T22:27:08.5293997+10:00" endTime="2025-06-14T22:27:08.5301557+10:00" testType="13cdc9d9-ddb5-4fa4-a97d-d965ccfc6d4b" outcome="Passed" testListId="8c84fa94-04c1-424b-9868-57a2d4851a1d" relativeResultsDirectory="f8f01fb5-b065-4fb3-a545-b0d75679945c" />
    <UnitTestResult executionId="43a3cc4c-237a-4f4b-8f2c-d27e424a5d40" testId="f31e6549-8e98-43da-4de4-33b684d7b192" testName="FlinkDotNet.JobManager.Tests.JobManagerControllerTests.ModifyDlqMessage_MessageNotFound_ReturnsNotFound" computerName="DEVSTAR" duration="00:00:00.0015460" startTime="2025-06-14T22:27:08.5723856+10:00" endTime="2025-06-14T22:27:08.5738164+10:00" testType="13cdc9d9-ddb5-4fa4-a97d-d965ccfc6d4b" outcome="Passed" testListId="8c84fa94-04c1-424b-9868-57a2d4851a1d" relativeResultsDirectory="43a3cc4c-237a-4f4b-8f2c-d27e424a5d40" />
    <UnitTestResult executionId="41789038-3034-4aff-98bc-da452b208d89" testId="9330d2e8-33a4-b00b-8038-3d6cc6d480e7" testName="FlinkDotNet.JobManager.Tests.Core.Abstractions.Runtime.BasicRuntimeContextTests.GetValueState_DifferentDescriptors_ReturnsDifferentInstances" computerName="DEVSTAR" duration="00:00:00.0000637" startTime="2025-06-14T22:27:08.5313981+10:00" endTime="2025-06-14T22:27:08.5314221+10:00" testType="13cdc9d9-ddb5-4fa4-a97d-d965ccfc6d4b" outcome="Passed" testListId="8c84fa94-04c1-424b-9868-57a2d4851a1d" relativeResultsDirectory="41789038-3034-4aff-98bc-da452b208d89" />
    <UnitTestResult executionId="041abbe5-15f1-46ea-b4b5-feb800ee1c61" testId="f8dc4e2d-b366-c46a-e86d-df6d13e30a9d" testName="FlinkDotNet.JobManager.Tests.Core.Abstractions.States.InMemoryListStateTests.AddAll_NullEnumerable_DoesNotThrowAndListRemainsSame" computerName="DEVSTAR" duration="00:00:00.0000766" startTime="2025-06-14T22:27:08.4734841+10:00" endTime="2025-06-14T22:27:08.4735033+10:00" testType="13cdc9d9-ddb5-4fa4-a97d-d965ccfc6d4b" outcome="Passed" testListId="8c84fa94-04c1-424b-9868-57a2d4851a1d" relativeResultsDirectory="041abbe5-15f1-46ea-b4b5-feb800ee1c61" />
    <UnitTestResult executionId="6cf3a052-e695-4fd3-bdc7-b1d5f9132c77" testId="06f5d726-b97b-88d3-217f-bc0fd224f06f" testName="FlinkDotNet.JobManager.Tests.JobManagerControllerTests.ResubmitDlqMessages_ValidJobId_ReturnsAccepted" computerName="DEVSTAR" duration="00:00:00.0006929" startTime="2025-06-14T22:27:08.6010996+10:00" endTime="2025-06-14T22:27:08.6017710+10:00" testType="13cdc9d9-ddb5-4fa4-a97d-d965ccfc6d4b" outcome="Passed" testListId="8c84fa94-04c1-424b-9868-57a2d4851a1d" relativeResultsDirectory="6cf3a052-e695-4fd3-bdc7-b1d5f9132c77" />
    <UnitTestResult executionId="f4e93c88-fe8f-4a78-8853-ba59e5532283" testId="dc15ccfa-0e5c-fb41-155e-f32da2498e19" testName="FlinkDotNet.JobManager.Tests.Core.Abstractions.States.InMemoryValueStateTests.Value_Initial_ReturnsInitialValue" computerName="DEVSTAR" duration="00:00:00.0729357" startTime="2025-06-14T22:27:08.4659787+10:00" endTime="2025-06-14T22:27:08.5270802+10:00" testType="13cdc9d9-ddb5-4fa4-a97d-d965ccfc6d4b" outcome="Passed" testListId="8c84fa94-04c1-424b-9868-57a2d4851a1d" relativeResultsDirectory="f4e93c88-fe8f-4a78-8853-ba59e5532283" />
    <UnitTestResult executionId="4a6075df-2e7b-4cb8-a390-8b0ebc7d2093" testId="111834fb-0a3d-1a96-07a4-29afcf5ede85" testName="FlinkDotNet.JobManager.Tests.Core.Abstractions.States.InMemoryListStateTests.Update_NullEnumerable_ClearsList" computerName="DEVSTAR" duration="00:00:00.0000557" startTime="2025-06-14T22:27:08.4734105+10:00" endTime="2025-06-14T22:27:08.4734319+10:00" testType="13cdc9d9-ddb5-4fa4-a97d-d965ccfc6d4b" outcome="Passed" testListId="8c84fa94-04c1-424b-9868-57a2d4851a1d" relativeResultsDirectory="4a6075df-2e7b-4cb8-a390-8b0ebc7d2093" />
    <UnitTestResult executionId="4c71e41e-2234-4a99-b167-10cad37f5a4b" testId="50d092bb-700a-d380-3924-570a3a5d4105" testName="FlinkDotNet.JobManager.Tests.Core.Abstractions.States.InMemoryMapStateTests.Contains_NonExistentKey_ReturnsFalse" computerName="DEVSTAR" duration="00:00:00.0000316" startTime="2025-06-14T22:27:08.5292470+10:00" endTime="2025-06-14T22:27:08.5292731+10:00" testType="13cdc9d9-ddb5-4fa4-a97d-d965ccfc6d4b" outcome="Passed" testListId="8c84fa94-04c1-424b-9868-57a2d4851a1d" relativeResultsDirectory="4c71e41e-2234-4a99-b167-10cad37f5a4b" />
    <UnitTestResult executionId="aeebb714-fe84-4cfe-ad2e-653f2110fea8" testId="09238d6d-9d4f-5b6e-d91d-83a79f697c30" testName="FlinkDotNet.JobManager.Tests.Core.Abstractions.Runtime.BasicRuntimeContextTests.Constructor_DefaultValues_AreSet" computerName="DEVSTAR" duration="00:00:00.0000443" startTime="2025-06-14T22:27:08.5312472+10:00" endTime="2025-06-14T22:27:08.5312685+10:00" testType="13cdc9d9-ddb5-4fa4-a97d-d965ccfc6d4b" outcome="Passed" testListId="8c84fa94-04c1-424b-9868-57a2d4851a1d" relativeResultsDirectory="aeebb714-fe84-4cfe-ad2e-653f2110fea8" />
    <UnitTestResult executionId="50823ba7-92a2-47ce-a013-11affe49ea8e" testId="bcbee9ce-8502-ae39-b752-3930870c64eb" testName="FlinkDotNet.JobManager.Tests.Core.Abstractions.States.InMemoryListStateTests.AddAll_ItemsToExistingList_AppendsItems" computerName="DEVSTAR" duration="00:00:00.0000533" startTime="2025-06-14T22:27:08.4736695+10:00" endTime="2025-06-14T22:27:08.4736886+10:00" testType="13cdc9d9-ddb5-4fa4-a97d-d965ccfc6d4b" outcome="Passed" testListId="8c84fa94-04c1-424b-9868-57a2d4851a1d" relativeResultsDirectory="50823ba7-92a2-47ce-a013-11affe49ea8e" />
    <UnitTestResult executionId="3500fda6-9642-4498-9247-730efdef5585" testId="83a180c2-db24-09a1-948e-1832bd1d8811" testName="FlinkDotNet.JobManager.Tests.JobManagerControllerTests.ModifyDlqMessage_NullNewPayload_ReturnsBadRequest" computerName="DEVSTAR" duration="00:00:00.0002335" startTime="2025-06-14T22:27:08.6082272+10:00" endTime="2025-06-14T22:27:08.6084182+10:00" testType="13cdc9d9-ddb5-4fa4-a97d-d965ccfc6d4b" outcome="Passed" testListId="8c84fa94-04c1-424b-9868-57a2d4851a1d" relativeResultsDirectory="3500fda6-9642-4498-9247-730efdef5585" />
    <UnitTestResult executionId="bf27173e-c2d7-4cb9-b48f-ffa29792776a" testId="47b721c5-5c42-9166-8626-b80fe95b9451" testName="FlinkDotNet.JobManager.Tests.JobManagerControllerTests.GetJobCheckpoints_JobExistsWithCheckpoints_ReturnsOkWithCheckpoints" computerName="DEVSTAR" duration="00:00:00.0008095" startTime="2025-06-14T22:27:08.5994017+10:00" endTime="2025-06-14T22:27:08.6002208+10:00" testType="13cdc9d9-ddb5-4fa4-a97d-d965ccfc6d4b" outcome="Passed" testListId="8c84fa94-04c1-424b-9868-57a2d4851a1d" relativeResultsDirectory="bf27173e-c2d7-4cb9-b48f-ffa29792776a" />
    <UnitTestResult executionId="771682f9-87a0-4c80-b401-ecc1f2d602f6" testId="fe256d75-6e23-e80d-c555-39c8bd3526b4" testName="FlinkDotNet.JobManager.Tests.JobManagerControllerTests.RestartJob_InvalidJobId_ReturnsBadRequest(jobId: &quot; &quot;)" computerName="DEVSTAR" duration="00:00:00.0000305" startTime="2025-06-14T22:27:08.5503778+10:00" endTime="2025-06-14T22:27:08.5504094+10:00" testType="13cdc9d9-ddb5-4fa4-a97d-d965ccfc6d4b" outcome="Passed" testListId="8c84fa94-04c1-424b-9868-57a2d4851a1d" relativeResultsDirectory="771682f9-87a0-4c80-b401-ecc1f2d602f6" />
    <UnitTestResult executionId="b9f8516e-d9a2-486c-9809-94b788ed24ea" testId="c2f53d6b-2985-397a-6fbb-d85fa03f42ad" testName="FlinkDotNet.JobManager.Tests.JobManagerInternalApiServiceTests.ReportStateCompletion_ReturnsAckTrue" computerName="DEVSTAR" duration="00:00:00.2561444" startTime="2025-06-14T22:27:08.3253333+10:00" endTime="2025-06-14T22:27:08.5686823+10:00" testType="13cdc9d9-ddb5-4fa4-a97d-d965ccfc6d4b" outcome="Passed" testListId="8c84fa94-04c1-424b-9868-57a2d4851a1d" relativeResultsDirectory="b9f8516e-d9a2-486c-9809-94b788ed24ea" />
    <UnitTestResult executionId="97374b1b-803a-4c1b-9aae-d1d94cef4b48" testId="108022cc-6283-8894-e7b8-4755993bb5de" testName="FlinkDotNet.JobManager.Tests.Core.Abstractions.Runtime.BasicRuntimeContextTests.GetValueState_ReturnsNonNullValueState" computerName="DEVSTAR" duration="00:00:00.1387181" startTime="2025-06-14T22:27:08.3253715+10:00" endTime="2025-06-14T22:27:08.4587927+10:00" testType="13cdc9d9-ddb5-4fa4-a97d-d965ccfc6d4b" outcome="Passed" testListId="8c84fa94-04c1-424b-9868-57a2d4851a1d" relativeResultsDirectory="97374b1b-803a-4c1b-9aae-d1d94cef4b48" />
    <UnitTestResult executionId="3bd71f6d-1789-41df-bcdb-1e8a8a39b0e3" testId="7d3fa35d-ab0b-60c7-f051-fe06412bbff2" testName="FlinkDotNet.JobManager.Tests.Core.Abstractions.States.InMemoryValueStateTests.Update_WithDefaultValue_IsConsideredSet" computerName="DEVSTAR" duration="00:00:00.0000480" startTime="2025-06-14T22:27:08.5283274+10:00" endTime="2025-06-14T22:27:08.5284278+10:00" testType="13cdc9d9-ddb5-4fa4-a97d-d965ccfc6d4b" outcome="Passed" testListId="8c84fa94-04c1-424b-9868-57a2d4851a1d" relativeResultsDirectory="3bd71f6d-1789-41df-bcdb-1e8a8a39b0e3" />
    <UnitTestResult executionId="578a5fb1-59c6-4cb8-a33d-d51a1e681651" testId="b6982b28-a029-69a5-dcf0-b7e03f3619ef" testName="FlinkDotNet.JobManager.Tests.JobManagerControllerTests.GetJobStatus_InvalidJobId_ReturnsBadRequest(jobId: null)" computerName="DEVSTAR" duration="00:00:00.0004780" startTime="2025-06-14T22:27:08.5753948+10:00" endTime="2025-06-14T22:27:08.5754233+10:00" testType="13cdc9d9-ddb5-4fa4-a97d-d965ccfc6d4b" outcome="Passed" testListId="8c84fa94-04c1-424b-9868-57a2d4851a1d" relativeResultsDirectory="578a5fb1-59c6-4cb8-a33d-d51a1e681651" />
    <UnitTestResult executionId="d3da1fe9-0a03-4c84-8427-c502230b20e3" testId="14b04736-cbe0-5f7f-7850-0b636a0be34c" testName="FlinkDotNet.JobManager.Tests.Core.Abstractions.States.InMemoryListStateTests.Clear_EmptyList_RemainsEmpty" computerName="DEVSTAR" duration="00:00:00.0009766" startTime="2025-06-14T22:27:08.4737521+10:00" endTime="2025-06-14T22:27:08.4737730+10:00" testType="13cdc9d9-ddb5-4fa4-a97d-d965ccfc6d4b" outcome="Passed" testListId="8c84fa94-04c1-424b-9868-57a2d4851a1d" relativeResultsDirectory="d3da1fe9-0a03-4c84-8427-c502230b20e3" />
    <UnitTestResult executionId="80d6a4f6-00dd-46f5-b8bf-219cab63bed6" testId="2ba600c9-65f3-f6c6-6a47-435d7c7a3adc" testName="FlinkDotNet.JobManager.Tests.Core.Abstractions.States.InMemoryMapStateTests.Entries_ModifyingReturnedEnumerable_DoesNotAffectInternalState" computerName="DEVSTAR" duration="00:00:00.0704821" startTime="2025-06-14T22:27:08.4724841+10:00" endTime="2025-06-14T22:27:08.5272156+10:00" testType="13cdc9d9-ddb5-4fa4-a97d-d965ccfc6d4b" outcome="Passed" testListId="8c84fa94-04c1-424b-9868-57a2d4851a1d" relativeResultsDirectory="80d6a4f6-00dd-46f5-b8bf-219cab63bed6" />
    <UnitTestResult executionId="7d54f4f6-97f8-4a30-90c7-6e5c074f8350" testId="e364374f-e2d1-566e-001b-4dd819bdc059" testName="FlinkDotNet.JobManager.Tests.JobManagerControllerTests.SubmitJob_InvalidJobName_ReturnsBadRequest(jobName: &quot;&quot;)" computerName="DEVSTAR" duration="00:00:00.0000151" startTime="2025-06-14T22:27:08.5506439+10:00" endTime="2025-06-14T22:27:08.5507000+10:00" testType="13cdc9d9-ddb5-4fa4-a97d-d965ccfc6d4b" outcome="Passed" testListId="8c84fa94-04c1-424b-9868-57a2d4851a1d" relativeResultsDirectory="7d54f4f6-97f8-4a30-90c7-6e5c074f8350" />
    <UnitTestResult executionId="dddc854c-2e4b-41b6-84e2-c48ae91cee56" testId="3a97194a-feb3-69c4-579d-9472815a891b" testName="FlinkDotNet.JobManager.Tests.Core.Abstractions.States.InMemoryMapStateTests.Remove_ExistingKey_RemovesEntry_GetReturnsDefault_ContainsReturnsFalse" computerName="DEVSTAR" duration="00:00:00.1387580" startTime="2025-06-14T22:27:08.3253895+10:00" endTime="2025-06-14T22:27:08.4588418+10:00" testType="13cdc9d9-ddb5-4fa4-a97d-d965ccfc6d4b" outcome="Passed" testListId="8c84fa94-04c1-424b-9868-57a2d4851a1d" relativeResultsDirectory="dddc854c-2e4b-41b6-84e2-c48ae91cee56" />
    <UnitTestResult executionId="cf0d8a0d-1176-4fb5-b342-bb58e7a8af17" testId="86e45673-34be-5926-a440-bcf6123dc9c9" testName="FlinkDotNet.JobManager.Tests.JobManagerControllerTests.ScaleJob_InvalidJobId_ReturnsBadRequest(jobId: &quot; &quot;)" computerName="DEVSTAR" duration="00:00:00.0000903" startTime="2025-06-14T22:27:08.5772179+10:00" endTime="2025-06-14T22:27:08.5772491+10:00" testType="13cdc9d9-ddb5-4fa4-a97d-d965ccfc6d4b" outcome="Passed" testListId="8c84fa94-04c1-424b-9868-57a2d4851a1d" relativeResultsDirectory="cf0d8a0d-1176-4fb5-b342-bb58e7a8af17" />
    <UnitTestResult executionId="fdd144dd-0d3e-472d-a15e-1d35cce01c8d" testId="468712d7-60f8-7e2b-adaa-5faa11aeb743" testName="FlinkDotNet.JobManager.Tests.Core.Abstractions.States.InMemoryMapStateTests.Put_SingleEntry_GetReturnsValue_ContainsReturnsTrue_IsNotEmpty" computerName="DEVSTAR" duration="00:00:00.0001306" startTime="2025-06-14T22:27:08.5279755+10:00" endTime="2025-06-14T22:27:08.5282345+10:00" testType="13cdc9d9-ddb5-4fa4-a97d-d965ccfc6d4b" outcome="Passed" testListId="8c84fa94-04c1-424b-9868-57a2d4851a1d" relativeResultsDirectory="fdd144dd-0d3e-472d-a15e-1d35cce01c8d" />
    <UnitTestResult executionId="c51676bb-dea7-4b05-b7df-ebb7897e09f2" testId="21929310-7ace-cb74-d7b1-20ab5b05b0f8" testName="FlinkDotNet.JobManager.Tests.Core.Abstractions.Runtime.BasicRuntimeContextTests.GetMapState_DescriptorIsNull_ThrowsArgumentNullException" computerName="DEVSTAR" duration="00:00:00.0000944" startTime="2025-06-14T22:27:08.5313178+10:00" endTime="2025-06-14T22:27:08.5313369+10:00" testType="13cdc9d9-ddb5-4fa4-a97d-d965ccfc6d4b" outcome="Passed" testListId="8c84fa94-04c1-424b-9868-57a2d4851a1d" relativeResultsDirectory="c51676bb-dea7-4b05-b7df-ebb7897e09f2" />
    <UnitTestResult executionId="f14daf34-0926-4994-ae54-765f46855559" testId="ff41719b-c9d0-4223-8aaf-f50e51ae11f9" testName="FlinkDotNet.JobManager.Tests.Core.Abstractions.Runtime.BasicRuntimeContextTests.GetMapState_DifferentDescriptors_ReturnsDifferentInstances" computerName="DEVSTAR" duration="00:00:00.0005079" startTime="2025-06-14T22:27:08.5290654+10:00" endTime="2025-06-14T22:27:08.5294194+10:00" testType="13cdc9d9-ddb5-4fa4-a97d-d965ccfc6d4b" outcome="Passed" testListId="8c84fa94-04c1-424b-9868-57a2d4851a1d" relativeResultsDirectory="f14daf34-0926-4994-ae54-765f46855559" />
    <UnitTestResult executionId="5ad2db4e-5951-42ee-9c44-bac66deb4ff6" testId="ff3b8719-9e6d-19ee-f7c8-1194a9fca5ce" testName="FlinkDotNet.JobManager.Tests.Core.Abstractions.States.InMemoryListStateTests.Get_NewState_ReturnsEmptyEnumerable" computerName="DEVSTAR" duration="00:00:00.0001742" startTime="2025-06-14T22:27:08.4672787+10:00" endTime="2025-06-14T22:27:08.4724462+10:00" testType="13cdc9d9-ddb5-4fa4-a97d-d965ccfc6d4b" outcome="Passed" testListId="8c84fa94-04c1-424b-9868-57a2d4851a1d" relativeResultsDirectory="5ad2db4e-5951-42ee-9c44-bac66deb4ff6" />
    <UnitTestResult executionId="6072dff2-1dd4-422b-bcec-2189991116e0" testId="a415399f-b638-31e1-b695-28c850fb3537" testName="FlinkDotNet.JobManager.Tests.JobManagerControllerTests.GetJobCheckpoints_NonExistentJobId_ReturnsNotFound" computerName="DEVSTAR" duration="00:00:00.0008862" startTime="2025-06-14T22:27:08.5984281+10:00" endTime="2025-06-14T22:27:08.5993016+10:00" testType="13cdc9d9-ddb5-4fa4-a97d-d965ccfc6d4b" outcome="Passed" testListId="8c84fa94-04c1-424b-9868-57a2d4851a1d" relativeResultsDirectory="6072dff2-1dd4-422b-bcec-2189991116e0" />
    <UnitTestResult executionId="79757f02-dd35-47ca-b2d1-74bca86015d4" testId="9cc7b27e-a885-6eae-83c7-6e08fbd1644b" testName="FlinkDotNet.JobManager.Tests.Core.Abstractions.States.InMemoryMapStateTests.Keys_ReturnsAllKeys" computerName="DEVSTAR" duration="00:00:00.0011486" startTime="2025-06-14T22:27:08.4670394+10:00" endTime="2025-06-14T22:27:08.4670767+10:00" testType="13cdc9d9-ddb5-4fa4-a97d-d965ccfc6d4b" outcome="Passed" testListId="8c84fa94-04c1-424b-9868-57a2d4851a1d" relativeResultsDirectory="79757f02-dd35-47ca-b2d1-74bca86015d4" />
    <UnitTestResult executionId="1a9673f9-5518-41fb-be90-de394bff45c1" testId="1e14cc15-5e74-2009-5e0b-b05a5ab953b1" testName="FlinkDotNet.JobManager.Tests.JobManagerControllerTests.SubmitJob_InvalidJobName_ReturnsBadRequest(jobName: &quot; &quot;)" computerName="DEVSTAR" duration="00:00:00.0006246" startTime="2025-06-14T22:27:08.5504964+10:00" endTime="2025-06-14T22:27:08.5505177+10:00" testType="13cdc9d9-ddb5-4fa4-a97d-d965ccfc6d4b" outcome="Passed" testListId="8c84fa94-04c1-424b-9868-57a2d4851a1d" relativeResultsDirectory="1a9673f9-5518-41fb-be90-de394bff45c1" />
    <UnitTestResult executionId="83848044-d0e9-462c-82e5-c9faba5263f7" testId="a319ea52-5b7c-43a3-2592-c61d787f80cc" testName="FlinkDotNet.JobManager.Tests.JobManagerControllerTests.StopJob_InvalidJobId_ReturnsBadRequest(jobId: &quot; &quot;)" computerName="DEVSTAR" duration="00:00:00.0002748" startTime="2025-06-14T22:27:08.5979896+10:00" endTime="2025-06-14T22:27:08.5981770+10:00" testType="13cdc9d9-ddb5-4fa4-a97d-d965ccfc6d4b" outcome="Passed" testListId="8c84fa94-04c1-424b-9868-57a2d4851a1d" relativeResultsDirectory="83848044-d0e9-462c-82e5-c9faba5263f7" />
    <UnitTestResult executionId="28b6871e-8e7f-4a25-a556-54815688cb0c" testId="444c2682-7322-a070-4d59-b441a674e9c3" testName="FlinkDotNet.JobManager.Tests.JobManagerControllerTests.GetJobCheckpoints_InvalidJobId_ReturnsBadRequest(jobId: &quot;&quot;)" computerName="DEVSTAR" duration="00:00:00.0001247" startTime="2025-06-14T22:27:08.5945125+10:00" endTime="2025-06-14T22:27:08.5946078+10:00" testType="13cdc9d9-ddb5-4fa4-a97d-d965ccfc6d4b" outcome="Passed" testListId="8c84fa94-04c1-424b-9868-57a2d4851a1d" relativeResultsDirectory="28b6871e-8e7f-4a25-a556-54815688cb0c" />
    <UnitTestResult executionId="a6bd8467-0ecf-4de6-ad45-56cd01b6ca99" testId="83ed6f68-21b1-784c-ece7-ee9af6a10b87" testName="FlinkDotNet.JobManager.Tests.JobManagerControllerTests.ModifyDlqMessage_InvalidJobOrMessageId_ReturnsBadRequest(jobId: &quot; &quot;, messageId: &quot;msg1&quot;)" computerName="DEVSTAR" duration="00:00:00.0002677" startTime="2025-06-14T22:27:08.5761764+10:00" endTime="2025-06-14T22:27:08.5762026+10:00" testType="13cdc9d9-ddb5-4fa4-a97d-d965ccfc6d4b" outcome="Passed" testListId="8c84fa94-04c1-424b-9868-57a2d4851a1d" relativeResultsDirectory="a6bd8467-0ecf-4de6-ad45-56cd01b6ca99" />
    <UnitTestResult executionId="01d82e79-2687-454e-9a49-4471f9385e86" testId="513dfd2c-e8e8-8b84-c111-bb68f4975bbb" testName="FlinkDotNet.JobManager.Tests.Core.Abstractions.Runtime.BasicRuntimeContextTests.GetValueState_SameDescriptor_ReturnsSameInstance" computerName="DEVSTAR" duration="00:00:00.0001617" startTime="2025-06-14T22:27:08.4643910+10:00" endTime="2025-06-14T22:27:08.4646152+10:00" testType="13cdc9d9-ddb5-4fa4-a97d-d965ccfc6d4b" outcome="Passed" testListId="8c84fa94-04c1-424b-9868-57a2d4851a1d" relativeResultsDirectory="01d82e79-2687-454e-9a49-4471f9385e86" />
    <UnitTestResult executionId="374f8fea-1ee6-458a-96e7-7935f06f1ee4" testId="f4565ebb-b219-62d0-dc92-ff4ceea6e484" testName="FlinkDotNet.JobManager.Tests.Core.Abstractions.States.InMemoryListStateTests.Update_EmptyEnumerable_ClearsList" computerName="DEVSTAR" duration="00:00:00.0000354" startTime="2025-06-14T22:27:08.4735495+10:00" endTime="2025-06-14T22:27:08.4735680+10:00" testType="13cdc9d9-ddb5-4fa4-a97d-d965ccfc6d4b" outcome="Passed" testListId="8c84fa94-04c1-424b-9868-57a2d4851a1d" relativeResultsDirectory="374f8fea-1ee6-458a-96e7-7935f06f1ee4" />
    <UnitTestResult executionId="6fdf23c3-ec94-4338-9faf-b892b118e398" testId="036b7b2a-212c-3522-c809-f0c1cfc78d3b" testName="FlinkDotNet.JobManager.Tests.JobManagerControllerTests.StopJob_NonExistentJobId_ReturnsNotFound" computerName="DEVSTAR" duration="00:00:00.0006141" startTime="2025-06-14T22:27:08.5932891+10:00" endTime="2025-06-14T22:27:08.5938759+10:00" testType="13cdc9d9-ddb5-4fa4-a97d-d965ccfc6d4b" outcome="Passed" testListId="8c84fa94-04c1-424b-9868-57a2d4851a1d" relativeResultsDirectory="6fdf23c3-ec94-4338-9faf-b892b118e398" />
    <UnitTestResult executionId="c7bc040d-7f3e-4340-91b5-0fd4ef1ccc5d" testId="b121c47f-e91e-57ca-6d89-aa737c9dceeb" testName="FlinkDotNet.JobManager.Tests.Core.Abstractions.States.InMemoryMapStateTests.PutAll_NullDictionary_DoesNotThrow_StateUnchanged" computerName="DEVSTAR" duration="00:00:00.0020862" startTime="2025-06-14T22:27:08.4643197+10:00" endTime="2025-06-14T22:27:08.4660074+10:00" testType="13cdc9d9-ddb5-4fa4-a97d-d965ccfc6d4b" outcome="Passed" testListId="8c84fa94-04c1-424b-9868-57a2d4851a1d" relativeResultsDirectory="c7bc040d-7f3e-4340-91b5-0fd4ef1ccc5d" />
    <UnitTestResult executionId="41230ff0-7faa-4b40-8e18-5fb7a517130f" testId="900867ba-8a5e-b9cf-c9a7-daefbf8cc520" testName="FlinkDotNet.JobManager.Tests.Core.Abstractions.States.InMemoryListStateTests.Add_MultipleItems_GetReturnsAllItemsInOrder" computerName="DEVSTAR" duration="00:00:00.1420909" startTime="2025-06-14T22:27:08.3259612+10:00" endTime="2025-06-14T22:27:08.4671616+10:00" testType="13cdc9d9-ddb5-4fa4-a97d-d965ccfc6d4b" outcome="Passed" testListId="8c84fa94-04c1-424b-9868-57a2d4851a1d" relativeResultsDirectory="41230ff0-7faa-4b40-8e18-5fb7a517130f" />
    <UnitTestResult executionId="7d6b624d-2ad1-49b8-b415-c40d16caf5a7" testId="c7176b01-083f-7d12-dcdd-e75ecc39b30e" testName="FlinkDotNet.JobManager.Tests.Core.Abstractions.States.InMemoryValueStateTests.Value_Initial_StructType_ReturnsInitialStructValue" computerName="DEVSTAR" duration="00:00:00.0007716" startTime="2025-06-14T22:27:08.4650701+10:00" endTime="2025-06-14T22:27:08.4658684+10:00" testType="13cdc9d9-ddb5-4fa4-a97d-d965ccfc6d4b" outcome="Passed" testListId="8c84fa94-04c1-424b-9868-57a2d4851a1d" relativeResultsDirectory="7d6b624d-2ad1-49b8-b415-c40d16caf5a7" />
    <UnitTestResult executionId="450b8d07-54d8-49a8-bf0d-7a7484ee02b6" testId="6e1ab469-4b69-4188-bdc0-23fc2e7305e4" testName="FlinkDotNet.JobManager.Tests.JobManagerControllerTests.GetJobStatus_NonExistentJobId_ReturnsNotFound" computerName="DEVSTAR" duration="00:00:00.0006703" startTime="2025-06-14T22:27:08.6047080+10:00" endTime="2025-06-14T22:27:08.6053277+10:00" testType="13cdc9d9-ddb5-4fa4-a97d-d965ccfc6d4b" outcome="Passed" testListId="8c84fa94-04c1-424b-9868-57a2d4851a1d" relativeResultsDirectory="450b8d07-54d8-49a8-bf0d-7a7484ee02b6" />
    <UnitTestResult executionId="23a64e32-8280-4433-a424-4ccc22ed5caa" testId="e506b4de-0241-6a6f-51b8-ca5b3cb5b8aa" testName="FlinkDotNet.JobManager.Tests.JobManagerControllerTests.ScaleJob_RepositoryUpdateFails_ReturnsStatusCode500" computerName="DEVSTAR" duration="00:00:00.0013048" startTime="2025-06-14T22:27:08.6057522+10:00" endTime="2025-06-14T22:27:08.6070057+10:00" testType="13cdc9d9-ddb5-4fa4-a97d-d965ccfc6d4b" outcome="Passed" testListId="8c84fa94-04c1-424b-9868-57a2d4851a1d" relativeResultsDirectory="23a64e32-8280-4433-a424-4ccc22ed5caa" />
    <UnitTestResult executionId="17cc10ac-140a-4d0d-a0e4-0df7f8488d9f" testId="2aaf99a9-9709-4a8e-e2ab-df3e4597b68e" testName="FlinkDotNet.JobManager.Tests.JobManagerControllerTests.GetJobCheckpoints_InvalidJobId_ReturnsBadRequest(jobId: null)" computerName="DEVSTAR" duration="00:00:00.0005345" startTime="2025-06-14T22:27:08.5939721+10:00" endTime="2025-06-14T22:27:08.5944444+10:00" testType="13cdc9d9-ddb5-4fa4-a97d-d965ccfc6d4b" outcome="Passed" testListId="8c84fa94-04c1-424b-9868-57a2d4851a1d" relativeResultsDirectory="17cc10ac-140a-4d0d-a0e4-0df7f8488d9f" />
    <UnitTestResult executionId="0acbc860-e615-4371-a525-002336f1af1a" testId="d08a3ace-ae95-cddc-7ade-435eb12ee85d" testName="FlinkDotNet.JobManager.Tests.Core.Abstractions.Runtime.BasicRuntimeContextTests.GetListState_DescriptorIsNull_ThrowsArgumentNullException" computerName="DEVSTAR" duration="00:00:00.0002767" startTime="2025-06-14T22:27:08.5304368+10:00" endTime="2025-06-14T22:27:08.5305252+10:00" testType="13cdc9d9-ddb5-4fa4-a97d-d965ccfc6d4b" outcome="Passed" testListId="8c84fa94-04c1-424b-9868-57a2d4851a1d" relativeResultsDirectory="0acbc860-e615-4371-a525-002336f1af1a" />
    <UnitTestResult executionId="5a830a8d-63a7-4d83-ae6c-fb6cd9a38caa" testId="f4e2f06f-4c96-3ac6-451e-6bdcd4f7e09b" testName="FlinkDotNet.JobManager.Tests.Core.Abstractions.States.InMemoryValueStateTests.Value_AfterUpdate_ReturnsUpdatedValue" computerName="DEVSTAR" duration="00:00:00.0001373" startTime="2025-06-14T22:27:08.5279849+10:00" endTime="2025-06-14T22:27:08.5282534+10:00" testType="13cdc9d9-ddb5-4fa4-a97d-d965ccfc6d4b" outcome="Passed" testListId="8c84fa94-04c1-424b-9868-57a2d4851a1d" relativeResultsDirectory="5a830a8d-63a7-4d83-ae6c-fb6cd9a38caa" />
    <UnitTestResult executionId="23579396-ba63-4104-90eb-432c4a0f2296" testId="d1153aff-bdf6-9eea-d908-01a8ea6ba8a2" testName="FlinkDotNet.JobManager.Tests.JobManagerControllerTests.GetJobCheckpoints_JobExistsWithoutCheckpoints_ReturnsOkWithEmptyList" computerName="DEVSTAR" duration="00:00:00.0007839" startTime="2025-06-14T22:27:08.6043392+10:00" endTime="2025-06-14T22:27:08.6046119+10:00" testType="13cdc9d9-ddb5-4fa4-a97d-d965ccfc6d4b" outcome="Passed" testListId="8c84fa94-04c1-424b-9868-57a2d4851a1d" relativeResultsDirectory="23579396-ba63-4104-90eb-432c4a0f2296" />
    <UnitTestResult executionId="b548ce3f-cb0c-43f9-a35b-4abdd9ccb7cb" testId="d25ba4a6-a5a5-e414-6fb6-2cdad1ee86ab" testName="FlinkDotNet.JobManager.Tests.JobManagerControllerTests.ModifyDlqMessage_InvalidJobOrMessageId_ReturnsBadRequest(jobId: &quot;job1&quot;, messageId: null)" computerName="DEVSTAR" duration="00:00:00.0000201" startTime="2025-06-14T22:27:08.5763848+10:00" endTime="2025-06-14T22:27:08.5764049+10:00" testType="13cdc9d9-ddb5-4fa4-a97d-d965ccfc6d4b" outcome="Passed" testListId="8c84fa94-04c1-424b-9868-57a2d4851a1d" relativeResultsDirectory="b548ce3f-cb0c-43f9-a35b-4abdd9ccb7cb" />
    <UnitTestResult executionId="60ed8f51-2fd3-4eb7-bbf2-66e451c109c3" testId="c3862aad-dbe3-146b-09f1-9d01a9b6e55e" testName="FlinkDotNet.JobManager.Tests.Core.Abstractions.States.InMemoryMapStateTests.Get_NonExistentKey_ReturnsDefaultValue" computerName="DEVSTAR" duration="00:00:00.0001960" startTime="2025-06-14T22:27:08.5289541+10:00" endTime="2025-06-14T22:27:08.5290863+10:00" testType="13cdc9d9-ddb5-4fa4-a97d-d965ccfc6d4b" outcome="Passed" testListId="8c84fa94-04c1-424b-9868-57a2d4851a1d" relativeResultsDirectory="60ed8f51-2fd3-4eb7-bbf2-66e451c109c3" />
    <UnitTestResult executionId="85772035-2434-493b-af36-a53c875e1687" testId="307b7596-acc0-7dc4-dbd8-89bd2a6f06f8" testName="FlinkDotNet.JobManager.Tests.MonotonicWatermarkGeneratorTests.Watermark_IncreasesWithEvents" computerName="DEVSTAR" duration="00:00:00.1384865" startTime="2025-06-14T22:27:08.3244390+10:00" endTime="2025-06-14T22:27:08.4586553+10:00" testType="13cdc9d9-ddb5-4fa4-a97d-d965ccfc6d4b" outcome="Passed" testListId="8c84fa94-04c1-424b-9868-57a2d4851a1d" relativeResultsDirectory="85772035-2434-493b-af36-a53c875e1687" />
    <UnitTestResult executionId="0bff9ea6-658d-4179-9616-f750af753ae6" testId="659d172e-07b5-0bd3-3bab-b72782d7a434" testName="FlinkDotNet.JobManager.Tests.Core.Abstractions.Context.KeyedStateRuntimeContextTests.GetMapState_ScopedPerKey" computerName="DEVSTAR" duration="00:00:00.0737730" startTime="2025-06-14T22:27:08.4649579+10:00" endTime="2025-06-14T22:27:08.5272982+10:00" testType="13cdc9d9-ddb5-4fa4-a97d-d965ccfc6d4b" outcome="Passed" testListId="8c84fa94-04c1-424b-9868-57a2d4851a1d" relativeResultsDirectory="0bff9ea6-658d-4179-9616-f750af753ae6" />
    <UnitTestResult executionId="814d50b9-386c-45b5-92ff-21d6986d10c4" testId="f50c4649-51bd-16b6-743c-4d5a0c7f3050" testName="FlinkDotNet.JobManager.Tests.JobManagerControllerTests.CancelJob_NonExistentJobId_ReturnsNotFound" computerName="DEVSTAR" duration="00:00:00.0007321" startTime="2025-06-14T22:27:08.5868626+10:00" endTime="2025-06-14T22:27:08.5874938+10:00" testType="13cdc9d9-ddb5-4fa4-a97d-d965ccfc6d4b" outcome="Passed" testListId="8c84fa94-04c1-424b-9868-57a2d4851a1d" relativeResultsDirectory="814d50b9-386c-45b5-92ff-21d6986d10c4" />
    <UnitTestResult executionId="43420d4b-ff0e-4e59-89af-1bcd33786b5a" testId="79983a70-d463-68f4-ec71-96bdce002f51" testName="FlinkDotNet.JobManager.Tests.HighAvailabilityCoordinatorTests.AcquireAndResign" computerName="DEVSTAR" duration="00:00:00.1369707" startTime="2025-06-14T22:27:08.3259746+10:00" endTime="2025-06-14T22:27:08.4525286+10:00" testType="13cdc9d9-ddb5-4fa4-a97d-d965ccfc6d4b" outcome="Passed" testListId="8c84fa94-04c1-424b-9868-57a2d4851a1d" relativeResultsDirectory="43420d4b-ff0e-4e59-89af-1bcd33786b5a" />
    <UnitTestResult executionId="46c04393-afb2-411d-9272-0ed2d224a3ca" testId="e9c943ff-e24d-e685-a59e-c60662ae397c" testName="FlinkDotNet.JobManager.Tests.SlidingEventTimeWindowsTests.AssignWindows_ReturnsExpectedWindows" computerName="DEVSTAR" duration="00:00:00.1419065" startTime="2025-06-14T22:27:08.3259402+10:00" endTime="2025-06-14T22:27:08.4671000+10:00" testType="13cdc9d9-ddb5-4fa4-a97d-d965ccfc6d4b" outcome="Passed" testListId="8c84fa94-04c1-424b-9868-57a2d4851a1d" relativeResultsDirectory="46c04393-afb2-411d-9272-0ed2d224a3ca" />
    <UnitTestResult executionId="ade0310e-31a9-4b24-b2cb-9c080b8b7423" testId="303c7d4d-c07e-fb83-4718-991d9f6b1bbd" testName="FlinkDotNet.JobManager.Tests.JobManagerControllerTests.ResubmitDlqMessages_InvalidJobId_ReturnsBadRequest(jobId: null)" computerName="DEVSTAR" duration="00:00:00.0001068" startTime="2025-06-14T22:27:08.5801323+10:00" endTime="2025-06-14T22:27:08.5801558+10:00" testType="13cdc9d9-ddb5-4fa4-a97d-d965ccfc6d4b" outcome="Passed" testListId="8c84fa94-04c1-424b-9868-57a2d4851a1d" relativeResultsDirectory="ade0310e-31a9-4b24-b2cb-9c080b8b7423" />
    <UnitTestResult executionId="baea950b-fa2f-4919-91ac-faa76010f0b4" testId="ac6c2eaa-f0e7-52c9-2075-cf9da129bae4" testName="FlinkDotNet.JobManager.Tests.Core.Abstractions.States.InMemoryListStateTests.Update_WithNewItems_ReplacesExistingList" computerName="DEVSTAR" duration="00:00:00.0001004" startTime="2025-06-14T22:27:08.4727122+10:00" endTime="2025-06-14T22:27:08.4727330+10:00" testType="13cdc9d9-ddb5-4fa4-a97d-d965ccfc6d4b" outcome="Passed" testListId="8c84fa94-04c1-424b-9868-57a2d4851a1d" relativeResultsDirectory="baea950b-fa2f-4919-91ac-faa76010f0b4" />
    <UnitTestResult executionId="17029922-67d1-4bad-959f-6d9c0bf74bdb" testId="6a246d9a-1bc8-9fac-eb59-e1fa5e7642dd" testName="FlinkDotNet.JobManager.Tests.Core.Abstractions.Context.KeyedStateRuntimeContextTests.GetListState_RequiresKeySet" computerName="DEVSTAR" duration="00:00:00.0003275" startTime="2025-06-14T22:27:08.5302310+10:00" endTime="2025-06-14T22:27:08.5302509+10:00" testType="13cdc9d9-ddb5-4fa4-a97d-d965ccfc6d4b" outcome="Passed" testListId="8c84fa94-04c1-424b-9868-57a2d4851a1d" relativeResultsDirectory="17029922-67d1-4bad-959f-6d9c0bf74bdb" />
    <UnitTestResult executionId="41448686-d5a2-45da-9ef2-5b75b9f602d4" testId="a89baa81-117b-7383-f7e5-c2a2d7b25a5e" testName="FlinkDotNet.JobManager.Tests.JobManagerControllerTests.ScaleJob_InvalidJobId_ReturnsBadRequest(jobId: null)" computerName="DEVSTAR" duration="00:00:00.0002486" startTime="2025-06-14T22:27:08.5765341+10:00" endTime="2025-06-14T22:27:08.5766951+10:00" testType="13cdc9d9-ddb5-4fa4-a97d-d965ccfc6d4b" outcome="Passed" testListId="8c84fa94-04c1-424b-9868-57a2d4851a1d" relativeResultsDirectory="41448686-d5a2-45da-9ef2-5b75b9f602d4" />
    <UnitTestResult executionId="d5df2343-2b52-49c0-8d97-69653394dc72" testId="79053490-0261-85d8-13fa-6e8d33047f6c" testName="FlinkDotNet.JobManager.Tests.JobManagerInternalApiServiceTests.RequestCheckpoint_ReturnsAcceptedTrue" computerName="DEVSTAR" duration="00:00:00.0015372" startTime="2025-06-14T22:27:08.5707160+10:00" endTime="2025-06-14T22:27:08.5722212+10:00" testType="13cdc9d9-ddb5-4fa4-a97d-d965ccfc6d4b" outcome="Passed" testListId="8c84fa94-04c1-424b-9868-57a2d4851a1d" relativeResultsDirectory="d5df2343-2b52-49c0-8d97-69653394dc72" />
    <UnitTestResult executionId="61f64867-980d-4081-b606-753496f9043c" testId="71376137-b6ac-5abe-8de8-2a0c1301ce51" testName="FlinkDotNet.JobManager.Tests.JobManagerControllerTests.ModifyDlqMessage_RepositoryUpdateFails_ReturnsStatusCode500" computerName="DEVSTAR" duration="00:00:00.0015062" startTime="2025-06-14T22:27:08.5909345+10:00" endTime="2025-06-14T22:27:08.5924063+10:00" testType="13cdc9d9-ddb5-4fa4-a97d-d965ccfc6d4b" outcome="Passed" testListId="8c84fa94-04c1-424b-9868-57a2d4851a1d" relativeResultsDirectory="61f64867-980d-4081-b606-753496f9043c" />
    <UnitTestResult executionId="7e7d1267-0852-4a87-baf4-963519074791" testId="301a49b1-bb82-a070-07f8-f2fbbefaf557" testName="FlinkDotNet.JobManager.Tests.JobManagerControllerTests.SubmitJob_NullJobDefinition_ReturnsBadRequest" computerName="DEVSTAR" duration="00:00:00.0002487" startTime="2025-06-14T22:27:08.5757100+10:00" endTime="2025-06-14T22:27:08.5759491+10:00" testType="13cdc9d9-ddb5-4fa4-a97d-d965ccfc6d4b" outcome="Passed" testListId="8c84fa94-04c1-424b-9868-57a2d4851a1d" relativeResultsDirectory="7e7d1267-0852-4a87-baf4-963519074791" />
    <UnitTestResult executionId="2d2ba35b-d40e-4084-88fb-f0173dec65a6" testId="538a2855-adca-5954-d842-252071b55184" testName="FlinkDotNet.JobManager.Tests.JobManagerControllerTests.StopJob_RepositoryUpdateFails_ReturnsStatusCode500" computerName="DEVSTAR" duration="00:00:00.0029833" startTime="2025-06-14T22:27:08.5698550+10:00" endTime="2025-06-14T22:27:08.5722993+10:00" testType="13cdc9d9-ddb5-4fa4-a97d-d965ccfc6d4b" outcome="Passed" testListId="8c84fa94-04c1-424b-9868-57a2d4851a1d" relativeResultsDirectory="2d2ba35b-d40e-4084-88fb-f0173dec65a6" />
    <UnitTestResult executionId="bea0d0c7-d1df-4f62-8ff0-8fd16b3e6223" testId="8ce93064-ec44-f85c-cd3d-4b3ef27f00d0" testName="FlinkDotNet.JobManager.Tests.JobManagerControllerTests.SubmitJob_InvalidJobName_ReturnsBadRequest(jobName: null)" computerName="DEVSTAR" duration="00:00:00.0000999" startTime="2025-06-14T22:27:08.5505546+10:00" endTime="2025-06-14T22:27:08.5505748+10:00" testType="13cdc9d9-ddb5-4fa4-a97d-d965ccfc6d4b" outcome="Passed" testListId="8c84fa94-04c1-424b-9868-57a2d4851a1d" relativeResultsDirectory="bea0d0c7-d1df-4f62-8ff0-8fd16b3e6223" />
    <UnitTestResult executionId="b463d22c-ce9f-4265-bb62-ba3d9d0a975d" testId="cc1e9459-eb04-6091-47d6-cd8a24bf8fce" testName="FlinkDotNet.JobManager.Tests.Core.Abstractions.Runtime.BasicRuntimeContextTests.GetListState_ReturnsNonNullListState" computerName="DEVSTAR" duration="00:00:00.0001856" startTime="2025-06-14T22:27:08.5306354+10:00" endTime="2025-06-14T22:27:08.5306550+10:00" testType="13cdc9d9-ddb5-4fa4-a97d-d965ccfc6d4b" outcome="Passed" testListId="8c84fa94-04c1-424b-9868-57a2d4851a1d" relativeResultsDirectory="b463d22c-ce9f-4265-bb62-ba3d9d0a975d" />
    <UnitTestResult executionId="00460eb7-6cfd-4fc7-8d82-f28ffb7f1170" testId="fe0ca1c6-e28d-7e1c-dcd0-09e19c3d47bb" testName="FlinkDotNet.JobManager.Tests.JobManagerControllerTests.CancelJob_InvalidJobId_ReturnsBadRequest(jobId: &quot; &quot;)" computerName="DEVSTAR" duration="00:00:00.0003357" startTime="2025-06-14T22:27:08.5688470+10:00" endTime="2025-06-14T22:27:08.5690275+10:00" testType="13cdc9d9-ddb5-4fa4-a97d-d965ccfc6d4b" outcome="Passed" testListId="8c84fa94-04c1-424b-9868-57a2d4851a1d" relativeResultsDirectory="00460eb7-6cfd-4fc7-8d82-f28ffb7f1170" />
    <UnitTestResult executionId="40ea1403-f3a3-422a-9956-d34781fa4164" testId="49cbe49a-d06a-5aba-d467-1769ff46b0db" testName="FlinkDotNet.JobManager.Tests.Core.Abstractions.States.InMemoryListStateTests.Clear_RemovesAllItems" computerName="DEVSTAR" duration="00:00:00.0000363" startTime="2025-06-14T22:27:08.4736103+10:00" endTime="2025-06-14T22:27:08.4736286+10:00" testType="13cdc9d9-ddb5-4fa4-a97d-d965ccfc6d4b" outcome="Passed" testListId="8c84fa94-04c1-424b-9868-57a2d4851a1d" relativeResultsDirectory="40ea1403-f3a3-422a-9956-d34781fa4164" />
    <UnitTestResult executionId="6ae8282b-e198-4ccd-9d22-e0deb3eee52b" testId="aee9a299-768a-17c9-09f2-6bba5a9551be" testName="FlinkDotNet.JobManager.Tests.JobManagerControllerTests.GetJobStatus_ExistingJobId_ReturnsOkWithJobStatus" computerName="DEVSTAR" duration="00:00:00.0007461" startTime="2025-06-14T22:27:08.5925351+10:00" endTime="2025-06-14T22:27:08.5931937+10:00" testType="13cdc9d9-ddb5-4fa4-a97d-d965ccfc6d4b" outcome="Passed" testListId="8c84fa94-04c1-424b-9868-57a2d4851a1d" relativeResultsDirectory="6ae8282b-e198-4ccd-9d22-e0deb3eee52b" />
    <UnitTestResult executionId="80c128cb-8ea2-4c5e-a203-d4dd3c0d3fcd" testId="ae0519e1-ebf2-3282-ba07-f6439ebdd08f" testName="FlinkDotNet.JobManager.Tests.Core.Abstractions.Runtime.BasicRuntimeContextTests.GetMapState_ReturnsNonNullMapState" computerName="DEVSTAR" duration="00:00:00.0004979" startTime="2025-06-14T22:27:08.5281305+10:00" endTime="2025-06-14T22:27:08.5289864+10:00" testType="13cdc9d9-ddb5-4fa4-a97d-d965ccfc6d4b" outcome="Passed" testListId="8c84fa94-04c1-424b-9868-57a2d4851a1d" relativeResultsDirectory="80c128cb-8ea2-4c5e-a203-d4dd3c0d3fcd" />
    <UnitTestResult executionId="3aeb70a8-efc0-4fe8-8df2-2261a4a057aa" testId="e6b12c51-60d6-b6ad-581d-aa2e62f71ad8" testName="FlinkDotNet.JobManager.Tests.Core.Abstractions.Runtime.BasicRuntimeContextTests.GetListState_SameDescriptor_ReturnsSameInstance" computerName="DEVSTAR" duration="00:00:00.0000564" startTime="2025-06-14T22:27:08.5305707+10:00" endTime="2025-06-14T22:27:08.5305908+10:00" testType="13cdc9d9-ddb5-4fa4-a97d-d965ccfc6d4b" outcome="Passed" testListId="8c84fa94-04c1-424b-9868-57a2d4851a1d" relativeResultsDirectory="3aeb70a8-efc0-4fe8-8df2-2261a4a057aa" />
    <UnitTestResult executionId="1e1168c3-049c-4900-a827-92e0e8310283" testId="e532dfb4-1b22-9232-975a-e1dd2d79de8c" testName="FlinkDotNet.JobManager.Tests.JobManagerControllerTests.GetJobStatus_InvalidJobId_ReturnsBadRequest(jobId: &quot; &quot;)" computerName="DEVSTAR" duration="00:00:00.0001343" startTime="2025-06-14T22:27:08.5755443+10:00" endTime="2025-06-14T22:27:08.5755676+10:00" testType="13cdc9d9-ddb5-4fa4-a97d-d965ccfc6d4b" outcome="Passed" testListId="8c84fa94-04c1-424b-9868-57a2d4851a1d" relativeResultsDirectory="1e1168c3-049c-4900-a827-92e0e8310283" />
    <UnitTestResult executionId="0f103b1d-2a5a-4702-8ad5-5c758a6282ea" testId="854da450-a8f0-3768-72d6-199ab0a68ea3" testName="FlinkDotNet.JobManager.Tests.JobManagerControllerTests.ScaleJob_NullScaleParameters_ReturnsBadRequest" computerName="DEVSTAR" duration="00:00:00.0002706" startTime="2025-06-14T22:27:08.6054298+10:00" endTime="2025-06-14T22:27:08.6056768+10:00" testType="13cdc9d9-ddb5-4fa4-a97d-d965ccfc6d4b" outcome="Passed" testListId="8c84fa94-04c1-424b-9868-57a2d4851a1d" relativeResultsDirectory="0f103b1d-2a5a-4702-8ad5-5c758a6282ea" />
  </Results>
  <TestDefinitions>
    <UnitTest name="FlinkDotNet.JobManager.Tests.JobManagerControllerTests.ResubmitDlqMessages_InvalidJobId_ReturnsBadRequest(jobId: &quot; &quot;)" storage="c:\github\flink.net\flinkdotnet\flinkdotnet.jobmanager.tests\bin\release\net8.0\flinkdotnet.jobmanager.tests.dll" id="42922ac1-86be-af52-7926-363644f9c9ec">
      <Execution id="badb5819-c4cb-4c29-8fb3-346a7e0c6ed7" />
      <TestMethod codeBase="C:\GitHub\FLINK.NET\FlinkDotNet\FlinkDotNet.JobManager.Tests\bin\Release\net8.0\FlinkDotNet.JobManager.Tests.dll" adapterTypeName="executor://xunit/VsTestRunner3/netcore/" className="FlinkDotNet.JobManager.Tests.JobManagerControllerTests" name="ResubmitDlqMessages_InvalidJobId_ReturnsBadRequest" />
    </UnitTest>
    <UnitTest name="FlinkDotNet.JobManager.Tests.Core.Abstractions.States.InMemoryValueStateTests.Update_WithDefaultValue_IsConsideredSet" storage="c:\github\flink.net\flinkdotnet\flinkdotnet.jobmanager.tests\bin\release\net8.0\flinkdotnet.jobmanager.tests.dll" id="7d3fa35d-ab0b-60c7-f051-fe06412bbff2">
      <Execution id="3bd71f6d-1789-41df-bcdb-1e8a8a39b0e3" />
      <TestMethod codeBase="C:\GitHub\FLINK.NET\FlinkDotNet\FlinkDotNet.JobManager.Tests\bin\Release\net8.0\FlinkDotNet.JobManager.Tests.dll" adapterTypeName="executor://xunit/VsTestRunner3/netcore/" className="FlinkDotNet.JobManager.Tests.Core.Abstractions.States.InMemoryValueStateTests" name="Update_WithDefaultValue_IsConsideredSet" />
    </UnitTest>
    <UnitTest name="FlinkDotNet.JobManager.Tests.JobManagerControllerTests.ModifyDlqMessage_RepositoryUpdateFails_ReturnsStatusCode500" storage="c:\github\flink.net\flinkdotnet\flinkdotnet.jobmanager.tests\bin\release\net8.0\flinkdotnet.jobmanager.tests.dll" id="71376137-b6ac-5abe-8de8-2a0c1301ce51">
      <Execution id="61f64867-980d-4081-b606-753496f9043c" />
      <TestMethod codeBase="C:\GitHub\FLINK.NET\FlinkDotNet\FlinkDotNet.JobManager.Tests\bin\Release\net8.0\FlinkDotNet.JobManager.Tests.dll" adapterTypeName="executor://xunit/VsTestRunner3/netcore/" className="FlinkDotNet.JobManager.Tests.JobManagerControllerTests" name="ModifyDlqMessage_RepositoryUpdateFails_ReturnsStatusCode500" />
    </UnitTest>
    <UnitTest name="FlinkDotNet.JobManager.Tests.JobManagerControllerTests.ModifyDlqMessage_MessageNotFound_ReturnsNotFound" storage="c:\github\flink.net\flinkdotnet\flinkdotnet.jobmanager.tests\bin\release\net8.0\flinkdotnet.jobmanager.tests.dll" id="f31e6549-8e98-43da-4de4-33b684d7b192">
      <Execution id="43a3cc4c-237a-4f4b-8f2c-d27e424a5d40" />
      <TestMethod codeBase="C:\GitHub\FLINK.NET\FlinkDotNet\FlinkDotNet.JobManager.Tests\bin\Release\net8.0\FlinkDotNet.JobManager.Tests.dll" adapterTypeName="executor://xunit/VsTestRunner3/netcore/" className="FlinkDotNet.JobManager.Tests.JobManagerControllerTests" name="ModifyDlqMessage_MessageNotFound_ReturnsNotFound" />
    </UnitTest>
    <UnitTest name="FlinkDotNet.JobManager.Tests.JobManagerControllerTests.RestartJob_InvalidJobId_ReturnsBadRequest(jobId: &quot; &quot;)" storage="c:\github\flink.net\flinkdotnet\flinkdotnet.jobmanager.tests\bin\release\net8.0\flinkdotnet.jobmanager.tests.dll" id="fe256d75-6e23-e80d-c555-39c8bd3526b4">
      <Execution id="771682f9-87a0-4c80-b401-ecc1f2d602f6" />
      <TestMethod codeBase="C:\GitHub\FLINK.NET\FlinkDotNet\FlinkDotNet.JobManager.Tests\bin\Release\net8.0\FlinkDotNet.JobManager.Tests.dll" adapterTypeName="executor://xunit/VsTestRunner3/netcore/" className="FlinkDotNet.JobManager.Tests.JobManagerControllerTests" name="RestartJob_InvalidJobId_ReturnsBadRequest" />
    </UnitTest>
    <UnitTest name="FlinkDotNet.JobManager.Tests.JobManagerInternalApiServiceTests.RequestCheckpoint_ReturnsAcceptedTrue" storage="c:\github\flink.net\flinkdotnet\flinkdotnet.jobmanager.tests\bin\release\net8.0\flinkdotnet.jobmanager.tests.dll" id="79053490-0261-85d8-13fa-6e8d33047f6c">
      <Execution id="d5df2343-2b52-49c0-8d97-69653394dc72" />
      <TestMethod codeBase="C:\GitHub\FLINK.NET\FlinkDotNet\FlinkDotNet.JobManager.Tests\bin\Release\net8.0\FlinkDotNet.JobManager.Tests.dll" adapterTypeName="executor://xunit/VsTestRunner3/netcore/" className="FlinkDotNet.JobManager.Tests.JobManagerInternalApiServiceTests" name="RequestCheckpoint_ReturnsAcceptedTrue" />
    </UnitTest>
    <UnitTest name="FlinkDotNet.JobManager.Tests.JobManagerControllerTests.ResubmitDlqMessages_JobNotFoundOrRequestRejected_ReturnsNotFound" storage="c:\github\flink.net\flinkdotnet\flinkdotnet.jobmanager.tests\bin\release\net8.0\flinkdotnet.jobmanager.tests.dll" id="9e058d33-2fcf-5f11-53b0-45b29e036388">
      <Execution id="2b0572ff-6e63-49e9-9c7a-13529ccdd21e" />
      <TestMethod codeBase="C:\GitHub\FLINK.NET\FlinkDotNet\FlinkDotNet.JobManager.Tests\bin\Release\net8.0\FlinkDotNet.JobManager.Tests.dll" adapterTypeName="executor://xunit/VsTestRunner3/netcore/" className="FlinkDotNet.JobManager.Tests.JobManagerControllerTests" name="ResubmitDlqMessages_JobNotFoundOrRequestRejected_ReturnsNotFound" />
    </UnitTest>
    <UnitTest name="FlinkDotNet.JobManager.Tests.JobManagerControllerTests.ScaleJob_InvalidJobId_ReturnsBadRequest(jobId: &quot; &quot;)" storage="c:\github\flink.net\flinkdotnet\flinkdotnet.jobmanager.tests\bin\release\net8.0\flinkdotnet.jobmanager.tests.dll" id="86e45673-34be-5926-a440-bcf6123dc9c9">
      <Execution id="cf0d8a0d-1176-4fb5-b342-bb58e7a8af17" />
      <TestMethod codeBase="C:\GitHub\FLINK.NET\FlinkDotNet\FlinkDotNet.JobManager.Tests\bin\Release\net8.0\FlinkDotNet.JobManager.Tests.dll" adapterTypeName="executor://xunit/VsTestRunner3/netcore/" className="FlinkDotNet.JobManager.Tests.JobManagerControllerTests" name="ScaleJob_InvalidJobId_ReturnsBadRequest" />
    </UnitTest>
    <UnitTest name="FlinkDotNet.JobManager.Tests.JobManagerControllerTests.StopJob_InvalidJobId_ReturnsBadRequest(jobId: &quot;&quot;)" storage="c:\github\flink.net\flinkdotnet\flinkdotnet.jobmanager.tests\bin\release\net8.0\flinkdotnet.jobmanager.tests.dll" id="045035dc-d5ce-1bea-7654-67154cf3c843">
      <Execution id="86db2ad7-c200-4a83-83d3-e4d2bf71839c" />
      <TestMethod codeBase="C:\GitHub\FLINK.NET\FlinkDotNet\FlinkDotNet.JobManager.Tests\bin\Release\net8.0\FlinkDotNet.JobManager.Tests.dll" adapterTypeName="executor://xunit/VsTestRunner3/netcore/" className="FlinkDotNet.JobManager.Tests.JobManagerControllerTests" name="StopJob_InvalidJobId_ReturnsBadRequest" />
    </UnitTest>
    <UnitTest name="FlinkDotNet.JobManager.Tests.JobManagerInternalApiServiceTests.ReportStateCompletion_ReturnsAckTrue" storage="c:\github\flink.net\flinkdotnet\flinkdotnet.jobmanager.tests\bin\release\net8.0\flinkdotnet.jobmanager.tests.dll" id="c2f53d6b-2985-397a-6fbb-d85fa03f42ad">
      <Execution id="b9f8516e-d9a2-486c-9809-94b788ed24ea" />
      <TestMethod codeBase="C:\GitHub\FLINK.NET\FlinkDotNet\FlinkDotNet.JobManager.Tests\bin\Release\net8.0\FlinkDotNet.JobManager.Tests.dll" adapterTypeName="executor://xunit/VsTestRunner3/netcore/" className="FlinkDotNet.JobManager.Tests.JobManagerInternalApiServiceTests" name="ReportStateCompletion_ReturnsAckTrue" />
    </UnitTest>
    <UnitTest name="FlinkDotNet.JobManager.Tests.Core.Abstractions.Context.KeyedStateRuntimeContextTests.GetMapState_RequiresKeySet" storage="c:\github\flink.net\flinkdotnet\flinkdotnet.jobmanager.tests\bin\release\net8.0\flinkdotnet.jobmanager.tests.dll" id="77a938ab-ace5-f140-7045-496dbb986321">
      <Execution id="d20052fe-3659-4277-837d-6afe88f38ea8" />
      <TestMethod codeBase="C:\GitHub\FLINK.NET\FlinkDotNet\FlinkDotNet.JobManager.Tests\bin\Release\net8.0\FlinkDotNet.JobManager.Tests.dll" adapterTypeName="executor://xunit/VsTestRunner3/netcore/" className="FlinkDotNet.JobManager.Tests.Core.Abstractions.Context.KeyedStateRuntimeContextTests" name="GetMapState_RequiresKeySet" />
    </UnitTest>
    <UnitTest name="FlinkDotNet.JobManager.Tests.Core.Abstractions.Runtime.BasicRuntimeContextTests.GetValueState_DifferentDescriptors_ReturnsDifferentInstances" storage="c:\github\flink.net\flinkdotnet\flinkdotnet.jobmanager.tests\bin\release\net8.0\flinkdotnet.jobmanager.tests.dll" id="9330d2e8-33a4-b00b-8038-3d6cc6d480e7">
      <Execution id="41789038-3034-4aff-98bc-da452b208d89" />
      <TestMethod codeBase="C:\GitHub\FLINK.NET\FlinkDotNet\FlinkDotNet.JobManager.Tests\bin\Release\net8.0\FlinkDotNet.JobManager.Tests.dll" adapterTypeName="executor://xunit/VsTestRunner3/netcore/" className="FlinkDotNet.JobManager.Tests.Core.Abstractions.Runtime.BasicRuntimeContextTests" name="GetValueState_DifferentDescriptors_ReturnsDifferentInstances" />
    </UnitTest>
    <UnitTest name="FlinkDotNet.JobManager.Tests.JobManagerControllerTests.ScaleJob_NonExistentJobId_ReturnsNotFound" storage="c:\github\flink.net\flinkdotnet\flinkdotnet.jobmanager.tests\bin\release\net8.0\flinkdotnet.jobmanager.tests.dll" id="34b518b2-1716-b8ac-5e5c-1e954c333bd4">
      <Execution id="f3d0ab75-1e2b-4027-9c8b-29e2a4ea2334" />
      <TestMethod codeBase="C:\GitHub\FLINK.NET\FlinkDotNet\FlinkDotNet.JobManager.Tests\bin\Release\net8.0\FlinkDotNet.JobManager.Tests.dll" adapterTypeName="executor://xunit/VsTestRunner3/netcore/" className="FlinkDotNet.JobManager.Tests.JobManagerControllerTests" name="ScaleJob_NonExistentJobId_ReturnsNotFound" />
    </UnitTest>
    <UnitTest name="FlinkDotNet.JobManager.Tests.Core.Abstractions.States.InMemoryMapStateTests.Contains_NonExistentKey_ReturnsFalse" storage="c:\github\flink.net\flinkdotnet\flinkdotnet.jobmanager.tests\bin\release\net8.0\flinkdotnet.jobmanager.tests.dll" id="50d092bb-700a-d380-3924-570a3a5d4105">
      <Execution id="4c71e41e-2234-4a99-b167-10cad37f5a4b" />
      <TestMethod codeBase="C:\GitHub\FLINK.NET\FlinkDotNet\FlinkDotNet.JobManager.Tests\bin\Release\net8.0\FlinkDotNet.JobManager.Tests.dll" adapterTypeName="executor://xunit/VsTestRunner3/netcore/" className="FlinkDotNet.JobManager.Tests.Core.Abstractions.States.InMemoryMapStateTests" name="Contains_NonExistentKey_ReturnsFalse" />
    </UnitTest>
    <UnitTest name="FlinkDotNet.JobManager.Tests.JobManagerControllerTests.RestartJob_ExistingJobId_UpdatesStatusAndReturnsOk" storage="c:\github\flink.net\flinkdotnet\flinkdotnet.jobmanager.tests\bin\release\net8.0\flinkdotnet.jobmanager.tests.dll" id="ffc660db-6762-d911-0b9a-addfcedbfb35">
      <Execution id="f3d14eba-5a06-47b8-8a43-33082a9ce4b8" />
      <TestMethod codeBase="C:\GitHub\FLINK.NET\FlinkDotNet\FlinkDotNet.JobManager.Tests\bin\Release\net8.0\FlinkDotNet.JobManager.Tests.dll" adapterTypeName="executor://xunit/VsTestRunner3/netcore/" className="FlinkDotNet.JobManager.Tests.JobManagerControllerTests" name="RestartJob_ExistingJobId_UpdatesStatusAndReturnsOk" />
    </UnitTest>
    <UnitTest name="FlinkDotNet.JobManager.Tests.Core.Abstractions.States.InMemoryMapStateTests.Keys_ReturnsAllKeys" storage="c:\github\flink.net\flinkdotnet\flinkdotnet.jobmanager.tests\bin\release\net8.0\flinkdotnet.jobmanager.tests.dll" id="9cc7b27e-a885-6eae-83c7-6e08fbd1644b">
      <Execution id="79757f02-dd35-47ca-b2d1-74bca86015d4" />
      <TestMethod codeBase="C:\GitHub\FLINK.NET\FlinkDotNet\FlinkDotNet.JobManager.Tests\bin\Release\net8.0\FlinkDotNet.JobManager.Tests.dll" adapterTypeName="executor://xunit/VsTestRunner3/netcore/" className="FlinkDotNet.JobManager.Tests.Core.Abstractions.States.InMemoryMapStateTests" name="Keys_ReturnsAllKeys" />
    </UnitTest>
[...]
    <TestEntry testId="af0cd192-fc0f-7954-a1db-fb8ba4405e84" executionId="85f74aa5-b082-47c4-95cc-9666389822e6" testListId="8c84fa94-04c1-424b-9868-57a2d4851a1d" />
    <TestEntry testId="c484dd01-765a-8914-c418-21191b9d4b7e" executionId="949b7565-9b3e-412b-9496-11110ed3067f" testListId="8c84fa94-04c1-424b-9868-57a2d4851a1d" />
    <TestEntry testId="e947fd4f-9ac2-8bb5-84f0-1ef122f6c4b4" executionId="23613f89-3bb4-483a-a71d-42d8e43aac68" testListId="8c84fa94-04c1-424b-9868-57a2d4851a1d" />
    <TestEntry testId="e8b8ba30-3a82-b603-6f75-581b03bd8003" executionId="e88cbb19-0a52-48f4-8e9c-e0c340788e6b" testListId="8c84fa94-04c1-424b-9868-57a2d4851a1d" />
    <TestEntry testId="d3592dfd-7aa1-4400-f382-c2a3fe4e6873" executionId="21ce1297-b832-4709-9580-10eb5c151dc2" testListId="8c84fa94-04c1-424b-9868-57a2d4851a1d" />
    <TestEntry testId="850d3e2c-615b-1d32-d0f8-626195a3eb19" executionId="43d12d5b-4c74-49be-9413-189ddf8454fe" testListId="8c84fa94-04c1-424b-9868-57a2d4851a1d" />
    <TestEntry testId="3a4d001e-61b6-d1b2-00e6-652085408341" executionId="61c43a58-6aab-4011-95f1-1224cb7cc786" testListId="8c84fa94-04c1-424b-9868-57a2d4851a1d" />
    <TestEntry testId="77a938ab-ace5-f140-7045-496dbb986321" executionId="d20052fe-3659-4277-837d-6afe88f38ea8" testListId="8c84fa94-04c1-424b-9868-57a2d4851a1d" />
    <TestEntry testId="7ae3babb-0662-ad4d-2d66-69b6bd55b898" executionId="03b2d6e6-238f-4b45-b95e-cc288061a241" testListId="8c84fa94-04c1-424b-9868-57a2d4851a1d" />
    <TestEntry testId="9278ae37-e332-edce-4fbe-684aa2efdc48" executionId="f065fc4a-2366-44dd-afb9-4a08ef0b5a7f" testListId="8c84fa94-04c1-424b-9868-57a2d4851a1d" />
    <TestEntry testId="cf692b6c-e73d-6c08-6009-497be7ac7a0b" executionId="6b8b97f9-6f60-4b01-baa4-583728a50f5d" testListId="8c84fa94-04c1-424b-9868-57a2d4851a1d" />
    <TestEntry testId="ff49606d-ba0b-71ec-365d-a735755ef435" executionId="0c3c3374-17df-416d-8173-edfbc8abf81f" testListId="8c84fa94-04c1-424b-9868-57a2d4851a1d" />
    <TestEntry testId="cc8dbf9e-1468-86df-688c-dfad3349e476" executionId="67a60fe8-6d5c-40ad-bab9-ff1499094403" testListId="8c84fa94-04c1-424b-9868-57a2d4851a1d" />
    <TestEntry testId="ca828b02-616e-f418-1e36-ab022c39b28b" executionId="862cc73d-1e76-4cf7-acf0-43d51714d458" testListId="8c84fa94-04c1-424b-9868-57a2d4851a1d" />
    <TestEntry testId="5c14c20e-0b4a-8e40-d522-52fe84647dc3" executionId="af1827c5-5772-4880-9016-9235349e65c4" testListId="8c84fa94-04c1-424b-9868-57a2d4851a1d" />
    <TestEntry testId="30069df3-d2f2-033e-7412-7860800207ae" executionId="414f5d44-40f1-4093-9d89-f9a35efe8d39" testListId="8c84fa94-04c1-424b-9868-57a2d4851a1d" />
    <TestEntry testId="a557361c-c0c1-0bdf-7ec7-ad7fa771d4b9" executionId="64ac9181-7176-467c-8bb7-d205625934b3" testListId="8c84fa94-04c1-424b-9868-57a2d4851a1d" />
    <TestEntry testId="31fb0392-8e5c-fb3c-4a0e-3845274c4e28" executionId="acbaa899-6cc7-463f-8b3b-f008a001e874" testListId="8c84fa94-04c1-424b-9868-57a2d4851a1d" />
    <TestEntry testId="1ddc5c5a-fef7-19ce-3b26-040aaf4750ab" executionId="198f5213-2811-47a7-8d92-ccde53cea4e4" testListId="8c84fa94-04c1-424b-9868-57a2d4851a1d" />
    <TestEntry testId="81cfa379-d658-3495-4d9a-baca117d4dc3" executionId="29fdc0e8-723c-4926-83a2-081364260c1f" testListId="8c84fa94-04c1-424b-9868-57a2d4851a1d" />
    <TestEntry testId="9e058d33-2fcf-5f11-53b0-45b29e036388" executionId="2b0572ff-6e63-49e9-9c7a-13529ccdd21e" testListId="8c84fa94-04c1-424b-9868-57a2d4851a1d" />
    <TestEntry testId="b406f8e2-fe1c-702a-04e3-80182053d059" executionId="764629f8-df94-4914-815a-f52fa863d8ff" testListId="8c84fa94-04c1-424b-9868-57a2d4851a1d" />
    <TestEntry testId="045035dc-d5ce-1bea-7654-67154cf3c843" executionId="86db2ad7-c200-4a83-83d3-e4d2bf71839c" testListId="8c84fa94-04c1-424b-9868-57a2d4851a1d" />
    <TestEntry testId="820131ec-e3bb-0038-de10-968d522246ca" executionId="2a9de50f-3e41-433f-b141-041570c2d04b" testListId="8c84fa94-04c1-424b-9868-57a2d4851a1d" />
    <TestEntry testId="0e8003af-83fd-c157-daf5-97de6263c9c0" executionId="6a547d7e-ec9c-42b5-9056-ca8d97d07d89" testListId="8c84fa94-04c1-424b-9868-57a2d4851a1d" />
    <TestEntry testId="11f9eadb-5236-3045-8fa3-a6cc9bb68c81" executionId="69d09d43-0df8-4b76-ad16-dbf5b22e5369" testListId="8c84fa94-04c1-424b-9868-57a2d4851a1d" />
    <TestEntry testId="00954ff4-5a60-7ad3-25a0-baa0c6480f7b" executionId="d7066360-f58e-4b78-8f91-3995b4c02eeb" testListId="8c84fa94-04c1-424b-9868-57a2d4851a1d" />
    <TestEntry testId="ffc660db-6762-d911-0b9a-addfcedbfb35" executionId="f3d14eba-5a06-47b8-8a43-33082a9ce4b8" testListId="8c84fa94-04c1-424b-9868-57a2d4851a1d" />
    <TestEntry testId="779de94b-f2bb-7686-5102-134286bcbb7f" executionId="91ff10f4-b76b-4500-9d1f-206640e1d221" testListId="8c84fa94-04c1-424b-9868-57a2d4851a1d" />
    <TestEntry testId="28741996-5b2f-c531-3e4c-7ef45eded5bb" executionId="d90b2e11-ce65-4540-929b-9149fbab3c97" testListId="8c84fa94-04c1-424b-9868-57a2d4851a1d" />
    <TestEntry testId="fa20bdb6-aa94-9332-a227-4a342628f455" executionId="4463a0e3-5049-4558-b430-83844f56cce1" testListId="8c84fa94-04c1-424b-9868-57a2d4851a1d" />
    <TestEntry testId="50f48756-20f3-ae12-ea08-f555e489cc39" executionId="59475e23-1fe3-4a23-a8e7-daa950c421d4" testListId="8c84fa94-04c1-424b-9868-57a2d4851a1d" />
    <TestEntry testId="49cbe5b9-72d0-2a51-ef95-9e94fca8c7b1" executionId="63aa417a-b2c7-494b-88a5-d6f46847b943" testListId="8c84fa94-04c1-424b-9868-57a2d4851a1d" />
    <TestEntry testId="76c08bed-c005-12ae-c1d7-330f7c70fa97" executionId="a1c8eb9c-65af-4965-a8a1-53bde6dd88b3" testListId="8c84fa94-04c1-424b-9868-57a2d4851a1d" />
    <TestEntry testId="78572a25-ea72-277e-1a14-a49ba84e01fb" executionId="c8b964df-88cd-491f-ba76-41888746af9e" testListId="8c84fa94-04c1-424b-9868-57a2d4851a1d" />
    <TestEntry testId="4c9fba65-ef36-c016-31fe-de3a771e075c" executionId="4968cbbd-b0b0-4f21-a00b-07fc28769b28" testListId="8c84fa94-04c1-424b-9868-57a2d4851a1d" />
    <TestEntry testId="42922ac1-86be-af52-7926-363644f9c9ec" executionId="badb5819-c4cb-4c29-8fb3-346a7e0c6ed7" testListId="8c84fa94-04c1-424b-9868-57a2d4851a1d" />
    <TestEntry testId="49ebba8d-8436-b583-fbb1-a1f58f02cc1d" executionId="fad1a878-c7b6-4328-b31a-eef1c34cc37c" testListId="8c84fa94-04c1-424b-9868-57a2d4851a1d" />
    <TestEntry testId="3ea5fa78-899a-2746-8fc4-0df7258d2826" executionId="41c6fae2-8ce4-46db-ad83-b6b23ed9519e" testListId="8c84fa94-04c1-424b-9868-57a2d4851a1d" />
    <TestEntry testId="4205a21d-540d-0be4-e9f7-536717fe55b4" executionId="1ff310aa-349a-4d34-8cc9-3d0b49f38918" testListId="8c84fa94-04c1-424b-9868-57a2d4851a1d" />
    <TestEntry testId="e557e554-1dc9-36b6-85b8-0066ef9eea1c" executionId="db8ecad8-df84-43e5-a210-2d0fa0d0afb5" testListId="8c84fa94-04c1-424b-9868-57a2d4851a1d" />
    <TestEntry testId="4d6a1827-596a-80d2-8fd7-2c26e0993493" executionId="4701a083-16a6-42d7-813a-15320402e766" testListId="8c84fa94-04c1-424b-9868-57a2d4851a1d" />
    <TestEntry testId="41eaffc9-bf07-7c66-951b-414414f187f1" executionId="c1446ac3-9155-44e9-9575-1892835e67b3" testListId="8c84fa94-04c1-424b-9868-57a2d4851a1d" />
    <TestEntry testId="3edfa009-3e89-8769-476d-e63a6e30361f" executionId="ab3ae6be-c8c1-436c-908c-59443a7aa570" testListId="8c84fa94-04c1-424b-9868-57a2d4851a1d" />
    <TestEntry testId="b4c29d26-05c8-25cf-23aa-4b2789011e57" executionId="11ef821e-0afa-4c47-aecd-30c6393eaf68" testListId="8c84fa94-04c1-424b-9868-57a2d4851a1d" />
    <TestEntry testId="f588d194-c41f-5858-0fa2-179417b2f458" executionId="ab9cfe83-0700-40cc-950e-d14147d3d35e" testListId="8c84fa94-04c1-424b-9868-57a2d4851a1d" />
    <TestEntry testId="7c281848-1a0d-9456-c8ef-7c0585ad4eff" executionId="d182d33d-12a5-4177-9892-7ca6de386041" testListId="8c84fa94-04c1-424b-9868-57a2d4851a1d" />
    <TestEntry testId="ff927304-705f-d9b6-d3aa-43fde62d8596" executionId="f8f01fb5-b065-4fb3-a545-b0d75679945c" testListId="8c84fa94-04c1-424b-9868-57a2d4851a1d" />
    <TestEntry testId="f31e6549-8e98-43da-4de4-33b684d7b192" executionId="43a3cc4c-237a-4f4b-8f2c-d27e424a5d40" testListId="8c84fa94-04c1-424b-9868-57a2d4851a1d" />
    <TestEntry testId="9330d2e8-33a4-b00b-8038-3d6cc6d480e7" executionId="41789038-3034-4aff-98bc-da452b208d89" testListId="8c84fa94-04c1-424b-9868-57a2d4851a1d" />
    <TestEntry testId="f8dc4e2d-b366-c46a-e86d-df6d13e30a9d" executionId="041abbe5-15f1-46ea-b4b5-feb800ee1c61" testListId="8c84fa94-04c1-424b-9868-57a2d4851a1d" />
    <TestEntry testId="06f5d726-b97b-88d3-217f-bc0fd224f06f" executionId="6cf3a052-e695-4fd3-bdc7-b1d5f9132c77" testListId="8c84fa94-04c1-424b-9868-57a2d4851a1d" />
    <TestEntry testId="dc15ccfa-0e5c-fb41-155e-f32da2498e19" executionId="f4e93c88-fe8f-4a78-8853-ba59e5532283" testListId="8c84fa94-04c1-424b-9868-57a2d4851a1d" />
    <TestEntry testId="111834fb-0a3d-1a96-07a4-29afcf5ede85" executionId="4a6075df-2e7b-4cb8-a390-8b0ebc7d2093" testListId="8c84fa94-04c1-424b-9868-57a2d4851a1d" />
    <TestEntry testId="50d092bb-700a-d380-3924-570a3a5d4105" executionId="4c71e41e-2234-4a99-b167-10cad37f5a4b" testListId="8c84fa94-04c1-424b-9868-57a2d4851a1d" />
    <TestEntry testId="09238d6d-9d4f-5b6e-d91d-83a79f697c30" executionId="aeebb714-fe84-4cfe-ad2e-653f2110fea8" testListId="8c84fa94-04c1-424b-9868-57a2d4851a1d" />
    <TestEntry testId="bcbee9ce-8502-ae39-b752-3930870c64eb" executionId="50823ba7-92a2-47ce-a013-11affe49ea8e" testListId="8c84fa94-04c1-424b-9868-57a2d4851a1d" />
    <TestEntry testId="83a180c2-db24-09a1-948e-1832bd1d8811" executionId="3500fda6-9642-4498-9247-730efdef5585" testListId="8c84fa94-04c1-424b-9868-57a2d4851a1d" />
    <TestEntry testId="47b721c5-5c42-9166-8626-b80fe95b9451" executionId="bf27173e-c2d7-4cb9-b48f-ffa29792776a" testListId="8c84fa94-04c1-424b-9868-57a2d4851a1d" />
    <TestEntry testId="fe256d75-6e23-e80d-c555-39c8bd3526b4" executionId="771682f9-87a0-4c80-b401-ecc1f2d602f6" testListId="8c84fa94-04c1-424b-9868-57a2d4851a1d" />
    <TestEntry testId="c2f53d6b-2985-397a-6fbb-d85fa03f42ad" executionId="b9f8516e-d9a2-486c-9809-94b788ed24ea" testListId="8c84fa94-04c1-424b-9868-57a2d4851a1d" />
    <TestEntry testId="108022cc-6283-8894-e7b8-4755993bb5de" executionId="97374b1b-803a-4c1b-9aae-d1d94cef4b48" testListId="8c84fa94-04c1-424b-9868-57a2d4851a1d" />
    <TestEntry testId="7d3fa35d-ab0b-60c7-f051-fe06412bbff2" executionId="3bd71f6d-1789-41df-bcdb-1e8a8a39b0e3" testListId="8c84fa94-04c1-424b-9868-57a2d4851a1d" />
    <TestEntry testId="b6982b28-a029-69a5-dcf0-b7e03f3619ef" executionId="578a5fb1-59c6-4cb8-a33d-d51a1e681651" testListId="8c84fa94-04c1-424b-9868-57a2d4851a1d" />
    <TestEntry testId="14b04736-cbe0-5f7f-7850-0b636a0be34c" executionId="d3da1fe9-0a03-4c84-8427-c502230b20e3" testListId="8c84fa94-04c1-424b-9868-57a2d4851a1d" />
    <TestEntry testId="2ba600c9-65f3-f6c6-6a47-435d7c7a3adc" executionId="80d6a4f6-00dd-46f5-b8bf-219cab63bed6" testListId="8c84fa94-04c1-424b-9868-57a2d4851a1d" />
    <TestEntry testId="e364374f-e2d1-566e-001b-4dd819bdc059" executionId="7d54f4f6-97f8-4a30-90c7-6e5c074f8350" testListId="8c84fa94-04c1-424b-9868-57a2d4851a1d" />
    <TestEntry testId="3a97194a-feb3-69c4-579d-9472815a891b" executionId="dddc854c-2e4b-41b6-84e2-c48ae91cee56" testListId="8c84fa94-04c1-424b-9868-57a2d4851a1d" />
    <TestEntry testId="86e45673-34be-5926-a440-bcf6123dc9c9" executionId="cf0d8a0d-1176-4fb5-b342-bb58e7a8af17" testListId="8c84fa94-04c1-424b-9868-57a2d4851a1d" />
    <TestEntry testId="468712d7-60f8-7e2b-adaa-5faa11aeb743" executionId="fdd144dd-0d3e-472d-a15e-1d35cce01c8d" testListId="8c84fa94-04c1-424b-9868-57a2d4851a1d" />
    <TestEntry testId="21929310-7ace-cb74-d7b1-20ab5b05b0f8" executionId="c51676bb-dea7-4b05-b7df-ebb7897e09f2" testListId="8c84fa94-04c1-424b-9868-57a2d4851a1d" />
    <TestEntry testId="ff41719b-c9d0-4223-8aaf-f50e51ae11f9" executionId="f14daf34-0926-4994-ae54-765f46855559" testListId="8c84fa94-04c1-424b-9868-57a2d4851a1d" />
    <TestEntry testId="ff3b8719-9e6d-19ee-f7c8-1194a9fca5ce" executionId="5ad2db4e-5951-42ee-9c44-bac66deb4ff6" testListId="8c84fa94-04c1-424b-9868-57a2d4851a1d" />
    <TestEntry testId="a415399f-b638-31e1-b695-28c850fb3537" executionId="6072dff2-1dd4-422b-bcec-2189991116e0" testListId="8c84fa94-04c1-424b-9868-57a2d4851a1d" />
    <TestEntry testId="9cc7b27e-a885-6eae-83c7-6e08fbd1644b" executionId="79757f02-dd35-47ca-b2d1-74bca86015d4" testListId="8c84fa94-04c1-424b-9868-57a2d4851a1d" />
    <TestEntry testId="1e14cc15-5e74-2009-5e0b-b05a5ab953b1" executionId="1a9673f9-5518-41fb-be90-de394bff45c1" testListId="8c84fa94-04c1-424b-9868-57a2d4851a1d" />
    <TestEntry testId="a319ea52-5b7c-43a3-2592-c61d787f80cc" executionId="83848044-d0e9-462c-82e5-c9faba5263f7" testListId="8c84fa94-04c1-424b-9868-57a2d4851a1d" />
    <TestEntry testId="444c2682-7322-a070-4d59-b441a674e9c3" executionId="28b6871e-8e7f-4a25-a556-54815688cb0c" testListId="8c84fa94-04c1-424b-9868-57a2d4851a1d" />
    <TestEntry testId="83ed6f68-21b1-784c-ece7-ee9af6a10b87" executionId="a6bd8467-0ecf-4de6-ad45-56cd01b6ca99" testListId="8c84fa94-04c1-424b-9868-57a2d4851a1d" />
    <TestEntry testId="513dfd2c-e8e8-8b84-c111-bb68f4975bbb" executionId="01d82e79-2687-454e-9a49-4471f9385e86" testListId="8c84fa94-04c1-424b-9868-57a2d4851a1d" />
    <TestEntry testId="f4565ebb-b219-62d0-dc92-ff4ceea6e484" executionId="374f8fea-1ee6-458a-96e7-7935f06f1ee4" testListId="8c84fa94-04c1-424b-9868-57a2d4851a1d" />
    <TestEntry testId="036b7b2a-212c-3522-c809-f0c1cfc78d3b" executionId="6fdf23c3-ec94-4338-9faf-b892b118e398" testListId="8c84fa94-04c1-424b-9868-57a2d4851a1d" />
    <TestEntry testId="b121c47f-e91e-57ca-6d89-aa737c9dceeb" executionId="c7bc040d-7f3e-4340-91b5-0fd4ef1ccc5d" testListId="8c84fa94-04c1-424b-9868-57a2d4851a1d" />
    <TestEntry testId="900867ba-8a5e-b9cf-c9a7-daefbf8cc520" executionId="41230ff0-7faa-4b40-8e18-5fb7a517130f" testListId="8c84fa94-04c1-424b-9868-57a2d4851a1d" />
    <TestEntry testId="c7176b01-083f-7d12-dcdd-e75ecc39b30e" executionId="7d6b624d-2ad1-49b8-b415-c40d16caf5a7" testListId="8c84fa94-04c1-424b-9868-57a2d4851a1d" />
    <TestEntry testId="6e1ab469-4b69-4188-bdc0-23fc2e7305e4" executionId="450b8d07-54d8-49a8-bf0d-7a7484ee02b6" testListId="8c84fa94-04c1-424b-9868-57a2d4851a1d" />
    <TestEntry testId="e506b4de-0241-6a6f-51b8-ca5b3cb5b8aa" executionId="23a64e32-8280-4433-a424-4ccc22ed5caa" testListId="8c84fa94-04c1-424b-9868-57a2d4851a1d" />
    <TestEntry testId="2aaf99a9-9709-4a8e-e2ab-df3e4597b68e" executionId="17cc10ac-140a-4d0d-a0e4-0df7f8488d9f" testListId="8c84fa94-04c1-424b-9868-57a2d4851a1d" />
    <TestEntry testId="d08a3ace-ae95-cddc-7ade-435eb12ee85d" executionId="0acbc860-e615-4371-a525-002336f1af1a" testListId="8c84fa94-04c1-424b-9868-57a2d4851a1d" />
    <TestEntry testId="f4e2f06f-4c96-3ac6-451e-6bdcd4f7e09b" executionId="5a830a8d-63a7-4d83-ae6c-fb6cd9a38caa" testListId="8c84fa94-04c1-424b-9868-57a2d4851a1d" />
    <TestEntry testId="d1153aff-bdf6-9eea-d908-01a8ea6ba8a2" executionId="23579396-ba63-4104-90eb-432c4a0f2296" testListId="8c84fa94-04c1-424b-9868-57a2d4851a1d" />
    <TestEntry testId="d25ba4a6-a5a5-e414-6fb6-2cdad1ee86ab" executionId="b548ce3f-cb0c-43f9-a35b-4abdd9ccb7cb" testListId="8c84fa94-04c1-424b-9868-57a2d4851a1d" />
    <TestEntry testId="c3862aad-dbe3-146b-09f1-9d01a9b6e55e" executionId="60ed8f51-2fd3-4eb7-bbf2-66e451c109c3" testListId="8c84fa94-04c1-424b-9868-57a2d4851a1d" />
    <TestEntry testId="307b7596-acc0-7dc4-dbd8-89bd2a6f06f8" executionId="85772035-2434-493b-af36-a53c875e1687" testListId="8c84fa94-04c1-424b-9868-57a2d4851a1d" />
    <TestEntry testId="659d172e-07b5-0bd3-3bab-b72782d7a434" executionId="0bff9ea6-658d-4179-9616-f750af753ae6" testListId="8c84fa94-04c1-424b-9868-57a2d4851a1d" />
    <TestEntry testId="f50c4649-51bd-16b6-743c-4d5a0c7f3050" executionId="814d50b9-386c-45b5-92ff-21d6986d10c4" testListId="8c84fa94-04c1-424b-9868-57a2d4851a1d" />
    <TestEntry testId="79983a70-d463-68f4-ec71-96bdce002f51" executionId="43420d4b-ff0e-4e59-89af-1bcd33786b5a" testListId="8c84fa94-04c1-424b-9868-57a2d4851a1d" />
    <TestEntry testId="e9c943ff-e24d-e685-a59e-c60662ae397c" executionId="46c04393-afb2-411d-9272-0ed2d224a3ca" testListId="8c84fa94-04c1-424b-9868-57a2d4851a1d" />
    <TestEntry testId="303c7d4d-c07e-fb83-4718-991d9f6b1bbd" executionId="ade0310e-31a9-4b24-b2cb-9c080b8b7423" testListId="8c84fa94-04c1-424b-9868-57a2d4851a1d" />
    <TestEntry testId="ac6c2eaa-f0e7-52c9-2075-cf9da129bae4" executionId="baea950b-fa2f-4919-91ac-faa76010f0b4" testListId="8c84fa94-04c1-424b-9868-57a2d4851a1d" />
    <TestEntry testId="6a246d9a-1bc8-9fac-eb59-e1fa5e7642dd" executionId="17029922-67d1-4bad-959f-6d9c0bf74bdb" testListId="8c84fa94-04c1-424b-9868-57a2d4851a1d" />
    <TestEntry testId="a89baa81-117b-7383-f7e5-c2a2d7b25a5e" executionId="41448686-d5a2-45da-9ef2-5b75b9f602d4" testListId="8c84fa94-04c1-424b-9868-57a2d4851a1d" />
    <TestEntry testId="79053490-0261-85d8-13fa-6e8d33047f6c" executionId="d5df2343-2b52-49c0-8d97-69653394dc72" testListId="8c84fa94-04c1-424b-9868-57a2d4851a1d" />
    <TestEntry testId="71376137-b6ac-5abe-8de8-2a0c1301ce51" executionId="61f64867-980d-4081-b606-753496f9043c" testListId="8c84fa94-04c1-424b-9868-57a2d4851a1d" />
    <TestEntry testId="301a49b1-bb82-a070-07f8-f2fbbefaf557" executionId="7e7d1267-0852-4a87-baf4-963519074791" testListId="8c84fa94-04c1-424b-9868-57a2d4851a1d" />
    <TestEntry testId="538a2855-adca-5954-d842-252071b55184" executionId="2d2ba35b-d40e-4084-88fb-f0173dec65a6" testListId="8c84fa94-04c1-424b-9868-57a2d4851a1d" />
    <TestEntry testId="8ce93064-ec44-f85c-cd3d-4b3ef27f00d0" executionId="bea0d0c7-d1df-4f62-8ff0-8fd16b3e6223" testListId="8c84fa94-04c1-424b-9868-57a2d4851a1d" />
    <TestEntry testId="cc1e9459-eb04-6091-47d6-cd8a24bf8fce" executionId="b463d22c-ce9f-4265-bb62-ba3d9d0a975d" testListId="8c84fa94-04c1-424b-9868-57a2d4851a1d" />
    <TestEntry testId="fe0ca1c6-e28d-7e1c-dcd0-09e19c3d47bb" executionId="00460eb7-6cfd-4fc7-8d82-f28ffb7f1170" testListId="8c84fa94-04c1-424b-9868-57a2d4851a1d" />
    <TestEntry testId="49cbe49a-d06a-5aba-d467-1769ff46b0db" executionId="40ea1403-f3a3-422a-9956-d34781fa4164" testListId="8c84fa94-04c1-424b-9868-57a2d4851a1d" />
    <TestEntry testId="aee9a299-768a-17c9-09f2-6bba5a9551be" executionId="6ae8282b-e198-4ccd-9d22-e0deb3eee52b" testListId="8c84fa94-04c1-424b-9868-57a2d4851a1d" />
    <TestEntry testId="ae0519e1-ebf2-3282-ba07-f6439ebdd08f" executionId="80c128cb-8ea2-4c5e-a203-d4dd3c0d3fcd" testListId="8c84fa94-04c1-424b-9868-57a2d4851a1d" />
    <TestEntry testId="e6b12c51-60d6-b6ad-581d-aa2e62f71ad8" executionId="3aeb70a8-efc0-4fe8-8df2-2261a4a057aa" testListId="8c84fa94-04c1-424b-9868-57a2d4851a1d" />
    <TestEntry testId="e532dfb4-1b22-9232-975a-e1dd2d79de8c" executionId="1e1168c3-049c-4900-a827-92e0e8310283" testListId="8c84fa94-04c1-424b-9868-57a2d4851a1d" />
    <TestEntry testId="854da450-a8f0-3768-72d6-199ab0a68ea3" executionId="0f103b1d-2a5a-4702-8ad5-5c758a6282ea" testListId="8c84fa94-04c1-424b-9868-57a2d4851a1d" />
  </TestEntries>
  <TestLists>
    <TestList name="Results Not in a List" id="8c84fa94-04c1-424b-9868-57a2d4851a1d" />
    <TestList name="All Loaded Results" id="19431567-8539-422a-85d7-44ee4e166bda" />
  </TestLists>
  <ResultSummary outcome="Completed">
    <Counters total="120" executed="120" passed="120" failed="0" error="0" timeout="0" aborted="0" inconclusive="0" passedButRunAborted="0" notRunnable="0" notExecuted="0" disconnected="0" warning="0" completed="0" inProgress="0" pending="0" />
    <Output>
      <StdOut>[xUnit.net 00:00:00.00] xUnit.net VSTest Adapter v3.1.1+bf6400fd51 (64-bit .NET 8.0.16)&#xD;
[xUnit.net 00:00:00.43]   Discovering: FlinkDotNet.JobManager.Tests&#xD;
[xUnit.net 00:00:00.46]   Discovered:  FlinkDotNet.JobManager.Tests&#xD;
[xUnit.net 00:00:00.49]   Starting:    FlinkDotNet.JobManager.Tests&#xD;
[xUnit.net 00:00:00.80]   Finished:    FlinkDotNet.JobManager.Tests&#xD;
</StdOut>
    </Output>
  </ResultSummary>
</TestRun>